2019-05-16 09:05:19,342 INFO (StartupInfoLogger.java:50)- Starting FormDesignerApplication on USER-20180713SF with PID 11052 (E:\Desktop\FormDesigner\target\classes started by Administrator in E:\Desktop\FormDesigner)
2019-05-16 09:05:19,360 DEBUG (StartupInfoLogger.java:53)- Running with Spring Boot v2.1.3.RELEASE, Spring v5.1.5.RELEASE
2019-05-16 09:05:19,361 INFO (SpringApplication.java:675)- No active profile set, falling back to default profiles: default
2019-05-16 09:05:23,669 INFO (StartupInfoLogger.java:59)- Started FormDesignerApplication in 6.026 seconds (JVM running for 7.782)
2019-05-16 09:18:47,413 INFO (StartupInfoLogger.java:50)- Starting FormDesignerApplication on USER-20180713SF with PID 7988 (E:\Desktop\FormDesigner\target\classes started by Administrator in E:\Desktop\FormDesigner)
2019-05-16 09:18:47,422 DEBUG (StartupInfoLogger.java:53)- Running with Spring Boot v2.1.3.RELEASE, Spring v5.1.5.RELEASE
2019-05-16 09:18:47,423 INFO (SpringApplication.java:675)- No active profile set, falling back to default profiles: default
2019-05-16 09:18:51,868 INFO (StartupInfoLogger.java:59)- Started FormDesignerApplication in 5.439 seconds (JVM running for 6.772)
2019-05-16 09:37:36,289 INFO (StartupInfoLogger.java:50)- Starting FormDesignerApplication on USER-20180713SF with PID 9892 (E:\Desktop\FormDesigner\target\classes started by Administrator in E:\Desktop\FormDesigner)
2019-05-16 09:37:36,294 DEBUG (StartupInfoLogger.java:53)- Running with Spring Boot v2.1.3.RELEASE, Spring v5.1.5.RELEASE
2019-05-16 09:37:36,296 INFO (SpringApplication.java:675)- No active profile set, falling back to default profiles: default
2019-05-16 09:37:43,050 INFO (StartupInfoLogger.java:59)- Started FormDesignerApplication in 9.636 seconds (JVM running for 11.619)
2019-05-16 09:38:30,981 INFO (StartupInfoLogger.java:50)- Starting FormDesignerApplication on USER-20180713SF with PID 10496 (E:\Desktop\FormDesigner\target\classes started by Administrator in E:\Desktop\FormDesigner)
2019-05-16 09:38:30,991 DEBUG (StartupInfoLogger.java:53)- Running with Spring Boot v2.1.3.RELEASE, Spring v5.1.5.RELEASE
2019-05-16 09:38:30,992 INFO (SpringApplication.java:675)- No active profile set, falling back to default profiles: default
2019-05-16 09:38:35,476 INFO (StartupInfoLogger.java:59)- Started FormDesignerApplication in 5.575 seconds (JVM running for 7.007)
2019-05-16 10:00:32,835 INFO (StartupInfoLogger.java:50)- Starting FormDesignerApplication on USER-20180713SF with PID 10168 (E:\Desktop\FormDesigner\target\classes started by Administrator in E:\Desktop\FormDesigner)
2019-05-16 10:00:32,841 DEBUG (StartupInfoLogger.java:53)- Running with Spring Boot v2.1.3.RELEASE, Spring v5.1.5.RELEASE
2019-05-16 10:00:32,842 INFO (SpringApplication.java:675)- No active profile set, falling back to default profiles: default
2019-05-16 10:00:36,928 INFO (StartupInfoLogger.java:59)- Started FormDesignerApplication in 5.241 seconds (JVM running for 6.551)
2019-05-16 10:06:44,233 INFO (StartupInfoLogger.java:50)- Starting FormDesignerApplication on USER-20180713SF with PID 9048 (E:\Desktop\FormDesigner\target\classes started by Administrator in E:\Desktop\FormDesigner)
2019-05-16 10:06:44,239 DEBUG (StartupInfoLogger.java:53)- Running with Spring Boot v2.1.3.RELEASE, Spring v5.1.5.RELEASE
2019-05-16 10:06:44,239 INFO (SpringApplication.java:675)- No active profile set, falling back to default profiles: default
2019-05-16 10:06:48,079 INFO (StartupInfoLogger.java:59)- Started FormDesignerApplication in 5.338 seconds (JVM running for 6.686)
2019-05-16 10:51:47,978 INFO (StartupInfoLogger.java:50)- Starting FormDesignerApplication on USER-20180713SF with PID 8004 (E:\Desktop\FormDesigner\target\classes started by Administrator in E:\Desktop\FormDesigner)
2019-05-16 10:51:47,982 DEBUG (StartupInfoLogger.java:53)- Running with Spring Boot v2.1.3.RELEASE, Spring v5.1.5.RELEASE
2019-05-16 10:51:47,983 INFO (SpringApplication.java:675)- No active profile set, falling back to default profiles: default
2019-05-16 10:51:52,649 INFO (StartupInfoLogger.java:59)- Started FormDesignerApplication in 5.785 seconds (JVM running for 7.562)
2019-05-16 10:52:20,692 INFO (StartupInfoLogger.java:50)- Starting FormDesignerApplication on USER-20180713SF with PID 6084 (E:\Desktop\FormDesigner\target\classes started by Administrator in E:\Desktop\FormDesigner)
2019-05-16 10:52:20,698 DEBUG (StartupInfoLogger.java:53)- Running with Spring Boot v2.1.3.RELEASE, Spring v5.1.5.RELEASE
2019-05-16 10:52:20,700 INFO (SpringApplication.java:675)- No active profile set, falling back to default profiles: default
2019-05-16 10:52:25,175 INFO (StartupInfoLogger.java:59)- Started FormDesignerApplication in 5.747 seconds (JVM running for 7.88)
2019-05-16 10:53:36,606 INFO (StartupInfoLogger.java:50)- Starting FormDesignerApplication on USER-20180713SF with PID 13292 (E:\Desktop\FormDesigner\target\classes started by Administrator in E:\Desktop\FormDesigner)
2019-05-16 10:53:36,612 DEBUG (StartupInfoLogger.java:53)- Running with Spring Boot v2.1.3.RELEASE, Spring v5.1.5.RELEASE
2019-05-16 10:53:36,613 INFO (SpringApplication.java:675)- No active profile set, falling back to default profiles: default
2019-05-16 10:53:41,327 INFO (StartupInfoLogger.java:59)- Started FormDesignerApplication in 5.963 seconds (JVM running for 7.75)
2019-05-16 10:56:32,199 INFO (StartupInfoLogger.java:50)- Starting FormDesignerApplication on USER-20180713SF with PID 1412 (E:\Desktop\FormDesigner\target\classes started by Administrator in E:\Desktop\FormDesigner)
2019-05-16 10:56:32,268 DEBUG (StartupInfoLogger.java:53)- Running with Spring Boot v2.1.3.RELEASE, Spring v5.1.5.RELEASE
2019-05-16 10:56:32,270 INFO (SpringApplication.java:675)- No active profile set, falling back to default profiles: default
2019-05-16 10:56:36,575 INFO (StartupInfoLogger.java:59)- Started FormDesignerApplication in 5.342 seconds (JVM running for 7.422)
2019-05-16 11:01:52,092 INFO (StartupInfoLogger.java:50)- Starting FormDesignerApplication on USER-20180713SF with PID 10112 (E:\Desktop\FormDesigner\target\classes started by Administrator in E:\Desktop\FormDesigner)
2019-05-16 11:01:52,097 DEBUG (StartupInfoLogger.java:53)- Running with Spring Boot v2.1.3.RELEASE, Spring v5.1.5.RELEASE
2019-05-16 11:01:52,099 INFO (SpringApplication.java:675)- No active profile set, falling back to default profiles: default
2019-05-16 11:01:56,563 INFO (StartupInfoLogger.java:59)- Started FormDesignerApplication in 5.176 seconds (JVM running for 8.796)
2019-05-16 11:07:03,539 INFO (StartupInfoLogger.java:50)- Starting FormDesignerApplication on USER-20180713SF with PID 3816 (E:\Desktop\FormDesigner\target\classes started by Administrator in E:\Desktop\FormDesigner)
2019-05-16 11:07:03,543 DEBUG (StartupInfoLogger.java:53)- Running with Spring Boot v2.1.3.RELEASE, Spring v5.1.5.RELEASE
2019-05-16 11:07:03,543 INFO (SpringApplication.java:675)- No active profile set, falling back to default profiles: default
2019-05-16 11:07:07,824 INFO (StartupInfoLogger.java:59)- Started FormDesignerApplication in 4.887 seconds (JVM running for 11.548)
2019-05-16 11:10:06,509 INFO (StartupInfoLogger.java:50)- Starting FormDesignerApplication on USER-20180713SF with PID 13088 (E:\Desktop\FormDesigner\target\classes started by Administrator in E:\Desktop\FormDesigner)
2019-05-16 11:10:06,513 DEBUG (StartupInfoLogger.java:53)- Running with Spring Boot v2.1.3.RELEASE, Spring v5.1.5.RELEASE
2019-05-16 11:10:06,515 INFO (SpringApplication.java:675)- No active profile set, falling back to default profiles: default
2019-05-16 11:10:43,512 INFO (StartupInfoLogger.java:59)- Started FormDesignerApplication in 38.045 seconds (JVM running for 40.219)
2019-05-16 11:12:09,958 INFO (StartupInfoLogger.java:50)- Starting FormDesignerApplication on USER-20180713SF with PID 9416 (E:\Desktop\FormDesigner\target\classes started by Administrator in E:\Desktop\FormDesigner)
2019-05-16 11:12:09,964 DEBUG (StartupInfoLogger.java:53)- Running with Spring Boot v2.1.3.RELEASE, Spring v5.1.5.RELEASE
2019-05-16 11:12:09,966 INFO (SpringApplication.java:675)- No active profile set, falling back to default profiles: default
2019-05-16 11:12:45,449 INFO (StartupInfoLogger.java:59)- Started FormDesignerApplication in 36.348 seconds (JVM running for 55.455)
2019-05-16 11:13:19,399 INFO (StartupInfoLogger.java:50)- Starting FormDesignerApplication on USER-20180713SF with PID 10496 (E:\Desktop\FormDesigner\target\classes started by Administrator in E:\Desktop\FormDesigner)
2019-05-16 11:13:19,404 DEBUG (StartupInfoLogger.java:53)- Running with Spring Boot v2.1.3.RELEASE, Spring v5.1.5.RELEASE
2019-05-16 11:13:19,408 INFO (SpringApplication.java:675)- No active profile set, falling back to default profiles: default
2019-05-16 11:13:45,659 INFO (StartupInfoLogger.java:50)- Starting FormDesignerApplication on USER-20180713SF with PID 1704 (E:\Desktop\FormDesigner\target\classes started by Administrator in E:\Desktop\FormDesigner)
2019-05-16 11:13:45,686 DEBUG (StartupInfoLogger.java:53)- Running with Spring Boot v2.1.3.RELEASE, Spring v5.1.5.RELEASE
2019-05-16 11:13:45,687 INFO (SpringApplication.java:675)- No active profile set, falling back to default profiles: default
2019-05-16 11:14:42,558 INFO (StartupInfoLogger.java:59)- Started FormDesignerApplication in 58.009 seconds (JVM running for 60.597)
2019-05-16 11:35:39,838 INFO (StartupInfoLogger.java:50)- Starting FormDesignerApplication on USER-20180713SF with PID 9972 (E:\Desktop\FormDesigner\target\classes started by Administrator in E:\Desktop\FormDesigner)
2019-05-16 11:35:39,842 DEBUG (StartupInfoLogger.java:53)- Running with Spring Boot v2.1.3.RELEASE, Spring v5.1.5.RELEASE
2019-05-16 11:35:39,843 INFO (SpringApplication.java:675)- No active profile set, falling back to default profiles: default
2019-05-16 11:35:43,667 INFO (StartupInfoLogger.java:59)- Started FormDesignerApplication in 5.035 seconds (JVM running for 6.508)
2019-05-16 11:53:53,913 INFO (StartupInfoLogger.java:50)- Starting FormDesignerApplication on USER-20180713SF with PID 11896 (E:\Desktop\FormDesigner\target\classes started by Administrator in E:\Desktop\FormDesigner)
2019-05-16 11:53:53,918 DEBUG (StartupInfoLogger.java:53)- Running with Spring Boot v2.1.3.RELEASE, Spring v5.1.5.RELEASE
2019-05-16 11:53:53,919 INFO (SpringApplication.java:675)- No active profile set, falling back to default profiles: default
2019-05-16 11:54:08,085 INFO (StartupInfoLogger.java:59)- Started FormDesignerApplication in 16.785 seconds (JVM running for 19.759)
2019-05-16 12:00:13,865 INFO (StartupInfoLogger.java:50)- Starting FormDesignerApplication on USER-20180713SF with PID 10588 (E:\Desktop\FormDesigner\target\classes started by Administrator in E:\Desktop\FormDesigner)
2019-05-16 12:00:13,882 DEBUG (StartupInfoLogger.java:53)- Running with Spring Boot v2.1.3.RELEASE, Spring v5.1.5.RELEASE
2019-05-16 12:00:13,884 INFO (SpringApplication.java:675)- No active profile set, falling back to default profiles: default
2019-05-16 12:00:23,228 INFO (StartupInfoLogger.java:59)- Started FormDesignerApplication in 10.553 seconds (JVM running for 11.924)
2019-05-16 12:02:12,578 INFO (StartupInfoLogger.java:50)- Starting FormDesignerApplication on USER-20180713SF with PID 12992 (E:\Desktop\FormDesigner\target\classes started by Administrator in E:\Desktop\FormDesigner)
2019-05-16 12:02:12,589 DEBUG (StartupInfoLogger.java:53)- Running with Spring Boot v2.1.3.RELEASE, Spring v5.1.5.RELEASE
2019-05-16 12:02:12,594 INFO (SpringApplication.java:675)- No active profile set, falling back to default profiles: default
2019-05-16 12:02:16,527 INFO (StartupInfoLogger.java:59)- Started FormDesignerApplication in 5.013 seconds (JVM running for 6.449)
2019-05-16 12:09:29,808 INFO (StartupInfoLogger.java:50)- Starting FormDesignerApplication on USER-20180713SF with PID 12640 (E:\Desktop\FormDesigner\target\classes started by Administrator in E:\Desktop\FormDesigner)
2019-05-16 12:09:29,813 DEBUG (StartupInfoLogger.java:53)- Running with Spring Boot v2.1.3.RELEASE, Spring v5.1.5.RELEASE
2019-05-16 12:09:29,816 INFO (SpringApplication.java:675)- No active profile set, falling back to default profiles: default
2019-05-16 12:09:34,299 INFO (StartupInfoLogger.java:59)- Started FormDesignerApplication in 5.904 seconds (JVM running for 7.292)
2019-05-16 12:13:05,249 INFO (StartupInfoLogger.java:50)- Starting FormDesignerApplication on USER-20180713SF with PID 11008 (E:\Desktop\FormDesigner\target\classes started by Administrator in E:\Desktop\FormDesigner)
2019-05-16 12:13:05,256 DEBUG (StartupInfoLogger.java:53)- Running with Spring Boot v2.1.3.RELEASE, Spring v5.1.5.RELEASE
2019-05-16 12:13:05,257 INFO (SpringApplication.java:675)- No active profile set, falling back to default profiles: default
2019-05-16 12:13:09,746 INFO (StartupInfoLogger.java:59)- Started FormDesignerApplication in 5.478 seconds (JVM running for 6.842)
2019-05-16 13:32:48,380 INFO (StartupInfoLogger.java:50)- Starting FormDesignerApplication on USER-20180713SF with PID 9840 (E:\Desktop\FormDesigner\target\classes started by Administrator in E:\Desktop\FormDesigner)
2019-05-16 13:32:48,388 DEBUG (StartupInfoLogger.java:53)- Running with Spring Boot v2.1.3.RELEASE, Spring v5.1.5.RELEASE
2019-05-16 13:32:48,391 INFO (SpringApplication.java:675)- No active profile set, falling back to default profiles: default
2019-05-16 13:32:52,695 INFO (StartupInfoLogger.java:59)- Started FormDesignerApplication in 5.455 seconds (JVM running for 6.832)
2019-05-16 13:33:48,201 INFO (StartupInfoLogger.java:50)- Starting FormDesignerApplication on USER-20180713SF with PID 12504 (E:\Desktop\FormDesigner\target\classes started by Administrator in E:\Desktop\FormDesigner)
2019-05-16 13:33:48,206 DEBUG (StartupInfoLogger.java:53)- Running with Spring Boot v2.1.3.RELEASE, Spring v5.1.5.RELEASE
2019-05-16 13:33:48,207 INFO (SpringApplication.java:675)- No active profile set, falling back to default profiles: default
2019-05-16 13:33:52,569 INFO (StartupInfoLogger.java:59)- Started FormDesignerApplication in 6.046 seconds (JVM running for 7.437)
2019-05-16 13:34:40,400 INFO (StartupInfoLogger.java:50)- Starting FormDesignerApplication on USER-20180713SF with PID 8032 (E:\Desktop\FormDesigner\target\classes started by Administrator in E:\Desktop\FormDesigner)
2019-05-16 13:34:40,407 DEBUG (StartupInfoLogger.java:53)- Running with Spring Boot v2.1.3.RELEASE, Spring v5.1.5.RELEASE
2019-05-16 13:34:40,408 INFO (SpringApplication.java:675)- No active profile set, falling back to default profiles: default
2019-05-16 13:34:45,080 INFO (StartupInfoLogger.java:59)- Started FormDesignerApplication in 5.567 seconds (JVM running for 7.415)
2019-05-16 13:35:45,185 INFO (StartupInfoLogger.java:50)- Starting FormDesignerApplication on USER-20180713SF with PID 7616 (E:\Desktop\FormDesigner\target\classes started by Administrator in E:\Desktop\FormDesigner)
2019-05-16 13:35:45,186 DEBUG (StartupInfoLogger.java:53)- Running with Spring Boot v2.1.3.RELEASE, Spring v5.1.5.RELEASE
2019-05-16 13:35:45,188 INFO (SpringApplication.java:675)- No active profile set, falling back to default profiles: default
2019-05-16 13:35:49,194 INFO (StartupInfoLogger.java:59)- Started FormDesignerApplication in 4.815 seconds (JVM running for 6.171)
2019-05-16 13:37:37,723 INFO (StartupInfoLogger.java:50)- Starting FormDesignerApplication on USER-20180713SF with PID 5508 (E:\Desktop\FormDesigner\target\classes started by Administrator in E:\Desktop\FormDesigner)
2019-05-16 13:37:37,729 DEBUG (StartupInfoLogger.java:53)- Running with Spring Boot v2.1.3.RELEASE, Spring v5.1.5.RELEASE
2019-05-16 13:37:37,730 INFO (SpringApplication.java:675)- No active profile set, falling back to default profiles: default
2019-05-16 13:37:41,925 INFO (StartupInfoLogger.java:59)- Started FormDesignerApplication in 5.247 seconds (JVM running for 6.881)
2019-05-16 13:42:39,971 INFO (StartupInfoLogger.java:50)- Starting FormDesignerApplication on USER-20180713SF with PID 2416 (E:\Desktop\FormDesigner\target\classes started by Administrator in E:\Desktop\FormDesigner)
2019-05-16 13:42:39,975 DEBUG (StartupInfoLogger.java:53)- Running with Spring Boot v2.1.3.RELEASE, Spring v5.1.5.RELEASE
2019-05-16 13:42:39,976 INFO (SpringApplication.java:675)- No active profile set, falling back to default profiles: default
2019-05-16 13:42:44,230 INFO (StartupInfoLogger.java:59)- Started FormDesignerApplication in 5.213 seconds (JVM running for 6.555)
2019-05-16 13:44:59,031 INFO (StartupInfoLogger.java:50)- Starting FormDesignerApplication on USER-20180713SF with PID 9400 (E:\Desktop\FormDesigner\target\classes started by Administrator in E:\Desktop\FormDesigner)
2019-05-16 13:44:59,036 DEBUG (StartupInfoLogger.java:53)- Running with Spring Boot v2.1.3.RELEASE, Spring v5.1.5.RELEASE
2019-05-16 13:44:59,037 INFO (SpringApplication.java:675)- No active profile set, falling back to default profiles: default
2019-05-16 13:45:03,181 INFO (StartupInfoLogger.java:59)- Started FormDesignerApplication in 5.354 seconds (JVM running for 6.762)
2019-05-16 13:46:56,742 INFO (StartupInfoLogger.java:50)- Starting FormDesignerApplication on USER-20180713SF with PID 9400 (E:\Desktop\FormDesigner\target\classes started by Administrator in E:\Desktop\FormDesigner)
2019-05-16 13:46:56,742 DEBUG (StartupInfoLogger.java:53)- Running with Spring Boot v2.1.3.RELEASE, Spring v5.1.5.RELEASE
2019-05-16 13:46:56,742 INFO (SpringApplication.java:675)- No active profile set, falling back to default profiles: default
2019-05-16 13:46:58,627 INFO (StartupInfoLogger.java:59)- Started FormDesignerApplication in 1.962 seconds (JVM running for 122.205)
2019-05-16 13:47:02,125 INFO (StartupInfoLogger.java:50)- Starting FormDesignerApplicationTests on USER-20180713SF with PID 13256 (started by Administrator in E:\Desktop\FormDesigner)
2019-05-16 13:47:02,127 DEBUG (StartupInfoLogger.java:53)- Running with Spring Boot v2.1.3.RELEASE, Spring v5.1.5.RELEASE
2019-05-16 13:47:02,128 INFO (SpringApplication.java:675)- No active profile set, falling back to default profiles: default
2019-05-16 13:47:10,073 INFO (StartupInfoLogger.java:59)- Started FormDesignerApplicationTests in 8.903 seconds (JVM running for 10.371)
2019-05-16 13:47:31,515 INFO (StartupInfoLogger.java:50)- Starting FormDesignerApplication on USER-20180713SF with PID 9400 (E:\Desktop\FormDesigner\target\classes started by Administrator in E:\Desktop\FormDesigner)
2019-05-16 13:47:31,515 DEBUG (StartupInfoLogger.java:53)- Running with Spring Boot v2.1.3.RELEASE, Spring v5.1.5.RELEASE
2019-05-16 13:47:31,515 INFO (SpringApplication.java:675)- No active profile set, falling back to default profiles: default
2019-05-16 13:47:33,215 INFO (StartupInfoLogger.java:59)- Started FormDesignerApplication in 1.734 seconds (JVM running for 156.792)
2019-05-16 13:47:36,328 INFO (StartupInfoLogger.java:50)- Starting FormDesignerApplication on USER-20180713SF with PID 9400 (E:\Desktop\FormDesigner\target\classes started by Administrator in E:\Desktop\FormDesigner)
2019-05-16 13:47:36,328 DEBUG (StartupInfoLogger.java:53)- Running with Spring Boot v2.1.3.RELEASE, Spring v5.1.5.RELEASE
2019-05-16 13:47:36,328 INFO (SpringApplication.java:675)- No active profile set, falling back to default profiles: default
2019-05-16 13:47:38,076 INFO (StartupInfoLogger.java:59)- Started FormDesignerApplication in 1.78 seconds (JVM running for 161.653)
2019-05-16 13:47:38,721 INFO (StartupInfoLogger.java:50)- Starting FormDesignerApplicationTests on USER-20180713SF with PID 9612 (started by Administrator in E:\Desktop\FormDesigner)
2019-05-16 13:47:38,723 DEBUG (StartupInfoLogger.java:53)- Running with Spring Boot v2.1.3.RELEASE, Spring v5.1.5.RELEASE
2019-05-16 13:47:38,728 INFO (SpringApplication.java:675)- No active profile set, falling back to default profiles: default
2019-05-16 13:47:44,660 INFO (StartupInfoLogger.java:59)- Started FormDesignerApplicationTests in 6.47 seconds (JVM running for 7.652)
2019-05-16 14:09:29,879 INFO (StartupInfoLogger.java:50)- Starting FormDesignerApplication on USER-20180713SF with PID 9400 (E:\Desktop\FormDesigner\target\classes started by Administrator in E:\Desktop\FormDesigner)
2019-05-16 14:09:29,880 DEBUG (StartupInfoLogger.java:53)- Running with Spring Boot v2.1.3.RELEASE, Spring v5.1.5.RELEASE
2019-05-16 14:09:29,880 INFO (SpringApplication.java:675)- No active profile set, falling back to default profiles: default
2019-05-16 14:09:31,854 INFO (StartupInfoLogger.java:59)- Started FormDesignerApplication in 2.013 seconds (JVM running for 1475.398)
2019-05-16 14:10:39,731 INFO (StartupInfoLogger.java:50)- Starting FormDesignerApplication on USER-20180713SF with PID 9400 (E:\Desktop\FormDesigner\target\classes started by Administrator in E:\Desktop\FormDesigner)
2019-05-16 14:10:39,732 DEBUG (StartupInfoLogger.java:53)- Running with Spring Boot v2.1.3.RELEASE, Spring v5.1.5.RELEASE
2019-05-16 14:10:39,732 INFO (SpringApplication.java:675)- No active profile set, falling back to default profiles: default
2019-05-16 14:10:42,398 INFO (StartupInfoLogger.java:59)- Started FormDesignerApplication in 2.732 seconds (JVM running for 1545.94)
2019-05-16 14:11:01,307 INFO (StartupInfoLogger.java:50)- Starting FormDesignerApplication on USER-20180713SF with PID 12352 (E:\Desktop\FormDesigner\target\classes started by Administrator in E:\Desktop\FormDesigner)
2019-05-16 14:11:01,312 DEBUG (StartupInfoLogger.java:53)- Running with Spring Boot v2.1.3.RELEASE, Spring v5.1.5.RELEASE
2019-05-16 14:11:01,313 INFO (SpringApplication.java:675)- No active profile set, falling back to default profiles: default
2019-05-16 14:11:05,058 INFO (StartupInfoLogger.java:59)- Started FormDesignerApplication in 5.243 seconds (JVM running for 6.704)
2019-05-16 14:11:31,150 INFO (StartupInfoLogger.java:50)- Starting FormDesignerApplication on USER-20180713SF with PID 12352 (E:\Desktop\FormDesigner\target\classes started by Administrator in E:\Desktop\FormDesigner)
2019-05-16 14:11:31,150 DEBUG (StartupInfoLogger.java:53)- Running with Spring Boot v2.1.3.RELEASE, Spring v5.1.5.RELEASE
2019-05-16 14:11:31,151 INFO (SpringApplication.java:675)- No active profile set, falling back to default profiles: default
2019-05-16 14:11:33,453 INFO (StartupInfoLogger.java:59)- Started FormDesignerApplication in 2.354 seconds (JVM running for 35.099)
2019-05-16 14:12:48,245 INFO (StartupInfoLogger.java:50)- Starting FormDesignerApplication on USER-20180713SF with PID 12352 (E:\Desktop\FormDesigner\target\classes started by Administrator in E:\Desktop\FormDesigner)
2019-05-16 14:12:48,245 DEBUG (StartupInfoLogger.java:53)- Running with Spring Boot v2.1.3.RELEASE, Spring v5.1.5.RELEASE
2019-05-16 14:12:48,246 INFO (SpringApplication.java:675)- No active profile set, falling back to default profiles: default
2019-05-16 14:12:50,331 INFO (StartupInfoLogger.java:59)- Started FormDesignerApplication in 2.155 seconds (JVM running for 111.974)
2019-05-16 14:14:02,045 INFO (StartupInfoLogger.java:50)- Starting FormDesignerApplication on USER-20180713SF with PID 12352 (E:\Desktop\FormDesigner\target\classes started by Administrator in E:\Desktop\FormDesigner)
2019-05-16 14:14:02,045 DEBUG (StartupInfoLogger.java:53)- Running with Spring Boot v2.1.3.RELEASE, Spring v5.1.5.RELEASE
2019-05-16 14:14:02,045 INFO (SpringApplication.java:675)- No active profile set, falling back to default profiles: default
2019-05-16 14:14:04,111 INFO (StartupInfoLogger.java:59)- Started FormDesignerApplication in 2.099 seconds (JVM running for 185.752)
2019-05-16 14:16:23,334 INFO (StartupInfoLogger.java:50)- Starting FormDesignerApplication on USER-20180713SF with PID 12352 (E:\Desktop\FormDesigner\target\classes started by Administrator in E:\Desktop\FormDesigner)
2019-05-16 14:16:23,334 DEBUG (StartupInfoLogger.java:53)- Running with Spring Boot v2.1.3.RELEASE, Spring v5.1.5.RELEASE
2019-05-16 14:16:23,335 INFO (SpringApplication.java:675)- No active profile set, falling back to default profiles: default
2019-05-16 14:16:25,629 INFO (StartupInfoLogger.java:59)- Started FormDesignerApplication in 2.349 seconds (JVM running for 327.267)
2019-05-16 14:17:08,258 INFO (StartupInfoLogger.java:50)- Starting FormDesignerApplication on USER-20180713SF with PID 12352 (E:\Desktop\FormDesigner\target\classes started by Administrator in E:\Desktop\FormDesigner)
2019-05-16 14:17:08,259 DEBUG (StartupInfoLogger.java:53)- Running with Spring Boot v2.1.3.RELEASE, Spring v5.1.5.RELEASE
2019-05-16 14:17:08,259 INFO (SpringApplication.java:675)- No active profile set, falling back to default profiles: default
2019-05-16 14:17:10,064 INFO (StartupInfoLogger.java:59)- Started FormDesignerApplication in 2.121 seconds (JVM running for 371.702)
2019-05-16 14:17:24,346 INFO (StartupInfoLogger.java:50)- Starting FormDesignerApplication on USER-20180713SF with PID 12352 (E:\Desktop\FormDesigner\target\classes started by Administrator in E:\Desktop\FormDesigner)
2019-05-16 14:17:24,346 DEBUG (StartupInfoLogger.java:53)- Running with Spring Boot v2.1.3.RELEASE, Spring v5.1.5.RELEASE
2019-05-16 14:17:24,347 INFO (SpringApplication.java:675)- No active profile set, falling back to default profiles: default
2019-05-16 14:17:26,216 INFO (StartupInfoLogger.java:59)- Started FormDesignerApplication in 1.919 seconds (JVM running for 387.853)
2019-05-16 14:19:03,343 INFO (StartupInfoLogger.java:50)- Starting FormDesignerApplicationTests on USER-20180713SF with PID 7828 (started by Administrator in E:\Desktop\FormDesigner)
2019-05-16 14:19:03,345 DEBUG (StartupInfoLogger.java:53)- Running with Spring Boot v2.1.3.RELEASE, Spring v5.1.5.RELEASE
2019-05-16 14:19:03,346 INFO (SpringApplication.java:675)- No active profile set, falling back to default profiles: default
2019-05-16 14:19:09,010 INFO (StartupInfoLogger.java:59)- Started FormDesignerApplicationTests in 6.24 seconds (JVM running for 7.512)
2019-05-16 14:35:26,345 INFO (StartupInfoLogger.java:50)- Starting FormDesignerApplication on USER-20180713SF with PID 8948 (E:\Desktop\FormDesigner\target\classes started by Administrator in E:\Desktop\FormDesigner)
2019-05-16 14:35:26,350 DEBUG (StartupInfoLogger.java:53)- Running with Spring Boot v2.1.3.RELEASE, Spring v5.1.5.RELEASE
2019-05-16 14:35:26,351 INFO (SpringApplication.java:675)- No active profile set, falling back to default profiles: default
2019-05-16 14:35:32,712 INFO (StartupInfoLogger.java:59)- Started FormDesignerApplication in 7.667 seconds (JVM running for 9.916)
2019-05-16 14:38:36,643 INFO (StartupInfoLogger.java:50)- Starting FormDesignerApplication on USER-20180713SF with PID 12712 (E:\Desktop\FormDesigner\target\classes started by Administrator in E:\Desktop\FormDesigner)
2019-05-16 14:38:36,659 DEBUG (StartupInfoLogger.java:53)- Running with Spring Boot v2.1.3.RELEASE, Spring v5.1.5.RELEASE
2019-05-16 14:38:36,661 INFO (SpringApplication.java:675)- No active profile set, falling back to default profiles: default
2019-05-16 14:38:44,209 INFO (StartupInfoLogger.java:59)- Started FormDesignerApplication in 8.493 seconds (JVM running for 9.952)
2019-05-16 14:38:51,413 INFO (StartupInfoLogger.java:50)- Starting FormDesignerApplication on USER-20180713SF with PID 12712 (E:\Desktop\FormDesigner\target\classes started by Administrator in E:\Desktop\FormDesigner)
2019-05-16 14:38:51,414 DEBUG (StartupInfoLogger.java:53)- Running with Spring Boot v2.1.3.RELEASE, Spring v5.1.5.RELEASE
2019-05-16 14:38:51,414 INFO (SpringApplication.java:675)- No active profile set, falling back to default profiles: default
2019-05-16 14:38:53,557 INFO (StartupInfoLogger.java:59)- Started FormDesignerApplication in 2.184 seconds (JVM running for 19.3)
2019-05-16 14:38:54,092 INFO (StartupInfoLogger.java:50)- Starting FormDesignerApplicationTests on USER-20180713SF with PID 9168 (started by Administrator in E:\Desktop\FormDesigner)
2019-05-16 14:38:54,094 DEBUG (StartupInfoLogger.java:53)- Running with Spring Boot v2.1.3.RELEASE, Spring v5.1.5.RELEASE
2019-05-16 14:38:54,096 INFO (SpringApplication.java:675)- No active profile set, falling back to default profiles: default
2019-05-16 14:39:00,208 INFO (StartupInfoLogger.java:59)- Started FormDesignerApplicationTests in 6.817 seconds (JVM running for 8.173)
2019-05-16 16:25:12,210 INFO (StartupInfoLogger.java:50)- Starting FormDesignerApplication on USER-20180713SF with PID 7892 (E:\Desktop\FormDesigner\target\classes started by Administrator in E:\Desktop\FormDesigner)
2019-05-16 16:25:12,215 DEBUG (StartupInfoLogger.java:53)- Running with Spring Boot v2.1.3.RELEASE, Spring v5.1.5.RELEASE
2019-05-16 16:25:12,217 INFO (SpringApplication.java:675)- No active profile set, falling back to default profiles: default
2019-05-16 16:25:17,538 INFO (StartupInfoLogger.java:59)- Started FormDesignerApplication in 6.456 seconds (JVM running for 8.212)
2019-05-16 16:37:22,991 INFO (StartupInfoLogger.java:50)- Starting FormDesignerApplication on USER-20180713SF with PID 7828 (E:\Desktop\FormDesigner\target\classes started by Administrator in E:\Desktop\FormDesigner)
2019-05-16 16:37:22,996 DEBUG (StartupInfoLogger.java:53)- Running with Spring Boot v2.1.3.RELEASE, Spring v5.1.5.RELEASE
2019-05-16 16:37:22,997 INFO (SpringApplication.java:675)- No active profile set, falling back to default profiles: default
2019-05-16 16:37:27,864 INFO (StartupInfoLogger.java:59)- Started FormDesignerApplication in 6.262 seconds (JVM running for 7.932)
2019-05-16 16:52:46,507 INFO (StartupInfoLogger.java:50)- Starting FormDesignerApplication on USER-20180713SF with PID 2348 (E:\Desktop\FormDesigner\target\classes started by Administrator in E:\Desktop\FormDesigner)
2019-05-16 16:52:46,513 DEBUG (StartupInfoLogger.java:53)- Running with Spring Boot v2.1.3.RELEASE, Spring v5.1.5.RELEASE
2019-05-16 16:52:46,514 INFO (SpringApplication.java:675)- No active profile set, falling back to default profiles: default
2019-05-16 16:52:50,903 INFO (StartupInfoLogger.java:59)- Started FormDesignerApplication in 5.817 seconds (JVM running for 7.188)
2019-05-16 17:10:59,075 INFO (StartupInfoLogger.java:50)- Starting FormDesignerApplication on USER-20180713SF with PID 2580 (E:\Desktop\FormDesigner\target\classes started by Administrator in E:\Desktop\FormDesigner)
2019-05-16 17:10:59,080 DEBUG (StartupInfoLogger.java:53)- Running with Spring Boot v2.1.3.RELEASE, Spring v5.1.5.RELEASE
2019-05-16 17:10:59,081 INFO (SpringApplication.java:675)- No active profile set, falling back to default profiles: default
2019-05-16 17:11:03,357 INFO (StartupInfoLogger.java:59)- Started FormDesignerApplication in 5.778 seconds (JVM running for 7.207)
