2019-05-10 09:24:32,440 INFO (StartupInfoLogger.java:50)- Starting FormDesignerApplication on USER-20180713SF with PID 6848 (E:\Desktop\FormDesigner\target\classes started by Administrator in E:\Desktop\FormDesigner)
2019-05-10 09:24:32,795 DEBUG (StartupInfoLogger.java:53)- Running with Spring Boot v2.1.3.RELEASE, Spring v5.1.5.RELEASE
2019-05-10 09:24:32,796 INFO (SpringApplication.java:675)- No active profile set, falling back to default profiles: default
2019-05-10 09:25:45,174 INFO (StartupInfoLogger.java:59)- Started FormDesignerApplication in 102.441 seconds (JVM running for 140.452)
2019-05-10 09:31:53,987 INFO (StartupInfoLogger.java:50)- Starting FormDesignerApplication on USER-20180713SF with PID 6848 (E:\Desktop\FormDesigner\target\classes started by Administrator in E:\Desktop\FormDesigner)
2019-05-10 09:31:53,988 DEBUG (StartupInfoLogger.java:53)- Running with Spring Boot v2.1.3.RELEASE, Spring v5.1.5.RELEASE
2019-05-10 09:31:53,988 INFO (SpringApplication.java:675)- No active profile set, falling back to default profiles: default
2019-05-10 09:32:02,622 INFO (StartupInfoLogger.java:59)- Started FormDesignerApplication in 8.812 seconds (JVM running for 517.894)
2019-05-10 09:32:21,521 INFO (StartupInfoLogger.java:50)- Starting FormDesignerApplication on USER-20180713SF with PID 6848 (E:\Desktop\FormDesigner\target\classes started by Administrator in E:\Desktop\FormDesigner)
2019-05-10 09:32:21,522 DEBUG (StartupInfoLogger.java:53)- Running with Spring Boot v2.1.3.RELEASE, Spring v5.1.5.RELEASE
2019-05-10 09:32:21,522 INFO (SpringApplication.java:675)- No active profile set, falling back to default profiles: default
2019-05-10 09:32:23,746 INFO (StartupInfoLogger.java:59)- Started FormDesignerApplication in 2.3 seconds (JVM running for 539.017)
2019-05-10 09:32:58,076 INFO (StartupInfoLogger.java:50)- Starting FormDesignerApplication on USER-20180713SF with PID 6848 (E:\Desktop\FormDesigner\target\classes started by Administrator in E:\Desktop\FormDesigner)
2019-05-10 09:32:58,076 DEBUG (StartupInfoLogger.java:53)- Running with Spring Boot v2.1.3.RELEASE, Spring v5.1.5.RELEASE
2019-05-10 09:32:58,077 INFO (SpringApplication.java:675)- No active profile set, falling back to default profiles: default
2019-05-10 09:33:00,675 INFO (StartupInfoLogger.java:59)- Started FormDesignerApplication in 2.661 seconds (JVM running for 575.947)
2019-05-10 09:36:00,574 INFO (StartupInfoLogger.java:50)- Starting FormDesignerApplication on USER-20180713SF with PID 6848 (E:\Desktop\FormDesigner\target\classes started by Administrator in E:\Desktop\FormDesigner)
2019-05-10 09:36:00,574 DEBUG (StartupInfoLogger.java:53)- Running with Spring Boot v2.1.3.RELEASE, Spring v5.1.5.RELEASE
2019-05-10 09:36:00,575 INFO (SpringApplication.java:675)- No active profile set, falling back to default profiles: default
2019-05-10 09:36:02,615 INFO (StartupInfoLogger.java:59)- Started FormDesignerApplication in 2.143 seconds (JVM running for 757.884)
2019-05-10 09:36:17,957 INFO (StartupInfoLogger.java:50)- Starting FormDesignerApplication on USER-20180713SF with PID 6848 (E:\Desktop\FormDesigner\target\classes started by Administrator in E:\Desktop\FormDesigner)
2019-05-10 09:36:17,957 DEBUG (StartupInfoLogger.java:53)- Running with Spring Boot v2.1.3.RELEASE, Spring v5.1.5.RELEASE
2019-05-10 09:36:17,957 INFO (SpringApplication.java:675)- No active profile set, falling back to default profiles: default
2019-05-10 09:36:19,741 INFO (StartupInfoLogger.java:59)- Started FormDesignerApplication in 1.843 seconds (JVM running for 775.01)
2019-05-10 09:37:22,329 INFO (StartupInfoLogger.java:50)- Starting FormDesignerApplication on USER-20180713SF with PID 6848 (E:\Desktop\FormDesigner\target\classes started by Administrator in E:\Desktop\FormDesigner)
2019-05-10 09:37:22,330 DEBUG (StartupInfoLogger.java:53)- Running with Spring Boot v2.1.3.RELEASE, Spring v5.1.5.RELEASE
2019-05-10 09:37:22,330 INFO (SpringApplication.java:675)- No active profile set, falling back to default profiles: default
2019-05-10 09:37:24,105 INFO (StartupInfoLogger.java:59)- Started FormDesignerApplication in 1.829 seconds (JVM running for 839.373)
2019-05-10 09:39:44,631 INFO (StartupInfoLogger.java:50)- Starting FormDesignerApplication on USER-20180713SF with PID 6848 (E:\Desktop\FormDesigner\target\classes started by Administrator in E:\Desktop\FormDesigner)
2019-05-10 09:39:44,631 DEBUG (StartupInfoLogger.java:53)- Running with Spring Boot v2.1.3.RELEASE, Spring v5.1.5.RELEASE
2019-05-10 09:39:44,632 INFO (SpringApplication.java:675)- No active profile set, falling back to default profiles: default
2019-05-10 09:39:46,752 INFO (StartupInfoLogger.java:59)- Started FormDesignerApplication in 2.158 seconds (JVM running for 982.018)
2019-05-10 09:40:51,573 INFO (StartupInfoLogger.java:50)- Starting FormDesignerApplication on USER-20180713SF with PID 1872 (E:\Desktop\FormDesigner\target\classes started by Administrator in E:\Desktop\FormDesigner)
2019-05-10 09:40:51,579 DEBUG (StartupInfoLogger.java:53)- Running with Spring Boot v2.1.3.RELEASE, Spring v5.1.5.RELEASE
2019-05-10 09:40:51,581 INFO (SpringApplication.java:675)- No active profile set, falling back to default profiles: default
2019-05-10 09:40:55,809 INFO (StartupInfoLogger.java:59)- Started FormDesignerApplication in 5.12 seconds (JVM running for 7.001)
2019-05-10 09:41:51,625 INFO (StartupInfoLogger.java:50)- Starting FormDesignerApplication on USER-20180713SF with PID 5376 (E:\Desktop\FormDesigner\target\classes started by Administrator in E:\Desktop\FormDesigner)
2019-05-10 09:41:51,626 DEBUG (StartupInfoLogger.java:53)- Running with Spring Boot v2.1.3.RELEASE, Spring v5.1.5.RELEASE
2019-05-10 09:41:51,627 INFO (SpringApplication.java:675)- No active profile set, falling back to default profiles: default
2019-05-10 09:41:55,999 INFO (StartupInfoLogger.java:59)- Started FormDesignerApplication in 5.292 seconds (JVM running for 6.668)
2019-05-10 09:45:19,805 INFO (StartupInfoLogger.java:50)- Starting FormDesignerApplication on USER-20180713SF with PID 7460 (E:\Desktop\FormDesigner\target\classes started by Administrator in E:\Desktop\FormDesigner)
2019-05-10 09:45:19,810 DEBUG (StartupInfoLogger.java:53)- Running with Spring Boot v2.1.3.RELEASE, Spring v5.1.5.RELEASE
2019-05-10 09:45:19,812 INFO (SpringApplication.java:675)- No active profile set, falling back to default profiles: default
2019-05-10 09:45:23,862 INFO (StartupInfoLogger.java:59)- Started FormDesignerApplication in 4.994 seconds (JVM running for 6.378)
2019-05-10 09:46:17,040 INFO (StartupInfoLogger.java:50)- Starting FormDesignerApplication on USER-20180713SF with PID 6868 (E:\Desktop\FormDesigner\target\classes started by Administrator in E:\Desktop\FormDesigner)
2019-05-10 09:46:17,204 DEBUG (StartupInfoLogger.java:53)- Running with Spring Boot v2.1.3.RELEASE, Spring v5.1.5.RELEASE
2019-05-10 09:46:17,205 INFO (SpringApplication.java:675)- No active profile set, falling back to default profiles: default
2019-05-10 09:46:21,962 INFO (StartupInfoLogger.java:59)- Started FormDesignerApplication in 6.189 seconds (JVM running for 8.099)
2019-05-10 09:51:37,548 INFO (StartupInfoLogger.java:50)- Starting FormDesignerApplication on USER-20180713SF with PID 8912 (E:\Desktop\FormDesigner\target\classes started by Administrator in E:\Desktop\FormDesigner)
2019-05-10 09:51:37,549 DEBUG (StartupInfoLogger.java:53)- Running with Spring Boot v2.1.3.RELEASE, Spring v5.1.5.RELEASE
2019-05-10 09:51:37,550 INFO (SpringApplication.java:675)- No active profile set, falling back to default profiles: default
2019-05-10 09:51:41,789 INFO (StartupInfoLogger.java:59)- Started FormDesignerApplication in 5.327 seconds (JVM running for 6.88)
2019-05-10 09:53:07,697 INFO (StartupInfoLogger.java:50)- Starting FormDesignerApplication on USER-20180713SF with PID 8840 (E:\Desktop\FormDesigner\target\classes started by Administrator in E:\Desktop\FormDesigner)
2019-05-10 09:53:07,705 DEBUG (StartupInfoLogger.java:53)- Running with Spring Boot v2.1.3.RELEASE, Spring v5.1.5.RELEASE
2019-05-10 09:53:07,706 INFO (SpringApplication.java:675)- No active profile set, falling back to default profiles: default
2019-05-10 09:53:11,996 INFO (StartupInfoLogger.java:59)- Started FormDesignerApplication in 5.322 seconds (JVM running for 6.815)
2019-05-10 09:54:40,829 INFO (StartupInfoLogger.java:50)- Starting FormDesignerApplication on USER-20180713SF with PID 7264 (E:\Desktop\FormDesigner\target\classes started by Administrator in E:\Desktop\FormDesigner)
2019-05-10 09:54:40,834 DEBUG (StartupInfoLogger.java:53)- Running with Spring Boot v2.1.3.RELEASE, Spring v5.1.5.RELEASE
2019-05-10 09:54:40,836 INFO (SpringApplication.java:675)- No active profile set, falling back to default profiles: default
2019-05-10 09:54:48,523 INFO (StartupInfoLogger.java:59)- Started FormDesignerApplication in 9.283 seconds (JVM running for 10.778)
2019-05-10 09:55:21,570 INFO (StartupInfoLogger.java:50)- Starting FormDesignerApplication on USER-20180713SF with PID 6240 (E:\Desktop\FormDesigner\target\classes started by Administrator in E:\Desktop\FormDesigner)
2019-05-10 09:55:21,575 DEBUG (StartupInfoLogger.java:53)- Running with Spring Boot v2.1.3.RELEASE, Spring v5.1.5.RELEASE
2019-05-10 09:55:21,576 INFO (SpringApplication.java:675)- No active profile set, falling back to default profiles: default
2019-05-10 09:55:26,438 INFO (StartupInfoLogger.java:59)- Started FormDesignerApplication in 5.938 seconds (JVM running for 7.342)
2019-05-10 09:58:43,012 INFO (StartupInfoLogger.java:50)- Starting FormDesignerApplication on USER-20180713SF with PID 8856 (E:\Desktop\FormDesigner\target\classes started by Administrator in E:\Desktop\FormDesigner)
2019-05-10 09:58:43,017 DEBUG (StartupInfoLogger.java:53)- Running with Spring Boot v2.1.3.RELEASE, Spring v5.1.5.RELEASE
2019-05-10 09:58:43,018 INFO (SpringApplication.java:675)- No active profile set, falling back to default profiles: default
2019-05-10 09:58:47,056 INFO (StartupInfoLogger.java:59)- Started FormDesignerApplication in 5.246 seconds (JVM running for 6.696)
2019-05-10 10:00:15,595 INFO (StartupInfoLogger.java:50)- Starting FormDesignerApplication on USER-20180713SF with PID 1260 (E:\Desktop\FormDesigner\target\classes started by Administrator in E:\Desktop\FormDesigner)
2019-05-10 10:00:15,629 DEBUG (StartupInfoLogger.java:53)- Running with Spring Boot v2.1.3.RELEASE, Spring v5.1.5.RELEASE
2019-05-10 10:00:15,632 INFO (SpringApplication.java:675)- No active profile set, falling back to default profiles: default
2019-05-10 10:00:19,914 INFO (StartupInfoLogger.java:59)- Started FormDesignerApplication in 5.289 seconds (JVM running for 6.653)
2019-05-10 10:06:32,601 INFO (StartupInfoLogger.java:50)- Starting FormDesignerApplication on USER-20180713SF with PID 6728 (E:\Desktop\FormDesigner\target\classes started by Administrator in E:\Desktop\FormDesigner)
2019-05-10 10:06:32,607 DEBUG (StartupInfoLogger.java:53)- Running with Spring Boot v2.1.3.RELEASE, Spring v5.1.5.RELEASE
2019-05-10 10:06:32,608 INFO (SpringApplication.java:675)- No active profile set, falling back to default profiles: default
2019-05-10 10:06:36,764 INFO (StartupInfoLogger.java:59)- Started FormDesignerApplication in 5.389 seconds (JVM running for 6.958)
2019-05-10 10:09:25,806 INFO (StartupInfoLogger.java:50)- Starting FormDesignerApplication on USER-20180713SF with PID 6728 (E:\Desktop\FormDesigner\target\classes started by Administrator in E:\Desktop\FormDesigner)
2019-05-10 10:09:25,807 DEBUG (StartupInfoLogger.java:53)- Running with Spring Boot v2.1.3.RELEASE, Spring v5.1.5.RELEASE
2019-05-10 10:09:25,807 INFO (SpringApplication.java:675)- No active profile set, falling back to default profiles: default
2019-05-10 10:09:27,026 INFO (StartupInfoLogger.java:59)- Started FormDesignerApplication in 1.259 seconds (JVM running for 177.217)
2019-05-10 10:09:33,457 INFO (StartupInfoLogger.java:50)- Starting FormDesignerApplication on USER-20180713SF with PID 6728 (E:\Desktop\FormDesigner\target\classes started by Administrator in E:\Desktop\FormDesigner)
2019-05-10 10:09:33,458 DEBUG (StartupInfoLogger.java:53)- Running with Spring Boot v2.1.3.RELEASE, Spring v5.1.5.RELEASE
2019-05-10 10:09:33,458 INFO (SpringApplication.java:675)- No active profile set, falling back to default profiles: default
2019-05-10 10:09:34,768 INFO (StartupInfoLogger.java:59)- Started FormDesignerApplication in 1.338 seconds (JVM running for 184.959)
2019-05-10 10:09:38,024 INFO (StartupInfoLogger.java:50)- Starting FormDesignerApplicationTests on USER-20180713SF with PID 6800 (started by Administrator in E:\Desktop\FormDesigner)
2019-05-10 10:09:38,026 DEBUG (StartupInfoLogger.java:53)- Running with Spring Boot v2.1.3.RELEASE, Spring v5.1.5.RELEASE
2019-05-10 10:09:38,027 INFO (SpringApplication.java:675)- No active profile set, falling back to default profiles: default
2019-05-10 10:09:44,079 INFO (StartupInfoLogger.java:59)- Started FormDesignerApplicationTests in 7.935 seconds (JVM running for 9.065)
2019-05-10 10:12:10,449 INFO (StartupInfoLogger.java:50)- Starting FormDesignerApplication on USER-20180713SF with PID 6244 (E:\Desktop\FormDesigner\target\classes started by Administrator in E:\Desktop\FormDesigner)
2019-05-10 10:12:10,455 DEBUG (StartupInfoLogger.java:53)- Running with Spring Boot v2.1.3.RELEASE, Spring v5.1.5.RELEASE
2019-05-10 10:12:10,456 INFO (SpringApplication.java:675)- No active profile set, falling back to default profiles: default
2019-05-10 10:12:14,123 INFO (StartupInfoLogger.java:59)- Started FormDesignerApplication in 4.735 seconds (JVM running for 6.646)
2019-05-10 10:14:47,081 INFO (StartupInfoLogger.java:50)- Starting FormDesignerApplicationTests on USER-20180713SF with PID 7492 (started by Administrator in E:\Desktop\FormDesigner)
2019-05-10 10:14:47,083 DEBUG (StartupInfoLogger.java:53)- Running with Spring Boot v2.1.3.RELEASE, Spring v5.1.5.RELEASE
2019-05-10 10:14:47,084 INFO (SpringApplication.java:675)- No active profile set, falling back to default profiles: default
2019-05-10 10:14:52,430 INFO (StartupInfoLogger.java:59)- Started FormDesignerApplicationTests in 6.001 seconds (JVM running for 6.978)
2019-05-10 10:16:18,117 INFO (StartupInfoLogger.java:50)- Starting FormDesignerApplication on USER-20180713SF with PID 8624 (E:\Desktop\FormDesigner\target\classes started by Administrator in E:\Desktop\FormDesigner)
2019-05-10 10:16:18,124 DEBUG (StartupInfoLogger.java:53)- Running with Spring Boot v2.1.3.RELEASE, Spring v5.1.5.RELEASE
2019-05-10 10:16:18,125 INFO (SpringApplication.java:675)- No active profile set, falling back to default profiles: default
2019-05-10 10:16:22,143 INFO (StartupInfoLogger.java:59)- Started FormDesignerApplication in 5.118 seconds (JVM running for 6.521)
2019-05-10 10:21:07,308 INFO (StartupInfoLogger.java:50)- Starting FormDesignerApplication on USER-20180713SF with PID 8624 (E:\Desktop\FormDesigner\target\classes started by Administrator in E:\Desktop\FormDesigner)
2019-05-10 10:21:07,311 DEBUG (StartupInfoLogger.java:53)- Running with Spring Boot v2.1.3.RELEASE, Spring v5.1.5.RELEASE
2019-05-10 10:21:07,311 INFO (SpringApplication.java:675)- No active profile set, falling back to default profiles: default
2019-05-10 10:21:09,512 INFO (StartupInfoLogger.java:59)- Started FormDesignerApplication in 2.298 seconds (JVM running for 293.887)
2019-05-10 10:22:38,901 INFO (StartupInfoLogger.java:50)- Starting FormDesignerApplication on USER-20180713SF with PID 8624 (E:\Desktop\FormDesigner\target\classes started by Administrator in E:\Desktop\FormDesigner)
2019-05-10 10:22:38,902 DEBUG (StartupInfoLogger.java:53)- Running with Spring Boot v2.1.3.RELEASE, Spring v5.1.5.RELEASE
2019-05-10 10:22:38,903 INFO (SpringApplication.java:675)- No active profile set, falling back to default profiles: default
2019-05-10 10:22:41,768 INFO (StartupInfoLogger.java:59)- Started FormDesignerApplication in 2.904 seconds (JVM running for 386.141)
2019-05-10 10:26:01,436 INFO (StartupInfoLogger.java:50)- Starting FormDesignerApplication on USER-20180713SF with PID 8624 (E:\Desktop\FormDesigner\target\classes started by Administrator in E:\Desktop\FormDesigner)
2019-05-10 10:26:01,436 DEBUG (StartupInfoLogger.java:53)- Running with Spring Boot v2.1.3.RELEASE, Spring v5.1.5.RELEASE
2019-05-10 10:26:01,437 INFO (SpringApplication.java:675)- No active profile set, falling back to default profiles: default
2019-05-10 10:26:03,308 INFO (StartupInfoLogger.java:59)- Started FormDesignerApplication in 1.966 seconds (JVM running for 587.678)
2019-05-10 10:26:23,164 INFO (StartupInfoLogger.java:50)- Starting FormDesignerApplication on USER-20180713SF with PID 8624 (E:\Desktop\FormDesigner\target\classes started by Administrator in E:\Desktop\FormDesigner)
2019-05-10 10:26:23,165 DEBUG (StartupInfoLogger.java:53)- Running with Spring Boot v2.1.3.RELEASE, Spring v5.1.5.RELEASE
2019-05-10 10:26:23,166 INFO (SpringApplication.java:675)- No active profile set, falling back to default profiles: default
2019-05-10 10:26:24,946 INFO (StartupInfoLogger.java:59)- Started FormDesignerApplication in 1.846 seconds (JVM running for 609.316)
2019-05-10 10:26:43,606 INFO (StartupInfoLogger.java:50)- Starting FormDesignerApplication on USER-20180713SF with PID 8624 (E:\Desktop\FormDesigner\target\classes started by Administrator in E:\Desktop\FormDesigner)
2019-05-10 10:26:43,606 DEBUG (StartupInfoLogger.java:53)- Running with Spring Boot v2.1.3.RELEASE, Spring v5.1.5.RELEASE
2019-05-10 10:26:43,607 INFO (SpringApplication.java:675)- No active profile set, falling back to default profiles: default
2019-05-10 10:26:46,104 INFO (StartupInfoLogger.java:59)- Started FormDesignerApplication in 2.543 seconds (JVM running for 630.474)
2019-05-10 10:26:50,640 INFO (StartupInfoLogger.java:50)- Starting FormDesignerApplication on USER-20180713SF with PID 6544 (E:\Desktop\FormDesigner\target\classes started by Administrator in E:\Desktop\FormDesigner)
2019-05-10 10:26:50,646 DEBUG (StartupInfoLogger.java:53)- Running with Spring Boot v2.1.3.RELEASE, Spring v5.1.5.RELEASE
2019-05-10 10:26:50,647 INFO (SpringApplication.java:675)- No active profile set, falling back to default profiles: default
2019-05-10 10:26:56,920 INFO (StartupInfoLogger.java:59)- Started FormDesignerApplication in 7.361 seconds (JVM running for 8.931)
2019-05-10 10:27:15,589 INFO (StartupInfoLogger.java:50)- Starting FormDesignerApplication on USER-20180713SF with PID 4896 (E:\Desktop\FormDesigner\target\classes started by Administrator in E:\Desktop\FormDesigner)
2019-05-10 10:27:15,594 DEBUG (StartupInfoLogger.java:53)- Running with Spring Boot v2.1.3.RELEASE, Spring v5.1.5.RELEASE
2019-05-10 10:27:15,595 INFO (SpringApplication.java:675)- No active profile set, falling back to default profiles: default
2019-05-10 10:27:19,630 INFO (StartupInfoLogger.java:59)- Started FormDesignerApplication in 5.25 seconds (JVM running for 6.679)
2019-05-10 10:27:28,681 INFO (StartupInfoLogger.java:50)- Starting FormDesignerApplication on USER-20180713SF with PID 4896 (E:\Desktop\FormDesigner\target\classes started by Administrator in E:\Desktop\FormDesigner)
2019-05-10 10:27:28,681 DEBUG (StartupInfoLogger.java:53)- Running with Spring Boot v2.1.3.RELEASE, Spring v5.1.5.RELEASE
2019-05-10 10:27:28,681 INFO (SpringApplication.java:675)- No active profile set, falling back to default profiles: default
2019-05-10 10:27:30,535 INFO (StartupInfoLogger.java:59)- Started FormDesignerApplication in 1.91 seconds (JVM running for 17.583)
2019-05-10 10:27:33,324 INFO (StartupInfoLogger.java:50)- Starting FormDesignerApplication on USER-20180713SF with PID 4896 (E:\Desktop\FormDesigner\target\classes started by Administrator in E:\Desktop\FormDesigner)
2019-05-10 10:27:33,324 DEBUG (StartupInfoLogger.java:53)- Running with Spring Boot v2.1.3.RELEASE, Spring v5.1.5.RELEASE
2019-05-10 10:27:33,325 INFO (SpringApplication.java:675)- No active profile set, falling back to default profiles: default
2019-05-10 10:27:35,103 INFO (StartupInfoLogger.java:59)- Started FormDesignerApplication in 1.867 seconds (JVM running for 22.152)
2019-05-10 10:27:35,555 INFO (StartupInfoLogger.java:50)- Starting FormDesignerApplicationTests on USER-20180713SF with PID 5416 (started by Administrator in E:\Desktop\FormDesigner)
2019-05-10 10:27:35,556 DEBUG (StartupInfoLogger.java:53)- Running with Spring Boot v2.1.3.RELEASE, Spring v5.1.5.RELEASE
2019-05-10 10:27:35,557 INFO (SpringApplication.java:675)- No active profile set, falling back to default profiles: default
2019-05-10 10:27:41,065 INFO (StartupInfoLogger.java:59)- Started FormDesignerApplicationTests in 6.171 seconds (JVM running for 7.418)
2019-05-10 10:33:40,288 INFO (StartupInfoLogger.java:50)- Starting FormDesignerApplicationTests on USER-20180713SF with PID 6744 (started by Administrator in E:\Desktop\FormDesigner)
2019-05-10 10:33:40,290 DEBUG (StartupInfoLogger.java:53)- Running with Spring Boot v2.1.3.RELEASE, Spring v5.1.5.RELEASE
2019-05-10 10:33:40,291 INFO (SpringApplication.java:675)- No active profile set, falling back to default profiles: default
2019-05-10 10:33:45,865 INFO (StartupInfoLogger.java:59)- Started FormDesignerApplicationTests in 6.256 seconds (JVM running for 7.299)
2019-05-10 10:36:14,620 INFO (StartupInfoLogger.java:50)- Starting FormDesignerApplication on USER-20180713SF with PID 8576 (E:\Desktop\FormDesigner\target\classes started by Administrator in E:\Desktop\FormDesigner)
2019-05-10 10:36:14,625 DEBUG (StartupInfoLogger.java:53)- Running with Spring Boot v2.1.3.RELEASE, Spring v5.1.5.RELEASE
2019-05-10 10:36:14,626 INFO (SpringApplication.java:675)- No active profile set, falling back to default profiles: default
2019-05-10 10:36:27,971 INFO (StartupInfoLogger.java:50)- Starting FormDesignerApplication on USER-20180713SF with PID 6564 (E:\Desktop\FormDesigner\target\classes started by Administrator in E:\Desktop\FormDesigner)
2019-05-10 10:36:27,975 DEBUG (StartupInfoLogger.java:53)- Running with Spring Boot v2.1.3.RELEASE, Spring v5.1.5.RELEASE
2019-05-10 10:36:27,977 INFO (SpringApplication.java:675)- No active profile set, falling back to default profiles: default
2019-05-10 10:36:33,096 INFO (StartupInfoLogger.java:59)- Started FormDesignerApplication in 6.343 seconds (JVM running for 7.997)
2019-05-10 10:37:21,701 INFO (StartupInfoLogger.java:50)- Starting FormDesignerApplicationTests on USER-20180713SF with PID 6596 (started by Administrator in E:\Desktop\FormDesigner)
2019-05-10 10:37:21,702 DEBUG (StartupInfoLogger.java:53)- Running with Spring Boot v2.1.3.RELEASE, Spring v5.1.5.RELEASE
2019-05-10 10:37:21,704 INFO (SpringApplication.java:675)- No active profile set, falling back to default profiles: default
2019-05-10 10:37:27,539 INFO (StartupInfoLogger.java:59)- Started FormDesignerApplicationTests in 6.393 seconds (JVM running for 7.36)
2019-05-10 10:39:05,849 INFO (StartupInfoLogger.java:50)- Starting FormDesignerApplication on USER-20180713SF with PID 1496 (E:\Desktop\FormDesigner\target\classes started by Administrator in E:\Desktop\FormDesigner)
2019-05-10 10:39:05,854 DEBUG (StartupInfoLogger.java:53)- Running with Spring Boot v2.1.3.RELEASE, Spring v5.1.5.RELEASE
2019-05-10 10:39:05,855 INFO (SpringApplication.java:675)- No active profile set, falling back to default profiles: default
2019-05-10 10:39:10,528 INFO (StartupInfoLogger.java:59)- Started FormDesignerApplication in 5.873 seconds (JVM running for 7.492)
2019-05-10 12:16:42,524 INFO (StartupInfoLogger.java:50)- Starting FormDesignerApplication on USER-20180713SF with PID 1300 (E:\Desktop\FormDesigner\target\classes started by Administrator in E:\Desktop\FormDesigner)
2019-05-10 12:16:42,528 DEBUG (StartupInfoLogger.java:53)- Running with Spring Boot v2.1.3.RELEASE, Spring v5.1.5.RELEASE
2019-05-10 12:16:42,529 INFO (SpringApplication.java:675)- No active profile set, falling back to default profiles: default
2019-05-10 12:16:46,006 INFO (StartupInfoLogger.java:59)- Started FormDesignerApplication in 4.451 seconds (JVM running for 5.657)
2019-05-10 12:16:59,823 INFO (StartupInfoLogger.java:50)- Starting FormDesignerApplication on USER-20180713SF with PID 5392 (E:\Desktop\FormDesigner\target\classes started by Administrator in E:\Desktop\FormDesigner)
2019-05-10 12:16:59,828 DEBUG (StartupInfoLogger.java:53)- Running with Spring Boot v2.1.3.RELEASE, Spring v5.1.5.RELEASE
2019-05-10 12:16:59,829 INFO (SpringApplication.java:675)- No active profile set, falling back to default profiles: default
2019-05-10 12:17:03,635 INFO (StartupInfoLogger.java:59)- Started FormDesignerApplication in 4.423 seconds (JVM running for 5.669)
2019-05-10 12:17:38,549 INFO (StartupInfoLogger.java:50)- Starting FormDesignerApplication on USER-20180713SF with PID 5392 (E:\Desktop\FormDesigner\target\classes started by Administrator in E:\Desktop\FormDesigner)
2019-05-10 12:17:38,550 DEBUG (StartupInfoLogger.java:53)- Running with Spring Boot v2.1.3.RELEASE, Spring v5.1.5.RELEASE
2019-05-10 12:17:38,550 INFO (SpringApplication.java:675)- No active profile set, falling back to default profiles: default
2019-05-10 12:17:39,466 INFO (StartupInfoLogger.java:59)- Started FormDesignerApplication in 0.94 seconds (JVM running for 41.5)
2019-05-10 12:19:07,349 INFO (StartupInfoLogger.java:50)- Starting FormDesignerApplication on USER-20180713SF with PID 2000 (E:\Desktop\FormDesigner\target\classes started by Administrator in E:\Desktop\FormDesigner)
2019-05-10 12:19:07,354 DEBUG (StartupInfoLogger.java:53)- Running with Spring Boot v2.1.3.RELEASE, Spring v5.1.5.RELEASE
2019-05-10 12:19:07,356 INFO (SpringApplication.java:675)- No active profile set, falling back to default profiles: default
2019-05-10 12:19:11,470 INFO (StartupInfoLogger.java:59)- Started FormDesignerApplication in 5.139 seconds (JVM running for 6.5)
2019-05-10 12:19:31,214 INFO (StartupInfoLogger.java:50)- Starting FormDesignerApplication on USER-20180713SF with PID 2000 (E:\Desktop\FormDesigner\target\classes started by Administrator in E:\Desktop\FormDesigner)
2019-05-10 12:19:31,214 DEBUG (StartupInfoLogger.java:53)- Running with Spring Boot v2.1.3.RELEASE, Spring v5.1.5.RELEASE
2019-05-10 12:19:31,215 INFO (SpringApplication.java:675)- No active profile set, falling back to default profiles: default
2019-05-10 12:19:33,072 INFO (StartupInfoLogger.java:59)- Started FormDesignerApplication in 1.899 seconds (JVM running for 28.102)
2019-05-10 12:19:35,996 INFO (StartupInfoLogger.java:50)- Starting FormDesignerApplication on USER-20180713SF with PID 2000 (E:\Desktop\FormDesigner\target\classes started by Administrator in E:\Desktop\FormDesigner)
2019-05-10 12:19:35,998 DEBUG (StartupInfoLogger.java:53)- Running with Spring Boot v2.1.3.RELEASE, Spring v5.1.5.RELEASE
2019-05-10 12:19:35,998 INFO (SpringApplication.java:675)- No active profile set, falling back to default profiles: default
2019-05-10 12:19:37,940 INFO (StartupInfoLogger.java:59)- Started FormDesignerApplication in 1.992 seconds (JVM running for 32.969)
2019-05-10 12:19:38,764 INFO (StartupInfoLogger.java:50)- Starting FormDesignerApplicationTests on USER-20180713SF with PID 9540 (started by Administrator in E:\Desktop\FormDesigner)
2019-05-10 12:19:38,766 DEBUG (StartupInfoLogger.java:53)- Running with Spring Boot v2.1.3.RELEASE, Spring v5.1.5.RELEASE
2019-05-10 12:19:38,769 INFO (SpringApplication.java:675)- No active profile set, falling back to default profiles: default
2019-05-10 12:19:44,278 INFO (StartupInfoLogger.java:59)- Started FormDesignerApplicationTests in 6.583 seconds (JVM running for 8.066)
2019-05-10 12:27:04,861 INFO (StartupInfoLogger.java:50)- Starting FormDesignerApplicationTests on USER-20180713SF with PID 8316 (started by Administrator in E:\Desktop\FormDesigner)
2019-05-10 12:27:04,869 DEBUG (StartupInfoLogger.java:53)- Running with Spring Boot v2.1.3.RELEASE, Spring v5.1.5.RELEASE
2019-05-10 12:27:04,870 INFO (SpringApplication.java:675)- No active profile set, falling back to default profiles: default
2019-05-10 12:27:10,306 INFO (StartupInfoLogger.java:59)- Started FormDesignerApplicationTests in 6.116 seconds (JVM running for 7.092)
2019-05-10 12:29:55,767 INFO (StartupInfoLogger.java:50)- Starting FormDesignerApplicationTests on USER-20180713SF with PID 9868 (started by Administrator in E:\Desktop\FormDesigner)
2019-05-10 12:29:55,768 DEBUG (StartupInfoLogger.java:53)- Running with Spring Boot v2.1.3.RELEASE, Spring v5.1.5.RELEASE
2019-05-10 12:29:55,770 INFO (SpringApplication.java:675)- No active profile set, falling back to default profiles: default
2019-05-10 12:30:01,538 INFO (StartupInfoLogger.java:59)- Started FormDesignerApplicationTests in 6.481 seconds (JVM running for 7.534)
2019-05-10 13:02:48,330 INFO (StartupInfoLogger.java:50)- Starting FormDesignerApplication on USER-20180713SF with PID 9744 (E:\Desktop\FormDesigner\target\classes started by Administrator in E:\Desktop\FormDesigner)
2019-05-10 13:02:48,344 DEBUG (StartupInfoLogger.java:53)- Running with Spring Boot v2.1.3.RELEASE, Spring v5.1.5.RELEASE
2019-05-10 13:02:48,345 INFO (SpringApplication.java:675)- No active profile set, falling back to default profiles: default
2019-05-10 13:02:53,476 INFO (StartupInfoLogger.java:59)- Started FormDesignerApplication in 6.236 seconds (JVM running for 7.637)
2019-05-10 15:11:17,901 INFO (StartupInfoLogger.java:50)- Starting FormDesignerApplication on USER-20180713SF with PID 7924 (E:\Desktop\FormDesigner\target\classes started by Administrator in E:\Desktop\FormDesigner)
2019-05-10 15:11:17,913 DEBUG (StartupInfoLogger.java:53)- Running with Spring Boot v2.1.3.RELEASE, Spring v5.1.5.RELEASE
2019-05-10 15:11:17,915 INFO (SpringApplication.java:675)- No active profile set, falling back to default profiles: default
2019-05-10 15:11:22,597 INFO (StartupInfoLogger.java:59)- Started FormDesignerApplication in 5.945 seconds (JVM running for 8.009)
2019-05-10 15:15:48,277 INFO (StartupInfoLogger.java:50)- Starting FormDesignerApplication on USER-20180713SF with PID 6456 (E:\Desktop\FormDesigner\target\classes started by Administrator in E:\Desktop\FormDesigner)
2019-05-10 15:15:48,281 DEBUG (StartupInfoLogger.java:53)- Running with Spring Boot v2.1.3.RELEASE, Spring v5.1.5.RELEASE
2019-05-10 15:15:48,282 INFO (SpringApplication.java:675)- No active profile set, falling back to default profiles: default
2019-05-10 15:15:53,818 INFO (StartupInfoLogger.java:59)- Started FormDesignerApplication in 6.634 seconds (JVM running for 8.867)
2019-05-10 15:23:46,439 INFO (StartupInfoLogger.java:50)- Starting FormDesignerApplication on USER-20180713SF with PID 9012 (E:\Desktop\FormDesigner\target\classes started by Administrator in E:\Desktop\FormDesigner)
2019-05-10 15:23:46,446 DEBUG (StartupInfoLogger.java:53)- Running with Spring Boot v2.1.3.RELEASE, Spring v5.1.5.RELEASE
2019-05-10 15:23:46,447 INFO (SpringApplication.java:675)- No active profile set, falling back to default profiles: default
2019-05-10 15:24:00,069 INFO (StartupInfoLogger.java:50)- Starting FormDesignerApplication on USER-20180713SF with PID 3612 (E:\Desktop\FormDesigner\target\classes started by Administrator in E:\Desktop\FormDesigner)
2019-05-10 15:24:00,074 DEBUG (StartupInfoLogger.java:53)- Running with Spring Boot v2.1.3.RELEASE, Spring v5.1.5.RELEASE
2019-05-10 15:24:00,075 INFO (SpringApplication.java:675)- No active profile set, falling back to default profiles: default
2019-05-10 15:24:07,553 INFO (StartupInfoLogger.java:59)- Started FormDesignerApplication in 8.666 seconds (JVM running for 11.248)
2019-05-10 15:26:47,357 INFO (StartupInfoLogger.java:50)- Starting FormDesignerApplication on USER-20180713SF with PID 6792 (E:\Desktop\FormDesigner\target\classes started by Administrator in E:\Desktop\FormDesigner)
2019-05-10 15:26:47,362 DEBUG (StartupInfoLogger.java:53)- Running with Spring Boot v2.1.3.RELEASE, Spring v5.1.5.RELEASE
2019-05-10 15:26:47,363 INFO (SpringApplication.java:675)- No active profile set, falling back to default profiles: default
2019-05-10 15:26:52,829 INFO (StartupInfoLogger.java:59)- Started FormDesignerApplication in 6.644 seconds (JVM running for 11.674)
2019-05-10 15:33:02,798 INFO (StartupInfoLogger.java:50)- Starting FormDesignerApplication on USER-20180713SF with PID 9568 (E:\Desktop\FormDesigner\target\classes started by Administrator in E:\Desktop\FormDesigner)
2019-05-10 15:33:02,805 DEBUG (StartupInfoLogger.java:53)- Running with Spring Boot v2.1.3.RELEASE, Spring v5.1.5.RELEASE
2019-05-10 15:33:02,807 INFO (SpringApplication.java:675)- No active profile set, falling back to default profiles: default
2019-05-10 15:33:08,646 INFO (StartupInfoLogger.java:59)- Started FormDesignerApplication in 7.63 seconds (JVM running for 9.527)
2019-05-10 15:34:37,521 INFO (StartupInfoLogger.java:50)- Starting FormDesignerApplication on USER-20180713SF with PID 9268 (E:\Desktop\FormDesigner\target\classes started by Administrator in E:\Desktop\FormDesigner)
2019-05-10 15:34:37,526 DEBUG (StartupInfoLogger.java:53)- Running with Spring Boot v2.1.3.RELEASE, Spring v5.1.5.RELEASE
2019-05-10 15:34:37,527 INFO (SpringApplication.java:675)- No active profile set, falling back to default profiles: default
2019-05-10 15:34:42,954 INFO (StartupInfoLogger.java:59)- Started FormDesignerApplication in 6.511 seconds (JVM running for 8.392)
2019-05-10 16:03:21,826 INFO (StartupInfoLogger.java:50)- Starting FormDesignerApplication on USER-20180713SF with PID 5760 (E:\Desktop\FormDesigner\target\classes started by Administrator in E:\Desktop\FormDesigner)
2019-05-10 16:03:21,831 DEBUG (StartupInfoLogger.java:53)- Running with Spring Boot v2.1.3.RELEASE, Spring v5.1.5.RELEASE
2019-05-10 16:03:21,832 INFO (SpringApplication.java:675)- No active profile set, falling back to default profiles: default
2019-05-10 16:03:26,899 INFO (StartupInfoLogger.java:59)- Started FormDesignerApplication in 6.733 seconds (JVM running for 8.482)
2019-05-10 16:04:56,121 INFO (StartupInfoLogger.java:50)- Starting FormDesignerApplication on USER-20180713SF with PID 4292 (E:\Desktop\FormDesigner\target\classes started by Administrator in E:\Desktop\FormDesigner)
2019-05-10 16:04:56,133 DEBUG (StartupInfoLogger.java:53)- Running with Spring Boot v2.1.3.RELEASE, Spring v5.1.5.RELEASE
2019-05-10 16:04:56,134 INFO (SpringApplication.java:675)- No active profile set, falling back to default profiles: default
2019-05-10 16:05:00,271 INFO (StartupInfoLogger.java:59)- Started FormDesignerApplication in 5.718 seconds (JVM running for 7.344)
2019-05-10 16:05:40,811 INFO (StartupInfoLogger.java:50)- Starting FormDesignerApplication on USER-20180713SF with PID 6700 (E:\Desktop\FormDesigner\target\classes started by Administrator in E:\Desktop\FormDesigner)
2019-05-10 16:05:40,817 DEBUG (StartupInfoLogger.java:53)- Running with Spring Boot v2.1.3.RELEASE, Spring v5.1.5.RELEASE
2019-05-10 16:05:40,819 INFO (SpringApplication.java:675)- No active profile set, falling back to default profiles: default
2019-05-10 16:05:45,626 INFO (StartupInfoLogger.java:59)- Started FormDesignerApplication in 5.951 seconds (JVM running for 7.502)
2019-05-10 16:07:45,479 INFO (StartupInfoLogger.java:50)- Starting FormDesignerApplication on USER-20180713SF with PID 3964 (E:\Desktop\FormDesigner\target\classes started by Administrator in E:\Desktop\FormDesigner)
2019-05-10 16:07:45,484 DEBUG (StartupInfoLogger.java:53)- Running with Spring Boot v2.1.3.RELEASE, Spring v5.1.5.RELEASE
2019-05-10 16:07:45,485 INFO (SpringApplication.java:675)- No active profile set, falling back to default profiles: default
2019-05-10 16:07:50,074 INFO (StartupInfoLogger.java:59)- Started FormDesignerApplication in 6.182 seconds (JVM running for 7.789)
2019-05-10 16:12:53,200 INFO (StartupInfoLogger.java:50)- Starting FormDesignerApplication on USER-20180713SF with PID 8640 (E:\Desktop\FormDesigner\target\classes started by Administrator in E:\Desktop\FormDesigner)
2019-05-10 16:12:53,206 DEBUG (StartupInfoLogger.java:53)- Running with Spring Boot v2.1.3.RELEASE, Spring v5.1.5.RELEASE
2019-05-10 16:12:53,207 INFO (SpringApplication.java:675)- No active profile set, falling back to default profiles: default
2019-05-10 16:12:59,495 INFO (StartupInfoLogger.java:59)- Started FormDesignerApplication in 7.257 seconds (JVM running for 8.923)
2019-05-10 16:13:42,271 INFO (StartupInfoLogger.java:50)- Starting FormDesignerApplication on USER-20180713SF with PID 7048 (E:\Desktop\FormDesigner\target\classes started by Administrator in E:\Desktop\FormDesigner)
2019-05-10 16:13:42,275 DEBUG (StartupInfoLogger.java:53)- Running with Spring Boot v2.1.3.RELEASE, Spring v5.1.5.RELEASE
2019-05-10 16:13:42,277 INFO (SpringApplication.java:675)- No active profile set, falling back to default profiles: default
2019-05-10 16:13:46,884 INFO (StartupInfoLogger.java:59)- Started FormDesignerApplication in 5.863 seconds (JVM running for 7.567)
2019-05-10 16:14:46,481 INFO (StartupInfoLogger.java:50)- Starting FormDesignerApplication on USER-20180713SF with PID 4212 (E:\Desktop\FormDesigner\target\classes started by Administrator in E:\Desktop\FormDesigner)
2019-05-10 16:14:46,486 DEBUG (StartupInfoLogger.java:53)- Running with Spring Boot v2.1.3.RELEASE, Spring v5.1.5.RELEASE
2019-05-10 16:14:46,487 INFO (SpringApplication.java:675)- No active profile set, falling back to default profiles: default
2019-05-10 16:14:51,387 INFO (StartupInfoLogger.java:59)- Started FormDesignerApplication in 5.99 seconds (JVM running for 7.787)
2019-05-10 16:15:19,075 INFO (StartupInfoLogger.java:50)- Starting FormDesignerApplication on USER-20180713SF with PID 3136 (E:\Desktop\FormDesigner\target\classes started by Administrator in E:\Desktop\FormDesigner)
2019-05-10 16:15:19,079 DEBUG (StartupInfoLogger.java:53)- Running with Spring Boot v2.1.3.RELEASE, Spring v5.1.5.RELEASE
2019-05-10 16:15:19,080 INFO (SpringApplication.java:675)- No active profile set, falling back to default profiles: default
2019-05-10 16:15:24,095 INFO (StartupInfoLogger.java:59)- Started FormDesignerApplication in 5.966 seconds (JVM running for 7.53)
