2019-03-29 14:49:54,631 INFO (StartupInfoLogger.java:50)- Starting FormDesignerApplication on USER-20180713SF with PID 8644 (D:\IDEAWorkSpace\FormDesigner\target\classes started by Administrator in D:\IDEAWorkSpace\FormDesigner)
2019-03-29 14:49:54,634 DEBUG (StartupInfoLogger.java:53)- Running with Spring Boot v2.1.3.RELEASE, Spring v5.1.5.RELEASE
2019-03-29 14:49:54,634 INFO (SpringApplication.java:675)- No active profile set, falling back to default profiles: default
2019-03-29 14:50:26,773 INFO (StartupInfoLogger.java:50)- Starting FormDesignerApplication on USER-20180713SF with PID 9220 (D:\IDEAWorkSpace\FormDesigner\target\classes started by Administrator in D:\IDEAWorkSpace\FormDesigner)
2019-03-29 14:50:26,776 DEBUG (StartupInfoLogger.java:53)- Running with Spring Boot v2.1.3.RELEASE, Spring v5.1.5.RELEASE
2019-03-29 14:50:26,777 INFO (SpringApplication.java:675)- No active profile set, falling back to default profiles: default
2019-03-29 14:53:42,467 INFO (StartupInfoLogger.java:50)- Starting FormDesignerApplication on USER-20180713SF with PID 2844 (D:\IDEAWorkSpace\FormDesigner\target\classes started by Administrator in D:\IDEAWorkSpace\FormDesigner)
2019-03-29 14:53:42,471 DEBUG (StartupInfoLogger.java:53)- Running with Spring Boot v2.1.3.RELEASE, Spring v5.1.5.RELEASE
2019-03-29 14:53:42,472 INFO (SpringApplication.java:675)- No active profile set, falling back to default profiles: default
2019-03-29 14:55:18,678 INFO (StartupInfoLogger.java:50)- Starting FormDesignerApplication on USER-20180713SF with PID 3840 (D:\IDEAWorkSpace\FormDesigner\target\classes started by Administrator in D:\IDEAWorkSpace\FormDesigner)
2019-03-29 14:55:18,682 DEBUG (StartupInfoLogger.java:53)- Running with Spring Boot v2.1.3.RELEASE, Spring v5.1.5.RELEASE
2019-03-29 14:55:18,683 INFO (SpringApplication.java:675)- No active profile set, falling back to default profiles: default
2019-03-29 14:55:21,853 INFO (StartupInfoLogger.java:59)- Started FormDesignerApplication in 4.351 seconds (JVM running for 7.139)
2019-03-29 14:55:31,935 INFO (StartupInfoLogger.java:50)- Starting FormDesignerApplication on USER-20180713SF with PID 9244 (D:\IDEAWorkSpace\FormDesigner\target\classes started by Administrator in D:\IDEAWorkSpace\FormDesigner)
2019-03-29 14:55:31,939 DEBUG (StartupInfoLogger.java:53)- Running with Spring Boot v2.1.3.RELEASE, Spring v5.1.5.RELEASE
2019-03-29 14:55:31,940 INFO (SpringApplication.java:675)- No active profile set, falling back to default profiles: default
2019-03-29 14:56:26,673 INFO (StartupInfoLogger.java:50)- Starting FormDesignerApplication on USER-20180713SF with PID 7152 (D:\IDEAWorkSpace\FormDesigner\target\classes started by Administrator in D:\IDEAWorkSpace\FormDesigner)
2019-03-29 14:56:26,677 DEBUG (StartupInfoLogger.java:53)- Running with Spring Boot v2.1.3.RELEASE, Spring v5.1.5.RELEASE
2019-03-29 14:56:26,678 INFO (SpringApplication.java:675)- No active profile set, falling back to default profiles: default
2019-03-29 14:57:19,802 INFO (StartupInfoLogger.java:50)- Starting FormDesignerApplication on USER-20180713SF with PID 6988 (D:\IDEAWorkSpace\FormDesigner\target\classes started by Administrator in D:\IDEAWorkSpace\FormDesigner)
2019-03-29 14:57:19,806 DEBUG (StartupInfoLogger.java:53)- Running with Spring Boot v2.1.3.RELEASE, Spring v5.1.5.RELEASE
2019-03-29 14:57:19,807 INFO (SpringApplication.java:675)- No active profile set, falling back to default profiles: default
2019-03-29 15:00:10,210 INFO (StartupInfoLogger.java:50)- Starting FormDesignerApplication on USER-20180713SF with PID 5892 (D:\IDEAWorkSpace\FormDesigner\target\classes started by Administrator in D:\IDEAWorkSpace\FormDesigner)
2019-03-29 15:00:10,218 DEBUG (StartupInfoLogger.java:53)- Running with Spring Boot v2.1.3.RELEASE, Spring v5.1.5.RELEASE
2019-03-29 15:00:10,231 INFO (SpringApplication.java:675)- No active profile set, falling back to default profiles: default
2019-03-29 15:02:11,008 INFO (StartupInfoLogger.java:50)- Starting FormDesignerApplication on USER-20180713SF with PID 9180 (D:\IDEAWorkSpace\FormDesigner\target\classes started by Administrator in D:\IDEAWorkSpace\FormDesigner)
2019-03-29 15:02:11,011 DEBUG (StartupInfoLogger.java:53)- Running with Spring Boot v2.1.3.RELEASE, Spring v5.1.5.RELEASE
2019-03-29 15:02:11,012 INFO (SpringApplication.java:675)- No active profile set, falling back to default profiles: default
2019-03-29 15:02:44,292 INFO (StartupInfoLogger.java:50)- Starting FormDesignerApplication on USER-20180713SF with PID 6800 (D:\IDEAWorkSpace\FormDesigner\target\classes started by Administrator in D:\IDEAWorkSpace\FormDesigner)
2019-03-29 15:02:44,296 DEBUG (StartupInfoLogger.java:53)- Running with Spring Boot v2.1.3.RELEASE, Spring v5.1.5.RELEASE
2019-03-29 15:02:44,296 INFO (SpringApplication.java:675)- No active profile set, falling back to default profiles: default
2019-03-29 15:09:05,028 INFO (StartupInfoLogger.java:50)- Starting FormDesignerApplication on USER-20180713SF with PID 9184 (D:\IDEAWorkSpace\FormDesigner\target\classes started by Administrator in D:\IDEAWorkSpace\FormDesigner)
2019-03-29 15:09:05,031 DEBUG (StartupInfoLogger.java:53)- Running with Spring Boot v2.1.3.RELEASE, Spring v5.1.5.RELEASE
2019-03-29 15:09:05,031 INFO (SpringApplication.java:675)- No active profile set, falling back to default profiles: default
2019-03-29 15:10:53,750 INFO (StartupInfoLogger.java:50)- Starting FormDesignerApplication on USER-20180713SF with PID 8704 (D:\IDEAWorkSpace\FormDesigner\target\classes started by Administrator in D:\IDEAWorkSpace\FormDesigner)
2019-03-29 15:10:53,755 DEBUG (StartupInfoLogger.java:53)- Running with Spring Boot v2.1.3.RELEASE, Spring v5.1.5.RELEASE
2019-03-29 15:10:53,755 INFO (SpringApplication.java:675)- No active profile set, falling back to default profiles: default
2019-03-29 15:13:11,415 INFO (StartupInfoLogger.java:50)- Starting FormDesignerApplication on USER-20180713SF with PID 7944 (D:\IDEAWorkSpace\FormDesigner\target\classes started by Administrator in D:\IDEAWorkSpace\FormDesigner)
2019-03-29 15:13:11,419 DEBUG (StartupInfoLogger.java:53)- Running with Spring Boot v2.1.3.RELEASE, Spring v5.1.5.RELEASE
2019-03-29 15:13:11,421 INFO (SpringApplication.java:675)- No active profile set, falling back to default profiles: default
2019-03-29 15:23:08,838 INFO (StartupInfoLogger.java:50)- Starting FormDesignerApplication on USER-20180713SF with PID 7284 (D:\IDEAWorkSpace\FormDesigner\target\classes started by Administrator in D:\IDEAWorkSpace\FormDesigner)
2019-03-29 15:23:08,842 DEBUG (StartupInfoLogger.java:53)- Running with Spring Boot v2.1.3.RELEASE, Spring v5.1.5.RELEASE
2019-03-29 15:23:08,842 INFO (SpringApplication.java:675)- No active profile set, falling back to default profiles: default
2019-03-29 15:25:24,452 INFO (StartupInfoLogger.java:50)- Starting FormDesignerApplication on USER-20180713SF with PID 9772 (D:\IDEAWorkSpace\FormDesigner\target\classes started by Administrator in D:\IDEAWorkSpace\FormDesigner)
2019-03-29 15:25:24,457 DEBUG (StartupInfoLogger.java:53)- Running with Spring Boot v2.1.3.RELEASE, Spring v5.1.5.RELEASE
2019-03-29 15:25:24,458 INFO (SpringApplication.java:675)- No active profile set, falling back to default profiles: default
2019-03-29 15:26:53,164 INFO (StartupInfoLogger.java:50)- Starting FormDesignerApplication on USER-20180713SF with PID 9348 (D:\IDEAWorkSpace\FormDesigner\target\classes started by Administrator in D:\IDEAWorkSpace\FormDesigner)
2019-03-29 15:26:53,168 DEBUG (StartupInfoLogger.java:53)- Running with Spring Boot v2.1.3.RELEASE, Spring v5.1.5.RELEASE
2019-03-29 15:26:53,169 INFO (SpringApplication.java:675)- No active profile set, falling back to default profiles: default
2019-03-29 15:28:19,633 INFO (StartupInfoLogger.java:50)- Starting FormDesignerApplication on USER-20180713SF with PID 8976 (D:\IDEAWorkSpace\FormDesigner\target\classes started by Administrator in D:\IDEAWorkSpace\FormDesigner)
2019-03-29 15:28:19,638 DEBUG (StartupInfoLogger.java:53)- Running with Spring Boot v2.1.3.RELEASE, Spring v5.1.5.RELEASE
2019-03-29 15:28:19,639 INFO (SpringApplication.java:675)- No active profile set, falling back to default profiles: default
2019-03-29 15:29:19,320 INFO (StartupInfoLogger.java:50)- Starting FormDesignerApplication on USER-20180713SF with PID 9980 (D:\IDEAWorkSpace\FormDesigner\target\classes started by Administrator in D:\IDEAWorkSpace\FormDesigner)
2019-03-29 15:29:19,327 DEBUG (StartupInfoLogger.java:53)- Running with Spring Boot v2.1.3.RELEASE, Spring v5.1.5.RELEASE
2019-03-29 15:29:19,329 INFO (SpringApplication.java:675)- No active profile set, falling back to default profiles: default
2019-03-29 15:29:43,481 INFO (StartupInfoLogger.java:50)- Starting FormDesignerApplication on USER-20180713SF with PID 9640 (D:\IDEAWorkSpace\FormDesigner\target\classes started by Administrator in D:\IDEAWorkSpace\FormDesigner)
2019-03-29 15:29:43,483 DEBUG (StartupInfoLogger.java:53)- Running with Spring Boot v2.1.3.RELEASE, Spring v5.1.5.RELEASE
2019-03-29 15:29:43,484 INFO (SpringApplication.java:675)- No active profile set, falling back to default profiles: default
2019-03-29 15:31:41,742 INFO (StartupInfoLogger.java:50)- Starting FormDesignerApplication on USER-20180713SF with PID 2868 (D:\IDEAWorkSpace\FormDesigner\target\classes started by Administrator in D:\IDEAWorkSpace\FormDesigner)
2019-03-29 15:31:41,745 DEBUG (StartupInfoLogger.java:53)- Running with Spring Boot v2.1.3.RELEASE, Spring v5.1.5.RELEASE
2019-03-29 15:31:41,746 INFO (SpringApplication.java:675)- No active profile set, falling back to default profiles: default
2019-03-29 15:33:24,338 INFO (StartupInfoLogger.java:50)- Starting FormDesignerApplication on USER-20180713SF with PID 7504 (D:\IDEAWorkSpace\FormDesigner\target\classes started by Administrator in D:\IDEAWorkSpace\FormDesigner)
2019-03-29 15:33:24,342 DEBUG (StartupInfoLogger.java:53)- Running with Spring Boot v2.1.3.RELEASE, Spring v5.1.5.RELEASE
2019-03-29 15:33:24,343 INFO (SpringApplication.java:675)- No active profile set, falling back to default profiles: default
2019-03-29 15:33:27,077 INFO (StartupInfoLogger.java:59)- Started FormDesignerApplication in 3.679 seconds (JVM running for 4.877)
2019-03-29 15:34:38,430 INFO (ResponseController.java:19)- 访问Controller
2019-03-29 15:36:11,155 INFO (StartupInfoLogger.java:50)- Starting FormDesignerApplication on USER-20180713SF with PID 2260 (D:\IDEAWorkSpace\FormDesigner\target\classes started by Administrator in D:\IDEAWorkSpace\FormDesigner)
2019-03-29 15:36:11,158 DEBUG (StartupInfoLogger.java:53)- Running with Spring Boot v2.1.3.RELEASE, Spring v5.1.5.RELEASE
2019-03-29 15:36:11,159 INFO (SpringApplication.java:675)- No active profile set, falling back to default profiles: default
2019-03-29 15:36:13,549 INFO (StartupInfoLogger.java:59)- Started FormDesignerApplication in 3.006 seconds (JVM running for 4.069)
2019-03-29 15:36:27,579 INFO (ResponseController.java:19)- 访问Controller
2019-03-29 15:43:50,429 INFO (StartupInfoLogger.java:50)- Starting FormDesignerApplication on USER-20180713SF with PID 9344 (D:\IDEAWorkSpace\FormDesigner\target\classes started by Administrator in D:\IDEAWorkSpace\FormDesigner)
2019-03-29 15:43:50,433 DEBUG (StartupInfoLogger.java:53)- Running with Spring Boot v2.1.3.RELEASE, Spring v5.1.5.RELEASE
2019-03-29 15:43:50,434 INFO (SpringApplication.java:675)- No active profile set, falling back to default profiles: default
2019-03-29 15:43:53,086 INFO (StartupInfoLogger.java:59)- Started FormDesignerApplication in 3.423 seconds (JVM running for 4.541)
2019-03-29 15:44:20,972 INFO (ResponseController.java:19)- 访问Controller
2019-03-29 15:45:23,131 INFO (StartupInfoLogger.java:50)- Starting FormDesignerApplication on USER-20180713SF with PID 10192 (D:\IDEAWorkSpace\FormDesigner\target\classes started by Administrator in D:\IDEAWorkSpace\FormDesigner)
2019-03-29 15:45:23,135 DEBUG (StartupInfoLogger.java:53)- Running with Spring Boot v2.1.3.RELEASE, Spring v5.1.5.RELEASE
2019-03-29 15:45:23,135 INFO (SpringApplication.java:675)- No active profile set, falling back to default profiles: default
2019-03-29 15:45:26,038 INFO (StartupInfoLogger.java:59)- Started FormDesignerApplication in 3.513 seconds (JVM running for 6.236)
2019-03-29 15:46:22,203 INFO (ResponseController.java:21)- 访问Controller
2019-03-29 15:48:22,891 INFO (StartupInfoLogger.java:50)- Starting FormDesignerApplication on USER-20180713SF with PID 2600 (D:\IDEAWorkSpace\FormDesigner\target\classes started by Administrator in D:\IDEAWorkSpace\FormDesigner)
2019-03-29 15:48:22,895 DEBUG (StartupInfoLogger.java:53)- Running with Spring Boot v2.1.3.RELEASE, Spring v5.1.5.RELEASE
2019-03-29 15:48:22,896 INFO (SpringApplication.java:675)- No active profile set, falling back to default profiles: default
2019-03-29 15:48:25,327 INFO (StartupInfoLogger.java:59)- Started FormDesignerApplication in 3.609 seconds (JVM running for 5.037)
2019-03-29 15:48:31,303 INFO (ResponseController.java:21)- 访问Controller
2019-03-29 15:48:38,863 INFO (ResponseController.java:21)- 访问Controller
2019-03-29 15:51:00,343 INFO (StartupInfoLogger.java:50)- Starting FormDesignerApplication on USER-20180713SF with PID 8368 (D:\IDEAWorkSpace\FormDesigner\target\classes started by Administrator in D:\IDEAWorkSpace\FormDesigner)
2019-03-29 15:51:00,376 DEBUG (StartupInfoLogger.java:53)- Running with Spring Boot v2.1.3.RELEASE, Spring v5.1.5.RELEASE
2019-03-29 15:51:00,377 INFO (SpringApplication.java:675)- No active profile set, falling back to default profiles: default
2019-03-29 15:51:03,406 INFO (StartupInfoLogger.java:59)- Started FormDesignerApplication in 4.408 seconds (JVM running for 5.762)
2019-03-29 15:51:58,491 INFO (StartupInfoLogger.java:50)- Starting FormDesignerApplication on USER-20180713SF with PID 9172 (D:\IDEAWorkSpace\FormDesigner\target\classes started by Administrator in D:\IDEAWorkSpace\FormDesigner)
2019-03-29 15:51:58,497 DEBUG (StartupInfoLogger.java:53)- Running with Spring Boot v2.1.3.RELEASE, Spring v5.1.5.RELEASE
2019-03-29 15:51:58,497 INFO (SpringApplication.java:675)- No active profile set, falling back to default profiles: default
2019-03-29 15:52:01,007 INFO (StartupInfoLogger.java:59)- Started FormDesignerApplication in 3.105 seconds (JVM running for 4.124)
2019-03-29 15:52:14,905 INFO (ResponseController.java:21)- 访问Controller
2019-03-29 15:53:23,024 INFO (StartupInfoLogger.java:50)- Starting FormDesignerApplication on USER-20180713SF with PID 9328 (D:\IDEAWorkSpace\FormDesigner\target\classes started by Administrator in D:\IDEAWorkSpace\FormDesigner)
2019-03-29 15:53:23,029 DEBUG (StartupInfoLogger.java:53)- Running with Spring Boot v2.1.3.RELEASE, Spring v5.1.5.RELEASE
2019-03-29 15:53:23,030 INFO (SpringApplication.java:675)- No active profile set, falling back to default profiles: default
2019-03-29 15:53:24,950 INFO (StartupInfoLogger.java:59)- Started FormDesignerApplication in 3.061 seconds (JVM running for 4.206)
2019-03-29 16:59:19,394 INFO (StartupInfoLogger.java:50)- Starting FormDesignerApplication on USER-20180713SF with PID 7512 (D:\IDEAWorkSpace\FormDesigner\target\classes started by Administrator in D:\IDEAWorkSpace\FormDesigner)
2019-03-29 16:59:19,397 DEBUG (StartupInfoLogger.java:53)- Running with Spring Boot v2.1.3.RELEASE, Spring v5.1.5.RELEASE
2019-03-29 16:59:19,399 INFO (SpringApplication.java:675)- No active profile set, falling back to default profiles: default
2019-03-29 16:59:22,428 INFO (StartupInfoLogger.java:59)- Started FormDesignerApplication in 3.65 seconds (JVM running for 4.755)
2019-03-29 17:00:55,726 INFO (StartupInfoLogger.java:50)- Starting FormDesignerApplication on USER-20180713SF with PID 7084 (D:\IDEAWorkSpace\FormDesigner\target\classes started by Administrator in D:\IDEAWorkSpace\FormDesigner)
2019-03-29 17:00:55,730 DEBUG (StartupInfoLogger.java:53)- Running with Spring Boot v2.1.3.RELEASE, Spring v5.1.5.RELEASE
2019-03-29 17:00:55,731 INFO (SpringApplication.java:675)- No active profile set, falling back to default profiles: default
2019-03-29 17:00:58,696 INFO (StartupInfoLogger.java:59)- Started FormDesignerApplication in 3.758 seconds (JVM running for 5.549)
2019-03-29 17:01:40,657 INFO (ResponseController.java:21)- 访问Controller
2019-03-29 17:05:31,098 INFO (ResponseController.java:21)- 访问Controller
2019-03-29 17:05:46,209 INFO (StartupInfoLogger.java:50)- Starting FormDesignerApplication on USER-20180713SF with PID 8904 (D:\IDEAWorkSpace\FormDesigner\target\classes started by Administrator in D:\IDEAWorkSpace\FormDesigner)
2019-03-29 17:05:46,218 DEBUG (StartupInfoLogger.java:53)- Running with Spring Boot v2.1.3.RELEASE, Spring v5.1.5.RELEASE
2019-03-29 17:05:46,220 INFO (SpringApplication.java:675)- No active profile set, falling back to default profiles: default
2019-03-29 17:05:50,120 INFO (StartupInfoLogger.java:59)- Started FormDesignerApplication in 4.894 seconds (JVM running for 6.438)
2019-03-29 17:07:16,871 INFO (ResponseController.java:22)- 访问Controller
2019-03-29 17:08:37,947 INFO (StartupInfoLogger.java:50)- Starting FormDesignerApplication on USER-20180713SF with PID 7688 (D:\IDEAWorkSpace\FormDesigner\target\classes started by Administrator in D:\IDEAWorkSpace\FormDesigner)
2019-03-29 17:08:37,951 DEBUG (StartupInfoLogger.java:53)- Running with Spring Boot v2.1.3.RELEASE, Spring v5.1.5.RELEASE
2019-03-29 17:08:37,956 INFO (SpringApplication.java:675)- No active profile set, falling back to default profiles: default
2019-03-29 17:08:40,332 INFO (StartupInfoLogger.java:59)- Started FormDesignerApplication in 3.365 seconds (JVM running for 4.735)
2019-03-29 17:08:56,885 INFO (ResponseController.java:22)- 访问Controller
2019-03-29 17:09:50,696 INFO (StartupInfoLogger.java:50)- Starting FormDesignerApplication on USER-20180713SF with PID 7748 (D:\IDEAWorkSpace\FormDesigner\target\classes started by Administrator in D:\IDEAWorkSpace\FormDesigner)
2019-03-29 17:09:50,700 DEBUG (StartupInfoLogger.java:53)- Running with Spring Boot v2.1.3.RELEASE, Spring v5.1.5.RELEASE
2019-03-29 17:09:50,702 INFO (SpringApplication.java:675)- No active profile set, falling back to default profiles: default
2019-03-29 17:09:53,125 INFO (StartupInfoLogger.java:59)- Started FormDesignerApplication in 3.554 seconds (JVM running for 5.075)
2019-03-29 17:09:56,480 INFO (ResponseController.java:20)- 访问Controller
2019-03-29 17:09:58,435 INFO (ResponseController.java:20)- 访问Controller
2019-03-29 17:10:55,868 INFO (StartupInfoLogger.java:50)- Starting FormDesignerApplication on USER-20180713SF with PID 2016 (D:\IDEAWorkSpace\FormDesigner\target\classes started by Administrator in D:\IDEAWorkSpace\FormDesigner)
2019-03-29 17:10:55,872 DEBUG (StartupInfoLogger.java:53)- Running with Spring Boot v2.1.3.RELEASE, Spring v5.1.5.RELEASE
2019-03-29 17:10:55,873 INFO (SpringApplication.java:675)- No active profile set, falling back to default profiles: default
2019-03-29 17:10:58,135 INFO (StartupInfoLogger.java:59)- Started FormDesignerApplication in 2.99 seconds (JVM running for 4.292)
2019-03-29 17:11:01,670 INFO (ResponseController.java:20)- 访问Controller
2019-03-29 17:18:13,840 INFO (StartupInfoLogger.java:50)- Starting FormDesignerApplication on USER-20180713SF with PID 3836 (D:\IDEAWorkSpace\FormDesigner\target\classes started by Administrator in D:\IDEAWorkSpace\FormDesigner)
2019-03-29 17:18:13,843 DEBUG (StartupInfoLogger.java:53)- Running with Spring Boot v2.1.3.RELEASE, Spring v5.1.5.RELEASE
2019-03-29 17:18:13,844 INFO (SpringApplication.java:675)- No active profile set, falling back to default profiles: default
2019-03-29 17:18:16,828 INFO (StartupInfoLogger.java:59)- Started FormDesignerApplication in 3.699 seconds (JVM running for 4.749)
2019-03-29 17:18:38,487 INFO (ResponseController.java:20)- 访问Controller
2019-03-29 17:21:18,319 INFO (StartupInfoLogger.java:50)- Starting FormDesignerApplication on USER-20180713SF with PID 7568 (D:\IDEAWorkSpace\FormDesigner\target\classes started by Administrator in D:\IDEAWorkSpace\FormDesigner)
2019-03-29 17:21:18,330 DEBUG (StartupInfoLogger.java:53)- Running with Spring Boot v2.1.3.RELEASE, Spring v5.1.5.RELEASE
2019-03-29 17:21:18,392 INFO (SpringApplication.java:675)- No active profile set, falling back to default profiles: default
2019-03-29 17:21:21,208 INFO (StartupInfoLogger.java:59)- Started FormDesignerApplication in 3.901 seconds (JVM running for 5.043)
2019-03-29 17:21:27,714 INFO (ResponseController.java:20)- 访问Controller
2019-03-29 17:28:43,554 INFO (StartupInfoLogger.java:50)- Starting FormDesignerApplication on USER-20180713SF with PID 3884 (D:\IDEAWorkSpace\FormDesigner\target\classes started by Administrator in D:\IDEAWorkSpace\FormDesigner)
2019-03-29 17:28:43,557 DEBUG (StartupInfoLogger.java:53)- Running with Spring Boot v2.1.3.RELEASE, Spring v5.1.5.RELEASE
2019-03-29 17:28:43,559 INFO (SpringApplication.java:675)- No active profile set, falling back to default profiles: default
2019-03-29 17:29:24,179 INFO (StartupInfoLogger.java:50)- Starting FormDesignerApplication on USER-20180713SF with PID 6164 (D:\IDEAWorkSpace\FormDesigner\target\classes started by Administrator in D:\IDEAWorkSpace\FormDesigner)
2019-03-29 17:29:24,183 DEBUG (StartupInfoLogger.java:53)- Running with Spring Boot v2.1.3.RELEASE, Spring v5.1.5.RELEASE
2019-03-29 17:29:24,185 INFO (SpringApplication.java:675)- No active profile set, falling back to default profiles: default
2019-03-29 17:29:33,282 INFO (StartupInfoLogger.java:50)- Starting FormDesignerApplication on USER-20180713SF with PID 9984 (D:\IDEAWorkSpace\FormDesigner\target\classes started by Administrator in D:\IDEAWorkSpace\FormDesigner)
2019-03-29 17:29:33,286 DEBUG (StartupInfoLogger.java:53)- Running with Spring Boot v2.1.3.RELEASE, Spring v5.1.5.RELEASE
2019-03-29 17:29:33,287 INFO (SpringApplication.java:675)- No active profile set, falling back to default profiles: default
2019-03-29 17:32:42,333 INFO (StartupInfoLogger.java:50)- Starting FormDesignerApplication on USER-20180713SF with PID 6792 (D:\IDEAWorkSpace\FormDesigner\target\classes started by Administrator in D:\IDEAWorkSpace\FormDesigner)
2019-03-29 17:32:42,339 DEBUG (StartupInfoLogger.java:53)- Running with Spring Boot v2.1.3.RELEASE, Spring v5.1.5.RELEASE
2019-03-29 17:32:42,340 INFO (SpringApplication.java:675)- No active profile set, falling back to default profiles: default
