2019-04-03 09:27:03,950 INFO (StartupInfoLogger.java:50)- Starting FormDesignerApplication on USER-20180713SF with PID 9880 (D:\IDEAWorkSpace\FormDesigner\target\classes started by Administrator in D:\IDEAWorkSpace\FormDesigner)
2019-04-03 09:27:03,969 DEBUG (StartupInfoLogger.java:53)- Running with Spring Boot v2.1.3.RELEASE, Spring v5.1.5.RELEASE
2019-04-03 09:27:03,970 INFO (SpringApplication.java:675)- No active profile set, falling back to default profiles: default
2019-04-03 09:27:10,284 INFO (StartupInfoLogger.java:59)- Started FormDesignerApplication in 8.537 seconds (JVM running for 12.4)
2019-04-03 09:28:47,057 INFO (StartupInfoLogger.java:50)- Starting FormDesignerApplication on USER-20180713SF with PID 7688 (D:\IDEAWorkSpace\FormDesigner\target\classes started by Administrator in D:\IDEAWorkSpace\FormDesigner)
2019-04-03 09:28:47,060 DEBUG (StartupInfoLogger.java:53)- Running with Spring Boot v2.1.3.RELEASE, Spring v5.1.5.RELEASE
2019-04-03 09:28:47,061 INFO (SpringApplication.java:675)- No active profile set, falling back to default profiles: default
2019-04-03 09:28:50,214 INFO (StartupInfoLogger.java:59)- Started FormDesignerApplication in 5.182 seconds (JVM running for 6.978)
2019-04-03 09:29:00,251 INFO (StartupInfoLogger.java:50)- Starting FormDesignerApplication on USER-20180713SF with PID 2144 (D:\IDEAWorkSpace\FormDesigner\target\classes started by Administrator in D:\IDEAWorkSpace\FormDesigner)
2019-04-03 09:29:00,255 DEBUG (StartupInfoLogger.java:53)- Running with Spring Boot v2.1.3.RELEASE, Spring v5.1.5.RELEASE
2019-04-03 09:29:00,256 INFO (SpringApplication.java:675)- No active profile set, falling back to default profiles: default
2019-04-03 09:29:03,491 INFO (StartupInfoLogger.java:59)- Started FormDesignerApplication in 3.99 seconds (JVM running for 5.297)
2019-04-03 09:29:46,070 INFO (StartupInfoLogger.java:50)- Starting FormDesignerApplication on USER-20180713SF with PID 6056 (D:\IDEAWorkSpace\FormDesigner\target\classes started by Administrator in D:\IDEAWorkSpace\FormDesigner)
2019-04-03 09:29:46,085 DEBUG (StartupInfoLogger.java:53)- Running with Spring Boot v2.1.3.RELEASE, Spring v5.1.5.RELEASE
2019-04-03 09:29:46,088 INFO (SpringApplication.java:675)- No active profile set, falling back to default profiles: default
2019-04-03 09:29:50,775 INFO (StartupInfoLogger.java:59)- Started FormDesignerApplication in 5.668 seconds (JVM running for 10.281)
2019-04-03 10:40:41,774 INFO (StartupInfoLogger.java:50)- Starting FormDesignerApplication on USER-20180713SF with PID 7744 (D:\IDEAWorkSpace\FormDesigner\target\classes started by Administrator in D:\IDEAWorkSpace\FormDesigner)
2019-04-03 10:40:41,778 DEBUG (StartupInfoLogger.java:53)- Running with Spring Boot v2.1.3.RELEASE, Spring v5.1.5.RELEASE
2019-04-03 10:40:41,780 INFO (SpringApplication.java:675)- No active profile set, falling back to default profiles: default
2019-04-03 10:40:45,526 INFO (StartupInfoLogger.java:59)- Started FormDesignerApplication in 4.43 seconds (JVM running for 7.74)
2019-04-03 10:41:10,592 INFO (StartupInfoLogger.java:50)- Starting FormDesignerApplication on USER-20180713SF with PID 10096 (D:\IDEAWorkSpace\FormDesigner\target\classes started by Administrator in D:\IDEAWorkSpace\FormDesigner)
2019-04-03 10:41:10,597 DEBUG (StartupInfoLogger.java:53)- Running with Spring Boot v2.1.3.RELEASE, Spring v5.1.5.RELEASE
2019-04-03 10:41:10,598 INFO (SpringApplication.java:675)- No active profile set, falling back to default profiles: default
2019-04-03 10:41:14,921 INFO (StartupInfoLogger.java:59)- Started FormDesignerApplication in 5.402 seconds (JVM running for 7.067)
2019-04-03 10:43:40,102 INFO (StartupInfoLogger.java:50)- Starting FormDesignerApplication on USER-20180713SF with PID 6812 (D:\IDEAWorkSpace\FormDesigner\target\classes started by Administrator in D:\IDEAWorkSpace\FormDesigner)
2019-04-03 10:43:40,107 DEBUG (StartupInfoLogger.java:53)- Running with Spring Boot v2.1.3.RELEASE, Spring v5.1.5.RELEASE
2019-04-03 10:43:40,108 INFO (SpringApplication.java:675)- No active profile set, falling back to default profiles: default
2019-04-03 10:43:43,764 INFO (StartupInfoLogger.java:59)- Started FormDesignerApplication in 5.007 seconds (JVM running for 6.435)
2019-04-03 11:06:23,394 INFO (StartupInfoLogger.java:50)- Starting FormDesignerApplication on USER-20180713SF with PID 488 (D:\IDEAWorkSpace\FormDesigner\target\classes started by Administrator in D:\IDEAWorkSpace\FormDesigner)
2019-04-03 11:06:23,400 DEBUG (StartupInfoLogger.java:53)- Running with Spring Boot v2.1.3.RELEASE, Spring v5.1.5.RELEASE
2019-04-03 11:06:23,401 INFO (SpringApplication.java:675)- No active profile set, falling back to default profiles: default
2019-04-03 11:06:27,957 INFO (StartupInfoLogger.java:59)- Started FormDesignerApplication in 5.805 seconds (JVM running for 7.686)
2019-04-03 11:07:10,537 INFO (StartupInfoLogger.java:50)- Starting FormDesignerApplication on USER-20180713SF with PID 10376 (D:\IDEAWorkSpace\FormDesigner\target\classes started by Administrator in D:\IDEAWorkSpace\FormDesigner)
2019-04-03 11:07:10,542 DEBUG (StartupInfoLogger.java:53)- Running with Spring Boot v2.1.3.RELEASE, Spring v5.1.5.RELEASE
2019-04-03 11:07:10,544 INFO (SpringApplication.java:675)- No active profile set, falling back to default profiles: default
2019-04-03 11:07:15,188 INFO (StartupInfoLogger.java:59)- Started FormDesignerApplication in 5.681 seconds (JVM running for 7.384)
2019-04-03 11:10:12,396 INFO (StartupInfoLogger.java:50)- Starting FormDesignerApplication on USER-20180713SF with PID 7812 (D:\IDEAWorkSpace\FormDesigner\target\classes started by Administrator in D:\IDEAWorkSpace\FormDesigner)
2019-04-03 11:10:12,400 DEBUG (StartupInfoLogger.java:53)- Running with Spring Boot v2.1.3.RELEASE, Spring v5.1.5.RELEASE
2019-04-03 11:10:12,401 INFO (SpringApplication.java:675)- No active profile set, falling back to default profiles: default
2019-04-03 11:10:16,406 INFO (StartupInfoLogger.java:59)- Started FormDesignerApplication in 5.369 seconds (JVM running for 6.83)
2019-04-03 11:16:32,119 INFO (StartupInfoLogger.java:50)- Starting FormDesignerApplication on USER-20180713SF with PID 11260 (D:\IDEAWorkSpace\FormDesigner\target\classes started by Administrator in D:\IDEAWorkSpace\FormDesigner)
2019-04-03 11:16:32,124 DEBUG (StartupInfoLogger.java:53)- Running with Spring Boot v2.1.3.RELEASE, Spring v5.1.5.RELEASE
2019-04-03 11:16:32,125 INFO (SpringApplication.java:675)- No active profile set, falling back to default profiles: default
2019-04-03 11:16:36,321 INFO (StartupInfoLogger.java:59)- Started FormDesignerApplication in 5.554 seconds (JVM running for 6.934)
2019-04-03 11:21:14,673 INFO (StartupInfoLogger.java:50)- Starting FormDesignerApplication on USER-20180713SF with PID 9812 (D:\IDEAWorkSpace\FormDesigner\target\classes started by Administrator in D:\IDEAWorkSpace\FormDesigner)
2019-04-03 11:21:14,679 DEBUG (StartupInfoLogger.java:53)- Running with Spring Boot v2.1.3.RELEASE, Spring v5.1.5.RELEASE
2019-04-03 11:21:14,680 INFO (SpringApplication.java:675)- No active profile set, falling back to default profiles: default
2019-04-03 11:21:19,536 INFO (StartupInfoLogger.java:59)- Started FormDesignerApplication in 5.89 seconds (JVM running for 7.7)
2019-04-03 11:21:59,716 INFO (StartupInfoLogger.java:50)- Starting FormDesignerApplication on USER-20180713SF with PID 6348 (D:\IDEAWorkSpace\FormDesigner\target\classes started by Administrator in D:\IDEAWorkSpace\FormDesigner)
2019-04-03 11:21:59,721 DEBUG (StartupInfoLogger.java:53)- Running with Spring Boot v2.1.3.RELEASE, Spring v5.1.5.RELEASE
2019-04-03 11:21:59,723 INFO (SpringApplication.java:675)- No active profile set, falling back to default profiles: default
2019-04-03 11:22:04,272 INFO (StartupInfoLogger.java:59)- Started FormDesignerApplication in 6.342 seconds (JVM running for 8.227)
2019-04-03 11:23:41,181 INFO (StartupInfoLogger.java:50)- Starting FormDesignerApplication on USER-20180713SF with PID 12124 (D:\IDEAWorkSpace\FormDesigner\target\classes started by Administrator in D:\IDEAWorkSpace\FormDesigner)
2019-04-03 11:23:41,186 DEBUG (StartupInfoLogger.java:53)- Running with Spring Boot v2.1.3.RELEASE, Spring v5.1.5.RELEASE
2019-04-03 11:23:41,188 INFO (SpringApplication.java:675)- No active profile set, falling back to default profiles: default
2019-04-03 11:23:44,888 INFO (StartupInfoLogger.java:59)- Started FormDesignerApplication in 4.637 seconds (JVM running for 6.101)
2019-04-03 11:32:19,582 INFO (StartupInfoLogger.java:50)- Starting FormDesignerApplication on USER-20180713SF with PID 2168 (D:\IDEAWorkSpace\FormDesigner\target\classes started by Administrator in D:\IDEAWorkSpace\FormDesigner)
2019-04-03 11:32:19,587 DEBUG (StartupInfoLogger.java:53)- Running with Spring Boot v2.1.3.RELEASE, Spring v5.1.5.RELEASE
2019-04-03 11:32:19,588 INFO (SpringApplication.java:675)- No active profile set, falling back to default profiles: default
2019-04-03 11:32:24,185 INFO (StartupInfoLogger.java:59)- Started FormDesignerApplication in 5.583 seconds (JVM running for 7.081)
2019-04-03 11:36:54,672 INFO (StartupInfoLogger.java:50)- Starting FormDesignerApplication on USER-20180713SF with PID 4012 (D:\IDEAWorkSpace\FormDesigner\target\classes started by Administrator in D:\IDEAWorkSpace\FormDesigner)
2019-04-03 11:36:54,678 DEBUG (StartupInfoLogger.java:53)- Running with Spring Boot v2.1.3.RELEASE, Spring v5.1.5.RELEASE
2019-04-03 11:36:54,679 INFO (SpringApplication.java:675)- No active profile set, falling back to default profiles: default
2019-04-03 11:36:59,180 INFO (StartupInfoLogger.java:59)- Started FormDesignerApplication in 6.135 seconds (JVM running for 7.941)
2019-04-03 12:02:15,446 INFO (StartupInfoLogger.java:50)- Starting FormDesignerApplication on USER-20180713SF with PID 8412 (D:\IDEAWorkSpace\FormDesigner\target\classes started by Administrator in D:\IDEAWorkSpace\FormDesigner)
2019-04-03 12:02:15,451 DEBUG (StartupInfoLogger.java:53)- Running with Spring Boot v2.1.3.RELEASE, Spring v5.1.5.RELEASE
2019-04-03 12:02:15,452 INFO (SpringApplication.java:675)- No active profile set, falling back to default profiles: default
2019-04-03 12:02:19,141 INFO (StartupInfoLogger.java:59)- Started FormDesignerApplication in 5.09 seconds (JVM running for 6.649)
2019-04-03 12:05:30,185 INFO (StartupInfoLogger.java:50)- Starting FormDesignerApplication on USER-20180713SF with PID 10652 (D:\IDEAWorkSpace\FormDesigner\target\classes started by Administrator in D:\IDEAWorkSpace\FormDesigner)
2019-04-03 12:05:30,202 DEBUG (StartupInfoLogger.java:53)- Running with Spring Boot v2.1.3.RELEASE, Spring v5.1.5.RELEASE
2019-04-03 12:05:30,203 INFO (SpringApplication.java:675)- No active profile set, falling back to default profiles: default
2019-04-03 12:05:33,743 INFO (StartupInfoLogger.java:59)- Started FormDesignerApplication in 4.525 seconds (JVM running for 7.193)
2019-04-03 12:06:06,093 INFO (StartupInfoLogger.java:50)- Starting FormDesignerApplication on USER-20180713SF with PID 11088 (D:\IDEAWorkSpace\FormDesigner\target\classes started by Administrator in D:\IDEAWorkSpace\FormDesigner)
2019-04-03 12:06:06,143 DEBUG (StartupInfoLogger.java:53)- Running with Spring Boot v2.1.3.RELEASE, Spring v5.1.5.RELEASE
2019-04-03 12:06:06,144 INFO (SpringApplication.java:675)- No active profile set, falling back to default profiles: default
2019-04-03 12:06:10,341 INFO (StartupInfoLogger.java:59)- Started FormDesignerApplication in 5.264 seconds (JVM running for 6.727)
2019-04-03 12:06:43,908 INFO (StartupInfoLogger.java:50)- Starting FormDesignerApplication on USER-20180713SF with PID 8076 (D:\IDEAWorkSpace\FormDesigner\target\classes started by Administrator in D:\IDEAWorkSpace\FormDesigner)
2019-04-03 12:06:43,912 DEBUG (StartupInfoLogger.java:53)- Running with Spring Boot v2.1.3.RELEASE, Spring v5.1.5.RELEASE
2019-04-03 12:06:43,914 INFO (SpringApplication.java:675)- No active profile set, falling back to default profiles: default
2019-04-03 12:06:47,656 INFO (StartupInfoLogger.java:59)- Started FormDesignerApplication in 4.628 seconds (JVM running for 6.067)
2019-04-03 12:08:28,672 INFO (StartupInfoLogger.java:50)- Starting FormDesignerApplication on USER-20180713SF with PID 11292 (D:\IDEAWorkSpace\FormDesigner\target\classes started by Administrator in D:\IDEAWorkSpace\FormDesigner)
2019-04-03 12:08:28,677 DEBUG (StartupInfoLogger.java:53)- Running with Spring Boot v2.1.3.RELEASE, Spring v5.1.5.RELEASE
2019-04-03 12:08:28,679 INFO (SpringApplication.java:675)- No active profile set, falling back to default profiles: default
2019-04-03 12:08:32,218 INFO (StartupInfoLogger.java:59)- Started FormDesignerApplication in 4.8 seconds (JVM running for 6.231)
2019-04-03 12:10:13,829 INFO (StartupInfoLogger.java:50)- Starting FormDesignerApplication on USER-20180713SF with PID 8576 (D:\IDEAWorkSpace\FormDesigner\target\classes started by Administrator in D:\IDEAWorkSpace\FormDesigner)
2019-04-03 12:10:13,837 DEBUG (StartupInfoLogger.java:53)- Running with Spring Boot v2.1.3.RELEASE, Spring v5.1.5.RELEASE
2019-04-03 12:10:13,838 INFO (SpringApplication.java:675)- No active profile set, falling back to default profiles: default
2019-04-03 12:10:17,453 INFO (StartupInfoLogger.java:59)- Started FormDesignerApplication in 4.969 seconds (JVM running for 6.639)
2019-04-03 12:16:04,848 INFO (StartupInfoLogger.java:50)- Starting FormDesignerApplication on USER-20180713SF with PID 10376 (D:\IDEAWorkSpace\FormDesigner\target\classes started by Administrator in D:\IDEAWorkSpace\FormDesigner)
2019-04-03 12:16:04,851 DEBUG (StartupInfoLogger.java:53)- Running with Spring Boot v2.1.3.RELEASE, Spring v5.1.5.RELEASE
2019-04-03 12:16:04,852 INFO (SpringApplication.java:675)- No active profile set, falling back to default profiles: default
2019-04-03 12:16:08,098 INFO (StartupInfoLogger.java:59)- Started FormDesignerApplication in 5.211 seconds (JVM running for 7.506)
2019-04-03 12:21:46,829 INFO (StartupInfoLogger.java:50)- Starting FormDesignerApplication on USER-20180713SF with PID 10144 (D:\IDEAWorkSpace\FormDesigner\target\classes started by Administrator in D:\IDEAWorkSpace\FormDesigner)
2019-04-03 12:21:46,835 DEBUG (StartupInfoLogger.java:53)- Running with Spring Boot v2.1.3.RELEASE, Spring v5.1.5.RELEASE
2019-04-03 12:21:46,836 INFO (SpringApplication.java:675)- No active profile set, falling back to default profiles: default
2019-04-03 12:21:50,433 INFO (StartupInfoLogger.java:59)- Started FormDesignerApplication in 4.865 seconds (JVM running for 6.26)
2019-04-03 12:23:44,607 INFO (StartupInfoLogger.java:50)- Starting FormDesignerApplication on USER-20180713SF with PID 11288 (D:\IDEAWorkSpace\FormDesigner\target\classes started by Administrator in D:\IDEAWorkSpace\FormDesigner)
2019-04-03 12:23:44,616 DEBUG (StartupInfoLogger.java:53)- Running with Spring Boot v2.1.3.RELEASE, Spring v5.1.5.RELEASE
2019-04-03 12:23:44,617 INFO (SpringApplication.java:675)- No active profile set, falling back to default profiles: default
2019-04-03 12:23:48,727 INFO (StartupInfoLogger.java:59)- Started FormDesignerApplication in 5.254 seconds (JVM running for 6.678)
2019-04-03 12:35:38,954 INFO (StartupInfoLogger.java:50)- Starting FormDesignerApplication on USER-20180713SF with PID 11648 (D:\IDEAWorkSpace\FormDesigner\target\classes started by Administrator in D:\IDEAWorkSpace\FormDesigner)
2019-04-03 12:35:38,959 DEBUG (StartupInfoLogger.java:53)- Running with Spring Boot v2.1.3.RELEASE, Spring v5.1.5.RELEASE
2019-04-03 12:35:38,960 INFO (SpringApplication.java:675)- No active profile set, falling back to default profiles: default
2019-04-03 12:35:42,654 INFO (StartupInfoLogger.java:59)- Started FormDesignerApplication in 4.784 seconds (JVM running for 6.275)
2019-04-03 13:32:56,711 INFO (StartupInfoLogger.java:50)- Starting FormDesignerApplication on USER-20180713SF with PID 3844 (D:\IDEAWorkSpace\FormDesigner\target\classes started by Administrator in D:\IDEAWorkSpace\FormDesigner)
2019-04-03 13:32:56,717 DEBUG (StartupInfoLogger.java:53)- Running with Spring Boot v2.1.3.RELEASE, Spring v5.1.5.RELEASE
2019-04-03 13:32:56,718 INFO (SpringApplication.java:675)- No active profile set, falling back to default profiles: default
2019-04-03 13:33:00,028 INFO (StartupInfoLogger.java:59)- Started FormDesignerApplication in 4.01 seconds (JVM running for 5.252)
2019-04-03 13:35:12,598 INFO (StartupInfoLogger.java:50)- Starting FormDesignerApplication on USER-20180713SF with PID 8000 (D:\IDEAWorkSpace\FormDesigner\target\classes started by Administrator in D:\IDEAWorkSpace\FormDesigner)
2019-04-03 13:35:12,608 DEBUG (StartupInfoLogger.java:53)- Running with Spring Boot v2.1.3.RELEASE, Spring v5.1.5.RELEASE
2019-04-03 13:35:12,610 INFO (SpringApplication.java:675)- No active profile set, falling back to default profiles: default
2019-04-03 13:35:17,149 INFO (StartupInfoLogger.java:59)- Started FormDesignerApplication in 5.775 seconds (JVM running for 8.096)
2019-04-03 13:38:08,358 INFO (StartupInfoLogger.java:50)- Starting FormDesignerApplication on USER-20180713SF with PID 11980 (D:\IDEAWorkSpace\FormDesigner\target\classes started by Administrator in D:\IDEAWorkSpace\FormDesigner)
2019-04-03 13:38:08,363 DEBUG (StartupInfoLogger.java:53)- Running with Spring Boot v2.1.3.RELEASE, Spring v5.1.5.RELEASE
2019-04-03 13:38:08,364 INFO (SpringApplication.java:675)- No active profile set, falling back to default profiles: default
2019-04-03 13:38:11,930 INFO (StartupInfoLogger.java:59)- Started FormDesignerApplication in 4.925 seconds (JVM running for 6.515)
2019-04-03 13:44:01,764 INFO (StartupInfoLogger.java:50)- Starting FormDesignerApplication on USER-20180713SF with PID 10864 (D:\IDEAWorkSpace\FormDesigner\target\classes started by Administrator in D:\IDEAWorkSpace\FormDesigner)
2019-04-03 13:44:01,840 DEBUG (StartupInfoLogger.java:53)- Running with Spring Boot v2.1.3.RELEASE, Spring v5.1.5.RELEASE
2019-04-03 13:44:01,844 INFO (SpringApplication.java:675)- No active profile set, falling back to default profiles: default
2019-04-03 13:44:06,311 INFO (StartupInfoLogger.java:59)- Started FormDesignerApplication in 5.606 seconds (JVM running for 7.399)
2019-04-03 13:45:58,437 INFO (StartupInfoLogger.java:50)- Starting FormDesignerApplication on USER-20180713SF with PID 4680 (D:\IDEAWorkSpace\FormDesigner\target\classes started by Administrator in D:\IDEAWorkSpace\FormDesigner)
2019-04-03 13:45:58,446 DEBUG (StartupInfoLogger.java:53)- Running with Spring Boot v2.1.3.RELEASE, Spring v5.1.5.RELEASE
2019-04-03 13:45:58,447 INFO (SpringApplication.java:675)- No active profile set, falling back to default profiles: default
2019-04-03 13:46:02,907 INFO (StartupInfoLogger.java:59)- Started FormDesignerApplication in 5.515 seconds (JVM running for 7.237)
2019-04-03 13:46:47,045 INFO (StartupInfoLogger.java:50)- Starting FormDesignerApplication on USER-20180713SF with PID 10364 (D:\IDEAWorkSpace\FormDesigner\target\classes started by Administrator in D:\IDEAWorkSpace\FormDesigner)
2019-04-03 13:46:47,051 DEBUG (StartupInfoLogger.java:53)- Running with Spring Boot v2.1.3.RELEASE, Spring v5.1.5.RELEASE
2019-04-03 13:46:47,052 INFO (SpringApplication.java:675)- No active profile set, falling back to default profiles: default
2019-04-03 13:46:51,707 INFO (StartupInfoLogger.java:59)- Started FormDesignerApplication in 5.559 seconds (JVM running for 7.461)
2019-04-03 13:52:58,098 INFO (StartupInfoLogger.java:50)- Starting FormDesignerApplication on USER-20180713SF with PID 11452 (D:\IDEAWorkSpace\FormDesigner\target\classes started by Administrator in D:\IDEAWorkSpace\FormDesigner)
2019-04-03 13:52:58,108 DEBUG (StartupInfoLogger.java:53)- Running with Spring Boot v2.1.3.RELEASE, Spring v5.1.5.RELEASE
2019-04-03 13:52:58,109 INFO (SpringApplication.java:675)- No active profile set, falling back to default profiles: default
2019-04-03 13:53:01,687 INFO (StartupInfoLogger.java:59)- Started FormDesignerApplication in 4.899 seconds (JVM running for 6.417)
2019-04-03 13:54:13,181 INFO (StartupInfoLogger.java:50)- Starting FormDesignerApplication on USER-20180713SF with PID 12264 (D:\IDEAWorkSpace\FormDesigner\target\classes started by Administrator in D:\IDEAWorkSpace\FormDesigner)
2019-04-03 13:54:13,186 DEBUG (StartupInfoLogger.java:53)- Running with Spring Boot v2.1.3.RELEASE, Spring v5.1.5.RELEASE
2019-04-03 13:54:13,187 INFO (SpringApplication.java:675)- No active profile set, falling back to default profiles: default
2019-04-03 13:54:17,118 INFO (StartupInfoLogger.java:59)- Started FormDesignerApplication in 5.103 seconds (JVM running for 6.797)
2019-04-03 13:57:28,556 INFO (StartupInfoLogger.java:50)- Starting FormDesignerApplication on USER-20180713SF with PID 11912 (D:\IDEAWorkSpace\FormDesigner\target\classes started by Administrator in D:\IDEAWorkSpace\FormDesigner)
2019-04-03 13:57:28,562 DEBUG (StartupInfoLogger.java:53)- Running with Spring Boot v2.1.3.RELEASE, Spring v5.1.5.RELEASE
2019-04-03 13:57:28,563 INFO (SpringApplication.java:675)- No active profile set, falling back to default profiles: default
2019-04-03 13:57:33,166 INFO (StartupInfoLogger.java:59)- Started FormDesignerApplication in 5.56 seconds (JVM running for 7.697)
2019-04-03 13:58:24,030 INFO (StartupInfoLogger.java:50)- Starting FormDesignerApplication on USER-20180713SF with PID 10848 (D:\IDEAWorkSpace\FormDesigner\target\classes started by Administrator in D:\IDEAWorkSpace\FormDesigner)
2019-04-03 13:58:24,036 DEBUG (StartupInfoLogger.java:53)- Running with Spring Boot v2.1.3.RELEASE, Spring v5.1.5.RELEASE
2019-04-03 13:58:24,037 INFO (SpringApplication.java:675)- No active profile set, falling back to default profiles: default
2019-04-03 13:58:27,677 INFO (StartupInfoLogger.java:59)- Started FormDesignerApplication in 4.867 seconds (JVM running for 6.37)
2019-04-03 14:06:55,734 INFO (StartupInfoLogger.java:50)- Starting FormDesignerApplication on USER-20180713SF with PID 5540 (D:\IDEAWorkSpace\FormDesigner\target\classes started by Administrator in D:\IDEAWorkSpace\FormDesigner)
2019-04-03 14:06:55,742 DEBUG (StartupInfoLogger.java:53)- Running with Spring Boot v2.1.3.RELEASE, Spring v5.1.5.RELEASE
2019-04-03 14:06:55,744 INFO (SpringApplication.java:675)- No active profile set, falling back to default profiles: default
2019-04-03 14:07:00,435 INFO (StartupInfoLogger.java:59)- Started FormDesignerApplication in 6.116 seconds (JVM running for 7.871)
2019-04-03 14:07:43,146 INFO (StartupInfoLogger.java:50)- Starting FormDesignerApplication on USER-20180713SF with PID 11572 (D:\IDEAWorkSpace\FormDesigner\target\classes started by Administrator in D:\IDEAWorkSpace\FormDesigner)
2019-04-03 14:07:43,150 DEBUG (StartupInfoLogger.java:53)- Running with Spring Boot v2.1.3.RELEASE, Spring v5.1.5.RELEASE
2019-04-03 14:07:43,151 INFO (SpringApplication.java:675)- No active profile set, falling back to default profiles: default
2019-04-03 14:07:48,096 INFO (StartupInfoLogger.java:59)- Started FormDesignerApplication in 6.012 seconds (JVM running for 8.05)
2019-04-03 14:08:39,330 INFO (StartupInfoLogger.java:50)- Starting FormDesignerApplication on USER-20180713SF with PID 9676 (D:\IDEAWorkSpace\FormDesigner\target\classes started by Administrator in D:\IDEAWorkSpace\FormDesigner)
2019-04-03 14:08:39,335 DEBUG (StartupInfoLogger.java:53)- Running with Spring Boot v2.1.3.RELEASE, Spring v5.1.5.RELEASE
2019-04-03 14:08:39,336 INFO (SpringApplication.java:675)- No active profile set, falling back to default profiles: default
2019-04-03 14:08:42,959 INFO (StartupInfoLogger.java:59)- Started FormDesignerApplication in 4.624 seconds (JVM running for 6.035)
2019-04-03 14:19:04,190 INFO (StartupInfoLogger.java:50)- Starting FormDesignerApplication on USER-20180713SF with PID 8076 (D:\IDEAWorkSpace\FormDesigner\target\classes started by Administrator in D:\IDEAWorkSpace\FormDesigner)
2019-04-03 14:19:04,194 DEBUG (StartupInfoLogger.java:53)- Running with Spring Boot v2.1.3.RELEASE, Spring v5.1.5.RELEASE
2019-04-03 14:19:04,195 INFO (SpringApplication.java:675)- No active profile set, falling back to default profiles: default
2019-04-03 14:19:08,772 INFO (StartupInfoLogger.java:59)- Started FormDesignerApplication in 5.601 seconds (JVM running for 8.023)
2019-04-03 14:20:58,729 INFO (StartupInfoLogger.java:50)- Starting FormDesignerApplication on USER-20180713SF with PID 11636 (D:\IDEAWorkSpace\FormDesigner\target\classes started by Administrator in D:\IDEAWorkSpace\FormDesigner)
2019-04-03 14:20:58,735 DEBUG (StartupInfoLogger.java:53)- Running with Spring Boot v2.1.3.RELEASE, Spring v5.1.5.RELEASE
2019-04-03 14:20:58,736 INFO (SpringApplication.java:675)- No active profile set, falling back to default profiles: default
2019-04-03 14:21:02,948 INFO (StartupInfoLogger.java:59)- Started FormDesignerApplication in 5.262 seconds (JVM running for 7.786)
2019-04-03 14:22:54,122 INFO (StartupInfoLogger.java:50)- Starting FormDesignerApplication on USER-20180713SF with PID 5140 (D:\IDEAWorkSpace\FormDesigner\target\classes started by Administrator in D:\IDEAWorkSpace\FormDesigner)
2019-04-03 14:22:54,136 DEBUG (StartupInfoLogger.java:53)- Running with Spring Boot v2.1.3.RELEASE, Spring v5.1.5.RELEASE
2019-04-03 14:22:54,137 INFO (SpringApplication.java:675)- No active profile set, falling back to default profiles: default
2019-04-03 14:22:58,622 INFO (StartupInfoLogger.java:59)- Started FormDesignerApplication in 6.128 seconds (JVM running for 7.746)
2019-04-03 14:23:34,941 INFO (StartupInfoLogger.java:50)- Starting FormDesignerApplication on USER-20180713SF with PID 7272 (D:\IDEAWorkSpace\FormDesigner\target\classes started by Administrator in D:\IDEAWorkSpace\FormDesigner)
2019-04-03 14:23:34,947 DEBUG (StartupInfoLogger.java:53)- Running with Spring Boot v2.1.3.RELEASE, Spring v5.1.5.RELEASE
2019-04-03 14:23:34,947 INFO (SpringApplication.java:675)- No active profile set, falling back to default profiles: default
2019-04-03 14:23:39,852 INFO (StartupInfoLogger.java:59)- Started FormDesignerApplication in 5.824 seconds (JVM running for 7.568)
2019-04-03 14:26:11,222 INFO (StartupInfoLogger.java:50)- Starting FormDesignerApplication on USER-20180713SF with PID 10064 (D:\IDEAWorkSpace\FormDesigner\target\classes started by Administrator in D:\IDEAWorkSpace\FormDesigner)
2019-04-03 14:26:11,227 DEBUG (StartupInfoLogger.java:53)- Running with Spring Boot v2.1.3.RELEASE, Spring v5.1.5.RELEASE
2019-04-03 14:26:11,228 INFO (SpringApplication.java:675)- No active profile set, falling back to default profiles: default
2019-04-03 14:26:15,716 INFO (StartupInfoLogger.java:59)- Started FormDesignerApplication in 5.564 seconds (JVM running for 8.532)
2019-04-03 14:28:25,354 INFO (StartupInfoLogger.java:50)- Starting FormDesignerApplication on USER-20180713SF with PID 2176 (D:\IDEAWorkSpace\FormDesigner\target\classes started by Administrator in D:\IDEAWorkSpace\FormDesigner)
2019-04-03 14:28:25,360 DEBUG (StartupInfoLogger.java:53)- Running with Spring Boot v2.1.3.RELEASE, Spring v5.1.5.RELEASE
2019-04-03 14:28:25,361 INFO (SpringApplication.java:675)- No active profile set, falling back to default profiles: default
2019-04-03 14:28:29,463 INFO (StartupInfoLogger.java:59)- Started FormDesignerApplication in 5.035 seconds (JVM running for 6.539)
2019-04-03 14:30:25,257 INFO (StartupInfoLogger.java:50)- Starting FormDesignerApplication on USER-20180713SF with PID 888 (D:\IDEAWorkSpace\FormDesigner\target\classes started by Administrator in D:\IDEAWorkSpace\FormDesigner)
2019-04-03 14:30:25,261 DEBUG (StartupInfoLogger.java:53)- Running with Spring Boot v2.1.3.RELEASE, Spring v5.1.5.RELEASE
2019-04-03 14:30:25,261 INFO (SpringApplication.java:675)- No active profile set, falling back to default profiles: default
2019-04-03 14:30:29,054 INFO (StartupInfoLogger.java:59)- Started FormDesignerApplication in 5.907 seconds (JVM running for 7.592)
2019-04-03 14:31:45,119 INFO (StartupInfoLogger.java:50)- Starting FormDesignerApplication on USER-20180713SF with PID 10280 (D:\IDEAWorkSpace\FormDesigner\target\classes started by Administrator in D:\IDEAWorkSpace\FormDesigner)
2019-04-03 14:31:45,125 DEBUG (StartupInfoLogger.java:53)- Running with Spring Boot v2.1.3.RELEASE, Spring v5.1.5.RELEASE
2019-04-03 14:31:45,127 INFO (SpringApplication.java:675)- No active profile set, falling back to default profiles: default
2019-04-03 14:31:49,834 INFO (StartupInfoLogger.java:59)- Started FormDesignerApplication in 5.686 seconds (JVM running for 7.166)
2019-04-03 14:37:08,722 INFO (StartupInfoLogger.java:50)- Starting FormDesignerApplication on USER-20180713SF with PID 888 (D:\IDEAWorkSpace\FormDesigner\target\classes started by Administrator in D:\IDEAWorkSpace\FormDesigner)
2019-04-03 14:37:08,728 DEBUG (StartupInfoLogger.java:53)- Running with Spring Boot v2.1.3.RELEASE, Spring v5.1.5.RELEASE
2019-04-03 14:37:08,729 INFO (SpringApplication.java:675)- No active profile set, falling back to default profiles: default
2019-04-03 14:37:13,046 INFO (StartupInfoLogger.java:59)- Started FormDesignerApplication in 5.175 seconds (JVM running for 6.759)
2019-04-03 14:37:51,624 INFO (StartupInfoLogger.java:50)- Starting FormDesignerApplication on USER-20180713SF with PID 11700 (D:\IDEAWorkSpace\FormDesigner\target\classes started by Administrator in D:\IDEAWorkSpace\FormDesigner)
2019-04-03 14:37:51,630 DEBUG (StartupInfoLogger.java:53)- Running with Spring Boot v2.1.3.RELEASE, Spring v5.1.5.RELEASE
2019-04-03 14:37:51,631 INFO (SpringApplication.java:675)- No active profile set, falling back to default profiles: default
2019-04-03 14:37:56,062 INFO (StartupInfoLogger.java:59)- Started FormDesignerApplication in 5.689 seconds (JVM running for 7.317)
2019-04-03 14:40:03,590 INFO (StartupInfoLogger.java:50)- Starting FormDesignerApplication on USER-20180713SF with PID 6592 (D:\IDEAWorkSpace\FormDesigner\target\classes started by Administrator in D:\IDEAWorkSpace\FormDesigner)
2019-04-03 14:40:03,596 DEBUG (StartupInfoLogger.java:53)- Running with Spring Boot v2.1.3.RELEASE, Spring v5.1.5.RELEASE
2019-04-03 14:40:03,597 INFO (SpringApplication.java:675)- No active profile set, falling back to default profiles: default
2019-04-03 14:40:07,679 INFO (StartupInfoLogger.java:59)- Started FormDesignerApplication in 5.377 seconds (JVM running for 7.192)
2019-04-03 14:41:32,653 INFO (StartupInfoLogger.java:50)- Starting FormDesignerApplication on USER-20180713SF with PID 6560 (D:\IDEAWorkSpace\FormDesigner\target\classes started by Administrator in D:\IDEAWorkSpace\FormDesigner)
2019-04-03 14:41:32,658 DEBUG (StartupInfoLogger.java:53)- Running with Spring Boot v2.1.3.RELEASE, Spring v5.1.5.RELEASE
2019-04-03 14:41:32,659 INFO (SpringApplication.java:675)- No active profile set, falling back to default profiles: default
2019-04-03 14:41:36,014 INFO (StartupInfoLogger.java:59)- Started FormDesignerApplication in 4.485 seconds (JVM running for 5.836)
2019-04-03 15:01:48,984 INFO (StartupInfoLogger.java:50)- Starting FormDesignerApplication on USER-20180713SF with PID 7240 (D:\IDEAWorkSpace\FormDesigner\target\classes started by Administrator in D:\IDEAWorkSpace\FormDesigner)
2019-04-03 15:01:48,990 DEBUG (StartupInfoLogger.java:53)- Running with Spring Boot v2.1.3.RELEASE, Spring v5.1.5.RELEASE
2019-04-03 15:01:48,991 INFO (SpringApplication.java:675)- No active profile set, falling back to default profiles: default
2019-04-03 15:01:52,237 INFO (StartupInfoLogger.java:59)- Started FormDesignerApplication in 3.936 seconds (JVM running for 5.151)
2019-04-03 15:17:24,443 INFO (StartupInfoLogger.java:50)- Starting FormDesignerApplication on USER-20180713SF with PID 12480 (D:\IDEAWorkSpace\FormDesigner\target\classes started by Administrator in D:\IDEAWorkSpace\FormDesigner)
2019-04-03 15:17:24,448 DEBUG (StartupInfoLogger.java:53)- Running with Spring Boot v2.1.3.RELEASE, Spring v5.1.5.RELEASE
2019-04-03 15:17:24,449 INFO (SpringApplication.java:675)- No active profile set, falling back to default profiles: default
2019-04-03 15:17:27,657 INFO (StartupInfoLogger.java:59)- Started FormDesignerApplication in 3.88 seconds (JVM running for 5.143)
2019-04-03 15:23:05,293 INFO (StartupInfoLogger.java:50)- Starting FormDesignerApplication on USER-20180713SF with PID 2760 (D:\IDEAWorkSpace\FormDesigner\target\classes started by Administrator in D:\IDEAWorkSpace\FormDesigner)
2019-04-03 15:23:05,297 DEBUG (StartupInfoLogger.java:53)- Running with Spring Boot v2.1.3.RELEASE, Spring v5.1.5.RELEASE
2019-04-03 15:23:05,297 INFO (SpringApplication.java:675)- No active profile set, falling back to default profiles: default
2019-04-03 15:23:08,461 INFO (StartupInfoLogger.java:59)- Started FormDesignerApplication in 4.108 seconds (JVM running for 5.349)
2019-04-03 15:26:28,519 INFO (StartupInfoLogger.java:50)- Starting FormDesignerApplication on USER-20180713SF with PID 11688 (D:\IDEAWorkSpace\FormDesigner\target\classes started by Administrator in D:\IDEAWorkSpace\FormDesigner)
2019-04-03 15:26:28,523 DEBUG (StartupInfoLogger.java:53)- Running with Spring Boot v2.1.3.RELEASE, Spring v5.1.5.RELEASE
2019-04-03 15:26:28,525 INFO (SpringApplication.java:675)- No active profile set, falling back to default profiles: default
2019-04-03 15:26:32,626 INFO (StartupInfoLogger.java:59)- Started FormDesignerApplication in 5.039 seconds (JVM running for 7.013)
2019-04-03 15:27:45,671 INFO (StartupInfoLogger.java:50)- Starting FormDesignerApplication on USER-20180713SF with PID 4536 (D:\IDEAWorkSpace\FormDesigner\target\classes started by Administrator in D:\IDEAWorkSpace\FormDesigner)
2019-04-03 15:27:45,676 DEBUG (StartupInfoLogger.java:53)- Running with Spring Boot v2.1.3.RELEASE, Spring v5.1.5.RELEASE
2019-04-03 15:27:45,676 INFO (SpringApplication.java:675)- No active profile set, falling back to default profiles: default
2019-04-03 15:27:49,072 INFO (StartupInfoLogger.java:59)- Started FormDesignerApplication in 4.557 seconds (JVM running for 6.266)
2019-04-03 15:31:52,746 INFO (StartupInfoLogger.java:50)- Starting FormDesignerApplication on USER-20180713SF with PID 12592 (D:\IDEAWorkSpace\FormDesigner\target\classes started by Administrator in D:\IDEAWorkSpace\FormDesigner)
2019-04-03 15:31:52,750 DEBUG (StartupInfoLogger.java:53)- Running with Spring Boot v2.1.3.RELEASE, Spring v5.1.5.RELEASE
2019-04-03 15:31:52,751 INFO (SpringApplication.java:675)- No active profile set, falling back to default profiles: default
2019-04-03 15:31:56,341 INFO (StartupInfoLogger.java:59)- Started FormDesignerApplication in 4.394 seconds (JVM running for 5.782)
2019-04-03 15:32:23,256 INFO (StartupInfoLogger.java:50)- Starting FormDesignerApplication on USER-20180713SF with PID 12988 (D:\IDEAWorkSpace\FormDesigner\target\classes started by Administrator in D:\IDEAWorkSpace\FormDesigner)
2019-04-03 15:32:23,260 DEBUG (StartupInfoLogger.java:53)- Running with Spring Boot v2.1.3.RELEASE, Spring v5.1.5.RELEASE
2019-04-03 15:32:23,276 INFO (SpringApplication.java:675)- No active profile set, falling back to default profiles: default
2019-04-03 15:32:26,388 INFO (StartupInfoLogger.java:59)- Started FormDesignerApplication in 4.221 seconds (JVM running for 5.458)
2019-04-03 15:33:24,901 INFO (StartupInfoLogger.java:50)- Starting FormDesignerApplication on USER-20180713SF with PID 8044 (D:\IDEAWorkSpace\FormDesigner\target\classes started by Administrator in D:\IDEAWorkSpace\FormDesigner)
2019-04-03 15:33:24,906 DEBUG (StartupInfoLogger.java:53)- Running with Spring Boot v2.1.3.RELEASE, Spring v5.1.5.RELEASE
2019-04-03 15:33:24,907 INFO (SpringApplication.java:675)- No active profile set, falling back to default profiles: default
2019-04-03 15:33:28,434 INFO (StartupInfoLogger.java:59)- Started FormDesignerApplication in 4.635 seconds (JVM running for 5.941)
2019-04-03 15:34:07,368 INFO (StartupInfoLogger.java:50)- Starting FormDesignerApplication on USER-20180713SF with PID 8072 (D:\IDEAWorkSpace\FormDesigner\target\classes started by Administrator in D:\IDEAWorkSpace\FormDesigner)
2019-04-03 15:34:07,383 DEBUG (StartupInfoLogger.java:53)- Running with Spring Boot v2.1.3.RELEASE, Spring v5.1.5.RELEASE
2019-04-03 15:34:07,384 INFO (SpringApplication.java:675)- No active profile set, falling back to default profiles: default
2019-04-03 15:34:10,968 INFO (StartupInfoLogger.java:59)- Started FormDesignerApplication in 4.962 seconds (JVM running for 6.405)
2019-04-03 15:40:43,728 INFO (StartupInfoLogger.java:50)- Starting FormDesignerApplication on USER-20180713SF with PID 11280 (D:\IDEAWorkSpace\FormDesigner\target\classes started by Administrator in D:\IDEAWorkSpace\FormDesigner)
2019-04-03 15:40:43,733 DEBUG (StartupInfoLogger.java:53)- Running with Spring Boot v2.1.3.RELEASE, Spring v5.1.5.RELEASE
2019-04-03 15:40:43,734 INFO (SpringApplication.java:675)- No active profile set, falling back to default profiles: default
2019-04-03 15:40:47,230 INFO (StartupInfoLogger.java:59)- Started FormDesignerApplication in 4.783 seconds (JVM running for 6.523)
2019-04-03 15:47:44,574 INFO (StartupInfoLogger.java:50)- Starting FormDesignerApplication on USER-20180713SF with PID 9576 (D:\IDEAWorkSpace\FormDesigner\target\classes started by Administrator in D:\IDEAWorkSpace\FormDesigner)
2019-04-03 15:47:44,579 DEBUG (StartupInfoLogger.java:53)- Running with Spring Boot v2.1.3.RELEASE, Spring v5.1.5.RELEASE
2019-04-03 15:47:44,580 INFO (SpringApplication.java:675)- No active profile set, falling back to default profiles: default
2019-04-03 15:47:48,324 INFO (StartupInfoLogger.java:59)- Started FormDesignerApplication in 4.843 seconds (JVM running for 6.276)
2019-04-03 15:51:59,009 INFO (StartupInfoLogger.java:50)- Starting FormDesignerApplication on USER-20180713SF with PID 12604 (D:\IDEAWorkSpace\FormDesigner\target\classes started by Administrator in D:\IDEAWorkSpace\FormDesigner)
2019-04-03 15:51:59,016 DEBUG (StartupInfoLogger.java:53)- Running with Spring Boot v2.1.3.RELEASE, Spring v5.1.5.RELEASE
2019-04-03 15:51:59,018 INFO (SpringApplication.java:675)- No active profile set, falling back to default profiles: default
2019-04-03 15:52:02,800 INFO (StartupInfoLogger.java:59)- Started FormDesignerApplication in 4.959 seconds (JVM running for 6.73)
2019-04-03 15:53:43,345 INFO (StartupInfoLogger.java:50)- Starting FormDesignerApplication on USER-20180713SF with PID 6988 (D:\IDEAWorkSpace\FormDesigner\target\classes started by Administrator in D:\IDEAWorkSpace\FormDesigner)
2019-04-03 15:53:43,351 DEBUG (StartupInfoLogger.java:53)- Running with Spring Boot v2.1.3.RELEASE, Spring v5.1.5.RELEASE
2019-04-03 15:53:43,352 INFO (SpringApplication.java:675)- No active profile set, falling back to default profiles: default
2019-04-03 15:53:47,750 INFO (StartupInfoLogger.java:59)- Started FormDesignerApplication in 6.164 seconds (JVM running for 8.118)
2019-04-03 15:53:53,931 INFO (StartupInfoLogger.java:50)- Starting FormDesignerApplication on USER-20180713SF with PID 3724 (D:\IDEAWorkSpace\FormDesigner\target\classes started by Administrator in D:\IDEAWorkSpace\FormDesigner)
2019-04-03 15:53:53,940 DEBUG (StartupInfoLogger.java:53)- Running with Spring Boot v2.1.3.RELEASE, Spring v5.1.5.RELEASE
2019-04-03 15:53:53,941 INFO (SpringApplication.java:675)- No active profile set, falling back to default profiles: default
2019-04-03 15:53:58,391 INFO (StartupInfoLogger.java:59)- Started FormDesignerApplication in 5.55 seconds (JVM running for 7.74)
2019-04-03 16:02:24,616 INFO (StartupInfoLogger.java:50)- Starting FormDesignerApplication on USER-20180713SF with PID 9172 (D:\IDEAWorkSpace\FormDesigner\target\classes started by Administrator in D:\IDEAWorkSpace\FormDesigner)
2019-04-03 16:02:24,622 DEBUG (StartupInfoLogger.java:53)- Running with Spring Boot v2.1.3.RELEASE, Spring v5.1.5.RELEASE
2019-04-03 16:02:24,623 INFO (SpringApplication.java:675)- No active profile set, falling back to default profiles: default
2019-04-03 16:02:29,390 INFO (StartupInfoLogger.java:59)- Started FormDesignerApplication in 5.77 seconds (JVM running for 7.395)
2019-04-03 16:03:42,181 INFO (StartupInfoLogger.java:50)- Starting FormDesignerApplication on USER-20180713SF with PID 13212 (D:\IDEAWorkSpace\FormDesigner\target\classes started by Administrator in D:\IDEAWorkSpace\FormDesigner)
2019-04-03 16:03:42,186 DEBUG (StartupInfoLogger.java:53)- Running with Spring Boot v2.1.3.RELEASE, Spring v5.1.5.RELEASE
2019-04-03 16:03:42,187 INFO (SpringApplication.java:675)- No active profile set, falling back to default profiles: default
2019-04-03 16:03:46,555 INFO (StartupInfoLogger.java:59)- Started FormDesignerApplication in 5.419 seconds (JVM running for 7.063)
2019-04-03 16:05:21,815 INFO (StartupInfoLogger.java:50)- Starting FormDesignerApplication on USER-20180713SF with PID 12464 (D:\IDEAWorkSpace\FormDesigner\target\classes started by Administrator in D:\IDEAWorkSpace\FormDesigner)
2019-04-03 16:05:21,821 DEBUG (StartupInfoLogger.java:53)- Running with Spring Boot v2.1.3.RELEASE, Spring v5.1.5.RELEASE
2019-04-03 16:05:21,821 INFO (SpringApplication.java:675)- No active profile set, falling back to default profiles: default
2019-04-03 16:05:25,323 INFO (StartupInfoLogger.java:59)- Started FormDesignerApplication in 4.76 seconds (JVM running for 6.403)
2019-04-03 16:07:53,163 INFO (StartupInfoLogger.java:50)- Starting FormDesignerApplication on USER-20180713SF with PID 9616 (D:\IDEAWorkSpace\FormDesigner\target\classes started by Administrator in D:\IDEAWorkSpace\FormDesigner)
2019-04-03 16:07:53,168 DEBUG (StartupInfoLogger.java:53)- Running with Spring Boot v2.1.3.RELEASE, Spring v5.1.5.RELEASE
2019-04-03 16:07:53,169 INFO (SpringApplication.java:675)- No active profile set, falling back to default profiles: default
2019-04-03 16:07:57,032 INFO (StartupInfoLogger.java:59)- Started FormDesignerApplication in 4.842 seconds (JVM running for 6.308)
2019-04-03 16:08:54,437 INFO (StartupInfoLogger.java:50)- Starting FormDesignerApplication on USER-20180713SF with PID 13164 (D:\IDEAWorkSpace\FormDesigner\target\classes started by Administrator in D:\IDEAWorkSpace\FormDesigner)
2019-04-03 16:08:54,441 DEBUG (StartupInfoLogger.java:53)- Running with Spring Boot v2.1.3.RELEASE, Spring v5.1.5.RELEASE
2019-04-03 16:08:54,442 INFO (SpringApplication.java:675)- No active profile set, falling back to default profiles: default
2019-04-03 16:08:59,024 INFO (StartupInfoLogger.java:50)- Starting FormDesignerApplication on USER-20180713SF with PID 12744 (D:\IDEAWorkSpace\FormDesigner\target\classes started by Administrator in D:\IDEAWorkSpace\FormDesigner)
2019-04-03 16:08:59,032 DEBUG (StartupInfoLogger.java:53)- Running with Spring Boot v2.1.3.RELEASE, Spring v5.1.5.RELEASE
2019-04-03 16:08:59,034 INFO (SpringApplication.java:675)- No active profile set, falling back to default profiles: default
2019-04-03 16:09:00,113 INFO (StartupInfoLogger.java:59)- Started FormDesignerApplication in 6.666 seconds (JVM running for 8.312)
2019-04-03 16:09:13,127 INFO (StartupInfoLogger.java:50)- Starting FormDesignerApplication on USER-20180713SF with PID 8056 (D:\IDEAWorkSpace\FormDesigner\target\classes started by Administrator in D:\IDEAWorkSpace\FormDesigner)
2019-04-03 16:09:13,131 DEBUG (StartupInfoLogger.java:53)- Running with Spring Boot v2.1.3.RELEASE, Spring v5.1.5.RELEASE
2019-04-03 16:09:13,132 INFO (SpringApplication.java:675)- No active profile set, falling back to default profiles: default
2019-04-03 16:09:16,678 INFO (StartupInfoLogger.java:59)- Started FormDesignerApplication in 4.713 seconds (JVM running for 6.409)
2019-04-03 16:09:44,611 INFO (StartupInfoLogger.java:50)- Starting FormDesignerApplication on USER-20180713SF with PID 12876 (D:\IDEAWorkSpace\FormDesigner\target\classes started by Administrator in D:\IDEAWorkSpace\FormDesigner)
2019-04-03 16:09:44,619 DEBUG (StartupInfoLogger.java:53)- Running with Spring Boot v2.1.3.RELEASE, Spring v5.1.5.RELEASE
2019-04-03 16:09:44,620 INFO (SpringApplication.java:675)- No active profile set, falling back to default profiles: default
2019-04-03 16:09:48,122 INFO (StartupInfoLogger.java:59)- Started FormDesignerApplication in 4.799 seconds (JVM running for 6.341)
2019-04-03 16:11:01,912 INFO (StartupInfoLogger.java:50)- Starting FormDesignerApplication on USER-20180713SF with PID 12996 (D:\IDEAWorkSpace\FormDesigner\target\classes started by Administrator in D:\IDEAWorkSpace\FormDesigner)
2019-04-03 16:11:01,920 DEBUG (StartupInfoLogger.java:53)- Running with Spring Boot v2.1.3.RELEASE, Spring v5.1.5.RELEASE
2019-04-03 16:11:01,921 INFO (SpringApplication.java:675)- No active profile set, falling back to default profiles: default
2019-04-03 16:11:05,320 INFO (StartupInfoLogger.java:59)- Started FormDesignerApplication in 4.756 seconds (JVM running for 6.606)
2019-04-03 16:11:48,161 INFO (StartupInfoLogger.java:50)- Starting FormDesignerApplication on USER-20180713SF with PID 1828 (D:\IDEAWorkSpace\FormDesigner\target\classes started by Administrator in D:\IDEAWorkSpace\FormDesigner)
2019-04-03 16:11:48,165 DEBUG (StartupInfoLogger.java:53)- Running with Spring Boot v2.1.3.RELEASE, Spring v5.1.5.RELEASE
2019-04-03 16:11:48,167 INFO (SpringApplication.java:675)- No active profile set, falling back to default profiles: default
2019-04-03 16:11:51,859 INFO (StartupInfoLogger.java:59)- Started FormDesignerApplication in 4.847 seconds (JVM running for 6.43)
2019-04-03 16:12:38,651 INFO (StartupInfoLogger.java:50)- Starting FormDesignerApplication on USER-20180713SF with PID 13108 (D:\IDEAWorkSpace\FormDesigner\target\classes started by Administrator in D:\IDEAWorkSpace\FormDesigner)
2019-04-03 16:12:38,656 DEBUG (StartupInfoLogger.java:53)- Running with Spring Boot v2.1.3.RELEASE, Spring v5.1.5.RELEASE
2019-04-03 16:12:38,657 INFO (SpringApplication.java:675)- No active profile set, falling back to default profiles: default
2019-04-03 16:12:42,008 INFO (StartupInfoLogger.java:59)- Started FormDesignerApplication in 4.244 seconds (JVM running for 6.111)
2019-04-03 16:13:43,728 INFO (StartupInfoLogger.java:50)- Starting FormDesignerApplication on USER-20180713SF with PID 11824 (D:\IDEAWorkSpace\FormDesigner\target\classes started by Administrator in D:\IDEAWorkSpace\FormDesigner)
2019-04-03 16:13:43,733 DEBUG (StartupInfoLogger.java:53)- Running with Spring Boot v2.1.3.RELEASE, Spring v5.1.5.RELEASE
2019-04-03 16:13:43,734 INFO (SpringApplication.java:675)- No active profile set, falling back to default profiles: default
2019-04-03 16:13:47,330 INFO (StartupInfoLogger.java:59)- Started FormDesignerApplication in 4.787 seconds (JVM running for 6.182)
2019-04-03 16:14:49,183 INFO (StartupInfoLogger.java:50)- Starting FormDesignerApplication on USER-20180713SF with PID 12292 (D:\IDEAWorkSpace\FormDesigner\target\classes started by Administrator in D:\IDEAWorkSpace\FormDesigner)
2019-04-03 16:14:49,190 DEBUG (StartupInfoLogger.java:53)- Running with Spring Boot v2.1.3.RELEASE, Spring v5.1.5.RELEASE
2019-04-03 16:14:49,191 INFO (SpringApplication.java:675)- No active profile set, falling back to default profiles: default
2019-04-03 16:14:53,668 INFO (StartupInfoLogger.java:59)- Started FormDesignerApplication in 5.537 seconds (JVM running for 7.287)
2019-04-03 16:16:56,017 INFO (StartupInfoLogger.java:50)- Starting FormDesignerApplication on USER-20180713SF with PID 7080 (D:\IDEAWorkSpace\FormDesigner\target\classes started by Administrator in D:\IDEAWorkSpace\FormDesigner)
2019-04-03 16:16:56,022 DEBUG (StartupInfoLogger.java:53)- Running with Spring Boot v2.1.3.RELEASE, Spring v5.1.5.RELEASE
2019-04-03 16:16:56,022 INFO (SpringApplication.java:675)- No active profile set, falling back to default profiles: default
2019-04-03 16:16:59,842 INFO (StartupInfoLogger.java:59)- Started FormDesignerApplication in 4.87 seconds (JVM running for 6.223)
2019-04-03 16:19:41,906 INFO (StartupInfoLogger.java:50)- Starting FormDesignerApplication on USER-20180713SF with PID 11932 (D:\IDEAWorkSpace\FormDesigner\target\classes started by Administrator in D:\IDEAWorkSpace\FormDesigner)
2019-04-03 16:19:41,911 DEBUG (StartupInfoLogger.java:53)- Running with Spring Boot v2.1.3.RELEASE, Spring v5.1.5.RELEASE
2019-04-03 16:19:41,913 INFO (SpringApplication.java:675)- No active profile set, falling back to default profiles: default
2019-04-03 16:19:45,734 INFO (StartupInfoLogger.java:59)- Started FormDesignerApplication in 4.983 seconds (JVM running for 6.414)
2019-04-03 16:24:14,039 INFO (StartupInfoLogger.java:50)- Starting FormDesignerApplication on USER-20180713SF with PID 12692 (D:\IDEAWorkSpace\FormDesigner\target\classes started by Administrator in D:\IDEAWorkSpace\FormDesigner)
2019-04-03 16:24:14,044 DEBUG (StartupInfoLogger.java:53)- Running with Spring Boot v2.1.3.RELEASE, Spring v5.1.5.RELEASE
2019-04-03 16:24:14,046 INFO (SpringApplication.java:675)- No active profile set, falling back to default profiles: default
2019-04-03 16:24:19,243 INFO (StartupInfoLogger.java:59)- Started FormDesignerApplication in 6.461 seconds (JVM running for 8.335)
2019-04-03 16:26:52,464 INFO (StartupInfoLogger.java:50)- Starting FormDesignerApplication on USER-20180713SF with PID 9856 (D:\IDEAWorkSpace\FormDesigner\target\classes started by Administrator in D:\IDEAWorkSpace\FormDesigner)
2019-04-03 16:26:52,471 DEBUG (StartupInfoLogger.java:53)- Running with Spring Boot v2.1.3.RELEASE, Spring v5.1.5.RELEASE
2019-04-03 16:26:52,472 INFO (SpringApplication.java:675)- No active profile set, falling back to default profiles: default
2019-04-03 16:26:56,383 INFO (StartupInfoLogger.java:59)- Started FormDesignerApplication in 5.633 seconds (JVM running for 7.365)
2019-04-03 16:28:58,705 INFO (StartupInfoLogger.java:50)- Starting FormDesignerApplication on USER-20180713SF with PID 10292 (D:\IDEAWorkSpace\FormDesigner\target\classes started by Administrator in D:\IDEAWorkSpace\FormDesigner)
2019-04-03 16:28:58,710 DEBUG (StartupInfoLogger.java:53)- Running with Spring Boot v2.1.3.RELEASE, Spring v5.1.5.RELEASE
2019-04-03 16:28:58,711 INFO (SpringApplication.java:675)- No active profile set, falling back to default profiles: default
2019-04-03 16:29:02,391 INFO (StartupInfoLogger.java:59)- Started FormDesignerApplication in 5.349 seconds (JVM running for 6.941)
2019-04-03 16:29:20,992 INFO (StartupInfoLogger.java:50)- Starting FormDesignerApplication on USER-20180713SF with PID 13184 (D:\IDEAWorkSpace\FormDesigner\target\classes started by Administrator in D:\IDEAWorkSpace\FormDesigner)
2019-04-03 16:29:20,996 DEBUG (StartupInfoLogger.java:53)- Running with Spring Boot v2.1.3.RELEASE, Spring v5.1.5.RELEASE
2019-04-03 16:29:20,997 INFO (SpringApplication.java:675)- No active profile set, falling back to default profiles: default
2019-04-03 16:29:25,788 INFO (StartupInfoLogger.java:59)- Started FormDesignerApplication in 6.003 seconds (JVM running for 8.13)
2019-04-03 16:48:35,258 INFO (StartupInfoLogger.java:50)- Starting FormDesignerApplication on USER-20180713SF with PID 12644 (D:\IDEAWorkSpace\FormDesigner\target\classes started by Administrator in D:\IDEAWorkSpace\FormDesigner)
2019-04-03 16:48:35,271 DEBUG (StartupInfoLogger.java:53)- Running with Spring Boot v2.1.3.RELEASE, Spring v5.1.5.RELEASE
2019-04-03 16:48:35,276 INFO (SpringApplication.java:675)- No active profile set, falling back to default profiles: default
2019-04-03 16:48:40,028 INFO (StartupInfoLogger.java:59)- Started FormDesignerApplication in 5.839 seconds (JVM running for 7.206)
2019-04-03 16:49:56,621 INFO (StartupInfoLogger.java:50)- Starting FormDesignerApplication on USER-20180713SF with PID 8064 (D:\IDEAWorkSpace\FormDesigner\target\classes started by Administrator in D:\IDEAWorkSpace\FormDesigner)
2019-04-03 16:49:56,626 DEBUG (StartupInfoLogger.java:53)- Running with Spring Boot v2.1.3.RELEASE, Spring v5.1.5.RELEASE
2019-04-03 16:49:56,627 INFO (SpringApplication.java:675)- No active profile set, falling back to default profiles: default
2019-04-03 16:50:01,260 INFO (StartupInfoLogger.java:59)- Started FormDesignerApplication in 5.602 seconds (JVM running for 7.662)
2019-04-03 17:01:48,735 INFO (StartupInfoLogger.java:50)- Starting FormDesignerApplication on USER-20180713SF with PID 11200 (D:\IDEAWorkSpace\FormDesigner\target\classes started by Administrator in D:\IDEAWorkSpace\FormDesigner)
2019-04-03 17:01:48,739 DEBUG (StartupInfoLogger.java:53)- Running with Spring Boot v2.1.3.RELEASE, Spring v5.1.5.RELEASE
2019-04-03 17:01:48,740 INFO (SpringApplication.java:675)- No active profile set, falling back to default profiles: default
2019-04-03 17:01:52,270 INFO (StartupInfoLogger.java:59)- Started FormDesignerApplication in 4.77 seconds (JVM running for 6.178)
2019-04-03 17:03:14,369 INFO (StartupInfoLogger.java:50)- Starting FormDesignerApplication on USER-20180713SF with PID 12532 (D:\IDEAWorkSpace\FormDesigner\target\classes started by Administrator in D:\IDEAWorkSpace\FormDesigner)
2019-04-03 17:03:14,377 DEBUG (StartupInfoLogger.java:53)- Running with Spring Boot v2.1.3.RELEASE, Spring v5.1.5.RELEASE
2019-04-03 17:03:14,378 INFO (SpringApplication.java:675)- No active profile set, falling back to default profiles: default
2019-04-03 17:03:18,497 INFO (StartupInfoLogger.java:59)- Started FormDesignerApplication in 5.458 seconds (JVM running for 6.93)
2019-04-03 17:03:59,365 INFO (StartupInfoLogger.java:50)- Starting FormDesignerApplication on USER-20180713SF with PID 8344 (D:\IDEAWorkSpace\FormDesigner\target\classes started by Administrator in D:\IDEAWorkSpace\FormDesigner)
2019-04-03 17:03:59,371 DEBUG (StartupInfoLogger.java:53)- Running with Spring Boot v2.1.3.RELEASE, Spring v5.1.5.RELEASE
2019-04-03 17:03:59,372 INFO (SpringApplication.java:675)- No active profile set, falling back to default profiles: default
2019-04-03 17:04:03,824 INFO (StartupInfoLogger.java:59)- Started FormDesignerApplication in 5.808 seconds (JVM running for 7.417)
2019-04-03 17:08:56,365 INFO (StartupInfoLogger.java:50)- Starting FormDesignerApplication on USER-20180713SF with PID 13088 (D:\IDEAWorkSpace\FormDesigner\target\classes started by Administrator in D:\IDEAWorkSpace\FormDesigner)
2019-04-03 17:08:56,370 DEBUG (StartupInfoLogger.java:53)- Running with Spring Boot v2.1.3.RELEASE, Spring v5.1.5.RELEASE
2019-04-03 17:08:56,371 INFO (SpringApplication.java:675)- No active profile set, falling back to default profiles: default
2019-04-03 17:09:00,561 INFO (StartupInfoLogger.java:59)- Started FormDesignerApplication in 6.44 seconds (JVM running for 8.291)
2019-04-03 17:09:45,583 INFO (StartupInfoLogger.java:50)- Starting FormDesignerApplication on USER-20180713SF with PID 9748 (D:\IDEAWorkSpace\FormDesigner\target\classes started by Administrator in D:\IDEAWorkSpace\FormDesigner)
2019-04-03 17:09:45,583 DEBUG (StartupInfoLogger.java:53)- Running with Spring Boot v2.1.3.RELEASE, Spring v5.1.5.RELEASE
2019-04-03 17:09:45,585 INFO (SpringApplication.java:675)- No active profile set, falling back to default profiles: default
2019-04-03 17:09:49,913 INFO (StartupInfoLogger.java:59)- Started FormDesignerApplication in 5.494 seconds (JVM running for 6.948)
2019-04-03 17:12:38,510 INFO (StartupInfoLogger.java:50)- Starting FormDesignerApplication on USER-20180713SF with PID 12248 (D:\IDEAWorkSpace\FormDesigner\target\classes started by Administrator in D:\IDEAWorkSpace\FormDesigner)
2019-04-03 17:12:38,555 DEBUG (StartupInfoLogger.java:53)- Running with Spring Boot v2.1.3.RELEASE, Spring v5.1.5.RELEASE
2019-04-03 17:12:38,557 INFO (SpringApplication.java:675)- No active profile set, falling back to default profiles: default
2019-04-03 17:12:42,646 INFO (StartupInfoLogger.java:59)- Started FormDesignerApplication in 5.079 seconds (JVM running for 6.582)
2019-04-03 17:13:19,770 INFO (StartupInfoLogger.java:50)- Starting FormDesignerApplication on USER-20180713SF with PID 12564 (D:\IDEAWorkSpace\FormDesigner\target\classes started by Administrator in D:\IDEAWorkSpace\FormDesigner)
2019-04-03 17:13:19,781 DEBUG (StartupInfoLogger.java:53)- Running with Spring Boot v2.1.3.RELEASE, Spring v5.1.5.RELEASE
2019-04-03 17:13:19,783 INFO (SpringApplication.java:675)- No active profile set, falling back to default profiles: default
2019-04-03 17:13:24,098 INFO (StartupInfoLogger.java:59)- Started FormDesignerApplication in 5.46 seconds (JVM running for 7.302)
2019-04-03 17:37:17,781 INFO (StartupInfoLogger.java:50)- Starting FormDesignerApplication on USER-20180713SF with PID 5460 (D:\IDEAWorkSpace\FormDesigner\target\classes started by Administrator in D:\IDEAWorkSpace\FormDesigner)
2019-04-03 17:37:17,787 DEBUG (StartupInfoLogger.java:53)- Running with Spring Boot v2.1.3.RELEASE, Spring v5.1.5.RELEASE
2019-04-03 17:37:17,788 INFO (SpringApplication.java:675)- No active profile set, falling back to default profiles: default
2019-04-03 17:37:21,655 INFO (StartupInfoLogger.java:59)- Started FormDesignerApplication in 4.699 seconds (JVM running for 6.285)
2019-04-03 17:40:20,051 INFO (StartupInfoLogger.java:50)- Starting FormDesignerApplication on USER-20180713SF with PID 9616 (D:\IDEAWorkSpace\FormDesigner\target\classes started by Administrator in D:\IDEAWorkSpace\FormDesigner)
2019-04-03 17:40:20,056 DEBUG (StartupInfoLogger.java:53)- Running with Spring Boot v2.1.3.RELEASE, Spring v5.1.5.RELEASE
2019-04-03 17:40:20,057 INFO (SpringApplication.java:675)- No active profile set, falling back to default profiles: default
2019-04-03 17:40:23,964 INFO (StartupInfoLogger.java:59)- Started FormDesignerApplication in 4.963 seconds (JVM running for 6.611)
2019-04-03 17:43:52,575 INFO (StartupInfoLogger.java:50)- Starting FormDesignerApplication on USER-20180713SF with PID 12668 (D:\IDEAWorkSpace\FormDesigner\target\classes started by Administrator in D:\IDEAWorkSpace\FormDesigner)
2019-04-03 17:43:52,580 DEBUG (StartupInfoLogger.java:53)- Running with Spring Boot v2.1.3.RELEASE, Spring v5.1.5.RELEASE
2019-04-03 17:43:52,581 INFO (SpringApplication.java:675)- No active profile set, falling back to default profiles: default
2019-04-03 17:43:56,109 INFO (StartupInfoLogger.java:59)- Started FormDesignerApplication in 4.803 seconds (JVM running for 6.295)
2019-04-03 17:45:49,551 INFO (StartupInfoLogger.java:50)- Starting FormDesignerApplication on USER-20180713SF with PID 12884 (D:\IDEAWorkSpace\FormDesigner\target\classes started by Administrator in D:\IDEAWorkSpace\FormDesigner)
2019-04-03 17:45:49,556 DEBUG (StartupInfoLogger.java:53)- Running with Spring Boot v2.1.3.RELEASE, Spring v5.1.5.RELEASE
2019-04-03 17:45:49,557 INFO (SpringApplication.java:675)- No active profile set, falling back to default profiles: default
2019-04-03 17:45:53,300 INFO (StartupInfoLogger.java:59)- Started FormDesignerApplication in 4.814 seconds (JVM running for 6.363)
