2019-05-06 09:22:24,936 INFO (StartupInfoLogger.java:50)- Starting FormDesignerApplication on USER-20180713SF with PID 6500 (E:\Desktop\FormDesigner\target\classes started by Administrator in E:\Desktop\FormDesigner)
2019-05-06 09:22:25,010 DEBUG (StartupInfoLogger.java:53)- Running with Spring Boot v2.1.3.RELEASE, Spring v5.1.5.RELEASE
2019-05-06 09:22:25,011 INFO (SpringApplication.java:675)- No active profile set, falling back to default profiles: default
2019-05-06 09:22:34,349 INFO (StartupInfoLogger.java:59)- Started FormDesignerApplication in 11.877 seconds (JVM running for 20.661)
2019-05-06 13:31:57,178 INFO (StartupInfoLogger.java:50)- Starting FormDesignerApplication on USER-20180713SF with PID 7308 (E:\Desktop\FormDesigner\target\classes started by Administrator in E:\Desktop\FormDesigner)
2019-05-06 13:31:57,185 DEBUG (StartupInfoLogger.java:53)- Running with Spring Boot v2.1.3.RELEASE, Spring v5.1.5.RELEASE
2019-05-06 13:31:57,186 INFO (SpringApplication.java:675)- No active profile set, falling back to default profiles: default
2019-05-06 13:32:02,351 INFO (StartupInfoLogger.java:59)- Started FormDesignerApplication in 6.072 seconds (JVM running for 11.026)
2019-05-06 17:07:53,981 INFO (StartupInfoLogger.java:50)- Starting FormDesignerApplication on USER-20180713SF with PID 11716 (E:\Desktop\FormDesigner\target\classes started by Administrator in E:\Desktop\FormDesigner)
2019-05-06 17:07:53,985 DEBUG (StartupInfoLogger.java:53)- Running with Spring Boot v2.1.3.RELEASE, Spring v5.1.5.RELEASE
2019-05-06 17:07:53,986 INFO (SpringApplication.java:675)- No active profile set, falling back to default profiles: default
2019-05-06 17:07:57,699 INFO (StartupInfoLogger.java:59)- Started FormDesignerApplication in 4.406 seconds (JVM running for 8.797)
2019-05-06 17:25:13,101 INFO (StartupInfoLogger.java:50)- Starting FormDesignerApplication on USER-20180713SF with PID 8848 (E:\Desktop\FormDesigner\target\classes started by Administrator in E:\Desktop\FormDesigner)
2019-05-06 17:25:13,105 DEBUG (StartupInfoLogger.java:53)- Running with Spring Boot v2.1.3.RELEASE, Spring v5.1.5.RELEASE
2019-05-06 17:25:13,106 INFO (SpringApplication.java:675)- No active profile set, falling back to default profiles: default
2019-05-06 17:25:27,531 INFO (StartupInfoLogger.java:50)- Starting FormDesignerApplication on USER-20180713SF with PID 11796 (E:\Desktop\FormDesigner\target\classes started by Administrator in E:\Desktop\FormDesigner)
2019-05-06 17:25:27,535 DEBUG (StartupInfoLogger.java:53)- Running with Spring Boot v2.1.3.RELEASE, Spring v5.1.5.RELEASE
2019-05-06 17:25:27,536 INFO (SpringApplication.java:675)- No active profile set, falling back to default profiles: default
2019-05-06 17:25:31,394 INFO (StartupInfoLogger.java:59)- Started FormDesignerApplication in 5.685 seconds (JVM running for 7.59)
2019-05-06 17:29:09,706 INFO (StartupInfoLogger.java:50)- Starting FormDesignerApplicationTests on USER-20180713SF with PID 11936 (started by Administrator in E:\Desktop\FormDesigner)
2019-05-06 17:29:09,708 DEBUG (StartupInfoLogger.java:53)- Running with Spring Boot v2.1.3.RELEASE, Spring v5.1.5.RELEASE
2019-05-06 17:29:09,709 INFO (SpringApplication.java:675)- No active profile set, falling back to default profiles: default
2019-05-06 17:29:16,176 INFO (StartupInfoLogger.java:59)- Started FormDesignerApplicationTests in 7.35 seconds (JVM running for 8.559)
