2019-04-23 09:22:49,382 INFO (StartupInfoLogger.java:50)- Starting FormDesignerApplication on USER-20180713SF with PID 1312 (C:\Users\Administrator\Desktop\FormDesigner\target\classes started by Administrator in C:\Users\Administrator\Desktop\FormDesigner)
2019-04-23 09:22:49,502 DEBUG (StartupInfoLogger.java:53)- Running with Spring Boot v2.1.3.RELEASE, Spring v5.1.5.RELEASE
2019-04-23 09:22:49,503 INFO (SpringApplication.java:675)- No active profile set, falling back to default profiles: default
2019-04-23 09:23:14,624 INFO (StartupInfoLogger.java:59)- Started FormDesignerApplication in 34.778 seconds (JVM running for 45.36)
2019-04-23 09:24:44,920 INFO (StartupInfoLogger.java:50)- Starting FormDesignerApplication on USER-20180713SF with PID 6064 (C:\Users\Administrator\Desktop\FormDesigner\target\classes started by Administrator in C:\Users\Administrator\Desktop\FormDesigner)
2019-04-23 09:24:44,930 DEBUG (StartupInfoLogger.java:53)- Running with Spring Boot v2.1.3.RELEASE, Spring v5.1.5.RELEASE
2019-04-23 09:24:44,931 INFO (SpringApplication.java:675)- No active profile set, falling back to default profiles: default
2019-04-23 09:24:48,797 INFO (StartupInfoLogger.java:59)- Started FormDesignerApplication in 4.948 seconds (JVM running for 7.437)
2019-04-23 09:25:02,488 INFO (StartupInfoLogger.java:50)- Starting FormDesignerApplication on USER-20180713SF with PID 5980 (C:\Users\Administrator\Desktop\FormDesigner\target\classes started by Administrator in C:\Users\Administrator\Desktop\FormDesigner)
2019-04-23 09:25:02,494 DEBUG (StartupInfoLogger.java:53)- Running with Spring Boot v2.1.3.RELEASE, Spring v5.1.5.RELEASE
2019-04-23 09:25:02,494 INFO (SpringApplication.java:675)- No active profile set, falling back to default profiles: default
2019-04-23 09:25:06,314 INFO (StartupInfoLogger.java:59)- Started FormDesignerApplication in 5.563 seconds (JVM running for 7.276)
2019-04-23 09:37:14,702 INFO (StartupInfoLogger.java:50)- Starting FormDesignerApplication on USER-20180713SF with PID 5324 (C:\Users\Administrator\Desktop\FormDesigner\target\classes started by Administrator in C:\Users\Administrator\Desktop\FormDesigner)
2019-04-23 09:37:14,707 DEBUG (StartupInfoLogger.java:53)- Running with Spring Boot v2.1.3.RELEASE, Spring v5.1.5.RELEASE
2019-04-23 09:37:14,707 INFO (SpringApplication.java:675)- No active profile set, falling back to default profiles: default
2019-04-23 09:37:19,823 INFO (StartupInfoLogger.java:59)- Started FormDesignerApplication in 5.902 seconds (JVM running for 8.22)
2019-04-23 09:38:04,282 INFO (StartupInfoLogger.java:50)- Starting FormDesignerApplication on USER-20180713SF with PID 6720 (C:\Users\Administrator\Desktop\FormDesigner\target\classes started by Administrator in C:\Users\Administrator\Desktop\FormDesigner)
2019-04-23 09:38:04,296 DEBUG (StartupInfoLogger.java:53)- Running with Spring Boot v2.1.3.RELEASE, Spring v5.1.5.RELEASE
2019-04-23 09:38:04,297 INFO (SpringApplication.java:675)- No active profile set, falling back to default profiles: default
2019-04-23 09:38:08,561 INFO (StartupInfoLogger.java:59)- Started FormDesignerApplication in 5.293 seconds (JVM running for 7.793)
2019-04-23 09:38:45,238 INFO (StartupInfoLogger.java:50)- Starting FormDesignerApplication on USER-20180713SF with PID 6092 (C:\Users\Administrator\Desktop\FormDesigner\target\classes started by Administrator in C:\Users\Administrator\Desktop\FormDesigner)
2019-04-23 09:38:45,243 DEBUG (StartupInfoLogger.java:53)- Running with Spring Boot v2.1.3.RELEASE, Spring v5.1.5.RELEASE
2019-04-23 09:38:45,245 INFO (SpringApplication.java:675)- No active profile set, falling back to default profiles: default
2019-04-23 09:38:49,836 INFO (StartupInfoLogger.java:59)- Started FormDesignerApplication in 5.465 seconds (JVM running for 7.077)
2019-04-23 09:47:58,640 INFO (StartupInfoLogger.java:50)- Starting FormDesignerApplication on USER-20180713SF with PID 2952 (C:\Users\Administrator\Desktop\FormDesigner\target\classes started by Administrator in C:\Users\Administrator\Desktop\FormDesigner)
2019-04-23 09:47:58,646 DEBUG (StartupInfoLogger.java:53)- Running with Spring Boot v2.1.3.RELEASE, Spring v5.1.5.RELEASE
2019-04-23 09:47:58,647 INFO (SpringApplication.java:675)- No active profile set, falling back to default profiles: default
2019-04-23 09:48:02,490 INFO (StartupInfoLogger.java:59)- Started FormDesignerApplication in 5.196 seconds (JVM running for 6.599)
2019-04-23 09:59:43,556 INFO (StartupInfoLogger.java:50)- Starting FormDesignerApplication on USER-20180713SF with PID 976 (C:\Users\Administrator\Desktop\FormDesigner\target\classes started by Administrator in C:\Users\Administrator\Desktop\FormDesigner)
2019-04-23 09:59:43,561 DEBUG (StartupInfoLogger.java:53)- Running with Spring Boot v2.1.3.RELEASE, Spring v5.1.5.RELEASE
2019-04-23 09:59:43,562 INFO (SpringApplication.java:675)- No active profile set, falling back to default profiles: default
2019-04-23 09:59:50,009 INFO (StartupInfoLogger.java:59)- Started FormDesignerApplication in 7.694 seconds (JVM running for 9.136)
2019-04-23 10:00:34,281 INFO (StartupInfoLogger.java:50)- Starting FormDesignerApplication on USER-20180713SF with PID 6828 (C:\Users\Administrator\Desktop\FormDesigner\target\classes started by Administrator in C:\Users\Administrator\Desktop\FormDesigner)
2019-04-23 10:00:34,286 DEBUG (StartupInfoLogger.java:53)- Running with Spring Boot v2.1.3.RELEASE, Spring v5.1.5.RELEASE
2019-04-23 10:00:34,286 INFO (SpringApplication.java:675)- No active profile set, falling back to default profiles: default
2019-04-23 10:00:38,444 INFO (StartupInfoLogger.java:59)- Started FormDesignerApplication in 5.478 seconds (JVM running for 7.914)
2019-04-23 10:06:58,376 INFO (StartupInfoLogger.java:50)- Starting FormDesignerApplication on USER-20180713SF with PID 4576 (C:\Users\Administrator\Desktop\FormDesigner\target\classes started by Administrator in C:\Users\Administrator\Desktop\FormDesigner)
2019-04-23 10:06:58,380 DEBUG (StartupInfoLogger.java:53)- Running with Spring Boot v2.1.3.RELEASE, Spring v5.1.5.RELEASE
2019-04-23 10:06:58,381 INFO (SpringApplication.java:675)- No active profile set, falling back to default profiles: default
2019-04-23 10:07:26,198 INFO (StartupInfoLogger.java:50)- Starting FormDesignerApplication on USER-20180713SF with PID 6420 (C:\Users\Administrator\Desktop\FormDesigner\target\classes started by Administrator in C:\Users\Administrator\Desktop\FormDesigner)
2019-04-23 10:07:26,204 DEBUG (StartupInfoLogger.java:53)- Running with Spring Boot v2.1.3.RELEASE, Spring v5.1.5.RELEASE
2019-04-23 10:07:26,205 INFO (SpringApplication.java:675)- No active profile set, falling back to default profiles: default
2019-04-23 10:07:30,246 INFO (StartupInfoLogger.java:59)- Started FormDesignerApplication in 5.106 seconds (JVM running for 7.133)
2019-04-23 10:21:23,648 INFO (StartupInfoLogger.java:50)- Starting FormDesignerApplication on USER-20180713SF with PID 880 (C:\Users\Administrator\Desktop\FormDesigner\target\classes started by Administrator in C:\Users\Administrator\Desktop\FormDesigner)
2019-04-23 10:21:23,655 DEBUG (StartupInfoLogger.java:53)- Running with Spring Boot v2.1.3.RELEASE, Spring v5.1.5.RELEASE
2019-04-23 10:21:23,656 INFO (SpringApplication.java:675)- No active profile set, falling back to default profiles: default
2019-04-23 10:21:27,529 INFO (StartupInfoLogger.java:59)- Started FormDesignerApplication in 5.05 seconds (JVM running for 6.512)
2019-04-23 10:22:13,359 INFO (StartupInfoLogger.java:50)- Starting FormDesignerApplication on USER-20180713SF with PID 4784 (C:\Users\Administrator\Desktop\FormDesigner\target\classes started by Administrator in C:\Users\Administrator\Desktop\FormDesigner)
2019-04-23 10:22:13,365 DEBUG (StartupInfoLogger.java:53)- Running with Spring Boot v2.1.3.RELEASE, Spring v5.1.5.RELEASE
2019-04-23 10:22:13,366 INFO (SpringApplication.java:675)- No active profile set, falling back to default profiles: default
2019-04-23 10:22:17,809 INFO (StartupInfoLogger.java:59)- Started FormDesignerApplication in 5.988 seconds (JVM running for 7.786)
2019-04-23 10:30:33,781 INFO (StartupInfoLogger.java:50)- Starting FormDesignerApplication on USER-20180713SF with PID 2716 (C:\Users\Administrator\Desktop\FormDesigner\target\classes started by Administrator in C:\Users\Administrator\Desktop\FormDesigner)
2019-04-23 10:30:33,786 DEBUG (StartupInfoLogger.java:53)- Running with Spring Boot v2.1.3.RELEASE, Spring v5.1.5.RELEASE
2019-04-23 10:30:33,787 INFO (SpringApplication.java:675)- No active profile set, falling back to default profiles: default
2019-04-23 10:30:37,873 INFO (StartupInfoLogger.java:59)- Started FormDesignerApplication in 5.129 seconds (JVM running for 6.564)
2019-04-23 10:31:43,695 INFO (StartupInfoLogger.java:50)- Starting FormDesignerApplication on USER-20180713SF with PID 8752 (C:\Users\Administrator\Desktop\FormDesigner\target\classes started by Administrator in C:\Users\Administrator\Desktop\FormDesigner)
2019-04-23 10:31:43,700 DEBUG (StartupInfoLogger.java:53)- Running with Spring Boot v2.1.3.RELEASE, Spring v5.1.5.RELEASE
2019-04-23 10:31:43,700 INFO (SpringApplication.java:675)- No active profile set, falling back to default profiles: default
2019-04-23 10:31:48,378 INFO (StartupInfoLogger.java:59)- Started FormDesignerApplication in 7.026 seconds (JVM running for 9.058)
2019-04-23 10:35:07,476 INFO (StartupInfoLogger.java:50)- Starting FormDesignerApplication on USER-20180713SF with PID 3940 (C:\Users\Administrator\Desktop\FormDesigner\target\classes started by Administrator in C:\Users\Administrator\Desktop\FormDesigner)
2019-04-23 10:35:07,481 DEBUG (StartupInfoLogger.java:53)- Running with Spring Boot v2.1.3.RELEASE, Spring v5.1.5.RELEASE
2019-04-23 10:35:07,482 INFO (SpringApplication.java:675)- No active profile set, falling back to default profiles: default
2019-04-23 10:35:11,877 INFO (StartupInfoLogger.java:59)- Started FormDesignerApplication in 5.333 seconds (JVM running for 6.908)
2019-04-23 10:45:21,341 INFO (StartupInfoLogger.java:50)- Starting FormDesignerApplication on USER-20180713SF with PID 8564 (C:\Users\Administrator\Desktop\FormDesigner\target\classes started by Administrator in C:\Users\Administrator\Desktop\FormDesigner)
2019-04-23 10:45:21,346 DEBUG (StartupInfoLogger.java:53)- Running with Spring Boot v2.1.3.RELEASE, Spring v5.1.5.RELEASE
2019-04-23 10:45:21,347 INFO (SpringApplication.java:675)- No active profile set, falling back to default profiles: default
2019-04-23 10:45:25,386 INFO (StartupInfoLogger.java:59)- Started FormDesignerApplication in 5.238 seconds (JVM running for 6.702)
2019-04-23 11:13:32,461 INFO (StartupInfoLogger.java:50)- Starting FormDesignerApplication on USER-20180713SF with PID 10064 (C:\Users\Administrator\Desktop\FormDesigner\target\classes started by Administrator in C:\Users\Administrator\Desktop\FormDesigner)
2019-04-23 11:13:32,465 DEBUG (StartupInfoLogger.java:53)- Running with Spring Boot v2.1.3.RELEASE, Spring v5.1.5.RELEASE
2019-04-23 11:13:32,466 INFO (SpringApplication.java:675)- No active profile set, falling back to default profiles: default
2019-04-23 11:15:21,533 INFO (StartupInfoLogger.java:50)- Starting FormDesignerApplication on USER-20180713SF with PID 2292 (C:\Users\Administrator\Desktop\FormDesigner\target\classes started by Administrator in C:\Users\Administrator\Desktop\FormDesigner)
2019-04-23 11:15:21,537 DEBUG (StartupInfoLogger.java:53)- Running with Spring Boot v2.1.3.RELEASE, Spring v5.1.5.RELEASE
2019-04-23 11:15:21,539 INFO (SpringApplication.java:675)- No active profile set, falling back to default profiles: default
2019-04-23 11:15:25,736 INFO (StartupInfoLogger.java:59)- Started FormDesignerApplication in 5.466 seconds (JVM running for 6.999)
2019-04-23 13:33:14,153 INFO (StartupInfoLogger.java:50)- Starting FormDesignerApplication on USER-20180713SF with PID 7328 (C:\Users\Administrator\Desktop\FormDesigner\target\classes started by Administrator in C:\Users\Administrator\Desktop\FormDesigner)
2019-04-23 13:33:14,159 DEBUG (StartupInfoLogger.java:53)- Running with Spring Boot v2.1.3.RELEASE, Spring v5.1.5.RELEASE
2019-04-23 13:33:14,160 INFO (SpringApplication.java:675)- No active profile set, falling back to default profiles: default
2019-04-23 13:33:18,618 INFO (StartupInfoLogger.java:59)- Started FormDesignerApplication in 5.988 seconds (JVM running for 7.529)
2019-04-23 13:36:39,651 INFO (StartupInfoLogger.java:50)- Starting FormDesignerApplication on USER-20180713SF with PID 9292 (C:\Users\Administrator\Desktop\FormDesigner\target\classes started by Administrator in C:\Users\Administrator\Desktop\FormDesigner)
2019-04-23 13:36:39,656 DEBUG (StartupInfoLogger.java:53)- Running with Spring Boot v2.1.3.RELEASE, Spring v5.1.5.RELEASE
2019-04-23 13:36:39,657 INFO (SpringApplication.java:675)- No active profile set, falling back to default profiles: default
2019-04-23 13:36:43,494 INFO (StartupInfoLogger.java:59)- Started FormDesignerApplication in 5.151 seconds (JVM running for 6.554)
2019-04-23 14:22:48,694 INFO (StartupInfoLogger.java:50)- Starting FormDesignerApplication on USER-20180713SF with PID 5220 (C:\Users\Administrator\Desktop\FormDesigner\target\classes started by Administrator in C:\Users\Administrator\Desktop\FormDesigner)
2019-04-23 14:22:48,700 DEBUG (StartupInfoLogger.java:53)- Running with Spring Boot v2.1.3.RELEASE, Spring v5.1.5.RELEASE
2019-04-23 14:22:48,701 INFO (SpringApplication.java:675)- No active profile set, falling back to default profiles: default
2019-04-23 14:22:52,807 INFO (StartupInfoLogger.java:59)- Started FormDesignerApplication in 5.306 seconds (JVM running for 6.776)
2019-04-23 15:18:07,586 INFO (StartupInfoLogger.java:50)- Starting FormDesignerApplication on USER-20180713SF with PID 5956 (C:\Users\Administrator\Desktop\FormDesigner\target\classes started by Administrator in C:\Users\Administrator\Desktop\FormDesigner)
2019-04-23 15:18:07,628 DEBUG (StartupInfoLogger.java:53)- Running with Spring Boot v2.1.3.RELEASE, Spring v5.1.5.RELEASE
2019-04-23 15:18:07,629 INFO (SpringApplication.java:675)- No active profile set, falling back to default profiles: default
2019-04-23 15:18:11,696 INFO (StartupInfoLogger.java:59)- Started FormDesignerApplication in 5.567 seconds (JVM running for 6.972)
2019-04-23 15:49:51,843 INFO (StartupInfoLogger.java:50)- Starting FormDesignerApplication on USER-20180713SF with PID 10820 (C:\Users\Administrator\Desktop\FormDesigner\target\classes started by Administrator in C:\Users\Administrator\Desktop\FormDesigner)
2019-04-23 15:49:51,848 DEBUG (StartupInfoLogger.java:53)- Running with Spring Boot v2.1.3.RELEASE, Spring v5.1.5.RELEASE
2019-04-23 15:49:51,849 INFO (SpringApplication.java:675)- No active profile set, falling back to default profiles: default
2019-04-23 15:49:56,164 INFO (StartupInfoLogger.java:59)- Started FormDesignerApplication in 5.487 seconds (JVM running for 6.883)
2019-04-23 15:56:00,551 INFO (StartupInfoLogger.java:50)- Starting FormDesignerApplication on USER-20180713SF with PID 10772 (C:\Users\Administrator\Desktop\FormDesigner\target\classes started by Administrator in C:\Users\Administrator\Desktop\FormDesigner)
2019-04-23 15:56:00,557 DEBUG (StartupInfoLogger.java:53)- Running with Spring Boot v2.1.3.RELEASE, Spring v5.1.5.RELEASE
2019-04-23 15:56:00,558 INFO (SpringApplication.java:675)- No active profile set, falling back to default profiles: default
2019-04-23 15:56:04,998 INFO (StartupInfoLogger.java:59)- Started FormDesignerApplication in 5.996 seconds (JVM running for 7.492)
2019-04-23 15:57:43,063 INFO (StartupInfoLogger.java:50)- Starting FormDesignerApplication on USER-20180713SF with PID 1924 (C:\Users\Administrator\Desktop\FormDesigner\target\classes started by Administrator in C:\Users\Administrator\Desktop\FormDesigner)
2019-04-23 15:57:43,068 DEBUG (StartupInfoLogger.java:53)- Running with Spring Boot v2.1.3.RELEASE, Spring v5.1.5.RELEASE
2019-04-23 15:57:43,069 INFO (SpringApplication.java:675)- No active profile set, falling back to default profiles: default
2019-04-23 15:57:47,658 INFO (StartupInfoLogger.java:59)- Started FormDesignerApplication in 5.583 seconds (JVM running for 7.087)
2019-04-23 15:59:06,662 INFO (StartupInfoLogger.java:50)- Starting FormDesignerApplication on USER-20180713SF with PID 8092 (C:\Users\Administrator\Desktop\FormDesigner\target\classes started by Administrator in C:\Users\Administrator\Desktop\FormDesigner)
2019-04-23 15:59:06,669 DEBUG (StartupInfoLogger.java:53)- Running with Spring Boot v2.1.3.RELEASE, Spring v5.1.5.RELEASE
2019-04-23 15:59:06,670 INFO (SpringApplication.java:675)- No active profile set, falling back to default profiles: default
2019-04-23 15:59:11,051 INFO (StartupInfoLogger.java:59)- Started FormDesignerApplication in 5.549 seconds (JVM running for 6.966)
2019-04-23 16:00:12,888 INFO (StartupInfoLogger.java:50)- Starting FormDesignerApplication on USER-20180713SF with PID 5860 (C:\Users\Administrator\Desktop\FormDesigner\target\classes started by Administrator in C:\Users\Administrator\Desktop\FormDesigner)
2019-04-23 16:00:12,892 DEBUG (StartupInfoLogger.java:53)- Running with Spring Boot v2.1.3.RELEASE, Spring v5.1.5.RELEASE
2019-04-23 16:00:12,893 INFO (SpringApplication.java:675)- No active profile set, falling back to default profiles: default
2019-04-23 16:00:17,573 INFO (StartupInfoLogger.java:59)- Started FormDesignerApplication in 5.992 seconds (JVM running for 7.629)
2019-04-23 16:01:09,683 INFO (StartupInfoLogger.java:50)- Starting FormDesignerApplication on USER-20180713SF with PID 10656 (C:\Users\Administrator\Desktop\FormDesigner\target\classes started by Administrator in C:\Users\Administrator\Desktop\FormDesigner)
2019-04-23 16:01:09,689 DEBUG (StartupInfoLogger.java:53)- Running with Spring Boot v2.1.3.RELEASE, Spring v5.1.5.RELEASE
2019-04-23 16:01:09,690 INFO (SpringApplication.java:675)- No active profile set, falling back to default profiles: default
2019-04-23 16:01:14,340 INFO (StartupInfoLogger.java:59)- Started FormDesignerApplication in 5.739 seconds (JVM running for 7.549)
2019-04-23 16:02:04,969 INFO (StartupInfoLogger.java:50)- Starting FormDesignerApplication on USER-20180713SF with PID 6044 (C:\Users\Administrator\Desktop\FormDesigner\target\classes started by Administrator in C:\Users\Administrator\Desktop\FormDesigner)
2019-04-23 16:02:04,974 DEBUG (StartupInfoLogger.java:53)- Running with Spring Boot v2.1.3.RELEASE, Spring v5.1.5.RELEASE
2019-04-23 16:02:04,975 INFO (SpringApplication.java:675)- No active profile set, falling back to default profiles: default
2019-04-23 16:02:09,259 INFO (StartupInfoLogger.java:59)- Started FormDesignerApplication in 5.316 seconds (JVM running for 6.988)
2019-04-23 16:02:19,463 INFO (StartupInfoLogger.java:50)- Starting FormDesignerApplication on USER-20180713SF with PID 3220 (C:\Users\Administrator\Desktop\FormDesigner\target\classes started by Administrator in C:\Users\Administrator\Desktop\FormDesigner)
2019-04-23 16:02:19,469 DEBUG (StartupInfoLogger.java:53)- Running with Spring Boot v2.1.3.RELEASE, Spring v5.1.5.RELEASE
2019-04-23 16:02:19,470 INFO (SpringApplication.java:675)- No active profile set, falling back to default profiles: default
2019-04-23 16:02:23,697 INFO (StartupInfoLogger.java:59)- Started FormDesignerApplication in 5.125 seconds (JVM running for 6.978)
2019-04-23 16:19:50,857 INFO (StartupInfoLogger.java:50)- Starting FormDesignerApplication on USER-20180713SF with PID 6100 (C:\Users\Administrator\Desktop\FormDesigner\target\classes started by Administrator in C:\Users\Administrator\Desktop\FormDesigner)
2019-04-23 16:19:50,862 DEBUG (StartupInfoLogger.java:53)- Running with Spring Boot v2.1.3.RELEASE, Spring v5.1.5.RELEASE
2019-04-23 16:19:50,863 INFO (SpringApplication.java:675)- No active profile set, falling back to default profiles: default
2019-04-23 16:19:55,576 INFO (StartupInfoLogger.java:59)- Started FormDesignerApplication in 5.743 seconds (JVM running for 7.286)
2019-04-23 16:22:06,912 INFO (StartupInfoLogger.java:50)- Starting FormDesignerApplication on USER-20180713SF with PID 6540 (C:\Users\Administrator\Desktop\FormDesigner\target\classes started by Administrator in C:\Users\Administrator\Desktop\FormDesigner)
2019-04-23 16:22:06,918 DEBUG (StartupInfoLogger.java:53)- Running with Spring Boot v2.1.3.RELEASE, Spring v5.1.5.RELEASE
2019-04-23 16:22:06,919 INFO (SpringApplication.java:675)- No active profile set, falling back to default profiles: default
2019-04-23 16:22:11,772 INFO (StartupInfoLogger.java:59)- Started FormDesignerApplication in 6.025 seconds (JVM running for 7.583)
2019-04-23 16:47:25,707 INFO (StartupInfoLogger.java:50)- Starting FormDesignerApplication on USER-20180713SF with PID 4248 (C:\Users\Administrator\Desktop\FormDesigner\target\classes started by Administrator in C:\Users\Administrator\Desktop\FormDesigner)
2019-04-23 16:47:25,712 DEBUG (StartupInfoLogger.java:53)- Running with Spring Boot v2.1.3.RELEASE, Spring v5.1.5.RELEASE
2019-04-23 16:47:25,713 INFO (SpringApplication.java:675)- No active profile set, falling back to default profiles: default
2019-04-23 16:47:29,863 INFO (StartupInfoLogger.java:59)- Started FormDesignerApplication in 5.422 seconds (JVM running for 6.824)
2019-04-23 16:51:02,024 INFO (StartupInfoLogger.java:50)- Starting FormDesignerApplication on USER-20180713SF with PID 10064 (C:\Users\Administrator\Desktop\FormDesigner\target\classes started by Administrator in C:\Users\Administrator\Desktop\FormDesigner)
2019-04-23 16:51:02,029 DEBUG (StartupInfoLogger.java:53)- Running with Spring Boot v2.1.3.RELEASE, Spring v5.1.5.RELEASE
2019-04-23 16:51:02,030 INFO (SpringApplication.java:675)- No active profile set, falling back to default profiles: default
2019-04-23 16:51:06,406 INFO (StartupInfoLogger.java:59)- Started FormDesignerApplication in 5.703 seconds (JVM running for 7.36)
2019-04-23 17:06:35,406 INFO (StartupInfoLogger.java:50)- Starting FormDesignerApplication on USER-20180713SF with PID 5248 (C:\Users\Administrator\Desktop\FormDesigner\target\classes started by Administrator in C:\Users\Administrator\Desktop\FormDesigner)
2019-04-23 17:06:35,411 DEBUG (StartupInfoLogger.java:53)- Running with Spring Boot v2.1.3.RELEASE, Spring v5.1.5.RELEASE
2019-04-23 17:06:35,412 INFO (SpringApplication.java:675)- No active profile set, falling back to default profiles: default
2019-04-23 17:06:39,709 INFO (StartupInfoLogger.java:59)- Started FormDesignerApplication in 5.465 seconds (JVM running for 6.969)
2019-04-23 17:07:19,969 INFO (StartupInfoLogger.java:50)- Starting FormDesignerApplication on USER-20180713SF with PID 11016 (C:\Users\Administrator\Desktop\FormDesigner\target\classes started by Administrator in C:\Users\Administrator\Desktop\FormDesigner)
2019-04-23 17:07:19,974 DEBUG (StartupInfoLogger.java:53)- Running with Spring Boot v2.1.3.RELEASE, Spring v5.1.5.RELEASE
2019-04-23 17:07:19,975 INFO (SpringApplication.java:675)- No active profile set, falling back to default profiles: default
2019-04-23 17:07:24,082 INFO (StartupInfoLogger.java:59)- Started FormDesignerApplication in 5.1 seconds (JVM running for 6.684)
2019-04-23 17:19:48,288 INFO (StartupInfoLogger.java:50)- Starting FormDesignerApplication on USER-20180713SF with PID 3064 (C:\Users\Administrator\Desktop\FormDesigner\target\classes started by Administrator in C:\Users\Administrator\Desktop\FormDesigner)
2019-04-23 17:19:48,294 DEBUG (StartupInfoLogger.java:53)- Running with Spring Boot v2.1.3.RELEASE, Spring v5.1.5.RELEASE
2019-04-23 17:19:48,295 INFO (SpringApplication.java:675)- No active profile set, falling back to default profiles: default
2019-04-23 17:19:52,787 INFO (StartupInfoLogger.java:59)- Started FormDesignerApplication in 5.634 seconds (JVM running for 7.041)
2019-04-23 17:22:15,773 INFO (StartupInfoLogger.java:50)- Starting FormDesignerApplication on USER-20180713SF with PID 11052 (C:\Users\Administrator\Desktop\FormDesigner\target\classes started by Administrator in C:\Users\Administrator\Desktop\FormDesigner)
2019-04-23 17:22:15,789 DEBUG (StartupInfoLogger.java:53)- Running with Spring Boot v2.1.3.RELEASE, Spring v5.1.5.RELEASE
2019-04-23 17:22:15,792 INFO (SpringApplication.java:675)- No active profile set, falling back to default profiles: default
2019-04-23 17:22:20,008 INFO (StartupInfoLogger.java:59)- Started FormDesignerApplication in 5.555 seconds (JVM running for 7.156)
2019-04-23 17:34:17,219 INFO (StartupInfoLogger.java:50)- Starting FormDesignerApplication on USER-20180713SF with PID 8972 (C:\Users\Administrator\Desktop\FormDesigner\target\classes started by Administrator in C:\Users\Administrator\Desktop\FormDesigner)
2019-04-23 17:34:17,223 DEBUG (StartupInfoLogger.java:53)- Running with Spring Boot v2.1.3.RELEASE, Spring v5.1.5.RELEASE
2019-04-23 17:34:17,224 INFO (SpringApplication.java:675)- No active profile set, falling back to default profiles: default
2019-04-23 17:34:21,563 INFO (StartupInfoLogger.java:59)- Started FormDesignerApplication in 5.44 seconds (JVM running for 7.03)
2019-04-23 17:39:22,284 INFO (StartupInfoLogger.java:50)- Starting FormDesignerApplication on USER-20180713SF with PID 8632 (C:\Users\Administrator\Desktop\FormDesigner\target\classes started by Administrator in C:\Users\Administrator\Desktop\FormDesigner)
2019-04-23 17:39:22,288 DEBUG (StartupInfoLogger.java:53)- Running with Spring Boot v2.1.3.RELEASE, Spring v5.1.5.RELEASE
2019-04-23 17:39:22,288 INFO (SpringApplication.java:675)- No active profile set, falling back to default profiles: default
2019-04-23 17:39:26,502 INFO (StartupInfoLogger.java:59)- Started FormDesignerApplication in 5.52 seconds (JVM running for 6.981)
2019-04-23 17:40:09,602 INFO (StartupInfoLogger.java:50)- Starting FormDesignerApplication on USER-20180713SF with PID 4296 (C:\Users\Administrator\Desktop\FormDesigner\target\classes started by Administrator in C:\Users\Administrator\Desktop\FormDesigner)
2019-04-23 17:40:09,607 DEBUG (StartupInfoLogger.java:53)- Running with Spring Boot v2.1.3.RELEASE, Spring v5.1.5.RELEASE
2019-04-23 17:40:09,608 INFO (SpringApplication.java:675)- No active profile set, falling back to default profiles: default
2019-04-23 17:40:13,692 INFO (StartupInfoLogger.java:59)- Started FormDesignerApplication in 4.987 seconds (JVM running for 6.686)
2019-04-23 17:41:17,717 INFO (StartupInfoLogger.java:50)- Starting FormDesignerApplication on USER-20180713SF with PID 5540 (C:\Users\Administrator\Desktop\FormDesigner\target\classes started by Administrator in C:\Users\Administrator\Desktop\FormDesigner)
2019-04-23 17:41:17,722 DEBUG (StartupInfoLogger.java:53)- Running with Spring Boot v2.1.3.RELEASE, Spring v5.1.5.RELEASE
2019-04-23 17:41:17,723 INFO (SpringApplication.java:675)- No active profile set, falling back to default profiles: default
2019-04-23 17:41:21,915 INFO (StartupInfoLogger.java:59)- Started FormDesignerApplication in 5.329 seconds (JVM running for 6.89)
2019-04-23 17:47:06,969 INFO (StartupInfoLogger.java:50)- Starting FormDesignerApplication on USER-20180713SF with PID 11112 (C:\Users\Administrator\Desktop\FormDesigner\target\classes started by Administrator in C:\Users\Administrator\Desktop\FormDesigner)
2019-04-23 17:47:06,974 DEBUG (StartupInfoLogger.java:53)- Running with Spring Boot v2.1.3.RELEASE, Spring v5.1.5.RELEASE
2019-04-23 17:47:06,975 INFO (SpringApplication.java:675)- No active profile set, falling back to default profiles: default
2019-04-23 17:47:11,444 INFO (StartupInfoLogger.java:59)- Started FormDesignerApplication in 5.696 seconds (JVM running for 7.117)
2019-04-23 17:50:48,825 INFO (StartupInfoLogger.java:50)- Starting FormDesignerApplication on USER-20180713SF with PID 6940 (C:\Users\Administrator\Desktop\FormDesigner\target\classes started by Administrator in C:\Users\Administrator\Desktop\FormDesigner)
2019-04-23 17:50:48,831 DEBUG (StartupInfoLogger.java:53)- Running with Spring Boot v2.1.3.RELEASE, Spring v5.1.5.RELEASE
2019-04-23 17:50:48,832 INFO (SpringApplication.java:675)- No active profile set, falling back to default profiles: default
2019-04-23 17:50:53,445 INFO (StartupInfoLogger.java:59)- Started FormDesignerApplication in 5.524 seconds (JVM running for 8.138)
2019-04-23 18:00:59,963 INFO (StartupInfoLogger.java:50)- Starting FormDesignerApplication on USER-20180713SF with PID 10428 (C:\Users\Administrator\Desktop\FormDesigner\target\classes started by Administrator in C:\Users\Administrator\Desktop\FormDesigner)
2019-04-23 18:00:59,969 DEBUG (StartupInfoLogger.java:53)- Running with Spring Boot v2.1.3.RELEASE, Spring v5.1.5.RELEASE
2019-04-23 18:00:59,970 INFO (SpringApplication.java:675)- No active profile set, falling back to default profiles: default
2019-04-23 18:01:04,555 INFO (StartupInfoLogger.java:59)- Started FormDesignerApplication in 5.895 seconds (JVM running for 7.409)
2019-04-23 18:04:01,857 INFO (StartupInfoLogger.java:50)- Starting FormDesignerApplication on USER-20180713SF with PID 10140 (C:\Users\Administrator\Desktop\FormDesigner\target\classes started by Administrator in C:\Users\Administrator\Desktop\FormDesigner)
2019-04-23 18:04:01,862 DEBUG (StartupInfoLogger.java:53)- Running with Spring Boot v2.1.3.RELEASE, Spring v5.1.5.RELEASE
2019-04-23 18:04:01,864 INFO (SpringApplication.java:675)- No active profile set, falling back to default profiles: default
2019-04-23 18:04:06,410 INFO (StartupInfoLogger.java:59)- Started FormDesignerApplication in 5.572 seconds (JVM running for 7.207)
2019-04-23 18:06:06,765 INFO (StartupInfoLogger.java:50)- Starting FormDesignerApplication on USER-20180713SF with PID 10016 (C:\Users\Administrator\Desktop\FormDesigner\target\classes started by Administrator in C:\Users\Administrator\Desktop\FormDesigner)
2019-04-23 18:06:06,772 DEBUG (StartupInfoLogger.java:53)- Running with Spring Boot v2.1.3.RELEASE, Spring v5.1.5.RELEASE
2019-04-23 18:06:06,773 INFO (SpringApplication.java:675)- No active profile set, falling back to default profiles: default
2019-04-23 18:06:10,783 INFO (StartupInfoLogger.java:59)- Started FormDesignerApplication in 5.54 seconds (JVM running for 7.014)
2019-04-23 18:09:14,454 INFO (StartupInfoLogger.java:50)- Starting FormDesignerApplication on USER-20180713SF with PID 9992 (C:\Users\Administrator\Desktop\FormDesigner\target\classes started by Administrator in C:\Users\Administrator\Desktop\FormDesigner)
2019-04-23 18:09:14,462 DEBUG (StartupInfoLogger.java:53)- Running with Spring Boot v2.1.3.RELEASE, Spring v5.1.5.RELEASE
2019-04-23 18:09:14,463 INFO (SpringApplication.java:675)- No active profile set, falling back to default profiles: default
2019-04-23 18:09:19,212 INFO (StartupInfoLogger.java:59)- Started FormDesignerApplication in 5.67 seconds (JVM running for 7.431)
2019-04-23 18:09:34,024 INFO (StartupInfoLogger.java:50)- Starting FormDesignerApplication on USER-20180713SF with PID 7184 (C:\Users\Administrator\Desktop\FormDesigner\target\classes started by Administrator in C:\Users\Administrator\Desktop\FormDesigner)
2019-04-23 18:09:34,029 DEBUG (StartupInfoLogger.java:53)- Running with Spring Boot v2.1.3.RELEASE, Spring v5.1.5.RELEASE
2019-04-23 18:09:34,030 INFO (SpringApplication.java:675)- No active profile set, falling back to default profiles: default
2019-04-23 18:09:38,456 INFO (StartupInfoLogger.java:59)- Started FormDesignerApplication in 5.792 seconds (JVM running for 7.181)
2019-04-23 18:12:56,479 INFO (StartupInfoLogger.java:50)- Starting FormDesignerApplication on USER-20180713SF with PID 5004 (C:\Users\Administrator\Desktop\FormDesigner\target\classes started by Administrator in C:\Users\Administrator\Desktop\FormDesigner)
2019-04-23 18:12:56,485 DEBUG (StartupInfoLogger.java:53)- Running with Spring Boot v2.1.3.RELEASE, Spring v5.1.5.RELEASE
2019-04-23 18:12:56,486 INFO (SpringApplication.java:675)- No active profile set, falling back to default profiles: default
2019-04-23 18:13:00,699 INFO (StartupInfoLogger.java:59)- Started FormDesignerApplication in 5.821 seconds (JVM running for 7.317)
2019-04-23 18:13:55,714 INFO (StartupInfoLogger.java:50)- Starting FormDesignerApplication on USER-20180713SF with PID 4200 (C:\Users\Administrator\Desktop\FormDesigner\target\classes started by Administrator in C:\Users\Administrator\Desktop\FormDesigner)
2019-04-23 18:13:55,719 DEBUG (StartupInfoLogger.java:53)- Running with Spring Boot v2.1.3.RELEASE, Spring v5.1.5.RELEASE
2019-04-23 18:13:55,720 INFO (SpringApplication.java:675)- No active profile set, falling back to default profiles: default
2019-04-23 18:14:00,150 INFO (StartupInfoLogger.java:59)- Started FormDesignerApplication in 5.822 seconds (JVM running for 7.261)
2019-04-23 18:15:32,677 INFO (StartupInfoLogger.java:50)- Starting FormDesignerApplication on USER-20180713SF with PID 8500 (C:\Users\Administrator\Desktop\FormDesigner\target\classes started by Administrator in C:\Users\Administrator\Desktop\FormDesigner)
2019-04-23 18:15:32,682 DEBUG (StartupInfoLogger.java:53)- Running with Spring Boot v2.1.3.RELEASE, Spring v5.1.5.RELEASE
2019-04-23 18:15:32,683 INFO (SpringApplication.java:675)- No active profile set, falling back to default profiles: default
2019-04-23 18:15:36,925 INFO (StartupInfoLogger.java:59)- Started FormDesignerApplication in 5.506 seconds (JVM running for 6.892)
2019-04-23 18:16:43,184 INFO (StartupInfoLogger.java:50)- Starting FormDesignerApplication on USER-20180713SF with PID 9900 (C:\Users\Administrator\Desktop\FormDesigner\target\classes started by Administrator in C:\Users\Administrator\Desktop\FormDesigner)
2019-04-23 18:16:43,190 DEBUG (StartupInfoLogger.java:53)- Running with Spring Boot v2.1.3.RELEASE, Spring v5.1.5.RELEASE
2019-04-23 18:16:43,191 INFO (SpringApplication.java:675)- No active profile set, falling back to default profiles: default
2019-04-23 18:16:47,503 INFO (StartupInfoLogger.java:59)- Started FormDesignerApplication in 5.544 seconds (JVM running for 7.104)
2019-04-23 18:18:44,451 INFO (StartupInfoLogger.java:50)- Starting FormDesignerApplication on USER-20180713SF with PID 11164 (C:\Users\Administrator\Desktop\FormDesigner\target\classes started by Administrator in C:\Users\Administrator\Desktop\FormDesigner)
2019-04-23 18:18:44,456 DEBUG (StartupInfoLogger.java:53)- Running with Spring Boot v2.1.3.RELEASE, Spring v5.1.5.RELEASE
2019-04-23 18:18:44,457 INFO (SpringApplication.java:675)- No active profile set, falling back to default profiles: default
2019-04-23 18:18:48,401 INFO (StartupInfoLogger.java:59)- Started FormDesignerApplication in 5.081 seconds (JVM running for 7.039)
2019-04-23 18:23:15,368 INFO (StartupInfoLogger.java:50)- Starting FormDesignerApplication on USER-20180713SF with PID 1308 (C:\Users\Administrator\Desktop\FormDesigner\target\classes started by Administrator in C:\Users\Administrator\Desktop\FormDesigner)
2019-04-23 18:23:15,372 DEBUG (StartupInfoLogger.java:53)- Running with Spring Boot v2.1.3.RELEASE, Spring v5.1.5.RELEASE
2019-04-23 18:23:15,373 INFO (SpringApplication.java:675)- No active profile set, falling back to default profiles: default
2019-04-23 18:23:19,752 INFO (StartupInfoLogger.java:59)- Started FormDesignerApplication in 5.678 seconds (JVM running for 7.173)
2019-04-23 18:25:17,056 INFO (StartupInfoLogger.java:50)- Starting FormDesignerApplication on USER-20180713SF with PID 10356 (C:\Users\Administrator\Desktop\FormDesigner\target\classes started by Administrator in C:\Users\Administrator\Desktop\FormDesigner)
2019-04-23 18:25:17,061 DEBUG (StartupInfoLogger.java:53)- Running with Spring Boot v2.1.3.RELEASE, Spring v5.1.5.RELEASE
2019-04-23 18:25:17,062 INFO (SpringApplication.java:675)- No active profile set, falling back to default profiles: default
2019-04-23 18:25:21,127 INFO (StartupInfoLogger.java:59)- Started FormDesignerApplication in 5.18 seconds (JVM running for 7.636)
2019-04-23 18:28:37,949 INFO (StartupInfoLogger.java:50)- Starting FormDesignerApplication on USER-20180713SF with PID 5144 (C:\Users\Administrator\Desktop\FormDesigner\target\classes started by Administrator in C:\Users\Administrator\Desktop\FormDesigner)
2019-04-23 18:28:37,953 DEBUG (StartupInfoLogger.java:53)- Running with Spring Boot v2.1.3.RELEASE, Spring v5.1.5.RELEASE
2019-04-23 18:28:37,954 INFO (SpringApplication.java:675)- No active profile set, falling back to default profiles: default
2019-04-23 18:28:42,033 INFO (StartupInfoLogger.java:59)- Started FormDesignerApplication in 5.588 seconds (JVM running for 7.099)
2019-04-23 18:31:44,666 INFO (StartupInfoLogger.java:50)- Starting FormDesignerApplication on USER-20180713SF with PID 10828 (C:\Users\Administrator\Desktop\FormDesigner\target\classes started by Administrator in C:\Users\Administrator\Desktop\FormDesigner)
2019-04-23 18:31:44,671 DEBUG (StartupInfoLogger.java:53)- Running with Spring Boot v2.1.3.RELEASE, Spring v5.1.5.RELEASE
2019-04-23 18:31:44,672 INFO (SpringApplication.java:675)- No active profile set, falling back to default profiles: default
2019-04-23 18:31:48,936 INFO (StartupInfoLogger.java:59)- Started FormDesignerApplication in 5.686 seconds (JVM running for 7.633)
2019-04-23 18:32:43,211 INFO (StartupInfoLogger.java:50)- Starting FormDesignerApplication on USER-20180713SF with PID 9448 (C:\Users\Administrator\Desktop\FormDesigner\target\classes started by Administrator in C:\Users\Administrator\Desktop\FormDesigner)
2019-04-23 18:32:43,224 DEBUG (StartupInfoLogger.java:53)- Running with Spring Boot v2.1.3.RELEASE, Spring v5.1.5.RELEASE
2019-04-23 18:32:43,229 INFO (SpringApplication.java:675)- No active profile set, falling back to default profiles: default
2019-04-23 18:32:47,582 INFO (StartupInfoLogger.java:59)- Started FormDesignerApplication in 5.728 seconds (JVM running for 7.331)
2019-04-23 18:34:10,671 INFO (StartupInfoLogger.java:50)- Starting FormDesignerApplication on USER-20180713SF with PID 11156 (C:\Users\Administrator\Desktop\FormDesigner\target\classes started by Administrator in C:\Users\Administrator\Desktop\FormDesigner)
2019-04-23 18:34:10,676 DEBUG (StartupInfoLogger.java:53)- Running with Spring Boot v2.1.3.RELEASE, Spring v5.1.5.RELEASE
2019-04-23 18:34:10,677 INFO (SpringApplication.java:675)- No active profile set, falling back to default profiles: default
2019-04-23 18:34:14,852 INFO (StartupInfoLogger.java:59)- Started FormDesignerApplication in 5.39 seconds (JVM running for 6.861)
2019-04-23 18:35:19,300 INFO (StartupInfoLogger.java:50)- Starting FormDesignerApplication on USER-20180713SF with PID 2076 (C:\Users\Administrator\Desktop\FormDesigner\target\classes started by Administrator in C:\Users\Administrator\Desktop\FormDesigner)
2019-04-23 18:35:19,308 DEBUG (StartupInfoLogger.java:53)- Running with Spring Boot v2.1.3.RELEASE, Spring v5.1.5.RELEASE
2019-04-23 18:35:19,309 INFO (SpringApplication.java:675)- No active profile set, falling back to default profiles: default
2019-04-23 18:35:25,508 INFO (StartupInfoLogger.java:59)- Started FormDesignerApplication in 7.181 seconds (JVM running for 9.911)
2019-04-23 18:36:20,660 INFO (StartupInfoLogger.java:50)- Starting FormDesignerApplication on USER-20180713SF with PID 5624 (C:\Users\Administrator\Desktop\FormDesigner\target\classes started by Administrator in C:\Users\Administrator\Desktop\FormDesigner)
2019-04-23 18:36:20,668 DEBUG (StartupInfoLogger.java:53)- Running with Spring Boot v2.1.3.RELEASE, Spring v5.1.5.RELEASE
2019-04-23 18:36:20,669 INFO (SpringApplication.java:675)- No active profile set, falling back to default profiles: default
2019-04-23 18:36:24,900 INFO (StartupInfoLogger.java:59)- Started FormDesignerApplication in 5.288 seconds (JVM running for 6.768)
2019-04-23 18:38:24,141 INFO (StartupInfoLogger.java:50)- Starting FormDesignerApplication on USER-20180713SF with PID 6244 (C:\Users\Administrator\Desktop\FormDesigner\target\classes started by Administrator in C:\Users\Administrator\Desktop\FormDesigner)
2019-04-23 18:38:24,147 DEBUG (StartupInfoLogger.java:53)- Running with Spring Boot v2.1.3.RELEASE, Spring v5.1.5.RELEASE
2019-04-23 18:38:24,148 INFO (SpringApplication.java:675)- No active profile set, falling back to default profiles: default
2019-04-23 18:38:28,495 INFO (StartupInfoLogger.java:59)- Started FormDesignerApplication in 5.873 seconds (JVM running for 7.298)
2019-04-23 18:39:45,021 INFO (StartupInfoLogger.java:50)- Starting FormDesignerApplication on USER-20180713SF with PID 2972 (C:\Users\Administrator\Desktop\FormDesigner\target\classes started by Administrator in C:\Users\Administrator\Desktop\FormDesigner)
2019-04-23 18:39:45,025 DEBUG (StartupInfoLogger.java:53)- Running with Spring Boot v2.1.3.RELEASE, Spring v5.1.5.RELEASE
2019-04-23 18:39:45,026 INFO (SpringApplication.java:675)- No active profile set, falling back to default profiles: default
2019-04-23 18:39:49,180 INFO (StartupInfoLogger.java:59)- Started FormDesignerApplication in 4.858 seconds (JVM running for 7.748)
2019-04-23 18:43:18,518 INFO (StartupInfoLogger.java:50)- Starting FormDesignerApplication on USER-20180713SF with PID 4356 (C:\Users\Administrator\Desktop\FormDesigner\target\classes started by Administrator in C:\Users\Administrator\Desktop\FormDesigner)
2019-04-23 18:43:18,523 DEBUG (StartupInfoLogger.java:53)- Running with Spring Boot v2.1.3.RELEASE, Spring v5.1.5.RELEASE
2019-04-23 18:43:18,524 INFO (SpringApplication.java:675)- No active profile set, falling back to default profiles: default
2019-04-23 18:43:23,307 INFO (StartupInfoLogger.java:59)- Started FormDesignerApplication in 5.892 seconds (JVM running for 7.325)
2019-04-23 18:48:33,893 INFO (StartupInfoLogger.java:50)- Starting FormDesignerApplication on USER-20180713SF with PID 4296 (C:\Users\Administrator\Desktop\FormDesigner\target\classes started by Administrator in C:\Users\Administrator\Desktop\FormDesigner)
2019-04-23 18:48:33,898 DEBUG (StartupInfoLogger.java:53)- Running with Spring Boot v2.1.3.RELEASE, Spring v5.1.5.RELEASE
2019-04-23 18:48:33,904 INFO (SpringApplication.java:675)- No active profile set, falling back to default profiles: default
2019-04-23 18:48:38,045 INFO (StartupInfoLogger.java:59)- Started FormDesignerApplication in 5.497 seconds (JVM running for 6.982)
2019-04-23 18:50:59,682 INFO (StartupInfoLogger.java:50)- Starting FormDesignerApplication on USER-20180713SF with PID 10052 (C:\Users\Administrator\Desktop\FormDesigner\target\classes started by Administrator in C:\Users\Administrator\Desktop\FormDesigner)
2019-04-23 18:50:59,686 DEBUG (StartupInfoLogger.java:53)- Running with Spring Boot v2.1.3.RELEASE, Spring v5.1.5.RELEASE
2019-04-23 18:50:59,687 INFO (SpringApplication.java:675)- No active profile set, falling back to default profiles: default
2019-04-23 18:51:03,774 INFO (StartupInfoLogger.java:59)- Started FormDesignerApplication in 5.384 seconds (JVM running for 6.903)
2019-04-23 18:53:23,391 INFO (StartupInfoLogger.java:50)- Starting FormDesignerApplication on USER-20180713SF with PID 3392 (C:\Users\Administrator\Desktop\FormDesigner\target\classes started by Administrator in C:\Users\Administrator\Desktop\FormDesigner)
2019-04-23 18:53:23,398 DEBUG (StartupInfoLogger.java:53)- Running with Spring Boot v2.1.3.RELEASE, Spring v5.1.5.RELEASE
2019-04-23 18:53:23,398 INFO (SpringApplication.java:675)- No active profile set, falling back to default profiles: default
2019-04-23 18:53:27,965 INFO (StartupInfoLogger.java:59)- Started FormDesignerApplication in 5.936 seconds (JVM running for 7.784)
2019-04-23 18:55:27,929 INFO (StartupInfoLogger.java:50)- Starting FormDesignerApplication on USER-20180713SF with PID 5552 (C:\Users\Administrator\Desktop\FormDesigner\target\classes started by Administrator in C:\Users\Administrator\Desktop\FormDesigner)
2019-04-23 18:55:27,934 DEBUG (StartupInfoLogger.java:53)- Running with Spring Boot v2.1.3.RELEASE, Spring v5.1.5.RELEASE
2019-04-23 18:55:27,935 INFO (SpringApplication.java:675)- No active profile set, falling back to default profiles: default
2019-04-23 18:55:32,017 INFO (StartupInfoLogger.java:59)- Started FormDesignerApplication in 5.606 seconds (JVM running for 7.105)
2019-04-23 18:56:09,246 INFO (StartupInfoLogger.java:50)- Starting FormDesignerApplication on USER-20180713SF with PID 4568 (C:\Users\Administrator\Desktop\FormDesigner\target\classes started by Administrator in C:\Users\Administrator\Desktop\FormDesigner)
2019-04-23 18:56:09,251 DEBUG (StartupInfoLogger.java:53)- Running with Spring Boot v2.1.3.RELEASE, Spring v5.1.5.RELEASE
2019-04-23 18:56:09,253 INFO (SpringApplication.java:675)- No active profile set, falling back to default profiles: default
2019-04-23 18:56:13,571 INFO (StartupInfoLogger.java:59)- Started FormDesignerApplication in 5.656 seconds (JVM running for 7.444)
2019-04-23 19:00:01,105 INFO (StartupInfoLogger.java:50)- Starting FormDesignerApplication on USER-20180713SF with PID 10440 (C:\Users\Administrator\Desktop\FormDesigner\target\classes started by Administrator in C:\Users\Administrator\Desktop\FormDesigner)
2019-04-23 19:00:01,112 DEBUG (StartupInfoLogger.java:53)- Running with Spring Boot v2.1.3.RELEASE, Spring v5.1.5.RELEASE
2019-04-23 19:00:01,113 INFO (SpringApplication.java:675)- No active profile set, falling back to default profiles: default
2019-04-23 19:00:06,599 INFO (StartupInfoLogger.java:59)- Started FormDesignerApplication in 6.622 seconds (JVM running for 8.427)
2019-04-23 19:00:42,939 INFO (StartupInfoLogger.java:50)- Starting FormDesignerApplication on USER-20180713SF with PID 10972 (C:\Users\Administrator\Desktop\FormDesigner\target\classes started by Administrator in C:\Users\Administrator\Desktop\FormDesigner)
2019-04-23 19:00:42,970 DEBUG (StartupInfoLogger.java:53)- Running with Spring Boot v2.1.3.RELEASE, Spring v5.1.5.RELEASE
2019-04-23 19:00:42,971 INFO (SpringApplication.java:675)- No active profile set, falling back to default profiles: default
2019-04-23 19:00:47,544 INFO (StartupInfoLogger.java:59)- Started FormDesignerApplication in 5.682 seconds (JVM running for 7.62)
2019-04-23 19:02:23,774 INFO (StartupInfoLogger.java:50)- Starting FormDesignerApplication on USER-20180713SF with PID 10220 (C:\Users\Administrator\Desktop\FormDesigner\target\classes started by Administrator in C:\Users\Administrator\Desktop\FormDesigner)
2019-04-23 19:02:23,780 DEBUG (StartupInfoLogger.java:53)- Running with Spring Boot v2.1.3.RELEASE, Spring v5.1.5.RELEASE
2019-04-23 19:02:23,792 INFO (SpringApplication.java:675)- No active profile set, falling back to default profiles: default
2019-04-23 19:02:28,232 INFO (StartupInfoLogger.java:59)- Started FormDesignerApplication in 5.349 seconds (JVM running for 6.931)
2019-04-23 19:02:50,342 INFO (StartupInfoLogger.java:50)- Starting FormDesignerApplication on USER-20180713SF with PID 3896 (C:\Users\Administrator\Desktop\FormDesigner\target\classes started by Administrator in C:\Users\Administrator\Desktop\FormDesigner)
2019-04-23 19:02:50,346 DEBUG (StartupInfoLogger.java:53)- Running with Spring Boot v2.1.3.RELEASE, Spring v5.1.5.RELEASE
2019-04-23 19:02:50,348 INFO (SpringApplication.java:675)- No active profile set, falling back to default profiles: default
2019-04-23 19:02:54,895 INFO (StartupInfoLogger.java:59)- Started FormDesignerApplication in 5.756 seconds (JVM running for 7.189)
2019-04-23 19:06:31,925 INFO (StartupInfoLogger.java:50)- Starting FormDesignerApplication on USER-20180713SF with PID 5676 (C:\Users\Administrator\Desktop\FormDesigner\target\classes started by Administrator in C:\Users\Administrator\Desktop\FormDesigner)
2019-04-23 19:06:32,005 DEBUG (StartupInfoLogger.java:53)- Running with Spring Boot v2.1.3.RELEASE, Spring v5.1.5.RELEASE
2019-04-23 19:06:32,006 INFO (SpringApplication.java:675)- No active profile set, falling back to default profiles: default
2019-04-23 19:06:36,206 INFO (StartupInfoLogger.java:59)- Started FormDesignerApplication in 5.348 seconds (JVM running for 6.892)
2019-04-23 19:06:51,255 INFO (StartupInfoLogger.java:50)- Starting FormDesignerApplication on USER-20180713SF with PID 9448 (C:\Users\Administrator\Desktop\FormDesigner\target\classes started by Administrator in C:\Users\Administrator\Desktop\FormDesigner)
2019-04-23 19:06:51,261 DEBUG (StartupInfoLogger.java:53)- Running with Spring Boot v2.1.3.RELEASE, Spring v5.1.5.RELEASE
2019-04-23 19:06:51,262 INFO (SpringApplication.java:675)- No active profile set, falling back to default profiles: default
2019-04-23 19:06:55,427 INFO (StartupInfoLogger.java:59)- Started FormDesignerApplication in 5.34 seconds (JVM running for 7.002)
2019-04-23 19:08:30,302 INFO (StartupInfoLogger.java:50)- Starting FormDesignerApplication on USER-20180713SF with PID 11204 (C:\Users\Administrator\Desktop\FormDesigner\target\classes started by Administrator in C:\Users\Administrator\Desktop\FormDesigner)
2019-04-23 19:08:30,307 DEBUG (StartupInfoLogger.java:53)- Running with Spring Boot v2.1.3.RELEASE, Spring v5.1.5.RELEASE
2019-04-23 19:08:30,308 INFO (SpringApplication.java:675)- No active profile set, falling back to default profiles: default
2019-04-23 19:08:34,650 INFO (StartupInfoLogger.java:59)- Started FormDesignerApplication in 5.812 seconds (JVM running for 7.173)
2019-04-23 19:09:27,392 INFO (StartupInfoLogger.java:50)- Starting FormDesignerApplication on USER-20180713SF with PID 10660 (C:\Users\Administrator\Desktop\FormDesigner\target\classes started by Administrator in C:\Users\Administrator\Desktop\FormDesigner)
2019-04-23 19:09:27,397 DEBUG (StartupInfoLogger.java:53)- Running with Spring Boot v2.1.3.RELEASE, Spring v5.1.5.RELEASE
2019-04-23 19:09:27,398 INFO (SpringApplication.java:675)- No active profile set, falling back to default profiles: default
2019-04-23 19:09:31,607 INFO (StartupInfoLogger.java:59)- Started FormDesignerApplication in 5.354 seconds (JVM running for 6.933)
2019-04-24 14:27:44,178 INFO (StartupInfoLogger.java:50)- Starting FormDesignerApplication on USER-20180713SF with PID 13568 (C:\Users\Administrator\Desktop\FormDesigner\target\classes started by Administrator in C:\Users\Administrator\Desktop\FormDesigner)
2019-04-24 14:27:44,186 DEBUG (StartupInfoLogger.java:53)- Running with Spring Boot v2.1.3.RELEASE, Spring v5.1.5.RELEASE
2019-04-24 14:27:44,188 INFO (SpringApplication.java:675)- No active profile set, falling back to default profiles: default
2019-04-24 14:27:50,041 INFO (StartupInfoLogger.java:59)- Started FormDesignerApplication in 7.548 seconds (JVM running for 10.737)
2019-04-24 14:40:41,552 INFO (StartupInfoLogger.java:50)- Starting FormDesignerApplication on USER-20180713SF with PID 12300 (C:\Users\Administrator\Desktop\FormDesigner\target\classes started by Administrator in C:\Users\Administrator\Desktop\FormDesigner)
2019-04-24 14:40:41,559 DEBUG (StartupInfoLogger.java:53)- Running with Spring Boot v2.1.3.RELEASE, Spring v5.1.5.RELEASE
2019-04-24 14:40:41,560 INFO (SpringApplication.java:675)- No active profile set, falling back to default profiles: default
2019-04-24 14:40:46,009 INFO (StartupInfoLogger.java:59)- Started FormDesignerApplication in 6.098 seconds (JVM running for 8.115)
2019-04-24 14:52:41,868 INFO (StartupInfoLogger.java:50)- Starting FormDesignerApplication on USER-20180713SF with PID 8772 (C:\Users\Administrator\Desktop\FormDesigner\target\classes started by Administrator in C:\Users\Administrator\Desktop\FormDesigner)
2019-04-24 14:52:41,873 DEBUG (StartupInfoLogger.java:53)- Running with Spring Boot v2.1.3.RELEASE, Spring v5.1.5.RELEASE
2019-04-24 14:52:41,874 INFO (SpringApplication.java:675)- No active profile set, falling back to default profiles: default
2019-04-24 14:52:48,942 INFO (StartupInfoLogger.java:59)- Started FormDesignerApplication in 8.586 seconds (JVM running for 11.397)
2019-04-24 14:55:09,735 INFO (StartupInfoLogger.java:50)- Starting FormDesignerApplication on USER-20180713SF with PID 12388 (C:\Users\Administrator\Desktop\FormDesigner\target\classes started by Administrator in C:\Users\Administrator\Desktop\FormDesigner)
2019-04-24 14:55:09,739 DEBUG (StartupInfoLogger.java:53)- Running with Spring Boot v2.1.3.RELEASE, Spring v5.1.5.RELEASE
2019-04-24 14:55:09,740 INFO (SpringApplication.java:675)- No active profile set, falling back to default profiles: default
2019-04-24 14:55:14,541 INFO (StartupInfoLogger.java:59)- Started FormDesignerApplication in 6.551 seconds (JVM running for 9.042)
2019-04-24 15:06:19,555 INFO (StartupInfoLogger.java:50)- Starting FormDesignerApplication on USER-20180713SF with PID 13868 (C:\Users\Administrator\Desktop\FormDesigner\target\classes started by Administrator in C:\Users\Administrator\Desktop\FormDesigner)
2019-04-24 15:06:19,560 DEBUG (StartupInfoLogger.java:53)- Running with Spring Boot v2.1.3.RELEASE, Spring v5.1.5.RELEASE
2019-04-24 15:06:19,561 INFO (SpringApplication.java:675)- No active profile set, falling back to default profiles: default
2019-04-24 15:06:24,433 INFO (StartupInfoLogger.java:59)- Started FormDesignerApplication in 6.32 seconds (JVM running for 7.839)
2019-04-24 15:10:27,809 INFO (StartupInfoLogger.java:50)- Starting FormDesignerApplication on USER-20180713SF with PID 12356 (C:\Users\Administrator\Desktop\FormDesigner\target\classes started by Administrator in C:\Users\Administrator\Desktop\FormDesigner)
2019-04-24 15:10:27,814 DEBUG (StartupInfoLogger.java:53)- Running with Spring Boot v2.1.3.RELEASE, Spring v5.1.5.RELEASE
2019-04-24 15:10:27,815 INFO (SpringApplication.java:675)- No active profile set, falling back to default profiles: default
2019-04-24 15:10:32,070 INFO (StartupInfoLogger.java:59)- Started FormDesignerApplication in 5.5 seconds (JVM running for 7.013)
2019-04-24 15:11:46,982 INFO (StartupInfoLogger.java:50)- Starting FormDesignerApplication on USER-20180713SF with PID 5660 (C:\Users\Administrator\Desktop\FormDesigner\target\classes started by Administrator in C:\Users\Administrator\Desktop\FormDesigner)
2019-04-24 15:11:46,989 DEBUG (StartupInfoLogger.java:53)- Running with Spring Boot v2.1.3.RELEASE, Spring v5.1.5.RELEASE
2019-04-24 15:11:46,991 INFO (SpringApplication.java:675)- No active profile set, falling back to default profiles: default
2019-04-24 15:11:51,744 INFO (StartupInfoLogger.java:59)- Started FormDesignerApplication in 6.294 seconds (JVM running for 8.832)
2019-04-24 15:17:26,646 INFO (StartupInfoLogger.java:50)- Starting FormDesignerApplication on USER-20180713SF with PID 12324 (C:\Users\Administrator\Desktop\FormDesigner\target\classes started by Administrator in C:\Users\Administrator\Desktop\FormDesigner)
2019-04-24 15:17:26,650 DEBUG (StartupInfoLogger.java:53)- Running with Spring Boot v2.1.3.RELEASE, Spring v5.1.5.RELEASE
2019-04-24 15:17:26,651 INFO (SpringApplication.java:675)- No active profile set, falling back to default profiles: default
2019-04-24 15:17:30,971 INFO (StartupInfoLogger.java:59)- Started FormDesignerApplication in 5.322 seconds (JVM running for 6.873)
2019-04-24 16:04:04,169 INFO (StartupInfoLogger.java:50)- Starting FormDesignerApplication on USER-20180713SF with PID 10684 (C:\Users\Administrator\Desktop\FormDesigner\target\classes started by Administrator in C:\Users\Administrator\Desktop\FormDesigner)
2019-04-24 16:04:04,173 DEBUG (StartupInfoLogger.java:53)- Running with Spring Boot v2.1.3.RELEASE, Spring v5.1.5.RELEASE
2019-04-24 16:04:04,174 INFO (SpringApplication.java:675)- No active profile set, falling back to default profiles: default
2019-04-24 16:04:08,220 INFO (StartupInfoLogger.java:59)- Started FormDesignerApplication in 5.342 seconds (JVM running for 6.913)
2019-04-24 16:18:15,517 INFO (StartupInfoLogger.java:50)- Starting FormDesignerApplication on USER-20180713SF with PID 13020 (C:\Users\Administrator\Desktop\FormDesigner\target\classes started by Administrator in C:\Users\Administrator\Desktop\FormDesigner)
2019-04-24 16:18:15,521 DEBUG (StartupInfoLogger.java:53)- Running with Spring Boot v2.1.3.RELEASE, Spring v5.1.5.RELEASE
2019-04-24 16:18:15,522 INFO (SpringApplication.java:675)- No active profile set, falling back to default profiles: default
2019-04-24 16:18:19,533 INFO (StartupInfoLogger.java:59)- Started FormDesignerApplication in 5.259 seconds (JVM running for 6.786)
2019-04-24 17:23:51,145 INFO (StartupInfoLogger.java:50)- Starting FormDesignerApplication on USER-20180713SF with PID 12572 (C:\Users\Administrator\Desktop\FormDesigner\target\classes started by Administrator in C:\Users\Administrator\Desktop\FormDesigner)
2019-04-24 17:23:51,150 DEBUG (StartupInfoLogger.java:53)- Running with Spring Boot v2.1.3.RELEASE, Spring v5.1.5.RELEASE
2019-04-24 17:23:51,151 INFO (SpringApplication.java:675)- No active profile set, falling back to default profiles: default
2019-04-24 17:23:55,458 INFO (StartupInfoLogger.java:59)- Started FormDesignerApplication in 5.648 seconds (JVM running for 7.206)
2019-04-24 17:39:30,989 INFO (StartupInfoLogger.java:50)- Starting FormDesignerApplication on USER-20180713SF with PID 7672 (C:\Users\Administrator\Desktop\FormDesigner\target\classes started by Administrator in C:\Users\Administrator\Desktop\FormDesigner)
2019-04-24 17:39:30,994 DEBUG (StartupInfoLogger.java:53)- Running with Spring Boot v2.1.3.RELEASE, Spring v5.1.5.RELEASE
2019-04-24 17:39:30,995 INFO (SpringApplication.java:675)- No active profile set, falling back to default profiles: default
2019-04-24 17:39:35,839 INFO (StartupInfoLogger.java:59)- Started FormDesignerApplication in 6.058 seconds (JVM running for 7.744)
