2019-04-02 09:07:05,990 INFO (StartupInfoLogger.java:50)- Starting FormDesignerApplication on USER-20180713SF with PID 7380 (D:\IDEAWorkSpace\FormDesigner\target\classes started by Administrator in D:\IDEAWorkSpace\FormDesigner)
2019-04-02 09:07:05,999 DEBUG (StartupInfoLogger.java:53)- Running with Spring Boot v2.1.3.RELEASE, Spring v5.1.5.RELEASE
2019-04-02 09:07:06,000 INFO (SpringApplication.java:675)- No active profile set, falling back to default profiles: default
2019-04-02 09:07:10,000 INFO (StartupInfoLogger.java:59)- Started FormDesignerApplication in 5.174 seconds (JVM running for 6.509)
2019-04-02 09:07:36,627 INFO (StartupInfoLogger.java:50)- Starting FormDesignerApplication on USER-20180713SF with PID 9856 (D:\IDEAWorkSpace\FormDesigner\target\classes started by Administrator in D:\IDEAWorkSpace\FormDesigner)
2019-04-02 09:07:36,632 DEBUG (StartupInfoLogger.java:53)- Running with Spring Boot v2.1.3.RELEASE, Spring v5.1.5.RELEASE
2019-04-02 09:07:36,633 INFO (SpringApplication.java:675)- No active profile set, falling back to default profiles: default
2019-04-02 09:07:40,481 INFO (StartupInfoLogger.java:59)- Started FormDesignerApplication in 4.837 seconds (JVM running for 6.22)
2019-04-02 09:10:43,801 INFO (StartupInfoLogger.java:50)- Starting FormDesignerApplication on USER-20180713SF with PID 9700 (D:\IDEAWorkSpace\FormDesigner\target\classes started by Administrator in D:\IDEAWorkSpace\FormDesigner)
2019-04-02 09:10:43,808 DEBUG (StartupInfoLogger.java:53)- Running with Spring Boot v2.1.3.RELEASE, Spring v5.1.5.RELEASE
2019-04-02 09:10:43,809 INFO (SpringApplication.java:675)- No active profile set, falling back to default profiles: default
2019-04-02 09:10:47,055 INFO (StartupInfoLogger.java:59)- Started FormDesignerApplication in 4.419 seconds (JVM running for 5.822)
2019-04-02 09:11:32,748 INFO (StartupInfoLogger.java:50)- Starting FormDesignerApplication on USER-20180713SF with PID 3452 (D:\IDEAWorkSpace\FormDesigner\target\classes started by Administrator in D:\IDEAWorkSpace\FormDesigner)
2019-04-02 09:11:32,754 DEBUG (StartupInfoLogger.java:53)- Running with Spring Boot v2.1.3.RELEASE, Spring v5.1.5.RELEASE
2019-04-02 09:11:32,755 INFO (SpringApplication.java:675)- No active profile set, falling back to default profiles: default
2019-04-02 09:11:36,297 INFO (StartupInfoLogger.java:59)- Started FormDesignerApplication in 4.802 seconds (JVM running for 6.119)
2019-04-02 09:24:57,222 INFO (StartupInfoLogger.java:50)- Starting FormDesignerApplication on USER-20180713SF with PID 7832 (D:\IDEAWorkSpace\FormDesigner\target\classes started by Administrator in D:\IDEAWorkSpace\FormDesigner)
2019-04-02 09:24:57,226 DEBUG (StartupInfoLogger.java:53)- Running with Spring Boot v2.1.3.RELEASE, Spring v5.1.5.RELEASE
2019-04-02 09:24:57,227 INFO (SpringApplication.java:675)- No active profile set, falling back to default profiles: default
2019-04-02 09:25:00,812 INFO (StartupInfoLogger.java:59)- Started FormDesignerApplication in 4.901 seconds (JVM running for 6.313)
2019-04-02 09:26:01,589 INFO (StartupInfoLogger.java:50)- Starting FormDesignerApplication on USER-20180713SF with PID 10960 (D:\IDEAWorkSpace\FormDesigner\target\classes started by Administrator in D:\IDEAWorkSpace\FormDesigner)
2019-04-02 09:26:01,593 DEBUG (StartupInfoLogger.java:53)- Running with Spring Boot v2.1.3.RELEASE, Spring v5.1.5.RELEASE
2019-04-02 09:26:01,595 INFO (SpringApplication.java:675)- No active profile set, falling back to default profiles: default
2019-04-02 09:26:05,305 INFO (StartupInfoLogger.java:59)- Started FormDesignerApplication in 4.637 seconds (JVM running for 6.042)
2019-04-02 09:26:55,312 INFO (StartupInfoLogger.java:50)- Starting FormDesignerApplication on USER-20180713SF with PID 7464 (D:\IDEAWorkSpace\FormDesigner\target\classes started by Administrator in D:\IDEAWorkSpace\FormDesigner)
2019-04-02 09:26:55,317 DEBUG (StartupInfoLogger.java:53)- Running with Spring Boot v2.1.3.RELEASE, Spring v5.1.5.RELEASE
2019-04-02 09:26:55,318 INFO (SpringApplication.java:675)- No active profile set, falling back to default profiles: default
2019-04-02 09:26:58,880 INFO (StartupInfoLogger.java:59)- Started FormDesignerApplication in 4.502 seconds (JVM running for 6.333)
2019-04-02 09:47:44,119 INFO (StartupInfoLogger.java:50)- Starting FormDesignerApplication on USER-20180713SF with PID 5392 (D:\IDEAWorkSpace\FormDesigner\target\classes started by Administrator in D:\IDEAWorkSpace\FormDesigner)
2019-04-02 09:47:44,124 DEBUG (StartupInfoLogger.java:53)- Running with Spring Boot v2.1.3.RELEASE, Spring v5.1.5.RELEASE
2019-04-02 09:47:44,125 INFO (SpringApplication.java:675)- No active profile set, falling back to default profiles: default
2019-04-02 09:47:47,767 INFO (StartupInfoLogger.java:59)- Started FormDesignerApplication in 4.743 seconds (JVM running for 6.814)
2019-04-02 09:49:03,722 INFO (StartupInfoLogger.java:50)- Starting FormDesignerApplication on USER-20180713SF with PID 4364 (D:\IDEAWorkSpace\FormDesigner\target\classes started by Administrator in D:\IDEAWorkSpace\FormDesigner)
2019-04-02 09:49:03,726 DEBUG (StartupInfoLogger.java:53)- Running with Spring Boot v2.1.3.RELEASE, Spring v5.1.5.RELEASE
2019-04-02 09:49:03,727 INFO (SpringApplication.java:675)- No active profile set, falling back to default profiles: default
2019-04-02 09:49:07,207 INFO (StartupInfoLogger.java:59)- Started FormDesignerApplication in 4.701 seconds (JVM running for 6.366)
2019-04-02 09:49:51,169 INFO (StartupInfoLogger.java:50)- Starting FormDesignerApplication on USER-20180713SF with PID 7556 (D:\IDEAWorkSpace\FormDesigner\target\classes started by Administrator in D:\IDEAWorkSpace\FormDesigner)
2019-04-02 09:49:51,174 DEBUG (StartupInfoLogger.java:53)- Running with Spring Boot v2.1.3.RELEASE, Spring v5.1.5.RELEASE
2019-04-02 09:49:51,174 INFO (SpringApplication.java:675)- No active profile set, falling back to default profiles: default
2019-04-02 09:49:54,678 INFO (StartupInfoLogger.java:59)- Started FormDesignerApplication in 4.932 seconds (JVM running for 6.703)
2019-04-02 09:56:47,717 INFO (StartupInfoLogger.java:50)- Starting FormDesignerApplication on USER-20180713SF with PID 9108 (D:\IDEAWorkSpace\FormDesigner\target\classes started by Administrator in D:\IDEAWorkSpace\FormDesigner)
2019-04-02 09:56:47,721 DEBUG (StartupInfoLogger.java:53)- Running with Spring Boot v2.1.3.RELEASE, Spring v5.1.5.RELEASE
2019-04-02 09:56:47,722 INFO (SpringApplication.java:675)- No active profile set, falling back to default profiles: default
2019-04-02 09:57:00,979 INFO (StartupInfoLogger.java:50)- Starting FormDesignerApplication on USER-20180713SF with PID 6904 (D:\IDEAWorkSpace\FormDesigner\target\classes started by Administrator in D:\IDEAWorkSpace\FormDesigner)
2019-04-02 09:57:00,982 DEBUG (StartupInfoLogger.java:53)- Running with Spring Boot v2.1.3.RELEASE, Spring v5.1.5.RELEASE
2019-04-02 09:57:00,984 INFO (SpringApplication.java:675)- No active profile set, falling back to default profiles: default
2019-04-02 09:58:16,893 INFO (StartupInfoLogger.java:50)- Starting FormDesignerApplication on USER-20180713SF with PID 11232 (D:\IDEAWorkSpace\FormDesigner\target\classes started by Administrator in D:\IDEAWorkSpace\FormDesigner)
2019-04-02 09:58:16,896 DEBUG (StartupInfoLogger.java:53)- Running with Spring Boot v2.1.3.RELEASE, Spring v5.1.5.RELEASE
2019-04-02 09:58:16,897 INFO (SpringApplication.java:675)- No active profile set, falling back to default profiles: default
2019-04-02 09:58:19,956 INFO (StartupInfoLogger.java:59)- Started FormDesignerApplication in 4.287 seconds (JVM running for 5.784)
2019-04-02 10:00:38,345 INFO (StartupInfoLogger.java:50)- Starting FormDesignerApplication on USER-20180713SF with PID 10748 (D:\IDEAWorkSpace\FormDesigner\target\classes started by Administrator in D:\IDEAWorkSpace\FormDesigner)
2019-04-02 10:00:38,348 DEBUG (StartupInfoLogger.java:53)- Running with Spring Boot v2.1.3.RELEASE, Spring v5.1.5.RELEASE
2019-04-02 10:00:38,352 INFO (SpringApplication.java:675)- No active profile set, falling back to default profiles: default
2019-04-02 10:00:41,380 INFO (StartupInfoLogger.java:59)- Started FormDesignerApplication in 4.049 seconds (JVM running for 5.211)
2019-04-02 10:02:35,237 INFO (StartupInfoLogger.java:50)- Starting FormDesignerApplication on USER-20180713SF with PID 11064 (D:\IDEAWorkSpace\FormDesigner\target\classes started by Administrator in D:\IDEAWorkSpace\FormDesigner)
2019-04-02 10:02:35,242 DEBUG (StartupInfoLogger.java:53)- Running with Spring Boot v2.1.3.RELEASE, Spring v5.1.5.RELEASE
2019-04-02 10:02:35,243 INFO (SpringApplication.java:675)- No active profile set, falling back to default profiles: default
2019-04-02 10:02:38,915 INFO (StartupInfoLogger.java:59)- Started FormDesignerApplication in 4.482 seconds (JVM running for 5.747)
2019-04-02 10:03:25,003 INFO (StartupInfoLogger.java:50)- Starting FormDesignerApplication on USER-20180713SF with PID 5936 (D:\IDEAWorkSpace\FormDesigner\target\classes started by Administrator in D:\IDEAWorkSpace\FormDesigner)
2019-04-02 10:03:25,006 DEBUG (StartupInfoLogger.java:53)- Running with Spring Boot v2.1.3.RELEASE, Spring v5.1.5.RELEASE
2019-04-02 10:03:25,007 INFO (SpringApplication.java:675)- No active profile set, falling back to default profiles: default
2019-04-02 10:03:28,304 INFO (StartupInfoLogger.java:59)- Started FormDesignerApplication in 4.206 seconds (JVM running for 5.54)
2019-04-02 10:09:52,412 INFO (StartupInfoLogger.java:50)- Starting FormDesignerApplication on USER-20180713SF with PID 6580 (D:\IDEAWorkSpace\FormDesigner\target\classes started by Administrator in D:\IDEAWorkSpace\FormDesigner)
2019-04-02 10:09:52,415 DEBUG (StartupInfoLogger.java:53)- Running with Spring Boot v2.1.3.RELEASE, Spring v5.1.5.RELEASE
2019-04-02 10:09:52,416 INFO (SpringApplication.java:675)- No active profile set, falling back to default profiles: default
2019-04-02 10:09:55,841 INFO (StartupInfoLogger.java:59)- Started FormDesignerApplication in 4.086 seconds (JVM running for 5.479)
2019-04-02 10:14:42,049 INFO (StartupInfoLogger.java:50)- Starting FormDesignerApplication on USER-20180713SF with PID 9436 (D:\IDEAWorkSpace\FormDesigner\target\classes started by Administrator in D:\IDEAWorkSpace\FormDesigner)
2019-04-02 10:14:42,053 DEBUG (StartupInfoLogger.java:53)- Running with Spring Boot v2.1.3.RELEASE, Spring v5.1.5.RELEASE
2019-04-02 10:14:42,054 INFO (SpringApplication.java:675)- No active profile set, falling back to default profiles: default
2019-04-02 10:14:56,213 INFO (StartupInfoLogger.java:50)- Starting FormDesignerApplication on USER-20180713SF with PID 10996 (D:\IDEAWorkSpace\FormDesigner\target\classes started by Administrator in D:\IDEAWorkSpace\FormDesigner)
2019-04-02 10:14:56,218 DEBUG (StartupInfoLogger.java:53)- Running with Spring Boot v2.1.3.RELEASE, Spring v5.1.5.RELEASE
2019-04-02 10:14:56,219 INFO (SpringApplication.java:675)- No active profile set, falling back to default profiles: default
2019-04-02 10:15:03,981 INFO (StartupInfoLogger.java:50)- Starting FormDesignerApplication on USER-20180713SF with PID 5692 (D:\IDEAWorkSpace\FormDesigner\target\classes started by Administrator in D:\IDEAWorkSpace\FormDesigner)
2019-04-02 10:15:03,985 DEBUG (StartupInfoLogger.java:53)- Running with Spring Boot v2.1.3.RELEASE, Spring v5.1.5.RELEASE
2019-04-02 10:15:03,987 INFO (SpringApplication.java:675)- No active profile set, falling back to default profiles: default
2019-04-02 10:15:27,051 INFO (StartupInfoLogger.java:50)- Starting FormDesignerApplication on USER-20180713SF with PID 1412 (D:\IDEAWorkSpace\FormDesigner\target\classes started by Administrator in D:\IDEAWorkSpace\FormDesigner)
2019-04-02 10:15:27,055 DEBUG (StartupInfoLogger.java:53)- Running with Spring Boot v2.1.3.RELEASE, Spring v5.1.5.RELEASE
2019-04-02 10:15:27,056 INFO (SpringApplication.java:675)- No active profile set, falling back to default profiles: default
2019-04-02 10:15:30,093 INFO (StartupInfoLogger.java:59)- Started FormDesignerApplication in 3.925 seconds (JVM running for 5.302)
2019-04-02 10:16:27,548 INFO (StartupInfoLogger.java:50)- Starting FormDesignerApplication on USER-20180713SF with PID 6212 (D:\IDEAWorkSpace\FormDesigner\target\classes started by Administrator in D:\IDEAWorkSpace\FormDesigner)
2019-04-02 10:16:27,553 DEBUG (StartupInfoLogger.java:53)- Running with Spring Boot v2.1.3.RELEASE, Spring v5.1.5.RELEASE
2019-04-02 10:16:27,577 INFO (SpringApplication.java:675)- No active profile set, falling back to default profiles: default
2019-04-02 10:16:30,236 INFO (StartupInfoLogger.java:59)- Started FormDesignerApplication in 3.594 seconds (JVM running for 4.806)
2019-04-02 10:20:05,873 INFO (StartupInfoLogger.java:50)- Starting FormDesignerApplication on USER-20180713SF with PID 10876 (D:\IDEAWorkSpace\FormDesigner\target\classes started by Administrator in D:\IDEAWorkSpace\FormDesigner)
2019-04-02 10:20:05,879 DEBUG (StartupInfoLogger.java:53)- Running with Spring Boot v2.1.3.RELEASE, Spring v5.1.5.RELEASE
2019-04-02 10:20:05,890 INFO (SpringApplication.java:675)- No active profile set, falling back to default profiles: default
2019-04-02 10:20:09,054 INFO (StartupInfoLogger.java:59)- Started FormDesignerApplication in 3.951 seconds (JVM running for 5.118)
2019-04-02 10:20:36,970 INFO (StartupInfoLogger.java:50)- Starting FormDesignerApplication on USER-20180713SF with PID 7580 (D:\IDEAWorkSpace\FormDesigner\target\classes started by Administrator in D:\IDEAWorkSpace\FormDesigner)
2019-04-02 10:20:36,973 DEBUG (StartupInfoLogger.java:53)- Running with Spring Boot v2.1.3.RELEASE, Spring v5.1.5.RELEASE
2019-04-02 10:20:36,974 INFO (SpringApplication.java:675)- No active profile set, falling back to default profiles: default
2019-04-02 10:20:39,916 INFO (StartupInfoLogger.java:59)- Started FormDesignerApplication in 3.898 seconds (JVM running for 5.061)
2019-04-02 10:20:59,067 INFO (StartupInfoLogger.java:50)- Starting FormDesignerApplication on USER-20180713SF with PID 10628 (D:\IDEAWorkSpace\FormDesigner\target\classes started by Administrator in D:\IDEAWorkSpace\FormDesigner)
2019-04-02 10:20:59,070 DEBUG (StartupInfoLogger.java:53)- Running with Spring Boot v2.1.3.RELEASE, Spring v5.1.5.RELEASE
2019-04-02 10:20:59,071 INFO (SpringApplication.java:675)- No active profile set, falling back to default profiles: default
2019-04-02 10:21:01,918 INFO (StartupInfoLogger.java:59)- Started FormDesignerApplication in 3.736 seconds (JVM running for 4.93)
2019-04-02 10:25:32,245 INFO (StartupInfoLogger.java:50)- Starting FormDesignerApplication on USER-20180713SF with PID 2776 (D:\IDEAWorkSpace\FormDesigner\target\classes started by Administrator in D:\IDEAWorkSpace\FormDesigner)
2019-04-02 10:25:32,254 DEBUG (StartupInfoLogger.java:53)- Running with Spring Boot v2.1.3.RELEASE, Spring v5.1.5.RELEASE
2019-04-02 10:25:32,255 INFO (SpringApplication.java:675)- No active profile set, falling back to default profiles: default
2019-04-02 10:25:36,793 INFO (StartupInfoLogger.java:59)- Started FormDesignerApplication in 5.523 seconds (JVM running for 7.059)
2019-04-02 10:27:18,513 INFO (StartupInfoLogger.java:50)- Starting FormDesignerApplication on USER-20180713SF with PID 9556 (D:\IDEAWorkSpace\FormDesigner\target\classes started by Administrator in D:\IDEAWorkSpace\FormDesigner)
2019-04-02 10:27:18,519 DEBUG (StartupInfoLogger.java:53)- Running with Spring Boot v2.1.3.RELEASE, Spring v5.1.5.RELEASE
2019-04-02 10:27:18,520 INFO (SpringApplication.java:675)- No active profile set, falling back to default profiles: default
2019-04-02 10:27:22,112 INFO (StartupInfoLogger.java:59)- Started FormDesignerApplication in 4.761 seconds (JVM running for 6.292)
2019-04-02 10:38:48,669 INFO (StartupInfoLogger.java:50)- Starting FormDesignerApplication on USER-20180713SF with PID 10672 (D:\IDEAWorkSpace\FormDesigner\target\classes started by Administrator in D:\IDEAWorkSpace\FormDesigner)
2019-04-02 10:38:48,674 DEBUG (StartupInfoLogger.java:53)- Running with Spring Boot v2.1.3.RELEASE, Spring v5.1.5.RELEASE
2019-04-02 10:38:48,675 INFO (SpringApplication.java:675)- No active profile set, falling back to default profiles: default
2019-04-02 10:38:52,362 INFO (StartupInfoLogger.java:59)- Started FormDesignerApplication in 4.595 seconds (JVM running for 5.855)
2019-04-02 10:46:52,118 INFO (StartupInfoLogger.java:50)- Starting FormDesignerApplication on USER-20180713SF with PID 10520 (D:\IDEAWorkSpace\FormDesigner\target\classes started by Administrator in D:\IDEAWorkSpace\FormDesigner)
2019-04-02 10:46:52,122 DEBUG (StartupInfoLogger.java:53)- Running with Spring Boot v2.1.3.RELEASE, Spring v5.1.5.RELEASE
2019-04-02 10:46:52,123 INFO (SpringApplication.java:675)- No active profile set, falling back to default profiles: default
2019-04-02 10:46:55,746 INFO (StartupInfoLogger.java:59)- Started FormDesignerApplication in 4.315 seconds (JVM running for 5.475)
2019-04-02 10:47:42,185 INFO (StartupInfoLogger.java:50)- Starting FormDesignerApplication on USER-20180713SF with PID 2312 (D:\IDEAWorkSpace\FormDesigner\target\classes started by Administrator in D:\IDEAWorkSpace\FormDesigner)
2019-04-02 10:47:42,197 DEBUG (StartupInfoLogger.java:53)- Running with Spring Boot v2.1.3.RELEASE, Spring v5.1.5.RELEASE
2019-04-02 10:47:42,198 INFO (SpringApplication.java:675)- No active profile set, falling back to default profiles: default
2019-04-02 10:47:46,182 INFO (StartupInfoLogger.java:59)- Started FormDesignerApplication in 4.754 seconds (JVM running for 6.0)
2019-04-02 10:48:52,992 INFO (StartupInfoLogger.java:50)- Starting FormDesignerApplication on USER-20180713SF with PID 8976 (D:\IDEAWorkSpace\FormDesigner\target\classes started by Administrator in D:\IDEAWorkSpace\FormDesigner)
2019-04-02 10:48:52,996 DEBUG (StartupInfoLogger.java:53)- Running with Spring Boot v2.1.3.RELEASE, Spring v5.1.5.RELEASE
2019-04-02 10:48:52,997 INFO (SpringApplication.java:675)- No active profile set, falling back to default profiles: default
2019-04-02 10:48:55,805 INFO (StartupInfoLogger.java:59)- Started FormDesignerApplication in 3.472 seconds (JVM running for 4.743)
2019-04-02 10:49:35,690 INFO (StartupInfoLogger.java:50)- Starting FormDesignerApplication on USER-20180713SF with PID 5272 (D:\IDEAWorkSpace\FormDesigner\target\classes started by Administrator in D:\IDEAWorkSpace\FormDesigner)
2019-04-02 10:49:35,697 DEBUG (StartupInfoLogger.java:53)- Running with Spring Boot v2.1.3.RELEASE, Spring v5.1.5.RELEASE
2019-04-02 10:49:35,698 INFO (SpringApplication.java:675)- No active profile set, falling back to default profiles: default
2019-04-02 10:49:39,113 INFO (StartupInfoLogger.java:59)- Started FormDesignerApplication in 4.659 seconds (JVM running for 5.882)
2019-04-02 10:50:24,685 INFO (StartupInfoLogger.java:50)- Starting FormDesignerApplication on USER-20180713SF with PID 2808 (D:\IDEAWorkSpace\FormDesigner\target\classes started by Administrator in D:\IDEAWorkSpace\FormDesigner)
2019-04-02 10:50:24,700 DEBUG (StartupInfoLogger.java:53)- Running with Spring Boot v2.1.3.RELEASE, Spring v5.1.5.RELEASE
2019-04-02 10:50:24,702 INFO (SpringApplication.java:675)- No active profile set, falling back to default profiles: default
2019-04-02 10:50:28,348 INFO (StartupInfoLogger.java:59)- Started FormDesignerApplication in 4.967 seconds (JVM running for 6.452)
2019-04-02 10:58:54,423 INFO (StartupInfoLogger.java:50)- Starting FormDesignerApplication on USER-20180713SF with PID 7192 (D:\IDEAWorkSpace\FormDesigner\target\classes started by Administrator in D:\IDEAWorkSpace\FormDesigner)
2019-04-02 10:58:54,427 DEBUG (StartupInfoLogger.java:53)- Running with Spring Boot v2.1.3.RELEASE, Spring v5.1.5.RELEASE
2019-04-02 10:58:54,429 INFO (SpringApplication.java:675)- No active profile set, falling back to default profiles: default
2019-04-02 10:58:58,044 INFO (StartupInfoLogger.java:59)- Started FormDesignerApplication in 4.402 seconds (JVM running for 5.648)
2019-04-02 10:59:53,852 INFO (StartupInfoLogger.java:50)- Starting FormDesignerApplication on USER-20180713SF with PID 9152 (D:\IDEAWorkSpace\FormDesigner\target\classes started by Administrator in D:\IDEAWorkSpace\FormDesigner)
2019-04-02 10:59:53,856 DEBUG (StartupInfoLogger.java:53)- Running with Spring Boot v2.1.3.RELEASE, Spring v5.1.5.RELEASE
2019-04-02 10:59:53,857 INFO (SpringApplication.java:675)- No active profile set, falling back to default profiles: default
2019-04-02 10:59:56,768 INFO (StartupInfoLogger.java:59)- Started FormDesignerApplication in 3.838 seconds (JVM running for 5.086)
2019-04-02 11:01:33,397 INFO (StartupInfoLogger.java:50)- Starting FormDesignerApplication on USER-20180713SF with PID 10320 (D:\IDEAWorkSpace\FormDesigner\target\classes started by Administrator in D:\IDEAWorkSpace\FormDesigner)
2019-04-02 11:01:33,407 DEBUG (StartupInfoLogger.java:53)- Running with Spring Boot v2.1.3.RELEASE, Spring v5.1.5.RELEASE
2019-04-02 11:01:33,408 INFO (SpringApplication.java:675)- No active profile set, falling back to default profiles: default
2019-04-02 11:01:36,769 INFO (StartupInfoLogger.java:59)- Started FormDesignerApplication in 4.48 seconds (JVM running for 5.7)
2019-04-02 11:02:12,010 INFO (StartupInfoLogger.java:50)- Starting FormDesignerApplication on USER-20180713SF with PID 10788 (D:\IDEAWorkSpace\FormDesigner\target\classes started by Administrator in D:\IDEAWorkSpace\FormDesigner)
2019-04-02 11:02:12,014 DEBUG (StartupInfoLogger.java:53)- Running with Spring Boot v2.1.3.RELEASE, Spring v5.1.5.RELEASE
2019-04-02 11:02:12,016 INFO (SpringApplication.java:675)- No active profile set, falling back to default profiles: default
2019-04-02 11:02:14,903 INFO (StartupInfoLogger.java:59)- Started FormDesignerApplication in 3.707 seconds (JVM running for 4.934)
2019-04-02 11:02:30,127 INFO (StartupInfoLogger.java:50)- Starting FormDesignerApplication on USER-20180713SF with PID 9880 (D:\IDEAWorkSpace\FormDesigner\target\classes started by Administrator in D:\IDEAWorkSpace\FormDesigner)
2019-04-02 11:02:30,131 DEBUG (StartupInfoLogger.java:53)- Running with Spring Boot v2.1.3.RELEASE, Spring v5.1.5.RELEASE
2019-04-02 11:02:30,132 INFO (SpringApplication.java:675)- No active profile set, falling back to default profiles: default
2019-04-02 11:02:33,178 INFO (StartupInfoLogger.java:59)- Started FormDesignerApplication in 3.719 seconds (JVM running for 5.186)
2019-04-02 11:04:07,768 INFO (StartupInfoLogger.java:50)- Starting FormDesignerApplication on USER-20180713SF with PID 8356 (D:\IDEAWorkSpace\FormDesigner\target\classes started by Administrator in D:\IDEAWorkSpace\FormDesigner)
2019-04-02 11:04:07,772 DEBUG (StartupInfoLogger.java:53)- Running with Spring Boot v2.1.3.RELEASE, Spring v5.1.5.RELEASE
2019-04-02 11:04:07,773 INFO (SpringApplication.java:675)- No active profile set, falling back to default profiles: default
2019-04-02 11:04:10,826 INFO (StartupInfoLogger.java:59)- Started FormDesignerApplication in 4.042 seconds (JVM running for 5.681)
2019-04-02 11:04:30,948 INFO (StartupInfoLogger.java:50)- Starting FormDesignerApplication on USER-20180713SF with PID 3692 (D:\IDEAWorkSpace\FormDesigner\target\classes started by Administrator in D:\IDEAWorkSpace\FormDesigner)
2019-04-02 11:04:30,952 DEBUG (StartupInfoLogger.java:53)- Running with Spring Boot v2.1.3.RELEASE, Spring v5.1.5.RELEASE
2019-04-02 11:04:30,952 INFO (SpringApplication.java:675)- No active profile set, falling back to default profiles: default
2019-04-02 11:04:33,937 INFO (StartupInfoLogger.java:59)- Started FormDesignerApplication in 3.651 seconds (JVM running for 5.37)
2019-04-02 11:04:58,232 INFO (StartupInfoLogger.java:50)- Starting FormDesignerApplication on USER-20180713SF with PID 1592 (D:\IDEAWorkSpace\FormDesigner\target\classes started by Administrator in D:\IDEAWorkSpace\FormDesigner)
2019-04-02 11:04:58,272 DEBUG (StartupInfoLogger.java:53)- Running with Spring Boot v2.1.3.RELEASE, Spring v5.1.5.RELEASE
2019-04-02 11:04:58,273 INFO (SpringApplication.java:675)- No active profile set, falling back to default profiles: default
2019-04-02 11:05:01,298 INFO (StartupInfoLogger.java:59)- Started FormDesignerApplication in 3.732 seconds (JVM running for 4.878)
2019-04-02 13:40:56,134 INFO (StartupInfoLogger.java:50)- Starting FormDesignerApplication on USER-20180713SF with PID 9656 (D:\IDEAWorkSpace\FormDesigner\target\classes started by Administrator in D:\IDEAWorkSpace\FormDesigner)
2019-04-02 13:40:56,138 DEBUG (StartupInfoLogger.java:53)- Running with Spring Boot v2.1.3.RELEASE, Spring v5.1.5.RELEASE
2019-04-02 13:40:56,139 INFO (SpringApplication.java:675)- No active profile set, falling back to default profiles: default
2019-04-02 13:40:59,650 INFO (StartupInfoLogger.java:59)- Started FormDesignerApplication in 4.66 seconds (JVM running for 6.044)
2019-04-02 13:41:25,192 INFO (StartupInfoLogger.java:50)- Starting FormDesignerApplication on USER-20180713SF with PID 12084 (D:\IDEAWorkSpace\FormDesigner\target\classes started by Administrator in D:\IDEAWorkSpace\FormDesigner)
2019-04-02 13:41:25,193 DEBUG (StartupInfoLogger.java:53)- Running with Spring Boot v2.1.3.RELEASE, Spring v5.1.5.RELEASE
2019-04-02 13:41:25,194 INFO (SpringApplication.java:675)- No active profile set, falling back to default profiles: default
2019-04-02 13:41:29,072 INFO (StartupInfoLogger.java:59)- Started FormDesignerApplication in 4.76 seconds (JVM running for 6.33)
2019-04-02 13:46:28,143 INFO (StartupInfoLogger.java:50)- Starting FormDesignerApplication on USER-20180713SF with PID 10412 (D:\IDEAWorkSpace\FormDesigner\target\classes started by Administrator in D:\IDEAWorkSpace\FormDesigner)
2019-04-02 13:46:28,147 DEBUG (StartupInfoLogger.java:53)- Running with Spring Boot v2.1.3.RELEASE, Spring v5.1.5.RELEASE
2019-04-02 13:46:28,148 INFO (SpringApplication.java:675)- No active profile set, falling back to default profiles: default
2019-04-02 13:46:30,951 INFO (StartupInfoLogger.java:59)- Started FormDesignerApplication in 3.863 seconds (JVM running for 5.206)
2019-04-02 13:49:30,109 INFO (StartupInfoLogger.java:50)- Starting FormDesignerApplication on USER-20180713SF with PID 10788 (D:\IDEAWorkSpace\FormDesigner\target\classes started by Administrator in D:\IDEAWorkSpace\FormDesigner)
2019-04-02 13:49:30,115 DEBUG (StartupInfoLogger.java:53)- Running with Spring Boot v2.1.3.RELEASE, Spring v5.1.5.RELEASE
2019-04-02 13:49:30,116 INFO (SpringApplication.java:675)- No active profile set, falling back to default profiles: default
2019-04-02 13:49:33,650 INFO (StartupInfoLogger.java:59)- Started FormDesignerApplication in 4.603 seconds (JVM running for 6.794)
2019-04-02 13:54:33,105 INFO (StartupInfoLogger.java:50)- Starting FormDesignerApplication on USER-20180713SF with PID 11980 (D:\IDEAWorkSpace\FormDesigner\target\classes started by Administrator in D:\IDEAWorkSpace\FormDesigner)
2019-04-02 13:54:33,112 DEBUG (StartupInfoLogger.java:53)- Running with Spring Boot v2.1.3.RELEASE, Spring v5.1.5.RELEASE
2019-04-02 13:54:33,114 INFO (SpringApplication.java:675)- No active profile set, falling back to default profiles: default
2019-04-02 13:54:37,952 INFO (StartupInfoLogger.java:59)- Started FormDesignerApplication in 5.997 seconds (JVM running for 7.56)
2019-04-02 14:28:30,418 INFO (StartupInfoLogger.java:50)- Starting FormDesignerApplication on USER-20180713SF with PID 11160 (D:\IDEAWorkSpace\FormDesigner\target\classes started by Administrator in D:\IDEAWorkSpace\FormDesigner)
2019-04-02 14:28:30,431 DEBUG (StartupInfoLogger.java:53)- Running with Spring Boot v2.1.3.RELEASE, Spring v5.1.5.RELEASE
2019-04-02 14:28:30,432 INFO (SpringApplication.java:675)- No active profile set, falling back to default profiles: default
2019-04-02 14:28:34,080 INFO (StartupInfoLogger.java:59)- Started FormDesignerApplication in 4.425 seconds (JVM running for 5.686)
2019-04-02 14:31:04,167 INFO (StartupInfoLogger.java:50)- Starting FormDesignerApplication on USER-20180713SF with PID 10496 (D:\IDEAWorkSpace\FormDesigner\target\classes started by Administrator in D:\IDEAWorkSpace\FormDesigner)
2019-04-02 14:31:04,175 DEBUG (StartupInfoLogger.java:53)- Running with Spring Boot v2.1.3.RELEASE, Spring v5.1.5.RELEASE
2019-04-02 14:31:04,178 INFO (SpringApplication.java:675)- No active profile set, falling back to default profiles: default
2019-04-02 14:31:07,118 INFO (StartupInfoLogger.java:59)- Started FormDesignerApplication in 3.943 seconds (JVM running for 5.154)
2019-04-02 14:33:29,736 INFO (StartupInfoLogger.java:50)- Starting FormDesignerApplication on USER-20180713SF with PID 11756 (D:\IDEAWorkSpace\FormDesigner\target\classes started by Administrator in D:\IDEAWorkSpace\FormDesigner)
2019-04-02 14:33:29,741 DEBUG (StartupInfoLogger.java:53)- Running with Spring Boot v2.1.3.RELEASE, Spring v5.1.5.RELEASE
2019-04-02 14:33:29,741 INFO (SpringApplication.java:675)- No active profile set, falling back to default profiles: default
2019-04-02 14:33:33,364 INFO (StartupInfoLogger.java:59)- Started FormDesignerApplication in 4.293 seconds (JVM running for 5.498)
2019-04-02 14:37:08,911 INFO (StartupInfoLogger.java:50)- Starting FormDesignerApplication on USER-20180713SF with PID 11088 (D:\IDEAWorkSpace\FormDesigner\target\classes started by Administrator in D:\IDEAWorkSpace\FormDesigner)
2019-04-02 14:37:08,916 DEBUG (StartupInfoLogger.java:53)- Running with Spring Boot v2.1.3.RELEASE, Spring v5.1.5.RELEASE
2019-04-02 14:37:08,917 INFO (SpringApplication.java:675)- No active profile set, falling back to default profiles: default
2019-04-02 14:37:13,734 INFO (StartupInfoLogger.java:59)- Started FormDesignerApplication in 6.006 seconds (JVM running for 7.611)
2019-04-02 14:40:19,497 INFO (StartupInfoLogger.java:50)- Starting FormDesignerApplication on USER-20180713SF with PID 10800 (D:\IDEAWorkSpace\FormDesigner\target\classes started by Administrator in D:\IDEAWorkSpace\FormDesigner)
2019-04-02 14:40:19,501 DEBUG (StartupInfoLogger.java:53)- Running with Spring Boot v2.1.3.RELEASE, Spring v5.1.5.RELEASE
2019-04-02 14:40:19,504 INFO (SpringApplication.java:675)- No active profile set, falling back to default profiles: default
2019-04-02 14:40:22,486 INFO (StartupInfoLogger.java:59)- Started FormDesignerApplication in 4.279 seconds (JVM running for 5.763)
2019-04-02 14:43:43,078 INFO (StartupInfoLogger.java:50)- Starting FormDesignerApplication on USER-20180713SF with PID 7848 (D:\IDEAWorkSpace\FormDesigner\target\classes started by Administrator in D:\IDEAWorkSpace\FormDesigner)
2019-04-02 14:43:43,082 DEBUG (StartupInfoLogger.java:53)- Running with Spring Boot v2.1.3.RELEASE, Spring v5.1.5.RELEASE
2019-04-02 14:43:43,083 INFO (SpringApplication.java:675)- No active profile set, falling back to default profiles: default
2019-04-02 14:43:46,139 INFO (StartupInfoLogger.java:59)- Started FormDesignerApplication in 3.997 seconds (JVM running for 5.454)
2019-04-02 14:46:14,173 INFO (StartupInfoLogger.java:50)- Starting FormDesignerApplication on USER-20180713SF with PID 11840 (D:\IDEAWorkSpace\FormDesigner\target\classes started by Administrator in D:\IDEAWorkSpace\FormDesigner)
2019-04-02 14:46:14,177 DEBUG (StartupInfoLogger.java:53)- Running with Spring Boot v2.1.3.RELEASE, Spring v5.1.5.RELEASE
2019-04-02 14:46:14,178 INFO (SpringApplication.java:675)- No active profile set, falling back to default profiles: default
2019-04-02 14:46:17,135 INFO (StartupInfoLogger.java:59)- Started FormDesignerApplication in 3.639 seconds (JVM running for 4.833)
2019-04-02 14:52:42,183 INFO (StartupInfoLogger.java:50)- Starting FormDesignerApplication on USER-20180713SF with PID 9168 (D:\IDEAWorkSpace\FormDesigner\target\classes started by Administrator in D:\IDEAWorkSpace\FormDesigner)
2019-04-02 14:52:42,190 DEBUG (StartupInfoLogger.java:53)- Running with Spring Boot v2.1.3.RELEASE, Spring v5.1.5.RELEASE
2019-04-02 14:52:42,191 INFO (SpringApplication.java:675)- No active profile set, falling back to default profiles: default
2019-04-02 14:52:45,898 INFO (StartupInfoLogger.java:59)- Started FormDesignerApplication in 4.676 seconds (JVM running for 5.963)
2019-04-02 14:53:03,980 INFO (StartupInfoLogger.java:50)- Starting FormDesignerApplication on USER-20180713SF with PID 7756 (D:\IDEAWorkSpace\FormDesigner\target\classes started by Administrator in D:\IDEAWorkSpace\FormDesigner)
2019-04-02 14:53:03,984 DEBUG (StartupInfoLogger.java:53)- Running with Spring Boot v2.1.3.RELEASE, Spring v5.1.5.RELEASE
2019-04-02 14:53:03,986 INFO (SpringApplication.java:675)- No active profile set, falling back to default profiles: default
2019-04-02 14:53:07,965 INFO (StartupInfoLogger.java:59)- Started FormDesignerApplication in 5.511 seconds (JVM running for 7.406)
2019-04-02 14:53:15,060 INFO (StartupInfoLogger.java:50)- Starting FormDesignerApplication on USER-20180713SF with PID 6624 (D:\IDEAWorkSpace\FormDesigner\target\classes started by Administrator in D:\IDEAWorkSpace\FormDesigner)
2019-04-02 14:53:15,064 DEBUG (StartupInfoLogger.java:53)- Running with Spring Boot v2.1.3.RELEASE, Spring v5.1.5.RELEASE
2019-04-02 14:53:15,065 INFO (SpringApplication.java:675)- No active profile set, falling back to default profiles: default
2019-04-02 14:53:17,947 INFO (StartupInfoLogger.java:59)- Started FormDesignerApplication in 3.721 seconds (JVM running for 4.923)
2019-04-02 14:55:07,590 INFO (StartupInfoLogger.java:50)- Starting FormDesignerApplication on USER-20180713SF with PID 11628 (D:\IDEAWorkSpace\FormDesigner\target\classes started by Administrator in D:\IDEAWorkSpace\FormDesigner)
2019-04-02 14:55:07,595 DEBUG (StartupInfoLogger.java:53)- Running with Spring Boot v2.1.3.RELEASE, Spring v5.1.5.RELEASE
2019-04-02 14:55:07,596 INFO (SpringApplication.java:675)- No active profile set, falling back to default profiles: default
2019-04-02 14:55:11,066 INFO (StartupInfoLogger.java:59)- Started FormDesignerApplication in 4.695 seconds (JVM running for 6.281)
2019-04-02 14:55:29,580 INFO (StartupInfoLogger.java:50)- Starting FormDesignerApplication on USER-20180713SF with PID 10972 (D:\IDEAWorkSpace\FormDesigner\target\classes started by Administrator in D:\IDEAWorkSpace\FormDesigner)
2019-04-02 14:55:29,583 DEBUG (StartupInfoLogger.java:53)- Running with Spring Boot v2.1.3.RELEASE, Spring v5.1.5.RELEASE
2019-04-02 14:55:29,584 INFO (SpringApplication.java:675)- No active profile set, falling back to default profiles: default
2019-04-02 14:55:32,304 INFO (StartupInfoLogger.java:59)- Started FormDesignerApplication in 3.733 seconds (JVM running for 4.955)
2019-04-02 14:57:44,576 INFO (StartupInfoLogger.java:50)- Starting FormDesignerApplication on USER-20180713SF with PID 12052 (D:\IDEAWorkSpace\FormDesigner\target\classes started by Administrator in D:\IDEAWorkSpace\FormDesigner)
2019-04-02 14:57:44,638 DEBUG (StartupInfoLogger.java:53)- Running with Spring Boot v2.1.3.RELEASE, Spring v5.1.5.RELEASE
2019-04-02 14:57:44,639 INFO (SpringApplication.java:675)- No active profile set, falling back to default profiles: default
2019-04-02 14:57:47,346 INFO (StartupInfoLogger.java:59)- Started FormDesignerApplication in 3.541 seconds (JVM running for 4.761)
2019-04-02 15:12:06,967 INFO (StartupInfoLogger.java:50)- Starting FormDesignerApplication on USER-20180713SF with PID 5528 (D:\IDEAWorkSpace\FormDesigner\target\classes started by Administrator in D:\IDEAWorkSpace\FormDesigner)
2019-04-02 15:12:06,970 DEBUG (StartupInfoLogger.java:53)- Running with Spring Boot v2.1.3.RELEASE, Spring v5.1.5.RELEASE
2019-04-02 15:12:06,971 INFO (SpringApplication.java:675)- No active profile set, falling back to default profiles: default
2019-04-02 15:12:10,888 INFO (StartupInfoLogger.java:59)- Started FormDesignerApplication in 4.718 seconds (JVM running for 6.011)
2019-04-02 15:16:56,498 INFO (StartupInfoLogger.java:50)- Starting FormDesignerApplication on USER-20180713SF with PID 11320 (D:\IDEAWorkSpace\FormDesigner\target\classes started by Administrator in D:\IDEAWorkSpace\FormDesigner)
2019-04-02 15:16:56,502 DEBUG (StartupInfoLogger.java:53)- Running with Spring Boot v2.1.3.RELEASE, Spring v5.1.5.RELEASE
2019-04-02 15:16:56,504 INFO (SpringApplication.java:675)- No active profile set, falling back to default profiles: default
2019-04-02 15:17:00,078 INFO (StartupInfoLogger.java:59)- Started FormDesignerApplication in 4.702 seconds (JVM running for 6.073)
2019-04-02 15:23:27,061 INFO (StartupInfoLogger.java:50)- Starting FormDesignerApplication on USER-20180713SF with PID 11824 (D:\IDEAWorkSpace\FormDesigner\target\classes started by Administrator in D:\IDEAWorkSpace\FormDesigner)
2019-04-02 15:23:27,065 DEBUG (StartupInfoLogger.java:53)- Running with Spring Boot v2.1.3.RELEASE, Spring v5.1.5.RELEASE
2019-04-02 15:23:27,066 INFO (SpringApplication.java:675)- No active profile set, falling back to default profiles: default
2019-04-02 15:23:30,128 INFO (StartupInfoLogger.java:59)- Started FormDesignerApplication in 4.188 seconds (JVM running for 5.416)
2019-04-02 15:28:04,976 INFO (StartupInfoLogger.java:50)- Starting FormDesignerApplication on USER-20180713SF with PID 228 (D:\IDEAWorkSpace\FormDesigner\target\classes started by Administrator in D:\IDEAWorkSpace\FormDesigner)
2019-04-02 15:28:04,980 DEBUG (StartupInfoLogger.java:53)- Running with Spring Boot v2.1.3.RELEASE, Spring v5.1.5.RELEASE
2019-04-02 15:28:04,981 INFO (SpringApplication.java:675)- No active profile set, falling back to default profiles: default
2019-04-02 15:28:09,312 INFO (StartupInfoLogger.java:59)- Started FormDesignerApplication in 5.196 seconds (JVM running for 6.472)
2019-04-02 15:28:30,267 INFO (StartupInfoLogger.java:50)- Starting FormDesignerApplication on USER-20180713SF with PID 7476 (D:\IDEAWorkSpace\FormDesigner\target\classes started by Administrator in D:\IDEAWorkSpace\FormDesigner)
2019-04-02 15:28:30,270 DEBUG (StartupInfoLogger.java:53)- Running with Spring Boot v2.1.3.RELEASE, Spring v5.1.5.RELEASE
2019-04-02 15:28:30,271 INFO (SpringApplication.java:675)- No active profile set, falling back to default profiles: default
2019-04-02 15:28:33,190 INFO (StartupInfoLogger.java:59)- Started FormDesignerApplication in 3.973 seconds (JVM running for 5.103)
2019-04-02 15:38:30,465 INFO (StartupInfoLogger.java:50)- Starting FormDesignerApplication on USER-20180713SF with PID 7476 (D:\IDEAWorkSpace\FormDesigner\target\classes started by Administrator in D:\IDEAWorkSpace\FormDesigner)
2019-04-02 15:38:30,465 DEBUG (StartupInfoLogger.java:53)- Running with Spring Boot v2.1.3.RELEASE, Spring v5.1.5.RELEASE
2019-04-02 15:38:30,465 INFO (SpringApplication.java:675)- No active profile set, falling back to default profiles: default
2019-04-02 15:38:31,219 INFO (StartupInfoLogger.java:59)- Started FormDesignerApplication in 0.782 seconds (JVM running for 603.12)
2019-04-02 15:38:40,131 INFO (StartupInfoLogger.java:50)- Starting FormDesignerApplication on USER-20180713SF with PID 7476 (D:\IDEAWorkSpace\FormDesigner\target\classes started by Administrator in D:\IDEAWorkSpace\FormDesigner)
2019-04-02 15:38:40,131 DEBUG (StartupInfoLogger.java:53)- Running with Spring Boot v2.1.3.RELEASE, Spring v5.1.5.RELEASE
2019-04-02 15:38:40,132 INFO (SpringApplication.java:675)- No active profile set, falling back to default profiles: default
2019-04-02 15:38:54,208 INFO (StartupInfoLogger.java:50)- Starting FormDesignerApplication on USER-20180713SF with PID 9560 (D:\IDEAWorkSpace\FormDesigner\target\classes started by Administrator in D:\IDEAWorkSpace\FormDesigner)
2019-04-02 15:38:54,212 DEBUG (StartupInfoLogger.java:53)- Running with Spring Boot v2.1.3.RELEASE, Spring v5.1.5.RELEASE
2019-04-02 15:38:54,212 INFO (SpringApplication.java:675)- No active profile set, falling back to default profiles: default
2019-04-02 15:38:57,441 INFO (StartupInfoLogger.java:59)- Started FormDesignerApplication in 4.739 seconds (JVM running for 6.205)
2019-04-02 15:39:27,656 INFO (StartupInfoLogger.java:50)- Starting FormDesignerApplication on USER-20180713SF with PID 5692 (D:\IDEAWorkSpace\FormDesigner\target\classes started by Administrator in D:\IDEAWorkSpace\FormDesigner)
2019-04-02 15:39:27,662 DEBUG (StartupInfoLogger.java:53)- Running with Spring Boot v2.1.3.RELEASE, Spring v5.1.5.RELEASE
2019-04-02 15:39:27,663 INFO (SpringApplication.java:675)- No active profile set, falling back to default profiles: default
2019-04-02 15:39:31,196 INFO (StartupInfoLogger.java:59)- Started FormDesignerApplication in 4.426 seconds (JVM running for 5.653)
2019-04-02 15:40:42,020 INFO (StartupInfoLogger.java:50)- Starting FormDesignerApplication on USER-20180713SF with PID 9316 (D:\IDEAWorkSpace\FormDesigner\target\classes started by Administrator in D:\IDEAWorkSpace\FormDesigner)
2019-04-02 15:40:42,026 DEBUG (StartupInfoLogger.java:53)- Running with Spring Boot v2.1.3.RELEASE, Spring v5.1.5.RELEASE
2019-04-02 15:40:42,027 INFO (SpringApplication.java:675)- No active profile set, falling back to default profiles: default
2019-04-02 15:40:45,330 INFO (StartupInfoLogger.java:59)- Started FormDesignerApplication in 4.701 seconds (JVM running for 7.396)
2019-04-02 15:41:01,077 INFO (StartupInfoLogger.java:50)- Starting FormDesignerApplication on USER-20180713SF with PID 10092 (D:\IDEAWorkSpace\FormDesigner\target\classes started by Administrator in D:\IDEAWorkSpace\FormDesigner)
2019-04-02 15:41:01,081 DEBUG (StartupInfoLogger.java:53)- Running with Spring Boot v2.1.3.RELEASE, Spring v5.1.5.RELEASE
2019-04-02 15:41:01,082 INFO (SpringApplication.java:675)- No active profile set, falling back to default profiles: default
2019-04-02 15:41:04,144 INFO (StartupInfoLogger.java:59)- Started FormDesignerApplication in 4.442 seconds (JVM running for 5.797)
2019-04-02 15:43:30,053 INFO (StartupInfoLogger.java:50)- Starting FormDesignerApplication on USER-20180713SF with PID 8492 (D:\IDEAWorkSpace\FormDesigner\target\classes started by Administrator in D:\IDEAWorkSpace\FormDesigner)
2019-04-02 15:43:30,056 DEBUG (StartupInfoLogger.java:53)- Running with Spring Boot v2.1.3.RELEASE, Spring v5.1.5.RELEASE
2019-04-02 15:43:30,057 INFO (SpringApplication.java:675)- No active profile set, falling back to default profiles: default
2019-04-02 15:43:32,796 INFO (StartupInfoLogger.java:59)- Started FormDesignerApplication in 3.708 seconds (JVM running for 4.924)
2019-04-02 16:41:19,398 INFO (StartupInfoLogger.java:50)- Starting FormDesignerApplication on USER-20180713SF with PID 11324 (D:\IDEAWorkSpace\FormDesigner\target\classes started by Administrator in D:\IDEAWorkSpace\FormDesigner)
2019-04-02 16:41:19,404 DEBUG (StartupInfoLogger.java:53)- Running with Spring Boot v2.1.3.RELEASE, Spring v5.1.5.RELEASE
2019-04-02 16:41:19,406 INFO (SpringApplication.java:675)- No active profile set, falling back to default profiles: default
2019-04-02 16:41:22,158 INFO (StartupInfoLogger.java:59)- Started FormDesignerApplication in 4.232 seconds (JVM running for 5.732)
2019-04-02 16:42:23,035 INFO (StartupInfoLogger.java:50)- Starting FormDesignerApplication on USER-20180713SF with PID 5084 (D:\IDEAWorkSpace\FormDesigner\target\classes started by Administrator in D:\IDEAWorkSpace\FormDesigner)
2019-04-02 16:42:23,038 DEBUG (StartupInfoLogger.java:53)- Running with Spring Boot v2.1.3.RELEASE, Spring v5.1.5.RELEASE
2019-04-02 16:42:23,039 INFO (SpringApplication.java:675)- No active profile set, falling back to default profiles: default
2019-04-02 16:42:26,525 INFO (StartupInfoLogger.java:59)- Started FormDesignerApplication in 5.031 seconds (JVM running for 7.044)
2019-04-02 16:44:38,402 INFO (StartupInfoLogger.java:50)- Starting FormDesignerApplication on USER-20180713SF with PID 8456 (D:\IDEAWorkSpace\FormDesigner\target\classes started by Administrator in D:\IDEAWorkSpace\FormDesigner)
2019-04-02 16:44:38,407 DEBUG (StartupInfoLogger.java:53)- Running with Spring Boot v2.1.3.RELEASE, Spring v5.1.5.RELEASE
2019-04-02 16:44:38,408 INFO (SpringApplication.java:675)- No active profile set, falling back to default profiles: default
2019-04-02 16:44:41,858 INFO (StartupInfoLogger.java:59)- Started FormDesignerApplication in 4.668 seconds (JVM running for 6.468)
2019-04-02 16:47:54,853 INFO (StartupInfoLogger.java:50)- Starting FormDesignerApplication on USER-20180713SF with PID 1616 (D:\IDEAWorkSpace\FormDesigner\target\classes started by Administrator in D:\IDEAWorkSpace\FormDesigner)
2019-04-02 16:47:54,858 DEBUG (StartupInfoLogger.java:53)- Running with Spring Boot v2.1.3.RELEASE, Spring v5.1.5.RELEASE
2019-04-02 16:47:54,860 INFO (SpringApplication.java:675)- No active profile set, falling back to default profiles: default
2019-04-02 16:47:59,696 INFO (StartupInfoLogger.java:59)- Started FormDesignerApplication in 6.049 seconds (JVM running for 7.696)
2019-04-02 16:49:42,855 INFO (StartupInfoLogger.java:50)- Starting FormDesignerApplication on USER-20180713SF with PID 13040 (D:\IDEAWorkSpace\FormDesigner\target\classes started by Administrator in D:\IDEAWorkSpace\FormDesigner)
2019-04-02 16:49:42,862 DEBUG (StartupInfoLogger.java:53)- Running with Spring Boot v2.1.3.RELEASE, Spring v5.1.5.RELEASE
2019-04-02 16:49:42,864 INFO (SpringApplication.java:675)- No active profile set, falling back to default profiles: default
2019-04-02 16:49:48,058 INFO (StartupInfoLogger.java:59)- Started FormDesignerApplication in 6.253 seconds (JVM running for 7.7)
2019-04-02 16:56:42,096 INFO (StartupInfoLogger.java:50)- Starting FormDesignerApplication on USER-20180713SF with PID 8592 (D:\IDEAWorkSpace\FormDesigner\target\classes started by Administrator in D:\IDEAWorkSpace\FormDesigner)
2019-04-02 16:56:42,101 DEBUG (StartupInfoLogger.java:53)- Running with Spring Boot v2.1.3.RELEASE, Spring v5.1.5.RELEASE
2019-04-02 16:56:42,102 INFO (SpringApplication.java:675)- No active profile set, falling back to default profiles: default
2019-04-02 16:56:45,145 INFO (StartupInfoLogger.java:59)- Started FormDesignerApplication in 3.818 seconds (JVM running for 5.045)
2019-04-02 16:59:01,710 INFO (StartupInfoLogger.java:50)- Starting FormDesignerApplication on USER-20180713SF with PID 9580 (D:\IDEAWorkSpace\FormDesigner\target\classes started by Administrator in D:\IDEAWorkSpace\FormDesigner)
2019-04-02 16:59:01,715 DEBUG (StartupInfoLogger.java:53)- Running with Spring Boot v2.1.3.RELEASE, Spring v5.1.5.RELEASE
2019-04-02 16:59:01,716 INFO (SpringApplication.java:675)- No active profile set, falling back to default profiles: default
2019-04-02 16:59:04,353 INFO (StartupInfoLogger.java:59)- Started FormDesignerApplication in 3.702 seconds (JVM running for 4.911)
2019-04-02 17:01:22,757 INFO (StartupInfoLogger.java:50)- Starting FormDesignerApplication on USER-20180713SF with PID 12312 (D:\IDEAWorkSpace\FormDesigner\target\classes started by Administrator in D:\IDEAWorkSpace\FormDesigner)
2019-04-02 17:01:22,763 DEBUG (StartupInfoLogger.java:53)- Running with Spring Boot v2.1.3.RELEASE, Spring v5.1.5.RELEASE
2019-04-02 17:01:22,763 INFO (SpringApplication.java:675)- No active profile set, falling back to default profiles: default
2019-04-02 17:01:25,608 INFO (StartupInfoLogger.java:59)- Started FormDesignerApplication in 3.882 seconds (JVM running for 5.089)
