2019-05-08 09:42:26,513 INFO (StartupInfoLogger.java:50)- Starting FormDesignerApplication on USER-20180713SF with PID 10440 (E:\Desktop\FormDesigner\target\classes started by Administrator in E:\Desktop\FormDesigner)
2019-05-08 09:42:26,532 DEBUG (StartupInfoLogger.java:53)- Running with Spring Boot v2.1.3.RELEASE, Spring v5.1.5.RELEASE
2019-05-08 09:42:26,533 INFO (SpringApplication.java:675)- No active profile set, falling back to default profiles: default
2019-05-08 09:42:34,983 INFO (StartupInfoLogger.java:59)- Started FormDesignerApplication in 10.168 seconds (JVM running for 19.523)
2019-05-08 10:10:46,639 INFO (StartupInfoLogger.java:50)- Starting FormDesignerApplication on USER-20180713SF with PID 10076 (E:\Desktop\FormDesigner\target\classes started by Administrator in E:\Desktop\FormDesigner)
2019-05-08 10:10:46,645 DEBUG (StartupInfoLogger.java:53)- Running with Spring Boot v2.1.3.RELEASE, Spring v5.1.5.RELEASE
2019-05-08 10:10:46,647 INFO (SpringApplication.java:675)- No active profile set, falling back to default profiles: default
2019-05-08 10:10:52,076 INFO (StartupInfoLogger.java:59)- Started FormDesignerApplication in 6.454 seconds (JVM running for 8.294)
2019-05-08 13:43:12,676 INFO (StartupInfoLogger.java:50)- Starting FormDesignerApplication on USER-20180713SF with PID 8512 (E:\Desktop\FormDesigner\target\classes started by Administrator in E:\Desktop\FormDesigner)
2019-05-08 13:43:12,685 DEBUG (StartupInfoLogger.java:53)- Running with Spring Boot v2.1.3.RELEASE, Spring v5.1.5.RELEASE
2019-05-08 13:43:12,686 INFO (SpringApplication.java:675)- No active profile set, falling back to default profiles: default
2019-05-08 13:43:17,530 INFO (StartupInfoLogger.java:59)- Started FormDesignerApplication in 6.478 seconds (JVM running for 13.027)
2019-05-08 13:53:23,931 INFO (StartupInfoLogger.java:50)- Starting FormDesignerApplication on USER-20180713SF with PID 11048 (E:\Desktop\FormDesigner\target\classes started by Administrator in E:\Desktop\FormDesigner)
2019-05-08 13:53:23,936 DEBUG (StartupInfoLogger.java:53)- Running with Spring Boot v2.1.3.RELEASE, Spring v5.1.5.RELEASE
2019-05-08 13:53:23,937 INFO (SpringApplication.java:675)- No active profile set, falling back to default profiles: default
2019-05-08 13:53:28,924 INFO (StartupInfoLogger.java:59)- Started FormDesignerApplication in 6.281 seconds (JVM running for 7.961)
2019-05-08 14:03:35,199 INFO (StartupInfoLogger.java:50)- Starting FormDesignerApplication on USER-20180713SF with PID 9284 (E:\Desktop\FormDesigner\target\classes started by Administrator in E:\Desktop\FormDesigner)
2019-05-08 14:03:35,208 DEBUG (StartupInfoLogger.java:53)- Running with Spring Boot v2.1.3.RELEASE, Spring v5.1.5.RELEASE
2019-05-08 14:03:35,209 INFO (SpringApplication.java:675)- No active profile set, falling back to default profiles: default
2019-05-08 14:03:40,008 INFO (StartupInfoLogger.java:59)- Started FormDesignerApplication in 5.962 seconds (JVM running for 8.127)
2019-05-08 14:05:44,558 INFO (StartupInfoLogger.java:50)- Starting FormDesignerApplication on USER-20180713SF with PID 8112 (E:\Desktop\FormDesigner\target\classes started by Administrator in E:\Desktop\FormDesigner)
2019-05-08 14:05:44,567 DEBUG (StartupInfoLogger.java:53)- Running with Spring Boot v2.1.3.RELEASE, Spring v5.1.5.RELEASE
2019-05-08 14:05:44,569 INFO (SpringApplication.java:675)- No active profile set, falling back to default profiles: default
2019-05-08 14:05:49,802 INFO (StartupInfoLogger.java:59)- Started FormDesignerApplication in 6.349 seconds (JVM running for 8.321)
2019-05-08 14:07:30,614 INFO (StartupInfoLogger.java:50)- Starting FormDesignerApplicationTests on USER-20180713SF with PID 9268 (started by Administrator in E:\Desktop\FormDesigner)
2019-05-08 14:07:30,621 DEBUG (StartupInfoLogger.java:53)- Running with Spring Boot v2.1.3.RELEASE, Spring v5.1.5.RELEASE
2019-05-08 14:07:30,624 INFO (SpringApplication.java:675)- No active profile set, falling back to default profiles: default
2019-05-08 14:07:37,940 INFO (StartupInfoLogger.java:59)- Started FormDesignerApplicationTests in 8.411 seconds (JVM running for 9.799)
2019-05-08 14:11:03,600 INFO (StartupInfoLogger.java:50)- Starting FormDesignerApplication on USER-20180713SF with PID 8652 (E:\Desktop\FormDesigner\target\classes started by Administrator in E:\Desktop\FormDesigner)
2019-05-08 14:11:03,606 DEBUG (StartupInfoLogger.java:53)- Running with Spring Boot v2.1.3.RELEASE, Spring v5.1.5.RELEASE
2019-05-08 14:11:03,606 INFO (SpringApplication.java:675)- No active profile set, falling back to default profiles: default
2019-05-08 14:11:09,334 INFO (StartupInfoLogger.java:59)- Started FormDesignerApplication in 7.176 seconds (JVM running for 8.982)
2019-05-08 15:01:09,483 INFO (StartupInfoLogger.java:50)- Starting FormDesignerApplication on USER-20180713SF with PID 8652 (E:\Desktop\FormDesigner\target\classes started by Administrator in E:\Desktop\FormDesigner)
2019-05-08 15:01:09,484 DEBUG (StartupInfoLogger.java:53)- Running with Spring Boot v2.1.3.RELEASE, Spring v5.1.5.RELEASE
2019-05-08 15:01:09,484 INFO (SpringApplication.java:675)- No active profile set, falling back to default profiles: default
2019-05-08 15:01:11,041 INFO (StartupInfoLogger.java:59)- Started FormDesignerApplication in 1.597 seconds (JVM running for 3010.602)
2019-05-08 15:02:05,586 INFO (StartupInfoLogger.java:50)- Starting FormDesignerApplication on USER-20180713SF with PID 8652 (E:\Desktop\FormDesigner\target\classes started by Administrator in E:\Desktop\FormDesigner)
2019-05-08 15:02:05,587 DEBUG (StartupInfoLogger.java:53)- Running with Spring Boot v2.1.3.RELEASE, Spring v5.1.5.RELEASE
2019-05-08 15:02:05,587 INFO (SpringApplication.java:675)- No active profile set, falling back to default profiles: default
2019-05-08 15:02:06,919 INFO (StartupInfoLogger.java:59)- Started FormDesignerApplication in 1.402 seconds (JVM running for 3066.478)
2019-05-08 15:02:21,899 INFO (StartupInfoLogger.java:50)- Starting FormDesignerApplication on USER-20180713SF with PID 8652 (E:\Desktop\FormDesigner\target\classes started by Administrator in E:\Desktop\FormDesigner)
2019-05-08 15:02:21,899 DEBUG (StartupInfoLogger.java:53)- Running with Spring Boot v2.1.3.RELEASE, Spring v5.1.5.RELEASE
2019-05-08 15:02:21,899 INFO (SpringApplication.java:675)- No active profile set, falling back to default profiles: default
2019-05-08 15:02:23,161 INFO (StartupInfoLogger.java:59)- Started FormDesignerApplication in 1.301 seconds (JVM running for 3082.719)
2019-05-08 15:14:11,403 INFO (StartupInfoLogger.java:50)- Starting FormDesignerApplication on USER-20180713SF with PID 6760 (E:\Desktop\FormDesigner\target\classes started by Administrator in E:\Desktop\FormDesigner)
2019-05-08 15:14:11,407 DEBUG (StartupInfoLogger.java:53)- Running with Spring Boot v2.1.3.RELEASE, Spring v5.1.5.RELEASE
2019-05-08 15:14:11,408 INFO (SpringApplication.java:675)- No active profile set, falling back to default profiles: default
2019-05-08 15:15:59,314 INFO (StartupInfoLogger.java:50)- Starting FormDesignerApplicationTests on USER-20180713SF with PID 9896 (started by Administrator in E:\Desktop\FormDesigner)
2019-05-08 15:15:59,316 DEBUG (StartupInfoLogger.java:53)- Running with Spring Boot v2.1.3.RELEASE, Spring v5.1.5.RELEASE
2019-05-08 15:15:59,317 INFO (SpringApplication.java:675)- No active profile set, falling back to default profiles: default
2019-05-08 15:16:06,657 INFO (StartupInfoLogger.java:59)- Started FormDesignerApplicationTests in 8.079 seconds (JVM running for 9.313)
2019-05-08 15:18:05,129 INFO (StartupInfoLogger.java:50)- Starting FormDesignerApplication on USER-20180713SF with PID 11756 (E:\Desktop\FormDesigner\target\classes started by Administrator in E:\Desktop\FormDesigner)
2019-05-08 15:18:05,134 DEBUG (StartupInfoLogger.java:53)- Running with Spring Boot v2.1.3.RELEASE, Spring v5.1.5.RELEASE
2019-05-08 15:18:05,135 INFO (SpringApplication.java:675)- No active profile set, falling back to default profiles: default
2019-05-08 15:18:10,367 INFO (StartupInfoLogger.java:59)- Started FormDesignerApplication in 6.218 seconds (JVM running for 8.429)
2019-05-08 15:20:00,714 INFO (StartupInfoLogger.java:50)- Starting FormDesignerApplication on USER-20180713SF with PID 8836 (E:\Desktop\FormDesigner\target\classes started by Administrator in E:\Desktop\FormDesigner)
2019-05-08 15:20:00,719 DEBUG (StartupInfoLogger.java:53)- Running with Spring Boot v2.1.3.RELEASE, Spring v5.1.5.RELEASE
2019-05-08 15:20:00,720 INFO (SpringApplication.java:675)- No active profile set, falling back to default profiles: default
2019-05-08 15:20:06,086 INFO (StartupInfoLogger.java:59)- Started FormDesignerApplication in 6.691 seconds (JVM running for 8.528)
2019-05-08 15:29:11,283 INFO (StartupInfoLogger.java:50)- Starting FormDesignerApplication on USER-20180713SF with PID 6996 (E:\Desktop\FormDesigner\target\classes started by Administrator in E:\Desktop\FormDesigner)
2019-05-08 15:29:11,303 DEBUG (StartupInfoLogger.java:53)- Running with Spring Boot v2.1.3.RELEASE, Spring v5.1.5.RELEASE
2019-05-08 15:29:11,304 INFO (SpringApplication.java:675)- No active profile set, falling back to default profiles: default
2019-05-08 15:29:16,548 INFO (StartupInfoLogger.java:59)- Started FormDesignerApplication in 6.045 seconds (JVM running for 7.743)
2019-05-08 15:31:42,912 INFO (StartupInfoLogger.java:50)- Starting FormDesignerApplication on USER-20180713SF with PID 6996 (E:\Desktop\FormDesigner\target\classes started by Administrator in E:\Desktop\FormDesigner)
2019-05-08 15:31:42,913 DEBUG (StartupInfoLogger.java:53)- Running with Spring Boot v2.1.3.RELEASE, Spring v5.1.5.RELEASE
2019-05-08 15:31:42,914 INFO (SpringApplication.java:675)- No active profile set, falling back to default profiles: default
2019-05-08 15:31:46,755 INFO (StartupInfoLogger.java:50)- Starting FormDesignerApplication on USER-20180713SF with PID 6996 (E:\Desktop\FormDesigner\target\classes started by Administrator in E:\Desktop\FormDesigner)
2019-05-08 15:31:46,756 DEBUG (StartupInfoLogger.java:53)- Running with Spring Boot v2.1.3.RELEASE, Spring v5.1.5.RELEASE
2019-05-08 15:31:46,756 INFO (SpringApplication.java:675)- No active profile set, falling back to default profiles: default
2019-05-08 15:31:49,505 INFO (StartupInfoLogger.java:59)- Started FormDesignerApplication in 2.819 seconds (JVM running for 160.695)
2019-05-08 15:31:51,406 INFO (StartupInfoLogger.java:50)- Starting FormDesignerApplicationTests on USER-20180713SF with PID 10276 (started by Administrator in E:\Desktop\FormDesigner)
2019-05-08 15:31:51,408 DEBUG (StartupInfoLogger.java:53)- Running with Spring Boot v2.1.3.RELEASE, Spring v5.1.5.RELEASE
2019-05-08 15:31:51,409 INFO (SpringApplication.java:675)- No active profile set, falling back to default profiles: default
2019-05-08 15:32:00,030 INFO (StartupInfoLogger.java:59)- Started FormDesignerApplicationTests in 9.436 seconds (JVM running for 11.011)
2019-05-08 15:40:41,648 INFO (StartupInfoLogger.java:50)- Starting FormDesignerApplicationTests on USER-20180713SF with PID 7472 (started by Administrator in E:\Desktop\FormDesigner)
2019-05-08 15:40:41,650 DEBUG (StartupInfoLogger.java:53)- Running with Spring Boot v2.1.3.RELEASE, Spring v5.1.5.RELEASE
2019-05-08 15:40:41,653 INFO (SpringApplication.java:675)- No active profile set, falling back to default profiles: default
2019-05-08 15:40:49,690 INFO (StartupInfoLogger.java:59)- Started FormDesignerApplicationTests in 8.733 seconds (JVM running for 10.012)
2019-05-08 15:42:03,019 INFO (StartupInfoLogger.java:50)- Starting FormDesignerApplicationTests on USER-20180713SF with PID 10720 (started by Administrator in E:\Desktop\FormDesigner)
2019-05-08 15:42:03,021 DEBUG (StartupInfoLogger.java:53)- Running with Spring Boot v2.1.3.RELEASE, Spring v5.1.5.RELEASE
2019-05-08 15:42:03,022 INFO (SpringApplication.java:675)- No active profile set, falling back to default profiles: default
2019-05-08 15:42:10,751 INFO (StartupInfoLogger.java:59)- Started FormDesignerApplicationTests in 8.435 seconds (JVM running for 9.88)
2019-05-08 15:43:11,847 INFO (StartupInfoLogger.java:50)- Starting FormDesignerApplicationTests on USER-20180713SF with PID 12268 (started by Administrator in E:\Desktop\FormDesigner)
2019-05-08 15:43:11,849 DEBUG (StartupInfoLogger.java:53)- Running with Spring Boot v2.1.3.RELEASE, Spring v5.1.5.RELEASE
2019-05-08 15:43:11,850 INFO (SpringApplication.java:675)- No active profile set, falling back to default profiles: default
2019-05-08 15:43:19,419 INFO (StartupInfoLogger.java:59)- Started FormDesignerApplicationTests in 8.295 seconds (JVM running for 9.905)
2019-05-08 15:44:11,016 INFO (StartupInfoLogger.java:50)- Starting FormDesignerApplicationTests on USER-20180713SF with PID 10616 (started by Administrator in E:\Desktop\FormDesigner)
2019-05-08 15:44:11,017 DEBUG (StartupInfoLogger.java:53)- Running with Spring Boot v2.1.3.RELEASE, Spring v5.1.5.RELEASE
2019-05-08 15:44:11,019 INFO (SpringApplication.java:675)- No active profile set, falling back to default profiles: default
2019-05-08 15:44:18,298 INFO (StartupInfoLogger.java:59)- Started FormDesignerApplicationTests in 8.136 seconds (JVM running for 9.732)
2019-05-08 15:48:20,257 INFO (StartupInfoLogger.java:50)- Starting FormDesignerApplicationTests on USER-20180713SF with PID 4332 (started by Administrator in E:\Desktop\FormDesigner)
2019-05-08 15:48:20,258 DEBUG (StartupInfoLogger.java:53)- Running with Spring Boot v2.1.3.RELEASE, Spring v5.1.5.RELEASE
2019-05-08 15:48:20,259 INFO (SpringApplication.java:675)- No active profile set, falling back to default profiles: default
2019-05-08 15:48:27,854 INFO (StartupInfoLogger.java:59)- Started FormDesignerApplicationTests in 8.345 seconds (JVM running for 9.761)
2019-05-08 15:48:57,179 INFO (StartupInfoLogger.java:50)- Starting FormDesignerApplication on USER-20180713SF with PID 5564 (E:\Desktop\FormDesigner\target\classes started by Administrator in E:\Desktop\FormDesigner)
2019-05-08 15:48:57,184 DEBUG (StartupInfoLogger.java:53)- Running with Spring Boot v2.1.3.RELEASE, Spring v5.1.5.RELEASE
2019-05-08 15:48:57,185 INFO (SpringApplication.java:675)- No active profile set, falling back to default profiles: default
2019-05-08 15:49:02,100 INFO (StartupInfoLogger.java:59)- Started FormDesignerApplication in 5.956 seconds (JVM running for 7.356)
2019-05-08 15:58:05,936 INFO (StartupInfoLogger.java:50)- Starting FormDesignerApplication on USER-20180713SF with PID 3964 (E:\Desktop\FormDesigner\target\classes started by Administrator in E:\Desktop\FormDesigner)
2019-05-08 15:58:05,941 DEBUG (StartupInfoLogger.java:53)- Running with Spring Boot v2.1.3.RELEASE, Spring v5.1.5.RELEASE
2019-05-08 15:58:05,942 INFO (SpringApplication.java:675)- No active profile set, falling back to default profiles: default
2019-05-08 15:58:09,783 INFO (StartupInfoLogger.java:59)- Started FormDesignerApplication in 5.413 seconds (JVM running for 7.211)
2019-05-08 15:58:28,909 INFO (StartupInfoLogger.java:50)- Starting FormDesignerApplication on USER-20180713SF with PID 3964 (E:\Desktop\FormDesigner\target\classes started by Administrator in E:\Desktop\FormDesigner)
2019-05-08 15:58:28,910 DEBUG (StartupInfoLogger.java:53)- Running with Spring Boot v2.1.3.RELEASE, Spring v5.1.5.RELEASE
2019-05-08 15:58:28,910 INFO (SpringApplication.java:675)- No active profile set, falling back to default profiles: default
2019-05-08 15:58:33,660 INFO (StartupInfoLogger.java:50)- Starting FormDesignerApplication on USER-20180713SF with PID 3964 (E:\Desktop\FormDesigner\target\classes started by Administrator in E:\Desktop\FormDesigner)
2019-05-08 15:58:33,661 DEBUG (StartupInfoLogger.java:53)- Running with Spring Boot v2.1.3.RELEASE, Spring v5.1.5.RELEASE
2019-05-08 15:58:33,661 INFO (SpringApplication.java:675)- No active profile set, falling back to default profiles: default
2019-05-08 15:58:35,728 INFO (StartupInfoLogger.java:59)- Started FormDesignerApplication in 2.132 seconds (JVM running for 33.154)
2019-05-08 15:58:38,347 INFO (StartupInfoLogger.java:50)- Starting FormDesignerApplicationTests on USER-20180713SF with PID 11616 (started by Administrator in E:\Desktop\FormDesigner)
2019-05-08 15:58:38,348 DEBUG (StartupInfoLogger.java:53)- Running with Spring Boot v2.1.3.RELEASE, Spring v5.1.5.RELEASE
2019-05-08 15:58:38,349 INFO (SpringApplication.java:675)- No active profile set, falling back to default profiles: default
2019-05-08 15:58:46,019 INFO (StartupInfoLogger.java:59)- Started FormDesignerApplicationTests in 8.837 seconds (JVM running for 10.528)
2019-05-08 15:59:56,039 INFO (StartupInfoLogger.java:50)- Starting FormDesignerApplication on USER-20180713SF with PID 6836 (E:\Desktop\FormDesigner\target\classes started by Administrator in E:\Desktop\FormDesigner)
2019-05-08 15:59:56,052 DEBUG (StartupInfoLogger.java:53)- Running with Spring Boot v2.1.3.RELEASE, Spring v5.1.5.RELEASE
2019-05-08 15:59:56,053 INFO (SpringApplication.java:675)- No active profile set, falling back to default profiles: default
2019-05-08 16:00:01,856 INFO (StartupInfoLogger.java:59)- Started FormDesignerApplication in 6.892 seconds (JVM running for 9.085)
2019-05-08 16:08:51,919 INFO (StartupInfoLogger.java:50)- Starting FormDesignerApplication on USER-20180713SF with PID 11340 (E:\Desktop\FormDesigner\target\classes started by Administrator in E:\Desktop\FormDesigner)
2019-05-08 16:08:51,927 DEBUG (StartupInfoLogger.java:53)- Running with Spring Boot v2.1.3.RELEASE, Spring v5.1.5.RELEASE
2019-05-08 16:08:51,928 INFO (SpringApplication.java:675)- No active profile set, falling back to default profiles: default
2019-05-08 16:08:57,670 INFO (StartupInfoLogger.java:59)- Started FormDesignerApplication in 6.507 seconds (JVM running for 8.325)
2019-05-08 16:09:55,436 INFO (StartupInfoLogger.java:50)- Starting FormDesignerApplication on USER-20180713SF with PID 11340 (E:\Desktop\FormDesigner\target\classes started by Administrator in E:\Desktop\FormDesigner)
2019-05-08 16:09:55,437 DEBUG (StartupInfoLogger.java:53)- Running with Spring Boot v2.1.3.RELEASE, Spring v5.1.5.RELEASE
2019-05-08 16:09:55,437 INFO (SpringApplication.java:675)- No active profile set, falling back to default profiles: default
2019-05-08 16:09:56,894 INFO (StartupInfoLogger.java:59)- Started FormDesignerApplication in 1.497 seconds (JVM running for 67.547)
2019-05-08 16:12:26,358 INFO (StartupInfoLogger.java:50)- Starting FormDesignerApplication on USER-20180713SF with PID 11340 (E:\Desktop\FormDesigner\target\classes started by Administrator in E:\Desktop\FormDesigner)
2019-05-08 16:12:26,359 DEBUG (StartupInfoLogger.java:53)- Running with Spring Boot v2.1.3.RELEASE, Spring v5.1.5.RELEASE
2019-05-08 16:12:26,360 INFO (SpringApplication.java:675)- No active profile set, falling back to default profiles: default
2019-05-08 16:12:32,078 INFO (StartupInfoLogger.java:50)- Starting FormDesignerApplication on USER-20180713SF with PID 11340 (E:\Desktop\FormDesigner\target\classes started by Administrator in E:\Desktop\FormDesigner)
2019-05-08 16:12:32,078 DEBUG (StartupInfoLogger.java:53)- Running with Spring Boot v2.1.3.RELEASE, Spring v5.1.5.RELEASE
2019-05-08 16:12:32,079 INFO (SpringApplication.java:675)- No active profile set, falling back to default profiles: default
2019-05-08 16:12:34,513 INFO (StartupInfoLogger.java:59)- Started FormDesignerApplication in 2.478 seconds (JVM running for 225.162)
2019-05-08 16:12:40,840 INFO (StartupInfoLogger.java:50)- Starting FormDesignerApplicationTests on USER-20180713SF with PID 7028 (started by Administrator in E:\Desktop\FormDesigner)
2019-05-08 16:12:40,842 DEBUG (StartupInfoLogger.java:53)- Running with Spring Boot v2.1.3.RELEASE, Spring v5.1.5.RELEASE
2019-05-08 16:12:40,844 INFO (SpringApplication.java:675)- No active profile set, falling back to default profiles: default
2019-05-08 16:12:48,671 INFO (StartupInfoLogger.java:59)- Started FormDesignerApplicationTests in 10.327 seconds (JVM running for 12.334)
2019-05-08 16:19:41,027 INFO (StartupInfoLogger.java:50)- Starting FormDesignerApplicationTests on USER-20180713SF with PID 5824 (started by Administrator in E:\Desktop\FormDesigner)
2019-05-08 16:19:41,041 DEBUG (StartupInfoLogger.java:53)- Running with Spring Boot v2.1.3.RELEASE, Spring v5.1.5.RELEASE
2019-05-08 16:19:41,042 INFO (SpringApplication.java:675)- No active profile set, falling back to default profiles: default
2019-05-08 16:19:48,524 INFO (StartupInfoLogger.java:59)- Started FormDesignerApplicationTests in 8.648 seconds (JVM running for 10.411)
2019-05-08 16:22:49,367 INFO (StartupInfoLogger.java:50)- Starting FormDesignerApplicationTests on USER-20180713SF with PID 1860 (started by Administrator in E:\Desktop\FormDesigner)
2019-05-08 16:22:49,368 DEBUG (StartupInfoLogger.java:53)- Running with Spring Boot v2.1.3.RELEASE, Spring v5.1.5.RELEASE
2019-05-08 16:22:49,369 INFO (SpringApplication.java:675)- No active profile set, falling back to default profiles: default
2019-05-08 16:22:57,806 INFO (StartupInfoLogger.java:59)- Started FormDesignerApplicationTests in 9.372 seconds (JVM running for 10.747)
2019-05-08 16:35:37,486 INFO (StartupInfoLogger.java:50)- Starting FormDesignerApplication on USER-20180713SF with PID 7728 (E:\Desktop\FormDesigner\target\classes started by Administrator in E:\Desktop\FormDesigner)
2019-05-08 16:35:37,496 DEBUG (StartupInfoLogger.java:53)- Running with Spring Boot v2.1.3.RELEASE, Spring v5.1.5.RELEASE
2019-05-08 16:35:37,497 INFO (SpringApplication.java:675)- No active profile set, falling back to default profiles: default
2019-05-08 16:35:50,535 INFO (StartupInfoLogger.java:50)- Starting FormDesignerApplication on USER-20180713SF with PID 7620 (E:\Desktop\FormDesigner\target\classes started by Administrator in E:\Desktop\FormDesigner)
2019-05-08 16:35:50,541 DEBUG (StartupInfoLogger.java:53)- Running with Spring Boot v2.1.3.RELEASE, Spring v5.1.5.RELEASE
2019-05-08 16:35:50,542 INFO (SpringApplication.java:675)- No active profile set, falling back to default profiles: default
2019-05-08 16:38:14,864 INFO (StartupInfoLogger.java:50)- Starting FormDesignerApplication on USER-20180713SF with PID 12248 (E:\Desktop\FormDesigner\target\classes started by Administrator in E:\Desktop\FormDesigner)
2019-05-08 16:38:14,872 DEBUG (StartupInfoLogger.java:53)- Running with Spring Boot v2.1.3.RELEASE, Spring v5.1.5.RELEASE
2019-05-08 16:38:14,873 INFO (SpringApplication.java:675)- No active profile set, falling back to default profiles: default
2019-05-08 16:38:19,619 INFO (StartupInfoLogger.java:59)- Started FormDesignerApplication in 6.409 seconds (JVM running for 8.242)
2019-05-08 16:42:27,722 INFO (StartupInfoLogger.java:50)- Starting FormDesignerApplication on USER-20180713SF with PID 12248 (E:\Desktop\FormDesigner\target\classes started by Administrator in E:\Desktop\FormDesigner)
2019-05-08 16:42:27,723 DEBUG (StartupInfoLogger.java:53)- Running with Spring Boot v2.1.3.RELEASE, Spring v5.1.5.RELEASE
2019-05-08 16:42:27,723 INFO (SpringApplication.java:675)- No active profile set, falling back to default profiles: default
2019-05-08 16:42:29,155 INFO (StartupInfoLogger.java:59)- Started FormDesignerApplication in 1.47 seconds (JVM running for 257.771)
2019-05-08 16:43:00,328 INFO (StartupInfoLogger.java:50)- Starting FormDesignerApplication on USER-20180713SF with PID 7796 (E:\Desktop\FormDesigner\target\classes started by Administrator in E:\Desktop\FormDesigner)
2019-05-08 16:43:00,333 DEBUG (StartupInfoLogger.java:53)- Running with Spring Boot v2.1.3.RELEASE, Spring v5.1.5.RELEASE
2019-05-08 16:43:00,334 INFO (SpringApplication.java:675)- No active profile set, falling back to default profiles: default
2019-05-08 16:43:05,651 INFO (StartupInfoLogger.java:59)- Started FormDesignerApplication in 7.122 seconds (JVM running for 8.886)
2019-05-08 16:48:54,588 INFO (StartupInfoLogger.java:50)- Starting FormDesignerApplication on USER-20180713SF with PID 5460 (E:\Desktop\FormDesigner\target\classes started by Administrator in E:\Desktop\FormDesigner)
2019-05-08 16:48:54,608 DEBUG (StartupInfoLogger.java:53)- Running with Spring Boot v2.1.3.RELEASE, Spring v5.1.5.RELEASE
2019-05-08 16:48:54,609 INFO (SpringApplication.java:675)- No active profile set, falling back to default profiles: default
2019-05-08 16:49:07,698 INFO (StartupInfoLogger.java:50)- Starting FormDesignerApplication on USER-20180713SF with PID 8900 (E:\Desktop\FormDesigner\target\classes started by Administrator in E:\Desktop\FormDesigner)
2019-05-08 16:49:07,702 DEBUG (StartupInfoLogger.java:53)- Running with Spring Boot v2.1.3.RELEASE, Spring v5.1.5.RELEASE
2019-05-08 16:49:07,703 INFO (SpringApplication.java:675)- No active profile set, falling back to default profiles: default
2019-05-08 16:49:13,413 INFO (StartupInfoLogger.java:59)- Started FormDesignerApplication in 6.842 seconds (JVM running for 8.495)
2019-05-08 16:53:05,086 INFO (StartupInfoLogger.java:50)- Starting FormDesignerApplication on USER-20180713SF with PID 12036 (E:\Desktop\FormDesigner\target\classes started by Administrator in E:\Desktop\FormDesigner)
2019-05-08 16:53:05,090 DEBUG (StartupInfoLogger.java:53)- Running with Spring Boot v2.1.3.RELEASE, Spring v5.1.5.RELEASE
2019-05-08 16:53:05,092 INFO (SpringApplication.java:675)- No active profile set, falling back to default profiles: default
2019-05-08 16:53:09,941 INFO (StartupInfoLogger.java:59)- Started FormDesignerApplication in 6.177 seconds (JVM running for 7.908)
2019-05-08 17:10:07,997 INFO (StartupInfoLogger.java:50)- Starting FormDesignerApplication on USER-20180713SF with PID 11368 (E:\Desktop\FormDesigner\target\classes started by Administrator in E:\Desktop\FormDesigner)
2019-05-08 17:10:08,003 DEBUG (StartupInfoLogger.java:53)- Running with Spring Boot v2.1.3.RELEASE, Spring v5.1.5.RELEASE
2019-05-08 17:10:08,006 INFO (SpringApplication.java:675)- No active profile set, falling back to default profiles: default
2019-05-08 17:10:15,211 INFO (StartupInfoLogger.java:59)- Started FormDesignerApplication in 8.06 seconds (JVM running for 10.076)
2019-05-08 17:11:33,961 INFO (StartupInfoLogger.java:50)- Starting FormDesignerApplication on USER-20180713SF with PID 11024 (E:\Desktop\FormDesigner\target\classes started by Administrator in E:\Desktop\FormDesigner)
2019-05-08 17:11:33,977 DEBUG (StartupInfoLogger.java:53)- Running with Spring Boot v2.1.3.RELEASE, Spring v5.1.5.RELEASE
2019-05-08 17:11:33,979 INFO (SpringApplication.java:675)- No active profile set, falling back to default profiles: default
2019-05-08 17:11:42,086 INFO (StartupInfoLogger.java:59)- Started FormDesignerApplication in 9.13 seconds (JVM running for 10.988)
2019-05-08 17:14:08,863 INFO (StartupInfoLogger.java:50)- Starting FormDesignerApplication on USER-20180713SF with PID 6492 (E:\Desktop\FormDesigner\target\classes started by Administrator in E:\Desktop\FormDesigner)
2019-05-08 17:14:08,881 DEBUG (StartupInfoLogger.java:53)- Running with Spring Boot v2.1.3.RELEASE, Spring v5.1.5.RELEASE
2019-05-08 17:14:08,882 INFO (SpringApplication.java:675)- No active profile set, falling back to default profiles: default
2019-05-08 17:14:14,058 INFO (StartupInfoLogger.java:59)- Started FormDesignerApplication in 6.57 seconds (JVM running for 8.407)
2019-05-08 17:14:32,089 INFO (StartupInfoLogger.java:50)- Starting FormDesignerApplication on USER-20180713SF with PID 5176 (E:\Desktop\FormDesigner\target\classes started by Administrator in E:\Desktop\FormDesigner)
2019-05-08 17:14:32,097 DEBUG (StartupInfoLogger.java:53)- Running with Spring Boot v2.1.3.RELEASE, Spring v5.1.5.RELEASE
2019-05-08 17:14:32,099 INFO (SpringApplication.java:675)- No active profile set, falling back to default profiles: default
2019-05-08 17:14:37,723 INFO (StartupInfoLogger.java:59)- Started FormDesignerApplication in 7.179 seconds (JVM running for 9.003)
2019-05-08 17:15:19,137 INFO (StartupInfoLogger.java:50)- Starting FormDesignerApplication on USER-20180713SF with PID 8464 (E:\Desktop\FormDesigner\target\classes started by Administrator in E:\Desktop\FormDesigner)
2019-05-08 17:15:19,142 DEBUG (StartupInfoLogger.java:53)- Running with Spring Boot v2.1.3.RELEASE, Spring v5.1.5.RELEASE
2019-05-08 17:15:19,143 INFO (SpringApplication.java:675)- No active profile set, falling back to default profiles: default
2019-05-08 17:15:24,625 INFO (StartupInfoLogger.java:59)- Started FormDesignerApplication in 6.706 seconds (JVM running for 8.569)
2019-05-08 17:19:03,175 INFO (StartupInfoLogger.java:50)- Starting FormDesignerApplication on USER-20180713SF with PID 4636 (E:\Desktop\FormDesigner\target\classes started by Administrator in E:\Desktop\FormDesigner)
2019-05-08 17:19:03,179 DEBUG (StartupInfoLogger.java:53)- Running with Spring Boot v2.1.3.RELEASE, Spring v5.1.5.RELEASE
2019-05-08 17:19:03,180 INFO (SpringApplication.java:675)- No active profile set, falling back to default profiles: default
2019-05-08 17:19:08,006 INFO (StartupInfoLogger.java:59)- Started FormDesignerApplication in 6.349 seconds (JVM running for 7.877)
2019-05-08 17:23:36,701 INFO (StartupInfoLogger.java:50)- Starting FormDesignerApplication on USER-20180713SF with PID 11268 (E:\Desktop\FormDesigner\target\classes started by Administrator in E:\Desktop\FormDesigner)
2019-05-08 17:23:36,715 DEBUG (StartupInfoLogger.java:53)- Running with Spring Boot v2.1.3.RELEASE, Spring v5.1.5.RELEASE
2019-05-08 17:23:36,716 INFO (SpringApplication.java:675)- No active profile set, falling back to default profiles: default
2019-05-08 17:23:41,911 INFO (StartupInfoLogger.java:59)- Started FormDesignerApplication in 7.177 seconds (JVM running for 8.971)
2019-05-08 17:24:16,570 INFO (StartupInfoLogger.java:50)- Starting FormDesignerApplication on USER-20180713SF with PID 11268 (E:\Desktop\FormDesigner\target\classes started by Administrator in E:\Desktop\FormDesigner)
2019-05-08 17:24:16,570 DEBUG (StartupInfoLogger.java:53)- Running with Spring Boot v2.1.3.RELEASE, Spring v5.1.5.RELEASE
2019-05-08 17:24:16,570 INFO (SpringApplication.java:675)- No active profile set, falling back to default profiles: default
2019-05-08 17:24:18,179 INFO (StartupInfoLogger.java:59)- Started FormDesignerApplication in 1.687 seconds (JVM running for 45.238)
2019-05-08 17:24:58,157 INFO (StartupInfoLogger.java:50)- Starting FormDesignerApplication on USER-20180713SF with PID 11268 (E:\Desktop\FormDesigner\target\classes started by Administrator in E:\Desktop\FormDesigner)
2019-05-08 17:24:58,158 DEBUG (StartupInfoLogger.java:53)- Running with Spring Boot v2.1.3.RELEASE, Spring v5.1.5.RELEASE
2019-05-08 17:24:58,159 INFO (SpringApplication.java:675)- No active profile set, falling back to default profiles: default
2019-05-08 17:25:02,051 INFO (StartupInfoLogger.java:50)- Starting FormDesignerApplication on USER-20180713SF with PID 11268 (E:\Desktop\FormDesigner\target\classes started by Administrator in E:\Desktop\FormDesigner)
2019-05-08 17:25:02,051 DEBUG (StartupInfoLogger.java:53)- Running with Spring Boot v2.1.3.RELEASE, Spring v5.1.5.RELEASE
2019-05-08 17:25:02,052 INFO (SpringApplication.java:675)- No active profile set, falling back to default profiles: default
2019-05-08 17:25:04,231 INFO (StartupInfoLogger.java:59)- Started FormDesignerApplication in 2.248 seconds (JVM running for 91.29)
2019-05-08 17:25:05,451 INFO (StartupInfoLogger.java:50)- Starting FormDesignerApplicationTests on USER-20180713SF with PID 9924 (started by Administrator in E:\Desktop\FormDesigner)
2019-05-08 17:25:05,452 DEBUG (StartupInfoLogger.java:53)- Running with Spring Boot v2.1.3.RELEASE, Spring v5.1.5.RELEASE
2019-05-08 17:25:05,453 INFO (SpringApplication.java:675)- No active profile set, falling back to default profiles: default
2019-05-08 17:25:13,141 INFO (StartupInfoLogger.java:59)- Started FormDesignerApplicationTests in 8.302 seconds (JVM running for 9.654)
2019-05-08 17:25:41,452 INFO (StartupInfoLogger.java:50)- Starting FormDesignerApplication on USER-20180713SF with PID 11000 (E:\Desktop\FormDesigner\target\classes started by Administrator in E:\Desktop\FormDesigner)
2019-05-08 17:25:41,457 DEBUG (StartupInfoLogger.java:53)- Running with Spring Boot v2.1.3.RELEASE, Spring v5.1.5.RELEASE
2019-05-08 17:25:41,458 INFO (SpringApplication.java:675)- No active profile set, falling back to default profiles: default
2019-05-08 17:25:46,148 INFO (StartupInfoLogger.java:59)- Started FormDesignerApplication in 6.34 seconds (JVM running for 8.204)
2019-05-08 17:26:58,530 INFO (StartupInfoLogger.java:50)- Starting FormDesignerApplication on USER-20180713SF with PID 12040 (E:\Desktop\FormDesigner\target\classes started by Administrator in E:\Desktop\FormDesigner)
2019-05-08 17:26:58,541 DEBUG (StartupInfoLogger.java:53)- Running with Spring Boot v2.1.3.RELEASE, Spring v5.1.5.RELEASE
2019-05-08 17:26:58,542 INFO (SpringApplication.java:675)- No active profile set, falling back to default profiles: default
2019-05-08 17:27:06,377 INFO (StartupInfoLogger.java:59)- Started FormDesignerApplication in 8.763 seconds (JVM running for 10.497)
2019-05-08 17:28:11,711 INFO (StartupInfoLogger.java:50)- Starting FormDesignerApplication on USER-20180713SF with PID 12040 (E:\Desktop\FormDesigner\target\classes started by Administrator in E:\Desktop\FormDesigner)
2019-05-08 17:28:11,712 DEBUG (StartupInfoLogger.java:53)- Running with Spring Boot v2.1.3.RELEASE, Spring v5.1.5.RELEASE
2019-05-08 17:28:11,712 INFO (SpringApplication.java:675)- No active profile set, falling back to default profiles: default
2019-05-08 17:28:16,384 INFO (StartupInfoLogger.java:50)- Starting FormDesignerApplication on USER-20180713SF with PID 12040 (E:\Desktop\FormDesigner\target\classes started by Administrator in E:\Desktop\FormDesigner)
2019-05-08 17:28:16,384 DEBUG (StartupInfoLogger.java:53)- Running with Spring Boot v2.1.3.RELEASE, Spring v5.1.5.RELEASE
2019-05-08 17:28:16,385 INFO (SpringApplication.java:675)- No active profile set, falling back to default profiles: default
2019-05-08 17:28:18,524 INFO (StartupInfoLogger.java:59)- Started FormDesignerApplication in 2.195 seconds (JVM running for 82.642)
2019-05-08 17:28:19,813 INFO (StartupInfoLogger.java:50)- Starting FormDesignerApplicationTests on USER-20180713SF with PID 11848 (started by Administrator in E:\Desktop\FormDesigner)
2019-05-08 17:28:19,814 DEBUG (StartupInfoLogger.java:53)- Running with Spring Boot v2.1.3.RELEASE, Spring v5.1.5.RELEASE
2019-05-08 17:28:19,815 INFO (SpringApplication.java:675)- No active profile set, falling back to default profiles: default
2019-05-08 17:28:26,670 INFO (StartupInfoLogger.java:59)- Started FormDesignerApplicationTests in 7.581 seconds (JVM running for 9.04)
2019-05-08 17:37:19,918 INFO (StartupInfoLogger.java:50)- Starting FormDesignerApplication on USER-20180713SF with PID 7208 (E:\Desktop\FormDesigner\target\classes started by Administrator in E:\Desktop\FormDesigner)
2019-05-08 17:37:19,925 DEBUG (StartupInfoLogger.java:53)- Running with Spring Boot v2.1.3.RELEASE, Spring v5.1.5.RELEASE
2019-05-08 17:37:19,926 INFO (SpringApplication.java:675)- No active profile set, falling back to default profiles: default
2019-05-08 17:38:27,096 INFO (StartupInfoLogger.java:50)- Starting FormDesignerApplication on USER-20180713SF with PID 7780 (E:\Desktop\FormDesigner\target\classes started by Administrator in E:\Desktop\FormDesigner)
2019-05-08 17:38:27,096 DEBUG (StartupInfoLogger.java:53)- Running with Spring Boot v2.1.3.RELEASE, Spring v5.1.5.RELEASE
2019-05-08 17:38:27,098 INFO (SpringApplication.java:675)- No active profile set, falling back to default profiles: default
2019-05-08 17:38:32,308 INFO (StartupInfoLogger.java:59)- Started FormDesignerApplication in 6.355 seconds (JVM running for 8.472)
2019-05-08 17:40:46,818 INFO (StartupInfoLogger.java:50)- Starting FormDesignerApplication on USER-20180713SF with PID 4444 (E:\Desktop\FormDesigner\target\classes started by Administrator in E:\Desktop\FormDesigner)
2019-05-08 17:40:46,823 DEBUG (StartupInfoLogger.java:53)- Running with Spring Boot v2.1.3.RELEASE, Spring v5.1.5.RELEASE
2019-05-08 17:40:46,825 INFO (SpringApplication.java:675)- No active profile set, falling back to default profiles: default
2019-05-08 17:40:53,251 INFO (StartupInfoLogger.java:59)- Started FormDesignerApplication in 7.739 seconds (JVM running for 9.515)
2019-05-08 17:44:09,198 INFO (StartupInfoLogger.java:50)- Starting FormDesignerApplication on USER-20180713SF with PID 5716 (E:\Desktop\FormDesigner\target\classes started by Administrator in E:\Desktop\FormDesigner)
2019-05-08 17:44:09,217 DEBUG (StartupInfoLogger.java:53)- Running with Spring Boot v2.1.3.RELEASE, Spring v5.1.5.RELEASE
2019-05-08 17:44:09,219 INFO (SpringApplication.java:675)- No active profile set, falling back to default profiles: default
2019-05-08 17:44:13,878 INFO (StartupInfoLogger.java:59)- Started FormDesignerApplication in 5.995 seconds (JVM running for 7.694)
2019-05-08 17:46:59,286 INFO (StartupInfoLogger.java:50)- Starting FormDesignerApplication on USER-20180713SF with PID 10584 (E:\Desktop\FormDesigner\target\classes started by Administrator in E:\Desktop\FormDesigner)
2019-05-08 17:46:59,295 DEBUG (StartupInfoLogger.java:53)- Running with Spring Boot v2.1.3.RELEASE, Spring v5.1.5.RELEASE
2019-05-08 17:46:59,297 INFO (SpringApplication.java:675)- No active profile set, falling back to default profiles: default
2019-05-08 17:47:05,408 INFO (StartupInfoLogger.java:59)- Started FormDesignerApplication in 7.08 seconds (JVM running for 8.919)
2019-05-08 17:47:33,940 INFO (StartupInfoLogger.java:50)- Starting FormDesignerApplication on USER-20180713SF with PID 8940 (E:\Desktop\FormDesigner\target\classes started by Administrator in E:\Desktop\FormDesigner)
2019-05-08 17:47:33,944 DEBUG (StartupInfoLogger.java:53)- Running with Spring Boot v2.1.3.RELEASE, Spring v5.1.5.RELEASE
2019-05-08 17:47:33,945 INFO (SpringApplication.java:675)- No active profile set, falling back to default profiles: default
2019-05-08 17:47:39,519 INFO (StartupInfoLogger.java:59)- Started FormDesignerApplication in 7.281 seconds (JVM running for 9.118)
2019-05-08 17:50:34,787 INFO (StartupInfoLogger.java:50)- Starting FormDesignerApplication on USER-20180713SF with PID 11644 (E:\Desktop\FormDesigner\target\classes started by Administrator in E:\Desktop\FormDesigner)
2019-05-08 17:50:34,881 DEBUG (StartupInfoLogger.java:53)- Running with Spring Boot v2.1.3.RELEASE, Spring v5.1.5.RELEASE
2019-05-08 17:50:34,882 INFO (SpringApplication.java:675)- No active profile set, falling back to default profiles: default
2019-05-08 17:50:39,537 INFO (StartupInfoLogger.java:59)- Started FormDesignerApplication in 6.137 seconds (JVM running for 7.992)
2019-05-08 17:51:39,515 INFO (StartupInfoLogger.java:50)- Starting FormDesignerApplication on USER-20180713SF with PID 4840 (E:\Desktop\FormDesigner\target\classes started by Administrator in E:\Desktop\FormDesigner)
2019-05-08 17:51:39,521 DEBUG (StartupInfoLogger.java:53)- Running with Spring Boot v2.1.3.RELEASE, Spring v5.1.5.RELEASE
2019-05-08 17:51:39,522 INFO (SpringApplication.java:675)- No active profile set, falling back to default profiles: default
2019-05-08 17:51:44,930 INFO (StartupInfoLogger.java:59)- Started FormDesignerApplication in 6.559 seconds (JVM running for 8.397)
2019-05-08 17:52:27,264 INFO (StartupInfoLogger.java:50)- Starting FormDesignerApplication on USER-20180713SF with PID 7360 (E:\Desktop\FormDesigner\target\classes started by Administrator in E:\Desktop\FormDesigner)
2019-05-08 17:52:27,269 DEBUG (StartupInfoLogger.java:53)- Running with Spring Boot v2.1.3.RELEASE, Spring v5.1.5.RELEASE
2019-05-08 17:52:27,270 INFO (SpringApplication.java:675)- No active profile set, falling back to default profiles: default
2019-05-08 17:52:32,417 INFO (StartupInfoLogger.java:59)- Started FormDesignerApplication in 6.322 seconds (JVM running for 8.016)
2019-05-08 17:53:06,290 INFO (StartupInfoLogger.java:50)- Starting FormDesignerApplication on USER-20180713SF with PID 10176 (E:\Desktop\FormDesigner\target\classes started by Administrator in E:\Desktop\FormDesigner)
2019-05-08 17:53:06,297 DEBUG (StartupInfoLogger.java:53)- Running with Spring Boot v2.1.3.RELEASE, Spring v5.1.5.RELEASE
2019-05-08 17:53:06,299 INFO (SpringApplication.java:675)- No active profile set, falling back to default profiles: default
2019-05-08 17:53:14,093 INFO (StartupInfoLogger.java:59)- Started FormDesignerApplication in 9.06 seconds (JVM running for 10.823)
2019-05-08 17:54:21,726 INFO (StartupInfoLogger.java:50)- Starting FormDesignerApplication on USER-20180713SF with PID 10836 (E:\Desktop\FormDesigner\target\classes started by Administrator in E:\Desktop\FormDesigner)
2019-05-08 17:54:21,734 DEBUG (StartupInfoLogger.java:53)- Running with Spring Boot v2.1.3.RELEASE, Spring v5.1.5.RELEASE
2019-05-08 17:54:21,735 INFO (SpringApplication.java:675)- No active profile set, falling back to default profiles: default
2019-05-08 17:54:26,375 INFO (StartupInfoLogger.java:59)- Started FormDesignerApplication in 6.115 seconds (JVM running for 8.379)
2019-05-08 17:54:52,480 INFO (StartupInfoLogger.java:50)- Starting FormDesignerApplication on USER-20180713SF with PID 4380 (E:\Desktop\FormDesigner\target\classes started by Administrator in E:\Desktop\FormDesigner)
2019-05-08 17:54:52,493 DEBUG (StartupInfoLogger.java:53)- Running with Spring Boot v2.1.3.RELEASE, Spring v5.1.5.RELEASE
2019-05-08 17:54:52,495 INFO (SpringApplication.java:675)- No active profile set, falling back to default profiles: default
2019-05-08 17:54:57,596 INFO (StartupInfoLogger.java:59)- Started FormDesignerApplication in 6.666 seconds (JVM running for 8.242)
2019-05-08 17:56:11,388 INFO (StartupInfoLogger.java:50)- Starting FormDesignerApplication on USER-20180713SF with PID 8696 (E:\Desktop\FormDesigner\target\classes started by Administrator in E:\Desktop\FormDesigner)
2019-05-08 17:56:11,394 DEBUG (StartupInfoLogger.java:53)- Running with Spring Boot v2.1.3.RELEASE, Spring v5.1.5.RELEASE
2019-05-08 17:56:11,395 INFO (SpringApplication.java:675)- No active profile set, falling back to default profiles: default
2019-05-08 17:56:17,462 INFO (StartupInfoLogger.java:59)- Started FormDesignerApplication in 6.954 seconds (JVM running for 9.44)
2019-05-08 17:56:30,201 INFO (StartupInfoLogger.java:50)- Starting FormDesignerApplication on USER-20180713SF with PID 8588 (E:\Desktop\FormDesigner\target\classes started by Administrator in E:\Desktop\FormDesigner)
2019-05-08 17:56:30,220 DEBUG (StartupInfoLogger.java:53)- Running with Spring Boot v2.1.3.RELEASE, Spring v5.1.5.RELEASE
2019-05-08 17:56:30,221 INFO (SpringApplication.java:675)- No active profile set, falling back to default profiles: default
2019-05-08 17:56:35,477 INFO (StartupInfoLogger.java:59)- Started FormDesignerApplication in 6.171 seconds (JVM running for 7.791)
2019-05-08 17:59:54,701 INFO (StartupInfoLogger.java:50)- Starting FormDesignerApplication on USER-20180713SF with PID 6476 (E:\Desktop\FormDesigner\target\classes started by Administrator in E:\Desktop\FormDesigner)
2019-05-08 17:59:54,707 DEBUG (StartupInfoLogger.java:53)- Running with Spring Boot v2.1.3.RELEASE, Spring v5.1.5.RELEASE
2019-05-08 17:59:54,708 INFO (SpringApplication.java:675)- No active profile set, falling back to default profiles: default
2019-05-08 17:59:59,384 INFO (StartupInfoLogger.java:59)- Started FormDesignerApplication in 5.318 seconds (JVM running for 8.665)
2019-05-08 18:01:31,767 INFO (StartupInfoLogger.java:50)- Starting FormDesignerApplication on USER-20180713SF with PID 12208 (E:\Desktop\FormDesigner\target\classes started by Administrator in E:\Desktop\FormDesigner)
2019-05-08 18:01:31,772 DEBUG (StartupInfoLogger.java:53)- Running with Spring Boot v2.1.3.RELEASE, Spring v5.1.5.RELEASE
2019-05-08 18:01:31,773 INFO (SpringApplication.java:675)- No active profile set, falling back to default profiles: default
2019-05-08 18:01:40,891 INFO (StartupInfoLogger.java:59)- Started FormDesignerApplication in 10.824 seconds (JVM running for 12.809)
2019-05-08 18:02:46,914 INFO (StartupInfoLogger.java:50)- Starting FormDesignerApplication on USER-20180713SF with PID 6164 (E:\Desktop\FormDesigner\target\classes started by Administrator in E:\Desktop\FormDesigner)
2019-05-08 18:02:46,919 DEBUG (StartupInfoLogger.java:53)- Running with Spring Boot v2.1.3.RELEASE, Spring v5.1.5.RELEASE
2019-05-08 18:02:46,921 INFO (SpringApplication.java:675)- No active profile set, falling back to default profiles: default
2019-05-08 18:02:53,268 INFO (StartupInfoLogger.java:59)- Started FormDesignerApplication in 7.908 seconds (JVM running for 9.893)
2019-05-08 18:08:09,856 INFO (StartupInfoLogger.java:50)- Starting FormDesignerApplication on USER-20180713SF with PID 1716 (E:\Desktop\FormDesigner\target\classes started by Administrator in E:\Desktop\FormDesigner)
2019-05-08 18:08:09,862 DEBUG (StartupInfoLogger.java:53)- Running with Spring Boot v2.1.3.RELEASE, Spring v5.1.5.RELEASE
2019-05-08 18:08:09,863 INFO (SpringApplication.java:675)- No active profile set, falling back to default profiles: default
2019-05-08 18:08:15,701 INFO (StartupInfoLogger.java:59)- Started FormDesignerApplication in 7.019 seconds (JVM running for 9.072)
2019-05-08 18:09:19,254 INFO (StartupInfoLogger.java:50)- Starting FormDesignerApplication on USER-20180713SF with PID 11696 (E:\Desktop\FormDesigner\target\classes started by Administrator in E:\Desktop\FormDesigner)
2019-05-08 18:09:19,259 DEBUG (StartupInfoLogger.java:53)- Running with Spring Boot v2.1.3.RELEASE, Spring v5.1.5.RELEASE
2019-05-08 18:09:19,261 INFO (SpringApplication.java:675)- No active profile set, falling back to default profiles: default
2019-05-08 18:09:26,061 INFO (StartupInfoLogger.java:59)- Started FormDesignerApplication in 8.083 seconds (JVM running for 10.089)
2019-05-08 18:09:58,454 INFO (StartupInfoLogger.java:50)- Starting FormDesignerApplication on USER-20180713SF with PID 6060 (E:\Desktop\FormDesigner\target\classes started by Administrator in E:\Desktop\FormDesigner)
2019-05-08 18:09:58,459 DEBUG (StartupInfoLogger.java:53)- Running with Spring Boot v2.1.3.RELEASE, Spring v5.1.5.RELEASE
2019-05-08 18:09:58,460 INFO (SpringApplication.java:675)- No active profile set, falling back to default profiles: default
2019-05-08 18:10:03,506 INFO (StartupInfoLogger.java:59)- Started FormDesignerApplication in 6.513 seconds (JVM running for 8.234)
2019-05-08 18:17:42,306 INFO (StartupInfoLogger.java:50)- Starting FormDesignerApplication on USER-20180713SF with PID 5784 (E:\Desktop\FormDesigner\target\classes started by Administrator in E:\Desktop\FormDesigner)
2019-05-08 18:17:42,315 DEBUG (StartupInfoLogger.java:53)- Running with Spring Boot v2.1.3.RELEASE, Spring v5.1.5.RELEASE
2019-05-08 18:17:42,315 INFO (SpringApplication.java:675)- No active profile set, falling back to default profiles: default
2019-05-08 18:19:30,831 INFO (StartupInfoLogger.java:50)- Starting FormDesignerApplication on USER-20180713SF with PID 10824 (E:\Desktop\FormDesigner\target\classes started by Administrator in E:\Desktop\FormDesigner)
2019-05-08 18:19:30,836 DEBUG (StartupInfoLogger.java:53)- Running with Spring Boot v2.1.3.RELEASE, Spring v5.1.5.RELEASE
2019-05-08 18:19:30,838 INFO (SpringApplication.java:675)- No active profile set, falling back to default profiles: default
2019-05-08 18:23:30,168 INFO (StartupInfoLogger.java:50)- Starting FormDesignerApplication on USER-20180713SF with PID 9240 (E:\Desktop\FormDesigner\target\classes started by Administrator in E:\Desktop\FormDesigner)
2019-05-08 18:23:30,174 DEBUG (StartupInfoLogger.java:53)- Running with Spring Boot v2.1.3.RELEASE, Spring v5.1.5.RELEASE
2019-05-08 18:23:30,175 INFO (SpringApplication.java:675)- No active profile set, falling back to default profiles: default
2019-05-08 18:23:35,304 INFO (StartupInfoLogger.java:59)- Started FormDesignerApplication in 6.791 seconds (JVM running for 8.501)
2019-05-08 18:23:47,294 INFO (StartupInfoLogger.java:50)- Starting FormDesignerApplication on USER-20180713SF with PID 9240 (E:\Desktop\FormDesigner\target\classes started by Administrator in E:\Desktop\FormDesigner)
2019-05-08 18:23:47,294 DEBUG (StartupInfoLogger.java:53)- Running with Spring Boot v2.1.3.RELEASE, Spring v5.1.5.RELEASE
2019-05-08 18:23:47,295 INFO (SpringApplication.java:675)- No active profile set, falling back to default profiles: default
2019-05-08 18:23:49,260 INFO (StartupInfoLogger.java:59)- Started FormDesignerApplication in 2.035 seconds (JVM running for 22.456)
2019-05-08 18:24:04,572 INFO (StartupInfoLogger.java:50)- Starting FormDesignerApplication on USER-20180713SF with PID 9240 (E:\Desktop\FormDesigner\target\classes started by Administrator in E:\Desktop\FormDesigner)
2019-05-08 18:24:04,572 DEBUG (StartupInfoLogger.java:53)- Running with Spring Boot v2.1.3.RELEASE, Spring v5.1.5.RELEASE
2019-05-08 18:24:04,573 INFO (SpringApplication.java:675)- No active profile set, falling back to default profiles: default
2019-05-08 18:24:09,156 INFO (StartupInfoLogger.java:50)- Starting FormDesignerApplication on USER-20180713SF with PID 9240 (E:\Desktop\FormDesigner\target\classes started by Administrator in E:\Desktop\FormDesigner)
2019-05-08 18:24:09,157 DEBUG (StartupInfoLogger.java:53)- Running with Spring Boot v2.1.3.RELEASE, Spring v5.1.5.RELEASE
2019-05-08 18:24:09,157 INFO (SpringApplication.java:675)- No active profile set, falling back to default profiles: default
2019-05-08 18:24:11,101 INFO (StartupInfoLogger.java:59)- Started FormDesignerApplication in 1.993 seconds (JVM running for 44.297)
2019-05-08 18:24:13,366 INFO (StartupInfoLogger.java:50)- Starting FormDesignerApplicationTests on USER-20180713SF with PID 4032 (started by Administrator in E:\Desktop\FormDesigner)
2019-05-08 18:24:13,368 DEBUG (StartupInfoLogger.java:53)- Running with Spring Boot v2.1.3.RELEASE, Spring v5.1.5.RELEASE
2019-05-08 18:24:13,369 INFO (SpringApplication.java:675)- No active profile set, falling back to default profiles: default
2019-05-08 18:24:21,098 INFO (StartupInfoLogger.java:59)- Started FormDesignerApplicationTests in 8.57 seconds (JVM running for 9.842)
2019-05-08 18:27:00,650 INFO (StartupInfoLogger.java:50)- Starting FormDesignerApplication on USER-20180713SF with PID 6044 (E:\Desktop\FormDesigner\target\classes started by Administrator in E:\Desktop\FormDesigner)
2019-05-08 18:27:00,665 DEBUG (StartupInfoLogger.java:53)- Running with Spring Boot v2.1.3.RELEASE, Spring v5.1.5.RELEASE
2019-05-08 18:27:00,666 INFO (SpringApplication.java:675)- No active profile set, falling back to default profiles: default
2019-05-08 18:27:17,102 INFO (StartupInfoLogger.java:50)- Starting FormDesignerApplication on USER-20180713SF with PID 9816 (E:\Desktop\FormDesigner\target\classes started by Administrator in E:\Desktop\FormDesigner)
2019-05-08 18:27:17,112 DEBUG (StartupInfoLogger.java:53)- Running with Spring Boot v2.1.3.RELEASE, Spring v5.1.5.RELEASE
2019-05-08 18:27:17,113 INFO (SpringApplication.java:675)- No active profile set, falling back to default profiles: default
2019-05-08 18:27:22,193 INFO (StartupInfoLogger.java:59)- Started FormDesignerApplication in 7.63 seconds (JVM running for 9.971)
