2019-05-17 13:35:51,473 INFO (StartupInfoLogger.java:50)- Starting FormDesignerApplication on USER-20180713SF with PID 2580 (E:\Desktop\FormDesigner\target\classes started by Administrator in E:\Desktop\FormDesigner)
2019-05-17 13:35:51,478 DEBUG (StartupInfoLogger.java:53)- Running with Spring Boot v2.1.3.RELEASE, Spring v5.1.5.RELEASE
2019-05-17 13:35:51,479 INFO (SpringApplication.java:675)- No active profile set, falling back to default profiles: default
2019-05-17 13:35:53,947 INFO (StartupInfoLogger.java:59)- Started FormDesignerApplication in 2.538 seconds (JVM running for 73495.952)
2019-05-17 13:35:56,325 INFO (StartupInfoLogger.java:50)- Starting FormDesignerApplication on USER-20180713SF with PID 2580 (E:\Desktop\FormDesigner\target\classes started by Administrator in E:\Desktop\FormDesigner)
2019-05-17 13:35:56,325 DEBUG (StartupInfoLogger.java:53)- Running with Spring Boot v2.1.3.RELEASE, Spring v5.1.5.RELEASE
2019-05-17 13:35:56,325 INFO (SpringApplication.java:675)- No active profile set, falling back to default profiles: default
2019-05-17 13:35:58,392 INFO (StartupInfoLogger.java:59)- Started FormDesignerApplication in 2.128 seconds (JVM running for 73500.397)
2019-05-17 13:35:58,694 INFO (StartupInfoLogger.java:50)- Starting FormDesignerApplicationTests on USER-20180713SF with PID 2544 (started by Administrator in E:\Desktop\FormDesigner)
2019-05-17 13:35:58,696 DEBUG (StartupInfoLogger.java:53)- Running with Spring Boot v2.1.3.RELEASE, Spring v5.1.5.RELEASE
2019-05-17 13:35:58,697 INFO (SpringApplication.java:675)- No active profile set, falling back to default profiles: default
2019-05-17 13:36:06,277 INFO (StartupInfoLogger.java:59)- Started FormDesignerApplicationTests in 8.258 seconds (JVM running for 9.507)
2019-05-17 13:53:51,713 INFO (StartupInfoLogger.java:50)- Starting FormDesignerApplication on USER-20180713SF with PID 448 (E:\Desktop\FormDesigner\target\classes started by Administrator in E:\Desktop\FormDesigner)
2019-05-17 13:53:51,729 DEBUG (StartupInfoLogger.java:53)- Running with Spring Boot v2.1.3.RELEASE, Spring v5.1.5.RELEASE
2019-05-17 13:53:51,731 INFO (SpringApplication.java:675)- No active profile set, falling back to default profiles: default
2019-05-17 13:53:55,676 INFO (StartupInfoLogger.java:59)- Started FormDesignerApplication in 4.908 seconds (JVM running for 6.224)
2019-05-17 15:03:09,810 INFO (StartupInfoLogger.java:50)- Starting FormDesignerApplication on USER-20180713SF with PID 448 (E:\Desktop\FormDesigner\target\classes started by Administrator in E:\Desktop\FormDesigner)
2019-05-17 15:03:09,810 DEBUG (StartupInfoLogger.java:53)- Running with Spring Boot v2.1.3.RELEASE, Spring v5.1.5.RELEASE
2019-05-17 15:03:09,811 INFO (SpringApplication.java:675)- No active profile set, falling back to default profiles: default
2019-05-17 15:03:12,122 INFO (StartupInfoLogger.java:59)- Started FormDesignerApplication in 2.38 seconds (JVM running for 4162.568)
2019-05-17 15:06:47,491 INFO (StartupInfoLogger.java:50)- Starting FormDesignerApplication on USER-20180713SF with PID 448 (E:\Desktop\FormDesigner\target\classes started by Administrator in E:\Desktop\FormDesigner)
2019-05-17 15:06:47,492 DEBUG (StartupInfoLogger.java:53)- Running with Spring Boot v2.1.3.RELEASE, Spring v5.1.5.RELEASE
2019-05-17 15:06:47,492 INFO (SpringApplication.java:675)- No active profile set, falling back to default profiles: default
2019-05-17 15:06:50,095 INFO (StartupInfoLogger.java:59)- Started FormDesignerApplication in 2.647 seconds (JVM running for 4380.534)
2019-05-17 15:08:29,940 INFO (StartupInfoLogger.java:50)- Starting FormDesignerApplication on USER-20180713SF with PID 448 (E:\Desktop\FormDesigner\target\classes started by Administrator in E:\Desktop\FormDesigner)
2019-05-17 15:08:29,940 DEBUG (StartupInfoLogger.java:53)- Running with Spring Boot v2.1.3.RELEASE, Spring v5.1.5.RELEASE
2019-05-17 15:08:29,941 INFO (SpringApplication.java:675)- No active profile set, falling back to default profiles: default
2019-05-17 15:08:32,096 INFO (StartupInfoLogger.java:59)- Started FormDesignerApplication in 2.32 seconds (JVM running for 4482.532)
2019-05-17 15:08:52,331 INFO (StartupInfoLogger.java:50)- Starting FormDesignerApplication on USER-20180713SF with PID 448 (E:\Desktop\FormDesigner\target\classes started by Administrator in E:\Desktop\FormDesigner)
2019-05-17 15:08:52,332 DEBUG (StartupInfoLogger.java:53)- Running with Spring Boot v2.1.3.RELEASE, Spring v5.1.5.RELEASE
2019-05-17 15:08:52,332 INFO (SpringApplication.java:675)- No active profile set, falling back to default profiles: default
2019-05-17 15:08:54,833 INFO (StartupInfoLogger.java:59)- Started FormDesignerApplication in 2.722 seconds (JVM running for 4505.27)
2019-05-17 15:10:27,593 INFO (StartupInfoLogger.java:50)- Starting FormDesignerApplication on USER-20180713SF with PID 448 (E:\Desktop\FormDesigner\target\classes started by Administrator in E:\Desktop\FormDesigner)
2019-05-17 15:10:27,594 DEBUG (StartupInfoLogger.java:53)- Running with Spring Boot v2.1.3.RELEASE, Spring v5.1.5.RELEASE
2019-05-17 15:10:27,594 INFO (SpringApplication.java:675)- No active profile set, falling back to default profiles: default
2019-05-17 15:10:29,443 INFO (StartupInfoLogger.java:59)- Started FormDesignerApplication in 1.995 seconds (JVM running for 4599.878)
2019-05-17 15:12:36,652 INFO (StartupInfoLogger.java:50)- Starting FormDesignerApplication on USER-20180713SF with PID 448 (E:\Desktop\FormDesigner\target\classes started by Administrator in E:\Desktop\FormDesigner)
2019-05-17 15:12:36,652 DEBUG (StartupInfoLogger.java:53)- Running with Spring Boot v2.1.3.RELEASE, Spring v5.1.5.RELEASE
2019-05-17 15:12:36,653 INFO (SpringApplication.java:675)- No active profile set, falling back to default profiles: default
2019-05-17 15:12:38,887 INFO (StartupInfoLogger.java:59)- Started FormDesignerApplication in 2.286 seconds (JVM running for 4729.317)
2019-05-17 15:14:04,175 INFO (StartupInfoLogger.java:50)- Starting FormDesignerApplication on USER-20180713SF with PID 448 (E:\Desktop\FormDesigner\target\classes started by Administrator in E:\Desktop\FormDesigner)
2019-05-17 15:14:04,176 DEBUG (StartupInfoLogger.java:53)- Running with Spring Boot v2.1.3.RELEASE, Spring v5.1.5.RELEASE
2019-05-17 15:14:04,176 INFO (SpringApplication.java:675)- No active profile set, falling back to default profiles: default
2019-05-17 15:14:06,486 INFO (StartupInfoLogger.java:59)- Started FormDesignerApplication in 2.378 seconds (JVM running for 4816.915)
2019-05-17 15:20:16,803 INFO (StartupInfoLogger.java:50)- Starting FormDesignerApplication on USER-20180713SF with PID 448 (E:\Desktop\FormDesigner\target\classes started by Administrator in E:\Desktop\FormDesigner)
2019-05-17 15:20:16,805 DEBUG (StartupInfoLogger.java:53)- Running with Spring Boot v2.1.3.RELEASE, Spring v5.1.5.RELEASE
2019-05-17 15:20:16,806 INFO (SpringApplication.java:675)- No active profile set, falling back to default profiles: default
2019-05-17 15:20:18,864 INFO (StartupInfoLogger.java:59)- Started FormDesignerApplication in 2.462 seconds (JVM running for 5189.284)
2019-05-17 15:20:28,077 INFO (StartupInfoLogger.java:50)- Starting FormDesignerApplication on USER-20180713SF with PID 448 (E:\Desktop\FormDesigner\target\classes started by Administrator in E:\Desktop\FormDesigner)
2019-05-17 15:20:28,077 DEBUG (StartupInfoLogger.java:53)- Running with Spring Boot v2.1.3.RELEASE, Spring v5.1.5.RELEASE
2019-05-17 15:20:28,078 INFO (SpringApplication.java:675)- No active profile set, falling back to default profiles: default
2019-05-17 15:20:30,481 INFO (StartupInfoLogger.java:59)- Started FormDesignerApplication in 2.452 seconds (JVM running for 5200.901)
2019-05-17 15:25:51,386 INFO (StartupInfoLogger.java:50)- Starting FormDesignerApplication on USER-20180713SF with PID 448 (E:\Desktop\FormDesigner\target\classes started by Administrator in E:\Desktop\FormDesigner)
2019-05-17 15:25:51,386 DEBUG (StartupInfoLogger.java:53)- Running with Spring Boot v2.1.3.RELEASE, Spring v5.1.5.RELEASE
2019-05-17 15:25:51,386 INFO (SpringApplication.java:675)- No active profile set, falling back to default profiles: default
2019-05-17 15:25:53,120 INFO (StartupInfoLogger.java:59)- Started FormDesignerApplication in 1.83 seconds (JVM running for 5523.533)
2019-05-17 15:26:15,019 INFO (StartupInfoLogger.java:50)- Starting FormDesignerApplication on USER-20180713SF with PID 448 (E:\Desktop\FormDesigner\target\classes started by Administrator in E:\Desktop\FormDesigner)
2019-05-17 15:26:15,019 DEBUG (StartupInfoLogger.java:53)- Running with Spring Boot v2.1.3.RELEASE, Spring v5.1.5.RELEASE
2019-05-17 15:26:15,020 INFO (SpringApplication.java:675)- No active profile set, falling back to default profiles: default
2019-05-17 15:26:17,123 INFO (StartupInfoLogger.java:59)- Started FormDesignerApplication in 2.144 seconds (JVM running for 5547.535)
2019-05-17 15:27:06,898 INFO (StartupInfoLogger.java:50)- Starting FormDesignerApplication on USER-20180713SF with PID 448 (E:\Desktop\FormDesigner\target\classes started by Administrator in E:\Desktop\FormDesigner)
2019-05-17 15:27:06,899 DEBUG (StartupInfoLogger.java:53)- Running with Spring Boot v2.1.3.RELEASE, Spring v5.1.5.RELEASE
2019-05-17 15:27:06,900 INFO (SpringApplication.java:675)- No active profile set, falling back to default profiles: default
2019-05-17 15:27:09,129 INFO (StartupInfoLogger.java:59)- Started FormDesignerApplication in 2.742 seconds (JVM running for 5599.54)
2019-05-17 15:27:48,403 INFO (StartupInfoLogger.java:50)- Starting FormDesignerApplication on USER-20180713SF with PID 448 (E:\Desktop\FormDesigner\target\classes started by Administrator in E:\Desktop\FormDesigner)
2019-05-17 15:27:48,404 DEBUG (StartupInfoLogger.java:53)- Running with Spring Boot v2.1.3.RELEASE, Spring v5.1.5.RELEASE
2019-05-17 15:27:48,404 INFO (SpringApplication.java:675)- No active profile set, falling back to default profiles: default
2019-05-17 15:27:50,716 INFO (StartupInfoLogger.java:59)- Started FormDesignerApplication in 2.408 seconds (JVM running for 5641.126)
2019-05-17 15:28:44,591 INFO (StartupInfoLogger.java:50)- Starting FormDesignerApplication on USER-20180713SF with PID 448 (E:\Desktop\FormDesigner\target\classes started by Administrator in E:\Desktop\FormDesigner)
2019-05-17 15:28:44,591 DEBUG (StartupInfoLogger.java:53)- Running with Spring Boot v2.1.3.RELEASE, Spring v5.1.5.RELEASE
2019-05-17 15:28:44,592 INFO (SpringApplication.java:675)- No active profile set, falling back to default profiles: default
2019-05-17 15:28:46,910 INFO (StartupInfoLogger.java:59)- Started FormDesignerApplication in 2.394 seconds (JVM running for 5697.318)
