2019-05-09 09:26:15,909 INFO (StartupInfoLogger.java:50)- Starting FormDesignerApplication on USER-20180713SF with PID 5048 (E:\Desktop\FormDesigner\target\classes started by Administrator in E:\Desktop\FormDesigner)
2019-05-09 09:26:15,962 DEBUG (StartupInfoLogger.java:53)- Running with Spring Boot v2.1.3.RELEASE, Spring v5.1.5.RELEASE
2019-05-09 09:26:15,964 INFO (SpringApplication.java:675)- No active profile set, falling back to default profiles: default
2019-05-09 09:26:25,845 INFO (StartupInfoLogger.java:59)- Started FormDesignerApplication in 12.358 seconds (JVM running for 18.042)
2019-05-09 09:30:06,079 INFO (StartupInfoLogger.java:50)- Starting FormDesignerApplication on USER-20180713SF with PID 5048 (E:\Desktop\FormDesigner\target\classes started by Administrator in E:\Desktop\FormDesigner)
2019-05-09 09:30:06,080 DEBUG (StartupInfoLogger.java:53)- Running with Spring Boot v2.1.3.RELEASE, Spring v5.1.5.RELEASE
2019-05-09 09:30:06,080 INFO (SpringApplication.java:675)- No active profile set, falling back to default profiles: default
2019-05-09 09:30:07,456 INFO (StartupInfoLogger.java:59)- Started FormDesignerApplication in 1.407 seconds (JVM running for 239.647)
2019-05-09 09:30:37,594 INFO (StartupInfoLogger.java:50)- Starting FormDesignerApplication on USER-20180713SF with PID 3548 (E:\Desktop\FormDesigner\target\classes started by Administrator in E:\Desktop\FormDesigner)
2019-05-09 09:30:37,600 DEBUG (StartupInfoLogger.java:53)- Running with Spring Boot v2.1.3.RELEASE, Spring v5.1.5.RELEASE
2019-05-09 09:30:37,601 INFO (SpringApplication.java:675)- No active profile set, falling back to default profiles: default
2019-05-09 09:30:42,901 INFO (StartupInfoLogger.java:59)- Started FormDesignerApplication in 6.678 seconds (JVM running for 8.772)
2019-05-09 09:31:06,829 INFO (StartupInfoLogger.java:50)- Starting FormDesignerApplication on USER-20180713SF with PID 3548 (E:\Desktop\FormDesigner\target\classes started by Administrator in E:\Desktop\FormDesigner)
2019-05-09 09:31:06,830 DEBUG (StartupInfoLogger.java:53)- Running with Spring Boot v2.1.3.RELEASE, Spring v5.1.5.RELEASE
2019-05-09 09:31:06,830 INFO (SpringApplication.java:675)- No active profile set, falling back to default profiles: default
2019-05-09 09:31:13,512 INFO (StartupInfoLogger.java:50)- Starting FormDesignerApplication on USER-20180713SF with PID 6680 (E:\Desktop\FormDesigner\target\classes started by Administrator in E:\Desktop\FormDesigner)
2019-05-09 09:31:13,521 DEBUG (StartupInfoLogger.java:53)- Running with Spring Boot v2.1.3.RELEASE, Spring v5.1.5.RELEASE
2019-05-09 09:31:13,522 INFO (SpringApplication.java:675)- No active profile set, falling back to default profiles: default
2019-05-09 09:31:34,882 INFO (StartupInfoLogger.java:50)- Starting FormDesignerApplication on USER-20180713SF with PID 5372 (E:\Desktop\FormDesigner\target\classes started by Administrator in E:\Desktop\FormDesigner)
2019-05-09 09:31:34,887 DEBUG (StartupInfoLogger.java:53)- Running with Spring Boot v2.1.3.RELEASE, Spring v5.1.5.RELEASE
2019-05-09 09:31:34,888 INFO (SpringApplication.java:675)- No active profile set, falling back to default profiles: default
2019-05-09 09:31:39,289 INFO (StartupInfoLogger.java:59)- Started FormDesignerApplication in 5.493 seconds (JVM running for 7.182)
2019-05-09 09:33:06,325 INFO (StartupInfoLogger.java:50)- Starting FormDesignerApplication on USER-20180713SF with PID 8836 (E:\Desktop\FormDesigner\target\classes started by Administrator in E:\Desktop\FormDesigner)
2019-05-09 09:33:06,330 DEBUG (StartupInfoLogger.java:53)- Running with Spring Boot v2.1.3.RELEASE, Spring v5.1.5.RELEASE
2019-05-09 09:33:06,331 INFO (SpringApplication.java:675)- No active profile set, falling back to default profiles: default
2019-05-09 09:33:11,236 INFO (StartupInfoLogger.java:59)- Started FormDesignerApplication in 6.513 seconds (JVM running for 8.546)
2019-05-09 09:33:20,017 INFO (StartupInfoLogger.java:50)- Starting FormDesignerApplication on USER-20180713SF with PID 8836 (E:\Desktop\FormDesigner\target\classes started by Administrator in E:\Desktop\FormDesigner)
2019-05-09 09:33:20,017 DEBUG (StartupInfoLogger.java:53)- Running with Spring Boot v2.1.3.RELEASE, Spring v5.1.5.RELEASE
2019-05-09 09:33:20,018 INFO (SpringApplication.java:675)- No active profile set, falling back to default profiles: default
2019-05-09 09:33:21,130 INFO (StartupInfoLogger.java:59)- Started FormDesignerApplication in 1.153 seconds (JVM running for 18.44)
2019-05-09 09:33:31,189 INFO (StartupInfoLogger.java:50)- Starting FormDesignerApplication on USER-20180713SF with PID 5952 (E:\Desktop\FormDesigner\target\classes started by Administrator in E:\Desktop\FormDesigner)
2019-05-09 09:33:31,194 DEBUG (StartupInfoLogger.java:53)- Running with Spring Boot v2.1.3.RELEASE, Spring v5.1.5.RELEASE
2019-05-09 09:33:31,195 INFO (SpringApplication.java:675)- No active profile set, falling back to default profiles: default
2019-05-09 09:33:35,720 INFO (StartupInfoLogger.java:59)- Started FormDesignerApplication in 5.581 seconds (JVM running for 7.027)
2019-05-09 09:33:48,450 INFO (StartupInfoLogger.java:50)- Starting FormDesignerApplication on USER-20180713SF with PID 5952 (E:\Desktop\FormDesigner\target\classes started by Administrator in E:\Desktop\FormDesigner)
2019-05-09 09:33:48,450 DEBUG (StartupInfoLogger.java:53)- Running with Spring Boot v2.1.3.RELEASE, Spring v5.1.5.RELEASE
2019-05-09 09:33:48,450 INFO (SpringApplication.java:675)- No active profile set, falling back to default profiles: default
2019-05-09 09:33:49,648 INFO (StartupInfoLogger.java:59)- Started FormDesignerApplication in 1.239 seconds (JVM running for 20.956)
2019-05-09 09:35:04,595 INFO (StartupInfoLogger.java:50)- Starting FormDesignerApplication on USER-20180713SF with PID 6868 (E:\Desktop\FormDesigner\target\classes started by Administrator in E:\Desktop\FormDesigner)
2019-05-09 09:35:04,608 DEBUG (StartupInfoLogger.java:53)- Running with Spring Boot v2.1.3.RELEASE, Spring v5.1.5.RELEASE
2019-05-09 09:35:04,609 INFO (SpringApplication.java:675)- No active profile set, falling back to default profiles: default
2019-05-09 09:35:09,645 INFO (StartupInfoLogger.java:59)- Started FormDesignerApplication in 6.022 seconds (JVM running for 9.284)
2019-05-09 09:35:43,967 INFO (StartupInfoLogger.java:50)- Starting FormDesignerApplication on USER-20180713SF with PID 6648 (E:\Desktop\FormDesigner\target\classes started by Administrator in E:\Desktop\FormDesigner)
2019-05-09 09:35:44,179 DEBUG (StartupInfoLogger.java:53)- Running with Spring Boot v2.1.3.RELEASE, Spring v5.1.5.RELEASE
2019-05-09 09:35:44,180 INFO (SpringApplication.java:675)- No active profile set, falling back to default profiles: default
2019-05-09 09:35:48,145 INFO (StartupInfoLogger.java:59)- Started FormDesignerApplication in 5.247 seconds (JVM running for 6.805)
2019-05-09 09:36:16,068 INFO (StartupInfoLogger.java:50)- Starting FormDesignerApplication on USER-20180713SF with PID 856 (E:\Desktop\FormDesigner\target\classes started by Administrator in E:\Desktop\FormDesigner)
2019-05-09 09:36:16,074 DEBUG (StartupInfoLogger.java:53)- Running with Spring Boot v2.1.3.RELEASE, Spring v5.1.5.RELEASE
2019-05-09 09:36:16,075 INFO (SpringApplication.java:675)- No active profile set, falling back to default profiles: default
2019-05-09 09:36:19,989 INFO (StartupInfoLogger.java:59)- Started FormDesignerApplication in 4.828 seconds (JVM running for 7.94)
2019-05-09 09:37:17,809 INFO (StartupInfoLogger.java:50)- Starting FormDesignerApplication on USER-20180713SF with PID 8612 (E:\Desktop\FormDesigner\target\classes started by Administrator in E:\Desktop\FormDesigner)
2019-05-09 09:37:17,815 DEBUG (StartupInfoLogger.java:53)- Running with Spring Boot v2.1.3.RELEASE, Spring v5.1.5.RELEASE
2019-05-09 09:37:17,817 INFO (SpringApplication.java:675)- No active profile set, falling back to default profiles: default
2019-05-09 09:37:21,780 INFO (StartupInfoLogger.java:59)- Started FormDesignerApplication in 6.501 seconds (JVM running for 9.708)
2019-05-09 10:15:26,304 INFO (StartupInfoLogger.java:50)- Starting FormDesignerApplication on USER-20180713SF with PID 7928 (E:\Desktop\FormDesigner\target\classes started by Administrator in E:\Desktop\FormDesigner)
2019-05-09 10:15:26,324 DEBUG (StartupInfoLogger.java:53)- Running with Spring Boot v2.1.3.RELEASE, Spring v5.1.5.RELEASE
2019-05-09 10:15:26,327 INFO (SpringApplication.java:675)- No active profile set, falling back to default profiles: default
2019-05-09 10:16:00,469 INFO (StartupInfoLogger.java:59)- Started FormDesignerApplication in 41.855 seconds (JVM running for 56.137)
2019-05-09 10:18:37,812 INFO (StartupInfoLogger.java:50)- Starting FormDesignerApplication on USER-20180713SF with PID 8416 (E:\Desktop\FormDesigner\target\classes started by Administrator in E:\Desktop\FormDesigner)
2019-05-09 10:18:37,818 DEBUG (StartupInfoLogger.java:53)- Running with Spring Boot v2.1.3.RELEASE, Spring v5.1.5.RELEASE
2019-05-09 10:18:37,819 INFO (SpringApplication.java:675)- No active profile set, falling back to default profiles: default
2019-05-09 10:18:42,082 INFO (StartupInfoLogger.java:59)- Started FormDesignerApplication in 5.335 seconds (JVM running for 6.77)
2019-05-09 10:19:36,083 INFO (StartupInfoLogger.java:50)- Starting FormDesignerApplication on USER-20180713SF with PID 3024 (E:\Desktop\FormDesigner\target\classes started by Administrator in E:\Desktop\FormDesigner)
2019-05-09 10:19:36,088 DEBUG (StartupInfoLogger.java:53)- Running with Spring Boot v2.1.3.RELEASE, Spring v5.1.5.RELEASE
2019-05-09 10:19:36,090 INFO (SpringApplication.java:675)- No active profile set, falling back to default profiles: default
2019-05-09 10:19:40,338 INFO (StartupInfoLogger.java:59)- Started FormDesignerApplication in 5.281 seconds (JVM running for 6.729)
2019-05-09 10:20:07,513 INFO (StartupInfoLogger.java:50)- Starting FormDesignerApplication on USER-20180713SF with PID 8756 (E:\Desktop\FormDesigner\target\classes started by Administrator in E:\Desktop\FormDesigner)
2019-05-09 10:20:07,519 DEBUG (StartupInfoLogger.java:53)- Running with Spring Boot v2.1.3.RELEASE, Spring v5.1.5.RELEASE
2019-05-09 10:20:07,521 INFO (SpringApplication.java:675)- No active profile set, falling back to default profiles: default
2019-05-09 10:20:11,735 INFO (StartupInfoLogger.java:59)- Started FormDesignerApplication in 5.382 seconds (JVM running for 6.788)
2019-05-09 10:21:01,268 INFO (StartupInfoLogger.java:50)- Starting FormDesignerApplication on USER-20180713SF with PID 2584 (E:\Desktop\FormDesigner\target\classes started by Administrator in E:\Desktop\FormDesigner)
2019-05-09 10:21:01,273 DEBUG (StartupInfoLogger.java:53)- Running with Spring Boot v2.1.3.RELEASE, Spring v5.1.5.RELEASE
2019-05-09 10:21:01,274 INFO (SpringApplication.java:675)- No active profile set, falling back to default profiles: default
2019-05-09 10:21:05,142 INFO (StartupInfoLogger.java:59)- Started FormDesignerApplication in 5.446 seconds (JVM running for 6.963)
2019-05-09 10:22:06,304 INFO (StartupInfoLogger.java:50)- Starting FormDesignerApplication on USER-20180713SF with PID 9192 (E:\Desktop\FormDesigner\target\classes started by Administrator in E:\Desktop\FormDesigner)
2019-05-09 10:22:06,308 DEBUG (StartupInfoLogger.java:53)- Running with Spring Boot v2.1.3.RELEASE, Spring v5.1.5.RELEASE
2019-05-09 10:22:06,309 INFO (SpringApplication.java:675)- No active profile set, falling back to default profiles: default
2019-05-09 10:22:25,863 INFO (StartupInfoLogger.java:50)- Starting FormDesignerApplication on USER-20180713SF with PID 9424 (E:\Desktop\FormDesigner\target\classes started by Administrator in E:\Desktop\FormDesigner)
2019-05-09 10:22:25,892 DEBUG (StartupInfoLogger.java:53)- Running with Spring Boot v2.1.3.RELEASE, Spring v5.1.5.RELEASE
2019-05-09 10:22:25,893 INFO (SpringApplication.java:675)- No active profile set, falling back to default profiles: default
2019-05-09 10:22:31,179 INFO (StartupInfoLogger.java:59)- Started FormDesignerApplication in 6.579 seconds (JVM running for 11.082)
2019-05-09 10:22:44,902 INFO (StartupInfoLogger.java:50)- Starting FormDesignerApplication on USER-20180713SF with PID 9424 (E:\Desktop\FormDesigner\target\classes started by Administrator in E:\Desktop\FormDesigner)
2019-05-09 10:22:44,902 DEBUG (StartupInfoLogger.java:53)- Running with Spring Boot v2.1.3.RELEASE, Spring v5.1.5.RELEASE
2019-05-09 10:22:44,903 INFO (SpringApplication.java:675)- No active profile set, falling back to default profiles: default
2019-05-09 10:22:50,814 INFO (StartupInfoLogger.java:50)- Starting FormDesignerApplication on USER-20180713SF with PID 9424 (E:\Desktop\FormDesigner\target\classes started by Administrator in E:\Desktop\FormDesigner)
2019-05-09 10:22:50,814 DEBUG (StartupInfoLogger.java:53)- Running with Spring Boot v2.1.3.RELEASE, Spring v5.1.5.RELEASE
2019-05-09 10:22:50,815 INFO (SpringApplication.java:675)- No active profile set, falling back to default profiles: default
2019-05-09 10:22:52,111 INFO (StartupInfoLogger.java:59)- Started FormDesignerApplication in 1.332 seconds (JVM running for 32.013)
2019-05-09 10:22:52,550 INFO (StartupInfoLogger.java:50)- Starting FormDesignerApplication on USER-20180713SF with PID 9424 (E:\Desktop\FormDesigner\target\classes started by Administrator in E:\Desktop\FormDesigner)
2019-05-09 10:22:52,551 DEBUG (StartupInfoLogger.java:53)- Running with Spring Boot v2.1.3.RELEASE, Spring v5.1.5.RELEASE
2019-05-09 10:22:52,551 INFO (SpringApplication.java:675)- No active profile set, falling back to default profiles: default
2019-05-09 10:22:53,575 INFO (StartupInfoLogger.java:59)- Started FormDesignerApplication in 1.055 seconds (JVM running for 33.477)
2019-05-09 10:36:57,755 INFO (StartupInfoLogger.java:50)- Starting FormDesignerApplication on USER-20180713SF with PID 9764 (E:\Desktop\FormDesigner\target\classes started by Administrator in E:\Desktop\FormDesigner)
2019-05-09 10:36:57,759 DEBUG (StartupInfoLogger.java:53)- Running with Spring Boot v2.1.3.RELEASE, Spring v5.1.5.RELEASE
2019-05-09 10:36:57,760 INFO (SpringApplication.java:675)- No active profile set, falling back to default profiles: default
2019-05-09 10:37:01,659 INFO (StartupInfoLogger.java:59)- Started FormDesignerApplication in 5.384 seconds (JVM running for 6.79)
2019-05-09 10:39:07,044 INFO (StartupInfoLogger.java:50)- Starting FormDesignerApplication on USER-20180713SF with PID 1352 (E:\Desktop\FormDesigner\target\classes started by Administrator in E:\Desktop\FormDesigner)
2019-05-09 10:39:07,048 DEBUG (StartupInfoLogger.java:53)- Running with Spring Boot v2.1.3.RELEASE, Spring v5.1.5.RELEASE
2019-05-09 10:39:07,049 INFO (SpringApplication.java:675)- No active profile set, falling back to default profiles: default
2019-05-09 10:39:11,127 INFO (StartupInfoLogger.java:59)- Started FormDesignerApplication in 5.327 seconds (JVM running for 6.862)
2019-05-09 10:40:08,884 INFO (StartupInfoLogger.java:50)- Starting FormDesignerApplication on USER-20180713SF with PID 1156 (E:\Desktop\FormDesigner\target\classes started by Administrator in E:\Desktop\FormDesigner)
2019-05-09 10:40:08,890 DEBUG (StartupInfoLogger.java:53)- Running with Spring Boot v2.1.3.RELEASE, Spring v5.1.5.RELEASE
2019-05-09 10:40:08,891 INFO (SpringApplication.java:675)- No active profile set, falling back to default profiles: default
2019-05-09 10:40:13,737 INFO (StartupInfoLogger.java:59)- Started FormDesignerApplication in 5.563 seconds (JVM running for 7.661)
2019-05-09 10:40:25,595 INFO (StartupInfoLogger.java:50)- Starting FormDesignerApplication on USER-20180713SF with PID 1156 (E:\Desktop\FormDesigner\target\classes started by Administrator in E:\Desktop\FormDesigner)
2019-05-09 10:40:25,595 DEBUG (StartupInfoLogger.java:53)- Running with Spring Boot v2.1.3.RELEASE, Spring v5.1.5.RELEASE
2019-05-09 10:40:25,595 INFO (SpringApplication.java:675)- No active profile set, falling back to default profiles: default
2019-05-09 10:40:36,389 INFO (StartupInfoLogger.java:50)- Starting FormDesignerApplication on USER-20180713SF with PID 1156 (E:\Desktop\FormDesigner\target\classes started by Administrator in E:\Desktop\FormDesigner)
2019-05-09 10:40:36,390 DEBUG (StartupInfoLogger.java:53)- Running with Spring Boot v2.1.3.RELEASE, Spring v5.1.5.RELEASE
2019-05-09 10:40:36,390 INFO (SpringApplication.java:675)- No active profile set, falling back to default profiles: default
2019-05-09 10:40:38,772 INFO (StartupInfoLogger.java:59)- Started FormDesignerApplication in 2.474 seconds (JVM running for 32.695)
2019-05-09 10:40:44,741 INFO (StartupInfoLogger.java:50)- Starting FormDesignerApplicationTests on USER-20180713SF with PID 8460 (started by Administrator in E:\Desktop\FormDesigner)
2019-05-09 10:40:44,743 DEBUG (StartupInfoLogger.java:53)- Running with Spring Boot v2.1.3.RELEASE, Spring v5.1.5.RELEASE
2019-05-09 10:40:44,744 INFO (SpringApplication.java:675)- No active profile set, falling back to default profiles: default
2019-05-09 10:40:54,105 INFO (StartupInfoLogger.java:59)- Started FormDesignerApplicationTests in 10.924 seconds (JVM running for 13.171)
2019-05-09 10:42:53,464 INFO (StartupInfoLogger.java:50)- Starting FormDesignerApplication on USER-20180713SF with PID 7648 (E:\Desktop\FormDesigner\target\classes started by Administrator in E:\Desktop\FormDesigner)
2019-05-09 10:42:53,475 DEBUG (StartupInfoLogger.java:53)- Running with Spring Boot v2.1.3.RELEASE, Spring v5.1.5.RELEASE
2019-05-09 10:42:53,477 INFO (SpringApplication.java:675)- No active profile set, falling back to default profiles: default
2019-05-09 10:42:58,140 INFO (StartupInfoLogger.java:59)- Started FormDesignerApplication in 5.727 seconds (JVM running for 7.101)
2019-05-09 10:44:10,208 INFO (StartupInfoLogger.java:50)- Starting FormDesignerApplication on USER-20180713SF with PID 6420 (E:\Desktop\FormDesigner\target\classes started by Administrator in E:\Desktop\FormDesigner)
2019-05-09 10:44:10,212 DEBUG (StartupInfoLogger.java:53)- Running with Spring Boot v2.1.3.RELEASE, Spring v5.1.5.RELEASE
2019-05-09 10:44:10,214 INFO (SpringApplication.java:675)- No active profile set, falling back to default profiles: default
2019-05-09 10:44:14,767 INFO (StartupInfoLogger.java:59)- Started FormDesignerApplication in 6.399 seconds (JVM running for 8.962)
2019-05-09 10:49:26,932 INFO (StartupInfoLogger.java:50)- Starting FormDesignerApplication on USER-20180713SF with PID 5768 (E:\Desktop\FormDesigner\target\classes started by Administrator in E:\Desktop\FormDesigner)
2019-05-09 10:49:26,936 DEBUG (StartupInfoLogger.java:53)- Running with Spring Boot v2.1.3.RELEASE, Spring v5.1.5.RELEASE
2019-05-09 10:49:26,937 INFO (SpringApplication.java:675)- No active profile set, falling back to default profiles: default
2019-05-09 10:49:31,168 INFO (StartupInfoLogger.java:59)- Started FormDesignerApplication in 5.574 seconds (JVM running for 6.965)
2019-05-09 10:52:03,351 INFO (StartupInfoLogger.java:50)- Starting FormDesignerApplication on USER-20180713SF with PID 6428 (E:\Desktop\FormDesigner\target\classes started by Administrator in E:\Desktop\FormDesigner)
2019-05-09 10:52:03,356 DEBUG (StartupInfoLogger.java:53)- Running with Spring Boot v2.1.3.RELEASE, Spring v5.1.5.RELEASE
2019-05-09 10:52:03,357 INFO (SpringApplication.java:675)- No active profile set, falling back to default profiles: default
2019-05-09 10:52:07,636 INFO (StartupInfoLogger.java:59)- Started FormDesignerApplication in 5.12 seconds (JVM running for 6.779)
2019-05-09 10:59:38,650 INFO (StartupInfoLogger.java:50)- Starting FormDesignerApplication on USER-20180713SF with PID 8700 (E:\Desktop\FormDesigner\target\classes started by Administrator in E:\Desktop\FormDesigner)
2019-05-09 10:59:38,655 DEBUG (StartupInfoLogger.java:53)- Running with Spring Boot v2.1.3.RELEASE, Spring v5.1.5.RELEASE
2019-05-09 10:59:38,657 INFO (SpringApplication.java:675)- No active profile set, falling back to default profiles: default
2019-05-09 10:59:43,064 INFO (StartupInfoLogger.java:59)- Started FormDesignerApplication in 5.402 seconds (JVM running for 7.204)
2019-05-09 11:00:35,868 INFO (StartupInfoLogger.java:50)- Starting FormDesignerApplication on USER-20180713SF with PID 5256 (E:\Desktop\FormDesigner\target\classes started by Administrator in E:\Desktop\FormDesigner)
2019-05-09 11:00:35,878 DEBUG (StartupInfoLogger.java:53)- Running with Spring Boot v2.1.3.RELEASE, Spring v5.1.5.RELEASE
2019-05-09 11:00:35,880 INFO (SpringApplication.java:675)- No active profile set, falling back to default profiles: default
2019-05-09 11:00:40,074 INFO (StartupInfoLogger.java:59)- Started FormDesignerApplication in 5.285 seconds (JVM running for 6.617)
2019-05-09 11:01:44,128 INFO (StartupInfoLogger.java:50)- Starting FormDesignerApplication on USER-20180713SF with PID 8864 (E:\Desktop\FormDesigner\target\classes started by Administrator in E:\Desktop\FormDesigner)
2019-05-09 11:01:44,135 DEBUG (StartupInfoLogger.java:53)- Running with Spring Boot v2.1.3.RELEASE, Spring v5.1.5.RELEASE
2019-05-09 11:01:44,136 INFO (SpringApplication.java:675)- No active profile set, falling back to default profiles: default
2019-05-09 11:01:48,027 INFO (StartupInfoLogger.java:59)- Started FormDesignerApplication in 4.823 seconds (JVM running for 6.568)
2019-05-09 11:04:14,867 INFO (StartupInfoLogger.java:50)- Starting FormDesignerApplication on USER-20180713SF with PID 7692 (E:\Desktop\FormDesigner\target\classes started by Administrator in E:\Desktop\FormDesigner)
2019-05-09 11:04:14,870 DEBUG (StartupInfoLogger.java:53)- Running with Spring Boot v2.1.3.RELEASE, Spring v5.1.5.RELEASE
2019-05-09 11:04:14,871 INFO (SpringApplication.java:675)- No active profile set, falling back to default profiles: default
2019-05-09 11:04:30,947 INFO (StartupInfoLogger.java:59)- Started FormDesignerApplication in 17.593 seconds (JVM running for 19.098)
2019-05-09 11:05:01,271 INFO (StartupInfoLogger.java:50)- Starting FormDesignerApplication on USER-20180713SF with PID 7692 (E:\Desktop\FormDesigner\target\classes started by Administrator in E:\Desktop\FormDesigner)
2019-05-09 11:05:01,272 DEBUG (StartupInfoLogger.java:53)- Running with Spring Boot v2.1.3.RELEASE, Spring v5.1.5.RELEASE
2019-05-09 11:05:01,272 INFO (SpringApplication.java:675)- No active profile set, falling back to default profiles: default
2019-05-09 11:05:05,158 INFO (StartupInfoLogger.java:50)- Starting FormDesignerApplication on USER-20180713SF with PID 7692 (E:\Desktop\FormDesigner\target\classes started by Administrator in E:\Desktop\FormDesigner)
2019-05-09 11:05:05,159 DEBUG (StartupInfoLogger.java:53)- Running with Spring Boot v2.1.3.RELEASE, Spring v5.1.5.RELEASE
2019-05-09 11:05:05,159 INFO (SpringApplication.java:675)- No active profile set, falling back to default profiles: default
2019-05-09 11:05:06,824 INFO (StartupInfoLogger.java:59)- Started FormDesignerApplication in 1.699 seconds (JVM running for 54.975)
2019-05-09 11:05:07,987 INFO (StartupInfoLogger.java:50)- Starting FormDesignerApplicationTests on USER-20180713SF with PID 2476 (started by Administrator in E:\Desktop\FormDesigner)
2019-05-09 11:05:07,989 DEBUG (StartupInfoLogger.java:53)- Running with Spring Boot v2.1.3.RELEASE, Spring v5.1.5.RELEASE
2019-05-09 11:05:07,991 INFO (SpringApplication.java:675)- No active profile set, falling back to default profiles: default
2019-05-09 11:05:13,821 INFO (StartupInfoLogger.java:59)- Started FormDesignerApplicationTests in 6.548 seconds (JVM running for 7.842)
2019-05-09 11:08:35,842 INFO (StartupInfoLogger.java:50)- Starting FormDesignerApplication on USER-20180713SF with PID 8956 (E:\Desktop\FormDesigner\target\classes started by Administrator in E:\Desktop\FormDesigner)
2019-05-09 11:08:35,848 DEBUG (StartupInfoLogger.java:53)- Running with Spring Boot v2.1.3.RELEASE, Spring v5.1.5.RELEASE
2019-05-09 11:08:35,850 INFO (SpringApplication.java:675)- No active profile set, falling back to default profiles: default
2019-05-09 11:08:40,469 INFO (StartupInfoLogger.java:59)- Started FormDesignerApplication in 5.622 seconds (JVM running for 7.133)
2019-05-09 11:16:58,078 INFO (StartupInfoLogger.java:50)- Starting FormDesignerApplication on USER-20180713SF with PID 7156 (E:\Desktop\FormDesigner\target\classes started by Administrator in E:\Desktop\FormDesigner)
2019-05-09 11:16:58,083 DEBUG (StartupInfoLogger.java:53)- Running with Spring Boot v2.1.3.RELEASE, Spring v5.1.5.RELEASE
2019-05-09 11:16:58,084 INFO (SpringApplication.java:675)- No active profile set, falling back to default profiles: default
2019-05-09 11:17:02,508 INFO (StartupInfoLogger.java:59)- Started FormDesignerApplication in 5.657 seconds (JVM running for 7.071)
2019-05-09 11:21:14,787 INFO (StartupInfoLogger.java:50)- Starting FormDesignerApplication on USER-20180713SF with PID 2292 (E:\Desktop\FormDesigner\target\classes started by Administrator in E:\Desktop\FormDesigner)
2019-05-09 11:21:14,792 DEBUG (StartupInfoLogger.java:53)- Running with Spring Boot v2.1.3.RELEASE, Spring v5.1.5.RELEASE
2019-05-09 11:21:14,794 INFO (SpringApplication.java:675)- No active profile set, falling back to default profiles: default
2019-05-09 11:21:19,423 INFO (StartupInfoLogger.java:59)- Started FormDesignerApplication in 6.49 seconds (JVM running for 8.285)
2019-05-09 11:22:39,789 INFO (StartupInfoLogger.java:50)- Starting FormDesignerApplication on USER-20180713SF with PID 5516 (E:\Desktop\FormDesigner\target\classes started by Administrator in E:\Desktop\FormDesigner)
2019-05-09 11:22:39,795 DEBUG (StartupInfoLogger.java:53)- Running with Spring Boot v2.1.3.RELEASE, Spring v5.1.5.RELEASE
2019-05-09 11:22:39,795 INFO (SpringApplication.java:675)- No active profile set, falling back to default profiles: default
2019-05-09 11:22:44,079 INFO (StartupInfoLogger.java:59)- Started FormDesignerApplication in 5.751 seconds (JVM running for 7.463)
2019-05-09 11:23:13,094 INFO (StartupInfoLogger.java:50)- Starting FormDesignerApplication on USER-20180713SF with PID 3448 (E:\Desktop\FormDesigner\target\classes started by Administrator in E:\Desktop\FormDesigner)
2019-05-09 11:23:13,099 DEBUG (StartupInfoLogger.java:53)- Running with Spring Boot v2.1.3.RELEASE, Spring v5.1.5.RELEASE
2019-05-09 11:23:13,100 INFO (SpringApplication.java:675)- No active profile set, falling back to default profiles: default
2019-05-09 11:23:17,321 INFO (StartupInfoLogger.java:59)- Started FormDesignerApplication in 5.341 seconds (JVM running for 6.808)
2019-05-09 11:24:23,275 INFO (StartupInfoLogger.java:50)- Starting FormDesignerApplication on USER-20180713SF with PID 9860 (E:\Desktop\FormDesigner\target\classes started by Administrator in E:\Desktop\FormDesigner)
2019-05-09 11:24:23,286 DEBUG (StartupInfoLogger.java:53)- Running with Spring Boot v2.1.3.RELEASE, Spring v5.1.5.RELEASE
2019-05-09 11:24:23,297 INFO (SpringApplication.java:675)- No active profile set, falling back to default profiles: default
2019-05-09 11:24:27,270 INFO (StartupInfoLogger.java:59)- Started FormDesignerApplication in 5.054 seconds (JVM running for 7.155)
2019-05-09 11:24:36,762 INFO (StartupInfoLogger.java:50)- Starting FormDesignerApplication on USER-20180713SF with PID 9860 (E:\Desktop\FormDesigner\target\classes started by Administrator in E:\Desktop\FormDesigner)
2019-05-09 11:24:36,762 DEBUG (StartupInfoLogger.java:53)- Running with Spring Boot v2.1.3.RELEASE, Spring v5.1.5.RELEASE
2019-05-09 11:24:36,763 INFO (SpringApplication.java:675)- No active profile set, falling back to default profiles: default
2019-05-09 11:24:40,939 INFO (StartupInfoLogger.java:50)- Starting FormDesignerApplication on USER-20180713SF with PID 9860 (E:\Desktop\FormDesigner\target\classes started by Administrator in E:\Desktop\FormDesigner)
2019-05-09 11:24:40,939 DEBUG (StartupInfoLogger.java:53)- Running with Spring Boot v2.1.3.RELEASE, Spring v5.1.5.RELEASE
2019-05-09 11:24:40,940 INFO (SpringApplication.java:675)- No active profile set, falling back to default profiles: default
2019-05-09 11:24:42,911 INFO (StartupInfoLogger.java:59)- Started FormDesignerApplication in 2.021 seconds (JVM running for 22.795)
2019-05-09 11:24:44,124 INFO (StartupInfoLogger.java:50)- Starting FormDesignerApplicationTests on USER-20180713SF with PID 5592 (started by Administrator in E:\Desktop\FormDesigner)
2019-05-09 11:24:44,125 DEBUG (StartupInfoLogger.java:53)- Running with Spring Boot v2.1.3.RELEASE, Spring v5.1.5.RELEASE
2019-05-09 11:24:44,130 INFO (SpringApplication.java:675)- No active profile set, falling back to default profiles: default
2019-05-09 11:24:50,238 INFO (StartupInfoLogger.java:59)- Started FormDesignerApplicationTests in 6.879 seconds (JVM running for 8.309)
2019-05-09 11:25:41,853 INFO (StartupInfoLogger.java:50)- Starting FormDesignerApplication on USER-20180713SF with PID 6680 (E:\Desktop\FormDesigner\target\classes started by Administrator in E:\Desktop\FormDesigner)
2019-05-09 11:25:41,859 DEBUG (StartupInfoLogger.java:53)- Running with Spring Boot v2.1.3.RELEASE, Spring v5.1.5.RELEASE
2019-05-09 11:25:41,860 INFO (SpringApplication.java:675)- No active profile set, falling back to default profiles: default
2019-05-09 11:25:48,023 INFO (StartupInfoLogger.java:59)- Started FormDesignerApplication in 7.216 seconds (JVM running for 8.72)
2019-05-09 11:29:21,563 INFO (StartupInfoLogger.java:50)- Starting FormDesignerApplication on USER-20180713SF with PID 6784 (E:\Desktop\FormDesigner\target\classes started by Administrator in E:\Desktop\FormDesigner)
2019-05-09 11:29:21,568 DEBUG (StartupInfoLogger.java:53)- Running with Spring Boot v2.1.3.RELEASE, Spring v5.1.5.RELEASE
2019-05-09 11:29:21,569 INFO (SpringApplication.java:675)- No active profile set, falling back to default profiles: default
2019-05-09 11:29:25,903 INFO (StartupInfoLogger.java:59)- Started FormDesignerApplication in 5.495 seconds (JVM running for 7.237)
2019-05-09 11:32:25,238 INFO (StartupInfoLogger.java:50)- Starting FormDesignerApplication on USER-20180713SF with PID 7328 (E:\Desktop\FormDesigner\target\classes started by Administrator in E:\Desktop\FormDesigner)
2019-05-09 11:32:25,244 DEBUG (StartupInfoLogger.java:53)- Running with Spring Boot v2.1.3.RELEASE, Spring v5.1.5.RELEASE
2019-05-09 11:32:25,245 INFO (SpringApplication.java:675)- No active profile set, falling back to default profiles: default
2019-05-09 11:32:29,591 INFO (StartupInfoLogger.java:59)- Started FormDesignerApplication in 5.3 seconds (JVM running for 7.009)
2019-05-09 12:10:11,349 INFO (StartupInfoLogger.java:50)- Starting FormDesignerApplication on USER-20180713SF with PID 8200 (E:\Desktop\FormDesigner\target\classes started by Administrator in E:\Desktop\FormDesigner)
2019-05-09 12:10:11,355 DEBUG (StartupInfoLogger.java:53)- Running with Spring Boot v2.1.3.RELEASE, Spring v5.1.5.RELEASE
2019-05-09 12:10:11,356 INFO (SpringApplication.java:675)- No active profile set, falling back to default profiles: default
2019-05-09 12:12:23,735 INFO (StartupInfoLogger.java:50)- Starting FormDesignerApplication on USER-20180713SF with PID 9124 (E:\Desktop\FormDesigner\target\classes started by Administrator in E:\Desktop\FormDesigner)
2019-05-09 12:12:23,740 DEBUG (StartupInfoLogger.java:53)- Running with Spring Boot v2.1.3.RELEASE, Spring v5.1.5.RELEASE
2019-05-09 12:12:23,742 INFO (SpringApplication.java:675)- No active profile set, falling back to default profiles: default
2019-05-09 12:13:53,364 INFO (StartupInfoLogger.java:50)- Starting FormDesignerApplication on USER-20180713SF with PID 9768 (E:\Desktop\FormDesigner\target\classes started by Administrator in E:\Desktop\FormDesigner)
2019-05-09 12:13:53,377 DEBUG (StartupInfoLogger.java:53)- Running with Spring Boot v2.1.3.RELEASE, Spring v5.1.5.RELEASE
2019-05-09 12:13:53,378 INFO (SpringApplication.java:675)- No active profile set, falling back to default profiles: default
2019-05-09 12:14:59,863 INFO (StartupInfoLogger.java:50)- Starting FormDesignerApplication on USER-20180713SF with PID 9788 (E:\Desktop\FormDesigner\target\classes started by Administrator in E:\Desktop\FormDesigner)
2019-05-09 12:14:59,867 DEBUG (StartupInfoLogger.java:53)- Running with Spring Boot v2.1.3.RELEASE, Spring v5.1.5.RELEASE
2019-05-09 12:14:59,868 INFO (SpringApplication.java:675)- No active profile set, falling back to default profiles: default
2019-05-09 12:15:17,527 INFO (StartupInfoLogger.java:50)- Starting FormDesignerApplication on USER-20180713SF with PID 6512 (E:\Desktop\FormDesigner\target\classes started by Administrator in E:\Desktop\FormDesigner)
2019-05-09 12:15:17,532 DEBUG (StartupInfoLogger.java:53)- Running with Spring Boot v2.1.3.RELEASE, Spring v5.1.5.RELEASE
2019-05-09 12:15:17,533 INFO (SpringApplication.java:675)- No active profile set, falling back to default profiles: default
2019-05-09 12:16:21,775 INFO (StartupInfoLogger.java:50)- Starting FormDesignerApplication on USER-20180713SF with PID 2972 (E:\Desktop\FormDesigner\target\classes started by Administrator in E:\Desktop\FormDesigner)
2019-05-09 12:16:21,780 DEBUG (StartupInfoLogger.java:53)- Running with Spring Boot v2.1.3.RELEASE, Spring v5.1.5.RELEASE
2019-05-09 12:16:21,782 INFO (SpringApplication.java:675)- No active profile set, falling back to default profiles: default
2019-05-09 12:18:48,216 INFO (StartupInfoLogger.java:50)- Starting FormDesignerApplication on USER-20180713SF with PID 9428 (E:\Desktop\FormDesigner\target\classes started by Administrator in E:\Desktop\FormDesigner)
2019-05-09 12:18:48,221 DEBUG (StartupInfoLogger.java:53)- Running with Spring Boot v2.1.3.RELEASE, Spring v5.1.5.RELEASE
2019-05-09 12:18:48,223 INFO (SpringApplication.java:675)- No active profile set, falling back to default profiles: default
2019-05-09 12:18:52,004 INFO (StartupInfoLogger.java:59)- Started FormDesignerApplication in 5.113 seconds (JVM running for 6.9)
2019-05-09 12:19:23,615 INFO (StartupInfoLogger.java:50)- Starting FormDesignerApplication on USER-20180713SF with PID 8880 (E:\Desktop\FormDesigner\target\classes started by Administrator in E:\Desktop\FormDesigner)
2019-05-09 12:19:23,621 DEBUG (StartupInfoLogger.java:53)- Running with Spring Boot v2.1.3.RELEASE, Spring v5.1.5.RELEASE
2019-05-09 12:19:23,623 INFO (SpringApplication.java:675)- No active profile set, falling back to default profiles: default
2019-05-09 12:19:28,216 INFO (StartupInfoLogger.java:59)- Started FormDesignerApplication in 5.699 seconds (JVM running for 7.232)
2019-05-09 12:26:30,847 INFO (StartupInfoLogger.java:50)- Starting FormDesignerApplication on USER-20180713SF with PID 8240 (E:\Desktop\FormDesigner\target\classes started by Administrator in E:\Desktop\FormDesigner)
2019-05-09 12:26:30,853 DEBUG (StartupInfoLogger.java:53)- Running with Spring Boot v2.1.3.RELEASE, Spring v5.1.5.RELEASE
2019-05-09 12:26:30,855 INFO (SpringApplication.java:675)- No active profile set, falling back to default profiles: default
2019-05-09 12:26:34,748 INFO (StartupInfoLogger.java:59)- Started FormDesignerApplication in 4.917 seconds (JVM running for 6.331)
2019-05-09 12:28:16,323 INFO (StartupInfoLogger.java:50)- Starting FormDesignerApplication on USER-20180713SF with PID 6824 (E:\Desktop\FormDesigner\target\classes started by Administrator in E:\Desktop\FormDesigner)
2019-05-09 12:28:16,329 DEBUG (StartupInfoLogger.java:53)- Running with Spring Boot v2.1.3.RELEASE, Spring v5.1.5.RELEASE
2019-05-09 12:28:16,336 INFO (SpringApplication.java:675)- No active profile set, falling back to default profiles: default
2019-05-09 12:28:20,297 INFO (StartupInfoLogger.java:59)- Started FormDesignerApplication in 5.092 seconds (JVM running for 6.49)
2019-05-09 12:54:19,781 INFO (StartupInfoLogger.java:50)- Starting FormDesignerApplication on USER-20180713SF with PID 4728 (E:\Desktop\FormDesigner\target\classes started by Administrator in E:\Desktop\FormDesigner)
2019-05-09 12:54:19,791 DEBUG (StartupInfoLogger.java:53)- Running with Spring Boot v2.1.3.RELEASE, Spring v5.1.5.RELEASE
2019-05-09 12:54:19,792 INFO (SpringApplication.java:675)- No active profile set, falling back to default profiles: default
2019-05-09 12:54:24,646 INFO (StartupInfoLogger.java:59)- Started FormDesignerApplication in 5.918 seconds (JVM running for 7.266)
2019-05-09 13:01:47,094 INFO (StartupInfoLogger.java:50)- Starting FormDesignerApplication on USER-20180713SF with PID 9324 (E:\Desktop\FormDesigner\target\classes started by Administrator in E:\Desktop\FormDesigner)
2019-05-09 13:01:47,099 DEBUG (StartupInfoLogger.java:53)- Running with Spring Boot v2.1.3.RELEASE, Spring v5.1.5.RELEASE
2019-05-09 13:01:47,101 INFO (SpringApplication.java:675)- No active profile set, falling back to default profiles: default
2019-05-09 13:01:50,999 INFO (StartupInfoLogger.java:59)- Started FormDesignerApplication in 5.301 seconds (JVM running for 6.719)
2019-05-09 13:03:59,320 INFO (StartupInfoLogger.java:50)- Starting FormDesignerApplication on USER-20180713SF with PID 9928 (E:\Desktop\FormDesigner\target\classes started by Administrator in E:\Desktop\FormDesigner)
2019-05-09 13:03:59,325 DEBUG (StartupInfoLogger.java:53)- Running with Spring Boot v2.1.3.RELEASE, Spring v5.1.5.RELEASE
2019-05-09 13:03:59,326 INFO (SpringApplication.java:675)- No active profile set, falling back to default profiles: default
2019-05-09 13:04:03,784 INFO (StartupInfoLogger.java:59)- Started FormDesignerApplication in 5.415 seconds (JVM running for 6.782)
2019-05-09 13:04:32,692 INFO (StartupInfoLogger.java:50)- Starting FormDesignerApplication on USER-20180713SF with PID 9256 (E:\Desktop\FormDesigner\target\classes started by Administrator in E:\Desktop\FormDesigner)
2019-05-09 13:04:32,698 DEBUG (StartupInfoLogger.java:53)- Running with Spring Boot v2.1.3.RELEASE, Spring v5.1.5.RELEASE
2019-05-09 13:04:32,700 INFO (SpringApplication.java:675)- No active profile set, falling back to default profiles: default
2019-05-09 13:04:42,388 INFO (StartupInfoLogger.java:50)- Starting FormDesignerApplication on USER-20180713SF with PID 2908 (E:\Desktop\FormDesigner\target\classes started by Administrator in E:\Desktop\FormDesigner)
2019-05-09 13:04:42,393 DEBUG (StartupInfoLogger.java:53)- Running with Spring Boot v2.1.3.RELEASE, Spring v5.1.5.RELEASE
2019-05-09 13:04:42,395 INFO (SpringApplication.java:675)- No active profile set, falling back to default profiles: default
2019-05-09 13:04:47,007 INFO (StartupInfoLogger.java:59)- Started FormDesignerApplication in 5.886 seconds (JVM running for 7.48)
2019-05-09 13:06:20,469 INFO (StartupInfoLogger.java:50)- Starting FormDesignerApplication on USER-20180713SF with PID 8364 (E:\Desktop\FormDesigner\target\classes started by Administrator in E:\Desktop\FormDesigner)
2019-05-09 13:06:20,474 DEBUG (StartupInfoLogger.java:53)- Running with Spring Boot v2.1.3.RELEASE, Spring v5.1.5.RELEASE
2019-05-09 13:06:20,475 INFO (SpringApplication.java:675)- No active profile set, falling back to default profiles: default
2019-05-09 13:06:24,458 INFO (StartupInfoLogger.java:59)- Started FormDesignerApplication in 5.515 seconds (JVM running for 6.885)
2019-05-09 13:09:27,438 INFO (StartupInfoLogger.java:50)- Starting FormDesignerApplication on USER-20180713SF with PID 7492 (E:\Desktop\FormDesigner\target\classes started by Administrator in E:\Desktop\FormDesigner)
2019-05-09 13:09:27,444 DEBUG (StartupInfoLogger.java:53)- Running with Spring Boot v2.1.3.RELEASE, Spring v5.1.5.RELEASE
2019-05-09 13:09:27,445 INFO (SpringApplication.java:675)- No active profile set, falling back to default profiles: default
2019-05-09 13:09:31,347 INFO (StartupInfoLogger.java:59)- Started FormDesignerApplication in 5.337 seconds (JVM running for 6.669)
2019-05-09 13:09:48,554 INFO (StartupInfoLogger.java:50)- Starting FormDesignerApplication on USER-20180713SF with PID 5632 (E:\Desktop\FormDesigner\target\classes started by Administrator in E:\Desktop\FormDesigner)
2019-05-09 13:09:48,565 DEBUG (StartupInfoLogger.java:53)- Running with Spring Boot v2.1.3.RELEASE, Spring v5.1.5.RELEASE
2019-05-09 13:09:48,567 INFO (SpringApplication.java:675)- No active profile set, falling back to default profiles: default
2019-05-09 13:09:52,987 INFO (StartupInfoLogger.java:59)- Started FormDesignerApplication in 5.396 seconds (JVM running for 6.749)
2019-05-09 13:12:56,225 INFO (StartupInfoLogger.java:50)- Starting FormDesignerApplication on USER-20180713SF with PID 8060 (E:\Desktop\FormDesigner\target\classes started by Administrator in E:\Desktop\FormDesigner)
2019-05-09 13:12:56,230 DEBUG (StartupInfoLogger.java:53)- Running with Spring Boot v2.1.3.RELEASE, Spring v5.1.5.RELEASE
2019-05-09 13:12:56,231 INFO (SpringApplication.java:675)- No active profile set, falling back to default profiles: default
2019-05-09 13:13:00,292 INFO (StartupInfoLogger.java:59)- Started FormDesignerApplication in 5.187 seconds (JVM running for 6.496)
2019-05-09 13:16:03,612 INFO (StartupInfoLogger.java:50)- Starting FormDesignerApplication on USER-20180713SF with PID 6820 (E:\Desktop\FormDesigner\target\classes started by Administrator in E:\Desktop\FormDesigner)
2019-05-09 13:16:03,720 DEBUG (StartupInfoLogger.java:53)- Running with Spring Boot v2.1.3.RELEASE, Spring v5.1.5.RELEASE
2019-05-09 13:16:03,721 INFO (SpringApplication.java:675)- No active profile set, falling back to default profiles: default
2019-05-09 13:16:08,014 INFO (StartupInfoLogger.java:59)- Started FormDesignerApplication in 5.452 seconds (JVM running for 7.326)
2019-05-09 13:38:28,996 INFO (StartupInfoLogger.java:50)- Starting FormDesignerApplication on USER-20180713SF with PID 6852 (E:\Desktop\FormDesigner\target\classes started by Administrator in E:\Desktop\FormDesigner)
2019-05-09 13:38:29,000 DEBUG (StartupInfoLogger.java:53)- Running with Spring Boot v2.1.3.RELEASE, Spring v5.1.5.RELEASE
2019-05-09 13:38:29,001 INFO (SpringApplication.java:675)- No active profile set, falling back to default profiles: default
2019-05-09 13:38:33,732 INFO (StartupInfoLogger.java:59)- Started FormDesignerApplication in 5.504 seconds (JVM running for 7.138)
2019-05-09 13:40:04,749 INFO (StartupInfoLogger.java:50)- Starting FormDesignerApplication on USER-20180713SF with PID 9688 (E:\Desktop\FormDesigner\target\classes started by Administrator in E:\Desktop\FormDesigner)
2019-05-09 13:40:04,754 DEBUG (StartupInfoLogger.java:53)- Running with Spring Boot v2.1.3.RELEASE, Spring v5.1.5.RELEASE
2019-05-09 13:40:04,755 INFO (SpringApplication.java:675)- No active profile set, falling back to default profiles: default
2019-05-09 13:40:08,651 INFO (StartupInfoLogger.java:59)- Started FormDesignerApplication in 5.087 seconds (JVM running for 6.45)
2019-05-09 13:41:16,021 INFO (StartupInfoLogger.java:50)- Starting FormDesignerApplication on USER-20180713SF with PID 8464 (E:\Desktop\FormDesigner\target\classes started by Administrator in E:\Desktop\FormDesigner)
2019-05-09 13:41:16,028 DEBUG (StartupInfoLogger.java:53)- Running with Spring Boot v2.1.3.RELEASE, Spring v5.1.5.RELEASE
2019-05-09 13:41:16,029 INFO (SpringApplication.java:675)- No active profile set, falling back to default profiles: default
2019-05-09 13:41:20,538 INFO (StartupInfoLogger.java:59)- Started FormDesignerApplication in 5.573 seconds (JVM running for 7.479)
2019-05-09 13:45:26,414 INFO (StartupInfoLogger.java:50)- Starting FormDesignerApplication on USER-20180713SF with PID 5276 (E:\Desktop\FormDesigner\target\classes started by Administrator in E:\Desktop\FormDesigner)
2019-05-09 13:45:26,432 DEBUG (StartupInfoLogger.java:53)- Running with Spring Boot v2.1.3.RELEASE, Spring v5.1.5.RELEASE
2019-05-09 13:45:26,434 INFO (SpringApplication.java:675)- No active profile set, falling back to default profiles: default
2019-05-09 13:45:30,788 INFO (StartupInfoLogger.java:59)- Started FormDesignerApplication in 5.368 seconds (JVM running for 6.697)
2019-05-09 13:46:04,166 INFO (StartupInfoLogger.java:50)- Starting FormDesignerApplication on USER-20180713SF with PID 3120 (E:\Desktop\FormDesigner\target\classes started by Administrator in E:\Desktop\FormDesigner)
2019-05-09 13:46:04,170 DEBUG (StartupInfoLogger.java:53)- Running with Spring Boot v2.1.3.RELEASE, Spring v5.1.5.RELEASE
2019-05-09 13:46:04,171 INFO (SpringApplication.java:675)- No active profile set, falling back to default profiles: default
2019-05-09 13:47:00,489 INFO (StartupInfoLogger.java:50)- Starting FormDesignerApplication on USER-20180713SF with PID 6024 (E:\Desktop\FormDesigner\target\classes started by Administrator in E:\Desktop\FormDesigner)
2019-05-09 13:47:00,495 DEBUG (StartupInfoLogger.java:53)- Running with Spring Boot v2.1.3.RELEASE, Spring v5.1.5.RELEASE
2019-05-09 13:47:00,496 INFO (SpringApplication.java:675)- No active profile set, falling back to default profiles: default
2019-05-09 13:47:23,216 INFO (StartupInfoLogger.java:50)- Starting FormDesignerApplication on USER-20180713SF with PID 3492 (E:\Desktop\FormDesigner\target\classes started by Administrator in E:\Desktop\FormDesigner)
2019-05-09 13:47:23,222 DEBUG (StartupInfoLogger.java:53)- Running with Spring Boot v2.1.3.RELEASE, Spring v5.1.5.RELEASE
2019-05-09 13:47:23,224 INFO (SpringApplication.java:675)- No active profile set, falling back to default profiles: default
2019-05-09 13:47:27,206 INFO (StartupInfoLogger.java:59)- Started FormDesignerApplication in 5.079 seconds (JVM running for 6.49)
2019-05-09 13:48:32,748 INFO (StartupInfoLogger.java:50)- Starting FormDesignerApplication on USER-20180713SF with PID 8712 (E:\Desktop\FormDesigner\target\classes started by Administrator in E:\Desktop\FormDesigner)
2019-05-09 13:48:32,753 DEBUG (StartupInfoLogger.java:53)- Running with Spring Boot v2.1.3.RELEASE, Spring v5.1.5.RELEASE
2019-05-09 13:48:32,794 INFO (SpringApplication.java:675)- No active profile set, falling back to default profiles: default
2019-05-09 13:49:06,480 INFO (StartupInfoLogger.java:59)- Started FormDesignerApplication in 35.011 seconds (JVM running for 36.372)
2019-05-09 13:50:11,790 INFO (StartupInfoLogger.java:50)- Starting FormDesignerApplication on USER-20180713SF with PID 10196 (E:\Desktop\FormDesigner\target\classes started by Administrator in E:\Desktop\FormDesigner)
2019-05-09 13:50:11,795 DEBUG (StartupInfoLogger.java:53)- Running with Spring Boot v2.1.3.RELEASE, Spring v5.1.5.RELEASE
2019-05-09 13:50:11,796 INFO (SpringApplication.java:675)- No active profile set, falling back to default profiles: default
2019-05-09 13:50:15,951 INFO (StartupInfoLogger.java:59)- Started FormDesignerApplication in 5.264 seconds (JVM running for 6.682)
2019-05-09 13:52:01,652 INFO (StartupInfoLogger.java:50)- Starting FormDesignerApplication on USER-20180713SF with PID 2580 (E:\Desktop\FormDesigner\target\classes started by Administrator in E:\Desktop\FormDesigner)
2019-05-09 13:52:01,657 DEBUG (StartupInfoLogger.java:53)- Running with Spring Boot v2.1.3.RELEASE, Spring v5.1.5.RELEASE
2019-05-09 13:52:01,658 INFO (SpringApplication.java:675)- No active profile set, falling back to default profiles: default
2019-05-09 13:52:05,812 INFO (StartupInfoLogger.java:59)- Started FormDesignerApplication in 5.355 seconds (JVM running for 6.707)
2019-05-09 13:53:44,289 INFO (StartupInfoLogger.java:50)- Starting FormDesignerApplication on USER-20180713SF with PID 9876 (E:\Desktop\FormDesigner\target\classes started by Administrator in E:\Desktop\FormDesigner)
2019-05-09 13:53:44,294 DEBUG (StartupInfoLogger.java:53)- Running with Spring Boot v2.1.3.RELEASE, Spring v5.1.5.RELEASE
2019-05-09 13:53:44,295 INFO (SpringApplication.java:675)- No active profile set, falling back to default profiles: default
2019-05-09 13:53:48,272 INFO (StartupInfoLogger.java:59)- Started FormDesignerApplication in 5.588 seconds (JVM running for 7.146)
2019-05-09 13:54:26,594 INFO (StartupInfoLogger.java:50)- Starting FormDesignerApplication on USER-20180713SF with PID 3260 (E:\Desktop\FormDesigner\target\classes started by Administrator in E:\Desktop\FormDesigner)
2019-05-09 13:54:26,598 DEBUG (StartupInfoLogger.java:53)- Running with Spring Boot v2.1.3.RELEASE, Spring v5.1.5.RELEASE
2019-05-09 13:54:26,599 INFO (SpringApplication.java:675)- No active profile set, falling back to default profiles: default
2019-05-09 13:54:30,206 INFO (StartupInfoLogger.java:59)- Started FormDesignerApplication in 4.952 seconds (JVM running for 7.943)
2019-05-09 13:55:41,815 INFO (StartupInfoLogger.java:50)- Starting FormDesignerApplication on USER-20180713SF with PID 7672 (E:\Desktop\FormDesigner\target\classes started by Administrator in E:\Desktop\FormDesigner)
2019-05-09 13:55:42,089 DEBUG (StartupInfoLogger.java:53)- Running with Spring Boot v2.1.3.RELEASE, Spring v5.1.5.RELEASE
2019-05-09 13:55:42,090 INFO (SpringApplication.java:675)- No active profile set, falling back to default profiles: default
2019-05-09 13:55:45,839 INFO (StartupInfoLogger.java:59)- Started FormDesignerApplication in 5.197 seconds (JVM running for 6.562)
2019-05-09 13:58:47,206 INFO (StartupInfoLogger.java:50)- Starting FormDesignerApplication on USER-20180713SF with PID 9076 (E:\Desktop\FormDesigner\target\classes started by Administrator in E:\Desktop\FormDesigner)
2019-05-09 13:58:47,216 DEBUG (StartupInfoLogger.java:53)- Running with Spring Boot v2.1.3.RELEASE, Spring v5.1.5.RELEASE
2019-05-09 13:58:47,217 INFO (SpringApplication.java:675)- No active profile set, falling back to default profiles: default
2019-05-09 13:58:51,203 INFO (StartupInfoLogger.java:59)- Started FormDesignerApplication in 5.403 seconds (JVM running for 6.881)
2019-05-09 14:01:06,539 INFO (StartupInfoLogger.java:50)- Starting FormDesignerApplication on USER-20180713SF with PID 6192 (E:\Desktop\FormDesigner\target\classes started by Administrator in E:\Desktop\FormDesigner)
2019-05-09 14:01:06,545 DEBUG (StartupInfoLogger.java:53)- Running with Spring Boot v2.1.3.RELEASE, Spring v5.1.5.RELEASE
2019-05-09 14:01:06,546 INFO (SpringApplication.java:675)- No active profile set, falling back to default profiles: default
2019-05-09 14:01:10,821 INFO (StartupInfoLogger.java:59)- Started FormDesignerApplication in 5.478 seconds (JVM running for 6.914)
2019-05-09 14:02:40,467 INFO (StartupInfoLogger.java:50)- Starting FormDesignerApplication on USER-20180713SF with PID 10004 (E:\Desktop\FormDesigner\target\classes started by Administrator in E:\Desktop\FormDesigner)
2019-05-09 14:02:40,477 DEBUG (StartupInfoLogger.java:53)- Running with Spring Boot v2.1.3.RELEASE, Spring v5.1.5.RELEASE
2019-05-09 14:02:40,478 INFO (SpringApplication.java:675)- No active profile set, falling back to default profiles: default
2019-05-09 14:02:44,650 INFO (StartupInfoLogger.java:59)- Started FormDesignerApplication in 5.21 seconds (JVM running for 6.566)
2019-05-09 14:04:20,959 INFO (StartupInfoLogger.java:50)- Starting FormDesignerApplication on USER-20180713SF with PID 6920 (E:\Desktop\FormDesigner\target\classes started by Administrator in E:\Desktop\FormDesigner)
2019-05-09 14:04:20,974 DEBUG (StartupInfoLogger.java:53)- Running with Spring Boot v2.1.3.RELEASE, Spring v5.1.5.RELEASE
2019-05-09 14:04:20,976 INFO (SpringApplication.java:675)- No active profile set, falling back to default profiles: default
2019-05-09 14:04:25,316 INFO (StartupInfoLogger.java:59)- Started FormDesignerApplication in 5.303 seconds (JVM running for 7.026)
2019-05-09 14:11:49,983 INFO (StartupInfoLogger.java:50)- Starting FormDesignerApplication on USER-20180713SF with PID 9708 (E:\Desktop\FormDesigner\target\classes started by Administrator in E:\Desktop\FormDesigner)
2019-05-09 14:11:49,990 DEBUG (StartupInfoLogger.java:53)- Running with Spring Boot v2.1.3.RELEASE, Spring v5.1.5.RELEASE
2019-05-09 14:11:49,991 INFO (SpringApplication.java:675)- No active profile set, falling back to default profiles: default
2019-05-09 14:11:54,363 INFO (StartupInfoLogger.java:59)- Started FormDesignerApplication in 5.313 seconds (JVM running for 6.711)
2019-05-09 14:14:22,227 INFO (StartupInfoLogger.java:50)- Starting FormDesignerApplication on USER-20180713SF with PID 6440 (E:\Desktop\FormDesigner\target\classes started by Administrator in E:\Desktop\FormDesigner)
2019-05-09 14:14:22,232 DEBUG (StartupInfoLogger.java:53)- Running with Spring Boot v2.1.3.RELEASE, Spring v5.1.5.RELEASE
2019-05-09 14:14:22,233 INFO (SpringApplication.java:675)- No active profile set, falling back to default profiles: default
2019-05-09 14:14:26,362 INFO (StartupInfoLogger.java:59)- Started FormDesignerApplication in 5.339 seconds (JVM running for 6.748)
2019-05-09 14:16:29,815 INFO (StartupInfoLogger.java:50)- Starting FormDesignerApplication on USER-20180713SF with PID 8708 (E:\Desktop\FormDesigner\target\classes started by Administrator in E:\Desktop\FormDesigner)
2019-05-09 14:16:29,861 DEBUG (StartupInfoLogger.java:53)- Running with Spring Boot v2.1.3.RELEASE, Spring v5.1.5.RELEASE
2019-05-09 14:16:29,866 INFO (SpringApplication.java:675)- No active profile set, falling back to default profiles: default
2019-05-09 14:16:33,829 INFO (StartupInfoLogger.java:59)- Started FormDesignerApplication in 5.211 seconds (JVM running for 6.595)
2019-05-09 14:17:51,769 INFO (StartupInfoLogger.java:50)- Starting FormDesignerApplication on USER-20180713SF with PID 2680 (E:\Desktop\FormDesigner\target\classes started by Administrator in E:\Desktop\FormDesigner)
2019-05-09 14:17:51,774 DEBUG (StartupInfoLogger.java:53)- Running with Spring Boot v2.1.3.RELEASE, Spring v5.1.5.RELEASE
2019-05-09 14:17:51,775 INFO (SpringApplication.java:675)- No active profile set, falling back to default profiles: default
2019-05-09 14:17:55,735 INFO (StartupInfoLogger.java:59)- Started FormDesignerApplication in 5.205 seconds (JVM running for 6.571)
2019-05-09 14:21:51,124 INFO (StartupInfoLogger.java:50)- Starting FormDesignerApplication on USER-20180713SF with PID 7824 (E:\Desktop\FormDesigner\target\classes started by Administrator in E:\Desktop\FormDesigner)
2019-05-09 14:21:51,128 DEBUG (StartupInfoLogger.java:53)- Running with Spring Boot v2.1.3.RELEASE, Spring v5.1.5.RELEASE
2019-05-09 14:21:51,128 INFO (SpringApplication.java:675)- No active profile set, falling back to default profiles: default
2019-05-09 14:21:54,872 INFO (StartupInfoLogger.java:59)- Started FormDesignerApplication in 5.087 seconds (JVM running for 7.626)
2019-05-09 14:56:39,311 INFO (StartupInfoLogger.java:50)- Starting FormDesignerApplication on USER-20180713SF with PID 5076 (E:\Desktop\FormDesigner\target\classes started by Administrator in E:\Desktop\FormDesigner)
2019-05-09 14:56:39,317 DEBUG (StartupInfoLogger.java:53)- Running with Spring Boot v2.1.3.RELEASE, Spring v5.1.5.RELEASE
2019-05-09 14:56:39,319 INFO (SpringApplication.java:675)- No active profile set, falling back to default profiles: default
2019-05-09 14:56:43,147 INFO (StartupInfoLogger.java:59)- Started FormDesignerApplication in 5.181 seconds (JVM running for 6.586)
2019-05-09 16:53:32,302 INFO (StartupInfoLogger.java:50)- Starting FormDesignerApplication on USER-20180713SF with PID 9600 (E:\Desktop\FormDesigner\target\classes started by Administrator in E:\Desktop\FormDesigner)
2019-05-09 16:53:32,307 DEBUG (StartupInfoLogger.java:53)- Running with Spring Boot v2.1.3.RELEASE, Spring v5.1.5.RELEASE
2019-05-09 16:53:32,308 INFO (SpringApplication.java:675)- No active profile set, falling back to default profiles: default
2019-05-09 16:53:36,329 INFO (StartupInfoLogger.java:59)- Started FormDesignerApplication in 5.456 seconds (JVM running for 6.866)
2019-05-09 16:56:23,988 INFO (StartupInfoLogger.java:50)- Starting FormDesignerApplication on USER-20180713SF with PID 9608 (E:\Desktop\FormDesigner\target\classes started by Administrator in E:\Desktop\FormDesigner)
2019-05-09 16:56:23,998 DEBUG (StartupInfoLogger.java:53)- Running with Spring Boot v2.1.3.RELEASE, Spring v5.1.5.RELEASE
2019-05-09 16:56:23,999 INFO (SpringApplication.java:675)- No active profile set, falling back to default profiles: default
2019-05-09 16:56:28,184 INFO (StartupInfoLogger.java:59)- Started FormDesignerApplication in 5.793 seconds (JVM running for 7.229)
2019-05-09 16:57:50,311 INFO (StartupInfoLogger.java:50)- Starting FormDesignerApplication on USER-20180713SF with PID 7272 (E:\Desktop\FormDesigner\target\classes started by Administrator in E:\Desktop\FormDesigner)
2019-05-09 16:57:50,341 DEBUG (StartupInfoLogger.java:53)- Running with Spring Boot v2.1.3.RELEASE, Spring v5.1.5.RELEASE
2019-05-09 16:57:50,342 INFO (SpringApplication.java:675)- No active profile set, falling back to default profiles: default
2019-05-09 16:57:54,618 INFO (StartupInfoLogger.java:59)- Started FormDesignerApplication in 5.396 seconds (JVM running for 6.816)
2019-05-09 16:59:04,829 INFO (StartupInfoLogger.java:50)- Starting FormDesignerApplication on USER-20180713SF with PID 8428 (E:\Desktop\FormDesigner\target\classes started by Administrator in E:\Desktop\FormDesigner)
2019-05-09 16:59:04,834 DEBUG (StartupInfoLogger.java:53)- Running with Spring Boot v2.1.3.RELEASE, Spring v5.1.5.RELEASE
2019-05-09 16:59:04,835 INFO (SpringApplication.java:675)- No active profile set, falling back to default profiles: default
2019-05-09 16:59:08,467 INFO (StartupInfoLogger.java:59)- Started FormDesignerApplication in 4.564 seconds (JVM running for 6.525)
2019-05-09 17:17:16,055 INFO (StartupInfoLogger.java:50)- Starting FormDesignerApplication on USER-20180713SF with PID 4828 (E:\Desktop\FormDesigner\target\classes started by Administrator in E:\Desktop\FormDesigner)
2019-05-09 17:17:16,061 DEBUG (StartupInfoLogger.java:53)- Running with Spring Boot v2.1.3.RELEASE, Spring v5.1.5.RELEASE
2019-05-09 17:17:16,062 INFO (SpringApplication.java:675)- No active profile set, falling back to default profiles: default
2019-05-09 17:17:19,983 INFO (StartupInfoLogger.java:59)- Started FormDesignerApplication in 5.547 seconds (JVM running for 7.011)
2019-05-09 17:52:03,936 INFO (StartupInfoLogger.java:50)- Starting FormDesignerApplication on USER-20180713SF with PID 9772 (E:\Desktop\FormDesigner\target\classes started by Administrator in E:\Desktop\FormDesigner)
2019-05-09 17:52:03,940 DEBUG (StartupInfoLogger.java:53)- Running with Spring Boot v2.1.3.RELEASE, Spring v5.1.5.RELEASE
2019-05-09 17:52:03,942 INFO (SpringApplication.java:675)- No active profile set, falling back to default profiles: default
2019-05-09 17:52:41,686 INFO (StartupInfoLogger.java:50)- Starting FormDesignerApplication on USER-20180713SF with PID 7916 (E:\Desktop\FormDesigner\target\classes started by Administrator in E:\Desktop\FormDesigner)
2019-05-09 17:52:41,691 DEBUG (StartupInfoLogger.java:53)- Running with Spring Boot v2.1.3.RELEASE, Spring v5.1.5.RELEASE
2019-05-09 17:52:41,693 INFO (SpringApplication.java:675)- No active profile set, falling back to default profiles: default
2019-05-09 17:53:37,010 INFO (StartupInfoLogger.java:50)- Starting FormDesignerApplication on USER-20180713SF with PID 4768 (E:\Desktop\FormDesigner\target\classes started by Administrator in E:\Desktop\FormDesigner)
2019-05-09 17:53:37,015 DEBUG (StartupInfoLogger.java:53)- Running with Spring Boot v2.1.3.RELEASE, Spring v5.1.5.RELEASE
2019-05-09 17:53:37,019 INFO (SpringApplication.java:675)- No active profile set, falling back to default profiles: default
2019-05-09 17:54:32,020 INFO (StartupInfoLogger.java:50)- Starting FormDesignerApplication on USER-20180713SF with PID 9796 (E:\Desktop\FormDesigner\target\classes started by Administrator in E:\Desktop\FormDesigner)
2019-05-09 17:54:32,025 DEBUG (StartupInfoLogger.java:53)- Running with Spring Boot v2.1.3.RELEASE, Spring v5.1.5.RELEASE
2019-05-09 17:54:32,027 INFO (SpringApplication.java:675)- No active profile set, falling back to default profiles: default
2019-05-09 17:54:53,928 INFO (StartupInfoLogger.java:50)- Starting FormDesignerApplication on USER-20180713SF with PID 9304 (E:\Desktop\FormDesigner\target\classes started by Administrator in E:\Desktop\FormDesigner)
2019-05-09 17:54:53,933 DEBUG (StartupInfoLogger.java:53)- Running with Spring Boot v2.1.3.RELEASE, Spring v5.1.5.RELEASE
2019-05-09 17:54:53,934 INFO (SpringApplication.java:675)- No active profile set, falling back to default profiles: default
2019-05-09 17:54:58,312 INFO (StartupInfoLogger.java:59)- Started FormDesignerApplication in 5.509 seconds (JVM running for 6.84)
2019-05-09 18:00:57,727 INFO (StartupInfoLogger.java:50)- Starting FormDesignerApplication on USER-20180713SF with PID 9716 (E:\Desktop\FormDesigner\target\classes started by Administrator in E:\Desktop\FormDesigner)
2019-05-09 18:00:57,731 DEBUG (StartupInfoLogger.java:53)- Running with Spring Boot v2.1.3.RELEASE, Spring v5.1.5.RELEASE
2019-05-09 18:00:57,732 INFO (SpringApplication.java:675)- No active profile set, falling back to default profiles: default
2019-05-09 18:01:02,885 INFO (StartupInfoLogger.java:59)- Started FormDesignerApplication in 5.941 seconds (JVM running for 7.416)
2019-05-09 18:10:49,642 INFO (StartupInfoLogger.java:50)- Starting FormDesignerApplication on USER-20180713SF with PID 9384 (E:\Desktop\FormDesigner\target\classes started by Administrator in E:\Desktop\FormDesigner)
2019-05-09 18:10:49,647 DEBUG (StartupInfoLogger.java:53)- Running with Spring Boot v2.1.3.RELEASE, Spring v5.1.5.RELEASE
2019-05-09 18:10:49,647 INFO (SpringApplication.java:675)- No active profile set, falling back to default profiles: default
2019-05-09 18:10:53,696 INFO (StartupInfoLogger.java:59)- Started FormDesignerApplication in 5.277 seconds (JVM running for 6.62)
