2019-04-18 09:04:34,186 INFO (StartupInfoLogger.java:50)- Starting FormDesignerApplication on USER-20180713SF with PID 7600 (C:\Users\Administrator\Desktop\FormDesigner\target\classes started by Administrator in C:\Users\Administrator\Desktop\FormDesigner)
2019-04-18 09:04:34,284 DEBUG (StartupInfoLogger.java:53)- Running with Spring Boot v2.1.3.RELEASE, Spring v5.1.5.RELEASE
2019-04-18 09:04:34,285 INFO (SpringApplication.java:675)- No active profile set, falling back to default profiles: default
2019-04-18 09:05:05,333 INFO (StartupInfoLogger.java:59)- Started FormDesignerApplication in 39.88 seconds (JVM running for 59.585)
2019-04-18 10:14:34,036 INFO (StartupInfoLogger.java:50)- Starting FormDesignerApplication on USER-20180713SF with PID 9864 (C:\Users\Administrator\Desktop\FormDesigner\target\classes started by Administrator in C:\Users\Administrator\Desktop\FormDesigner)
2019-04-18 10:14:34,043 DEBUG (StartupInfoLogger.java:53)- Running with Spring Boot v2.1.3.RELEASE, Spring v5.1.5.RELEASE
2019-04-18 10:14:34,043 INFO (SpringApplication.java:675)- No active profile set, falling back to default profiles: default
2019-04-18 10:14:38,150 INFO (StartupInfoLogger.java:59)- Started FormDesignerApplication in 5.757 seconds (JVM running for 7.882)
2019-04-18 10:22:45,685 INFO (StartupInfoLogger.java:50)- Starting FormDesignerApplication on USER-20180713SF with PID 5156 (C:\Users\Administrator\Desktop\FormDesigner\target\classes started by Administrator in C:\Users\Administrator\Desktop\FormDesigner)
2019-04-18 10:22:45,691 DEBUG (StartupInfoLogger.java:53)- Running with Spring Boot v2.1.3.RELEASE, Spring v5.1.5.RELEASE
2019-04-18 10:22:45,692 INFO (SpringApplication.java:675)- No active profile set, falling back to default profiles: default
2019-04-18 10:22:49,942 INFO (StartupInfoLogger.java:59)- Started FormDesignerApplication in 5.9 seconds (JVM running for 7.71)
2019-04-18 10:31:54,656 INFO (StartupInfoLogger.java:50)- Starting FormDesignerApplication on USER-20180713SF with PID 9968 (C:\Users\Administrator\Desktop\FormDesigner\target\classes started by Administrator in C:\Users\Administrator\Desktop\FormDesigner)
2019-04-18 10:31:54,662 DEBUG (StartupInfoLogger.java:53)- Running with Spring Boot v2.1.3.RELEASE, Spring v5.1.5.RELEASE
2019-04-18 10:31:54,663 INFO (SpringApplication.java:675)- No active profile set, falling back to default profiles: default
2019-04-18 10:47:00,064 INFO (StartupInfoLogger.java:50)- Starting FormDesignerApplication on USER-20180713SF with PID 8720 (C:\Users\Administrator\Desktop\FormDesigner\target\classes started by Administrator in C:\Users\Administrator\Desktop\FormDesigner)
2019-04-18 10:47:00,069 DEBUG (StartupInfoLogger.java:53)- Running with Spring Boot v2.1.3.RELEASE, Spring v5.1.5.RELEASE
2019-04-18 10:47:00,070 INFO (SpringApplication.java:675)- No active profile set, falling back to default profiles: default
2019-04-18 10:50:40,189 INFO (StartupInfoLogger.java:50)- Starting FormDesignerApplication on USER-20180713SF with PID 9828 (C:\Users\Administrator\Desktop\FormDesigner\target\classes started by Administrator in C:\Users\Administrator\Desktop\FormDesigner)
2019-04-18 10:50:40,193 DEBUG (StartupInfoLogger.java:53)- Running with Spring Boot v2.1.3.RELEASE, Spring v5.1.5.RELEASE
2019-04-18 10:50:40,194 INFO (SpringApplication.java:675)- No active profile set, falling back to default profiles: default
2019-04-18 10:51:34,477 INFO (StartupInfoLogger.java:50)- Starting FormDesignerApplication on USER-20180713SF with PID 10364 (C:\Users\Administrator\Desktop\FormDesigner\target\classes started by Administrator in C:\Users\Administrator\Desktop\FormDesigner)
2019-04-18 10:51:34,478 DEBUG (StartupInfoLogger.java:53)- Running with Spring Boot v2.1.3.RELEASE, Spring v5.1.5.RELEASE
2019-04-18 10:51:34,479 INFO (SpringApplication.java:675)- No active profile set, falling back to default profiles: default
2019-04-18 10:54:30,200 INFO (StartupInfoLogger.java:50)- Starting FormDesignerApplication on USER-20180713SF with PID 9008 (C:\Users\Administrator\Desktop\FormDesigner\target\classes started by Administrator in C:\Users\Administrator\Desktop\FormDesigner)
2019-04-18 10:54:30,211 DEBUG (StartupInfoLogger.java:53)- Running with Spring Boot v2.1.3.RELEASE, Spring v5.1.5.RELEASE
2019-04-18 10:54:30,218 INFO (SpringApplication.java:675)- No active profile set, falling back to default profiles: default
2019-04-18 11:00:47,512 INFO (StartupInfoLogger.java:50)- Starting FormDesignerApplication on USER-20180713SF with PID 10964 (C:\Users\Administrator\Desktop\FormDesigner\target\classes started by Administrator in C:\Users\Administrator\Desktop\FormDesigner)
2019-04-18 11:00:47,521 DEBUG (StartupInfoLogger.java:53)- Running with Spring Boot v2.1.3.RELEASE, Spring v5.1.5.RELEASE
2019-04-18 11:00:47,522 INFO (SpringApplication.java:675)- No active profile set, falling back to default profiles: default
2019-04-18 11:01:11,192 INFO (StartupInfoLogger.java:50)- Starting FormDesignerApplication on USER-20180713SF with PID 9516 (C:\Users\Administrator\Desktop\FormDesigner\target\classes started by Administrator in C:\Users\Administrator\Desktop\FormDesigner)
2019-04-18 11:01:11,198 DEBUG (StartupInfoLogger.java:53)- Running with Spring Boot v2.1.3.RELEASE, Spring v5.1.5.RELEASE
2019-04-18 11:01:11,198 INFO (SpringApplication.java:675)- No active profile set, falling back to default profiles: default
2019-04-18 11:03:17,085 INFO (StartupInfoLogger.java:50)- Starting FormDesignerApplication on USER-20180713SF with PID 10372 (C:\Users\Administrator\Desktop\FormDesigner\target\classes started by Administrator in C:\Users\Administrator\Desktop\FormDesigner)
2019-04-18 11:03:17,089 DEBUG (StartupInfoLogger.java:53)- Running with Spring Boot v2.1.3.RELEASE, Spring v5.1.5.RELEASE
2019-04-18 11:03:17,091 INFO (SpringApplication.java:675)- No active profile set, falling back to default profiles: default
2019-04-18 11:03:35,352 INFO (StartupInfoLogger.java:50)- Starting FormDesignerApplication on USER-20180713SF with PID 4724 (C:\Users\Administrator\Desktop\FormDesigner\target\classes started by Administrator in C:\Users\Administrator\Desktop\FormDesigner)
2019-04-18 11:03:35,356 DEBUG (StartupInfoLogger.java:53)- Running with Spring Boot v2.1.3.RELEASE, Spring v5.1.5.RELEASE
2019-04-18 11:03:35,357 INFO (SpringApplication.java:675)- No active profile set, falling back to default profiles: default
2019-04-18 11:04:37,556 INFO (StartupInfoLogger.java:50)- Starting FormDesignerApplication on USER-20180713SF with PID 5620 (C:\Users\Administrator\Desktop\FormDesigner\target\classes started by Administrator in C:\Users\Administrator\Desktop\FormDesigner)
2019-04-18 11:04:37,561 DEBUG (StartupInfoLogger.java:53)- Running with Spring Boot v2.1.3.RELEASE, Spring v5.1.5.RELEASE
2019-04-18 11:04:37,562 INFO (SpringApplication.java:675)- No active profile set, falling back to default profiles: default
2019-04-18 11:04:54,796 INFO (StartupInfoLogger.java:50)- Starting FormDesignerApplication on USER-20180713SF with PID 9184 (C:\Users\Administrator\Desktop\FormDesigner\target\classes started by Administrator in C:\Users\Administrator\Desktop\FormDesigner)
2019-04-18 11:04:54,802 DEBUG (StartupInfoLogger.java:53)- Running with Spring Boot v2.1.3.RELEASE, Spring v5.1.5.RELEASE
2019-04-18 11:04:54,803 INFO (SpringApplication.java:675)- No active profile set, falling back to default profiles: default
2019-04-18 11:05:00,414 INFO (StartupInfoLogger.java:59)- Started FormDesignerApplication in 6.839 seconds (JVM running for 8.935)
2019-04-18 11:05:40,151 INFO (StartupInfoLogger.java:50)- Starting FormDesignerApplication on USER-20180713SF with PID 9176 (C:\Users\Administrator\Desktop\FormDesigner\target\classes started by Administrator in C:\Users\Administrator\Desktop\FormDesigner)
2019-04-18 11:05:40,163 DEBUG (StartupInfoLogger.java:53)- Running with Spring Boot v2.1.3.RELEASE, Spring v5.1.5.RELEASE
2019-04-18 11:05:40,163 INFO (SpringApplication.java:675)- No active profile set, falling back to default profiles: default
2019-04-18 11:06:01,008 INFO (StartupInfoLogger.java:50)- Starting FormDesignerApplication on USER-20180713SF with PID 10264 (C:\Users\Administrator\Desktop\FormDesigner\target\classes started by Administrator in C:\Users\Administrator\Desktop\FormDesigner)
2019-04-18 11:06:01,013 DEBUG (StartupInfoLogger.java:53)- Running with Spring Boot v2.1.3.RELEASE, Spring v5.1.5.RELEASE
2019-04-18 11:06:01,014 INFO (SpringApplication.java:675)- No active profile set, falling back to default profiles: default
2019-04-18 11:06:37,943 INFO (StartupInfoLogger.java:50)- Starting FormDesignerApplication on USER-20180713SF with PID 9468 (C:\Users\Administrator\Desktop\FormDesigner\target\classes started by Administrator in C:\Users\Administrator\Desktop\FormDesigner)
2019-04-18 11:06:37,951 DEBUG (StartupInfoLogger.java:53)- Running with Spring Boot v2.1.3.RELEASE, Spring v5.1.5.RELEASE
2019-04-18 11:06:37,953 INFO (SpringApplication.java:675)- No active profile set, falling back to default profiles: default
2019-04-18 11:06:51,589 INFO (StartupInfoLogger.java:50)- Starting FormDesignerApplication on USER-20180713SF with PID 1468 (C:\Users\Administrator\Desktop\FormDesigner\target\classes started by Administrator in C:\Users\Administrator\Desktop\FormDesigner)
2019-04-18 11:06:51,594 DEBUG (StartupInfoLogger.java:53)- Running with Spring Boot v2.1.3.RELEASE, Spring v5.1.5.RELEASE
2019-04-18 11:06:51,602 INFO (SpringApplication.java:675)- No active profile set, falling back to default profiles: default
2019-04-18 11:07:17,373 INFO (StartupInfoLogger.java:59)- Started FormDesignerApplication in 27.084 seconds (JVM running for 28.603)
2019-04-18 11:08:27,055 INFO (StartupInfoLogger.java:50)- Starting FormDesignerApplication on USER-20180713SF with PID 3360 (C:\Users\Administrator\Desktop\FormDesigner\target\classes started by Administrator in C:\Users\Administrator\Desktop\FormDesigner)
2019-04-18 11:08:27,064 DEBUG (StartupInfoLogger.java:53)- Running with Spring Boot v2.1.3.RELEASE, Spring v5.1.5.RELEASE
2019-04-18 11:08:27,065 INFO (SpringApplication.java:675)- No active profile set, falling back to default profiles: default
2019-04-18 11:08:31,859 INFO (StartupInfoLogger.java:59)- Started FormDesignerApplication in 6.25 seconds (JVM running for 8.434)
2019-04-18 11:22:22,217 INFO (StartupInfoLogger.java:50)- Starting FormDesignerApplication on USER-20180713SF with PID 7256 (C:\Users\Administrator\Desktop\FormDesigner\target\classes started by Administrator in C:\Users\Administrator\Desktop\FormDesigner)
2019-04-18 11:22:22,223 DEBUG (StartupInfoLogger.java:53)- Running with Spring Boot v2.1.3.RELEASE, Spring v5.1.5.RELEASE
2019-04-18 11:22:22,224 INFO (SpringApplication.java:675)- No active profile set, falling back to default profiles: default
2019-04-18 11:22:26,090 INFO (StartupInfoLogger.java:59)- Started FormDesignerApplication in 4.74 seconds (JVM running for 8.901)
2019-04-18 13:44:41,059 INFO (StartupInfoLogger.java:50)- Starting FormDesignerApplication on USER-20180713SF with PID 11228 (C:\Users\Administrator\Desktop\FormDesigner\target\classes started by Administrator in C:\Users\Administrator\Desktop\FormDesigner)
2019-04-18 13:44:41,064 DEBUG (StartupInfoLogger.java:53)- Running with Spring Boot v2.1.3.RELEASE, Spring v5.1.5.RELEASE
2019-04-18 13:44:41,066 INFO (SpringApplication.java:675)- No active profile set, falling back to default profiles: default
2019-04-18 13:45:06,698 INFO (StartupInfoLogger.java:50)- Starting FormDesignerApplication on USER-20180713SF with PID 7220 (C:\Users\Administrator\Desktop\FormDesigner\target\classes started by Administrator in C:\Users\Administrator\Desktop\FormDesigner)
2019-04-18 13:45:06,712 DEBUG (StartupInfoLogger.java:53)- Running with Spring Boot v2.1.3.RELEASE, Spring v5.1.5.RELEASE
2019-04-18 13:45:06,713 INFO (SpringApplication.java:675)- No active profile set, falling back to default profiles: default
2019-04-18 13:45:51,862 INFO (StartupInfoLogger.java:50)- Starting FormDesignerApplication on USER-20180713SF with PID 3976 (C:\Users\Administrator\Desktop\FormDesigner\target\classes started by Administrator in C:\Users\Administrator\Desktop\FormDesigner)
2019-04-18 13:45:51,869 DEBUG (StartupInfoLogger.java:53)- Running with Spring Boot v2.1.3.RELEASE, Spring v5.1.5.RELEASE
2019-04-18 13:45:51,870 INFO (SpringApplication.java:675)- No active profile set, falling back to default profiles: default
2019-04-18 13:48:01,716 INFO (StartupInfoLogger.java:50)- Starting FormDesignerApplication on USER-20180713SF with PID 10936 (C:\Users\Administrator\Desktop\FormDesigner\target\classes started by Administrator in C:\Users\Administrator\Desktop\FormDesigner)
2019-04-18 13:48:01,726 DEBUG (StartupInfoLogger.java:53)- Running with Spring Boot v2.1.3.RELEASE, Spring v5.1.5.RELEASE
2019-04-18 13:48:01,727 INFO (SpringApplication.java:675)- No active profile set, falling back to default profiles: default
2019-04-18 13:48:38,180 INFO (StartupInfoLogger.java:50)- Starting FormDesignerApplication on USER-20180713SF with PID 10272 (C:\Users\Administrator\Desktop\FormDesigner\target\classes started by Administrator in C:\Users\Administrator\Desktop\FormDesigner)
2019-04-18 13:48:38,188 DEBUG (StartupInfoLogger.java:53)- Running with Spring Boot v2.1.3.RELEASE, Spring v5.1.5.RELEASE
2019-04-18 13:48:38,190 INFO (SpringApplication.java:675)- No active profile set, falling back to default profiles: default
2019-04-18 13:48:57,093 INFO (StartupInfoLogger.java:50)- Starting FormDesignerApplication on USER-20180713SF with PID 9400 (C:\Users\Administrator\Desktop\FormDesigner\target\classes started by Administrator in C:\Users\Administrator\Desktop\FormDesigner)
2019-04-18 13:48:57,151 DEBUG (StartupInfoLogger.java:53)- Running with Spring Boot v2.1.3.RELEASE, Spring v5.1.5.RELEASE
2019-04-18 13:48:57,152 INFO (SpringApplication.java:675)- No active profile set, falling back to default profiles: default
2019-04-18 13:50:53,814 INFO (StartupInfoLogger.java:50)- Starting FormDesignerApplication on USER-20180713SF with PID 10488 (C:\Users\Administrator\Desktop\FormDesigner\target\classes started by Administrator in C:\Users\Administrator\Desktop\FormDesigner)
2019-04-18 13:50:53,819 DEBUG (StartupInfoLogger.java:53)- Running with Spring Boot v2.1.3.RELEASE, Spring v5.1.5.RELEASE
2019-04-18 13:50:53,820 INFO (SpringApplication.java:675)- No active profile set, falling back to default profiles: default
2019-04-18 13:52:10,854 INFO (StartupInfoLogger.java:50)- Starting FormDesignerApplication on USER-20180713SF with PID 9308 (C:\Users\Administrator\Desktop\FormDesigner\target\classes started by Administrator in C:\Users\Administrator\Desktop\FormDesigner)
2019-04-18 13:52:10,861 DEBUG (StartupInfoLogger.java:53)- Running with Spring Boot v2.1.3.RELEASE, Spring v5.1.5.RELEASE
2019-04-18 13:52:10,862 INFO (SpringApplication.java:675)- No active profile set, falling back to default profiles: default
2019-04-18 13:53:20,826 INFO (StartupInfoLogger.java:50)- Starting FormDesignerApplication on USER-20180713SF with PID 5224 (C:\Users\Administrator\Desktop\FormDesigner\target\classes started by Administrator in C:\Users\Administrator\Desktop\FormDesigner)
2019-04-18 13:53:20,830 DEBUG (StartupInfoLogger.java:53)- Running with Spring Boot v2.1.3.RELEASE, Spring v5.1.5.RELEASE
2019-04-18 13:53:20,831 INFO (SpringApplication.java:675)- No active profile set, falling back to default profiles: default
2019-04-18 13:54:31,561 INFO (StartupInfoLogger.java:50)- Starting FormDesignerApplication on USER-20180713SF with PID 10912 (C:\Users\Administrator\Desktop\FormDesigner\target\classes started by Administrator in C:\Users\Administrator\Desktop\FormDesigner)
2019-04-18 13:54:31,567 DEBUG (StartupInfoLogger.java:53)- Running with Spring Boot v2.1.3.RELEASE, Spring v5.1.5.RELEASE
2019-04-18 13:54:31,568 INFO (SpringApplication.java:675)- No active profile set, falling back to default profiles: default
2019-04-18 13:55:46,435 INFO (StartupInfoLogger.java:50)- Starting FormDesignerApplication on USER-20180713SF with PID 8480 (C:\Users\Administrator\Desktop\FormDesigner\target\classes started by Administrator in C:\Users\Administrator\Desktop\FormDesigner)
2019-04-18 13:55:46,440 DEBUG (StartupInfoLogger.java:53)- Running with Spring Boot v2.1.3.RELEASE, Spring v5.1.5.RELEASE
2019-04-18 13:55:46,441 INFO (SpringApplication.java:675)- No active profile set, falling back to default profiles: default
2019-04-18 13:56:22,276 INFO (StartupInfoLogger.java:50)- Starting FormDesignerApplication on USER-20180713SF with PID 10288 (C:\Users\Administrator\Desktop\FormDesigner\target\classes started by Administrator in C:\Users\Administrator\Desktop\FormDesigner)
2019-04-18 13:56:22,281 DEBUG (StartupInfoLogger.java:53)- Running with Spring Boot v2.1.3.RELEASE, Spring v5.1.5.RELEASE
2019-04-18 13:56:22,282 INFO (SpringApplication.java:675)- No active profile set, falling back to default profiles: default
2019-04-18 13:57:07,765 INFO (StartupInfoLogger.java:50)- Starting FormDesignerApplication on USER-20180713SF with PID 10836 (C:\Users\Administrator\Desktop\FormDesigner\target\classes started by Administrator in C:\Users\Administrator\Desktop\FormDesigner)
2019-04-18 13:57:07,770 DEBUG (StartupInfoLogger.java:53)- Running with Spring Boot v2.1.3.RELEASE, Spring v5.1.5.RELEASE
2019-04-18 13:57:07,771 INFO (SpringApplication.java:675)- No active profile set, falling back to default profiles: default
2019-04-18 13:59:12,934 INFO (StartupInfoLogger.java:50)- Starting FormDesignerApplication on USER-20180713SF with PID 5752 (C:\Users\Administrator\Desktop\FormDesigner\target\classes started by Administrator in C:\Users\Administrator\Desktop\FormDesigner)
2019-04-18 13:59:12,938 DEBUG (StartupInfoLogger.java:53)- Running with Spring Boot v2.1.3.RELEASE, Spring v5.1.5.RELEASE
2019-04-18 13:59:12,939 INFO (SpringApplication.java:675)- No active profile set, falling back to default profiles: default
2019-04-18 14:02:08,734 INFO (StartupInfoLogger.java:50)- Starting FormDesignerApplication on USER-20180713SF with PID 11148 (C:\Users\Administrator\Desktop\FormDesigner\target\classes started by Administrator in C:\Users\Administrator\Desktop\FormDesigner)
2019-04-18 14:02:08,746 DEBUG (StartupInfoLogger.java:53)- Running with Spring Boot v2.1.3.RELEASE, Spring v5.1.5.RELEASE
2019-04-18 14:02:08,747 INFO (SpringApplication.java:675)- No active profile set, falling back to default profiles: default
2019-04-18 14:05:53,485 INFO (StartupInfoLogger.java:50)- Starting FormDesignerApplication on USER-20180713SF with PID 7660 (C:\Users\Administrator\Desktop\FormDesigner\target\classes started by Administrator in C:\Users\Administrator\Desktop\FormDesigner)
2019-04-18 14:05:53,489 DEBUG (StartupInfoLogger.java:53)- Running with Spring Boot v2.1.3.RELEASE, Spring v5.1.5.RELEASE
2019-04-18 14:05:53,490 INFO (SpringApplication.java:675)- No active profile set, falling back to default profiles: default
2019-04-18 14:13:52,471 INFO (StartupInfoLogger.java:50)- Starting FormDesignerApplication on USER-20180713SF with PID 9500 (C:\Users\Administrator\Desktop\FormDesigner\target\classes started by Administrator in C:\Users\Administrator\Desktop\FormDesigner)
2019-04-18 14:13:52,477 DEBUG (StartupInfoLogger.java:53)- Running with Spring Boot v2.1.3.RELEASE, Spring v5.1.5.RELEASE
2019-04-18 14:13:52,478 INFO (SpringApplication.java:675)- No active profile set, falling back to default profiles: default
2019-04-18 14:15:48,056 INFO (StartupInfoLogger.java:50)- Starting FormDesignerApplication on USER-20180713SF with PID 9008 (C:\Users\Administrator\Desktop\FormDesigner\target\classes started by Administrator in C:\Users\Administrator\Desktop\FormDesigner)
2019-04-18 14:15:48,061 DEBUG (StartupInfoLogger.java:53)- Running with Spring Boot v2.1.3.RELEASE, Spring v5.1.5.RELEASE
2019-04-18 14:15:48,062 INFO (SpringApplication.java:675)- No active profile set, falling back to default profiles: default
2019-04-18 14:21:48,715 INFO (StartupInfoLogger.java:50)- Starting FormDesignerApplication on USER-20180713SF with PID 8996 (C:\Users\Administrator\Desktop\FormDesigner\target\classes started by Administrator in C:\Users\Administrator\Desktop\FormDesigner)
2019-04-18 14:21:48,719 DEBUG (StartupInfoLogger.java:53)- Running with Spring Boot v2.1.3.RELEASE, Spring v5.1.5.RELEASE
2019-04-18 14:21:48,720 INFO (SpringApplication.java:675)- No active profile set, falling back to default profiles: default
2019-04-18 14:25:31,306 INFO (StartupInfoLogger.java:50)- Starting FormDesignerApplication on USER-20180713SF with PID 7848 (C:\Users\Administrator\Desktop\FormDesigner\target\classes started by Administrator in C:\Users\Administrator\Desktop\FormDesigner)
2019-04-18 14:25:31,312 DEBUG (StartupInfoLogger.java:53)- Running with Spring Boot v2.1.3.RELEASE, Spring v5.1.5.RELEASE
2019-04-18 14:25:31,313 INFO (SpringApplication.java:675)- No active profile set, falling back to default profiles: default
2019-04-18 14:27:35,742 INFO (StartupInfoLogger.java:50)- Starting FormDesignerApplication on USER-20180713SF with PID 1144 (C:\Users\Administrator\Desktop\FormDesigner\target\classes started by Administrator in C:\Users\Administrator\Desktop\FormDesigner)
2019-04-18 14:27:35,748 DEBUG (StartupInfoLogger.java:53)- Running with Spring Boot v2.1.3.RELEASE, Spring v5.1.5.RELEASE
2019-04-18 14:27:35,749 INFO (SpringApplication.java:675)- No active profile set, falling back to default profiles: default
2019-04-18 14:29:42,607 INFO (StartupInfoLogger.java:50)- Starting FormDesignerApplication on USER-20180713SF with PID 7684 (C:\Users\Administrator\Desktop\FormDesigner\target\classes started by Administrator in C:\Users\Administrator\Desktop\FormDesigner)
2019-04-18 14:29:42,613 DEBUG (StartupInfoLogger.java:53)- Running with Spring Boot v2.1.3.RELEASE, Spring v5.1.5.RELEASE
2019-04-18 14:29:42,614 INFO (SpringApplication.java:675)- No active profile set, falling back to default profiles: default
2019-04-18 14:30:35,687 INFO (StartupInfoLogger.java:50)- Starting FormDesignerApplication on USER-20180713SF with PID 8632 (C:\Users\Administrator\Desktop\FormDesigner\target\classes started by Administrator in C:\Users\Administrator\Desktop\FormDesigner)
2019-04-18 14:30:35,695 DEBUG (StartupInfoLogger.java:53)- Running with Spring Boot v2.1.3.RELEASE, Spring v5.1.5.RELEASE
2019-04-18 14:30:35,696 INFO (SpringApplication.java:675)- No active profile set, falling back to default profiles: default
2019-04-18 14:30:40,979 INFO (StartupInfoLogger.java:59)- Started FormDesignerApplication in 6.358 seconds (JVM running for 8.133)
2019-04-18 14:32:11,270 INFO (StartupInfoLogger.java:50)- Starting FormDesignerApplication on USER-20180713SF with PID 10052 (C:\Users\Administrator\Desktop\FormDesigner\target\classes started by Administrator in C:\Users\Administrator\Desktop\FormDesigner)
2019-04-18 14:32:11,276 DEBUG (StartupInfoLogger.java:53)- Running with Spring Boot v2.1.3.RELEASE, Spring v5.1.5.RELEASE
2019-04-18 14:32:11,277 INFO (SpringApplication.java:675)- No active profile set, falling back to default profiles: default
2019-04-18 14:32:32,000 INFO (StartupInfoLogger.java:50)- Starting FormDesignerApplication on USER-20180713SF with PID 10528 (C:\Users\Administrator\Desktop\FormDesigner\target\classes started by Administrator in C:\Users\Administrator\Desktop\FormDesigner)
2019-04-18 14:32:32,006 DEBUG (StartupInfoLogger.java:53)- Running with Spring Boot v2.1.3.RELEASE, Spring v5.1.5.RELEASE
2019-04-18 14:32:32,007 INFO (SpringApplication.java:675)- No active profile set, falling back to default profiles: default
2019-04-18 14:38:54,809 INFO (StartupInfoLogger.java:50)- Starting FormDesignerApplication on USER-20180713SF with PID 4416 (C:\Users\Administrator\Desktop\FormDesigner\target\classes started by Administrator in C:\Users\Administrator\Desktop\FormDesigner)
2019-04-18 14:38:54,814 DEBUG (StartupInfoLogger.java:53)- Running with Spring Boot v2.1.3.RELEASE, Spring v5.1.5.RELEASE
2019-04-18 14:38:54,815 INFO (SpringApplication.java:675)- No active profile set, falling back to default profiles: default
2019-04-18 14:38:58,590 INFO (StartupInfoLogger.java:59)- Started FormDesignerApplication in 4.832 seconds (JVM running for 6.217)
2019-04-18 14:44:57,659 INFO (StartupInfoLogger.java:50)- Starting FormDesignerApplication on USER-20180713SF with PID 7768 (C:\Users\Administrator\Desktop\FormDesigner\target\classes started by Administrator in C:\Users\Administrator\Desktop\FormDesigner)
2019-04-18 14:44:57,673 DEBUG (StartupInfoLogger.java:53)- Running with Spring Boot v2.1.3.RELEASE, Spring v5.1.5.RELEASE
2019-04-18 14:44:57,674 INFO (SpringApplication.java:675)- No active profile set, falling back to default profiles: default
2019-04-18 14:45:01,980 INFO (StartupInfoLogger.java:59)- Started FormDesignerApplication in 5.663 seconds (JVM running for 7.179)
2019-04-18 14:56:47,119 INFO (StartupInfoLogger.java:50)- Starting FormDesignerApplication on USER-20180713SF with PID 10968 (C:\Users\Administrator\Desktop\FormDesigner\target\classes started by Administrator in C:\Users\Administrator\Desktop\FormDesigner)
2019-04-18 14:56:47,190 DEBUG (StartupInfoLogger.java:53)- Running with Spring Boot v2.1.3.RELEASE, Spring v5.1.5.RELEASE
2019-04-18 14:56:47,191 INFO (SpringApplication.java:675)- No active profile set, falling back to default profiles: default
2019-04-18 14:56:51,693 INFO (StartupInfoLogger.java:59)- Started FormDesignerApplication in 5.891 seconds (JVM running for 7.555)
2019-04-18 14:59:53,440 INFO (StartupInfoLogger.java:50)- Starting FormDesignerApplication on USER-20180713SF with PID 11000 (C:\Users\Administrator\Desktop\FormDesigner\target\classes started by Administrator in C:\Users\Administrator\Desktop\FormDesigner)
2019-04-18 14:59:53,445 DEBUG (StartupInfoLogger.java:53)- Running with Spring Boot v2.1.3.RELEASE, Spring v5.1.5.RELEASE
2019-04-18 14:59:53,446 INFO (SpringApplication.java:675)- No active profile set, falling back to default profiles: default
2019-04-18 14:59:57,535 INFO (StartupInfoLogger.java:59)- Started FormDesignerApplication in 5.211 seconds (JVM running for 6.664)
2019-04-18 15:01:02,516 INFO (StartupInfoLogger.java:50)- Starting FormDesignerApplication on USER-20180713SF with PID 10464 (C:\Users\Administrator\Desktop\FormDesigner\target\classes started by Administrator in C:\Users\Administrator\Desktop\FormDesigner)
2019-04-18 15:01:02,523 DEBUG (StartupInfoLogger.java:53)- Running with Spring Boot v2.1.3.RELEASE, Spring v5.1.5.RELEASE
2019-04-18 15:01:02,524 INFO (SpringApplication.java:675)- No active profile set, falling back to default profiles: default
2019-04-18 15:01:06,353 INFO (StartupInfoLogger.java:59)- Started FormDesignerApplication in 4.938 seconds (JVM running for 6.56)
2019-04-18 15:02:52,165 INFO (StartupInfoLogger.java:50)- Starting FormDesignerApplication on USER-20180713SF with PID 10096 (C:\Users\Administrator\Desktop\FormDesigner\target\classes started by Administrator in C:\Users\Administrator\Desktop\FormDesigner)
2019-04-18 15:02:52,170 DEBUG (StartupInfoLogger.java:53)- Running with Spring Boot v2.1.3.RELEASE, Spring v5.1.5.RELEASE
2019-04-18 15:02:52,171 INFO (SpringApplication.java:675)- No active profile set, falling back to default profiles: default
2019-04-18 15:02:56,250 INFO (StartupInfoLogger.java:59)- Started FormDesignerApplication in 5.147 seconds (JVM running for 6.612)
2019-04-18 15:06:34,525 INFO (StartupInfoLogger.java:50)- Starting FormDesignerApplication on USER-20180713SF with PID 7116 (C:\Users\Administrator\Desktop\FormDesigner\target\classes started by Administrator in C:\Users\Administrator\Desktop\FormDesigner)
2019-04-18 15:06:34,530 DEBUG (StartupInfoLogger.java:53)- Running with Spring Boot v2.1.3.RELEASE, Spring v5.1.5.RELEASE
2019-04-18 15:06:34,531 INFO (SpringApplication.java:675)- No active profile set, falling back to default profiles: default
2019-04-18 15:06:41,245 INFO (StartupInfoLogger.java:59)- Started FormDesignerApplication in 8.876 seconds (JVM running for 11.484)
2019-04-18 15:29:58,939 INFO (StartupInfoLogger.java:50)- Starting FormDesignerApplication on USER-20180713SF with PID 9468 (C:\Users\Administrator\Desktop\FormDesigner\target\classes started by Administrator in C:\Users\Administrator\Desktop\FormDesigner)
2019-04-18 15:29:58,947 DEBUG (StartupInfoLogger.java:53)- Running with Spring Boot v2.1.3.RELEASE, Spring v5.1.5.RELEASE
2019-04-18 15:29:58,948 INFO (SpringApplication.java:675)- No active profile set, falling back to default profiles: default
2019-04-18 15:30:02,724 INFO (StartupInfoLogger.java:59)- Started FormDesignerApplication in 4.884 seconds (JVM running for 6.509)
2019-04-18 15:38:36,373 INFO (StartupInfoLogger.java:50)- Starting FormDesignerApplication on USER-20180713SF with PID 3228 (C:\Users\Administrator\Desktop\FormDesigner\target\classes started by Administrator in C:\Users\Administrator\Desktop\FormDesigner)
2019-04-18 15:38:36,381 DEBUG (StartupInfoLogger.java:53)- Running with Spring Boot v2.1.3.RELEASE, Spring v5.1.5.RELEASE
2019-04-18 15:38:36,382 INFO (SpringApplication.java:675)- No active profile set, falling back to default profiles: default
2019-04-18 15:38:41,390 INFO (StartupInfoLogger.java:59)- Started FormDesignerApplication in 6.265 seconds (JVM running for 7.687)
2019-04-18 15:39:36,921 INFO (StartupInfoLogger.java:50)- Starting FormDesignerApplication on USER-20180713SF with PID 10452 (C:\Users\Administrator\Desktop\FormDesigner\target\classes started by Administrator in C:\Users\Administrator\Desktop\FormDesigner)
2019-04-18 15:39:36,926 DEBUG (StartupInfoLogger.java:53)- Running with Spring Boot v2.1.3.RELEASE, Spring v5.1.5.RELEASE
2019-04-18 15:39:36,928 INFO (SpringApplication.java:675)- No active profile set, falling back to default profiles: default
2019-04-18 15:39:40,816 INFO (StartupInfoLogger.java:59)- Started FormDesignerApplication in 5.078 seconds (JVM running for 6.481)
2019-04-18 15:48:50,876 INFO (StartupInfoLogger.java:50)- Starting FormDesignerApplication on USER-20180713SF with PID 1824 (C:\Users\Administrator\Desktop\FormDesigner\target\classes started by Administrator in C:\Users\Administrator\Desktop\FormDesigner)
2019-04-18 15:48:50,882 DEBUG (StartupInfoLogger.java:53)- Running with Spring Boot v2.1.3.RELEASE, Spring v5.1.5.RELEASE
2019-04-18 15:48:50,883 INFO (SpringApplication.java:675)- No active profile set, falling back to default profiles: default
2019-04-18 15:48:54,863 INFO (StartupInfoLogger.java:59)- Started FormDesignerApplication in 5.22 seconds (JVM running for 6.866)
2019-04-18 15:56:39,179 INFO (StartupInfoLogger.java:50)- Starting FormDesignerApplication on USER-20180713SF with PID 8104 (C:\Users\Administrator\Desktop\FormDesigner\target\classes started by Administrator in C:\Users\Administrator\Desktop\FormDesigner)
2019-04-18 15:56:39,287 DEBUG (StartupInfoLogger.java:53)- Running with Spring Boot v2.1.3.RELEASE, Spring v5.1.5.RELEASE
2019-04-18 15:56:39,288 INFO (SpringApplication.java:675)- No active profile set, falling back to default profiles: default
2019-04-18 15:56:43,771 INFO (StartupInfoLogger.java:59)- Started FormDesignerApplication in 5.78 seconds (JVM running for 8.223)
2019-04-18 16:00:16,038 INFO (StartupInfoLogger.java:50)- Starting FormDesignerApplication on USER-20180713SF with PID 7052 (C:\Users\Administrator\Desktop\FormDesigner\target\classes started by Administrator in C:\Users\Administrator\Desktop\FormDesigner)
2019-04-18 16:00:16,043 DEBUG (StartupInfoLogger.java:53)- Running with Spring Boot v2.1.3.RELEASE, Spring v5.1.5.RELEASE
2019-04-18 16:00:16,044 INFO (SpringApplication.java:675)- No active profile set, falling back to default profiles: default
2019-04-18 16:00:20,230 INFO (StartupInfoLogger.java:59)- Started FormDesignerApplication in 5.913 seconds (JVM running for 8.332)
2019-04-18 16:04:05,666 INFO (StartupInfoLogger.java:50)- Starting FormDesignerApplication on USER-20180713SF with PID 10332 (C:\Users\Administrator\Desktop\FormDesigner\target\classes started by Administrator in C:\Users\Administrator\Desktop\FormDesigner)
2019-04-18 16:04:05,681 DEBUG (StartupInfoLogger.java:53)- Running with Spring Boot v2.1.3.RELEASE, Spring v5.1.5.RELEASE
2019-04-18 16:04:05,682 INFO (SpringApplication.java:675)- No active profile set, falling back to default profiles: default
2019-04-18 16:04:10,426 INFO (StartupInfoLogger.java:59)- Started FormDesignerApplication in 5.851 seconds (JVM running for 7.555)
2019-04-18 16:09:01,755 INFO (StartupInfoLogger.java:50)- Starting FormDesignerApplication on USER-20180713SF with PID 8880 (C:\Users\Administrator\Desktop\FormDesigner\target\classes started by Administrator in C:\Users\Administrator\Desktop\FormDesigner)
2019-04-18 16:09:01,762 DEBUG (StartupInfoLogger.java:53)- Running with Spring Boot v2.1.3.RELEASE, Spring v5.1.5.RELEASE
2019-04-18 16:09:01,763 INFO (SpringApplication.java:675)- No active profile set, falling back to default profiles: default
2019-04-18 16:09:06,384 INFO (StartupInfoLogger.java:59)- Started FormDesignerApplication in 5.94 seconds (JVM running for 7.453)
2019-04-18 16:16:00,746 INFO (StartupInfoLogger.java:50)- Starting FormDesignerApplication on USER-20180713SF with PID 8380 (C:\Users\Administrator\Desktop\FormDesigner\target\classes started by Administrator in C:\Users\Administrator\Desktop\FormDesigner)
2019-04-18 16:16:00,752 DEBUG (StartupInfoLogger.java:53)- Running with Spring Boot v2.1.3.RELEASE, Spring v5.1.5.RELEASE
2019-04-18 16:16:00,754 INFO (SpringApplication.java:675)- No active profile set, falling back to default profiles: default
2019-04-18 16:16:05,570 INFO (StartupInfoLogger.java:59)- Started FormDesignerApplication in 5.974 seconds (JVM running for 7.48)
2019-04-18 16:36:18,648 INFO (StartupInfoLogger.java:50)- Starting FormDesignerApplication on USER-20180713SF with PID 10896 (C:\Users\Administrator\Desktop\FormDesigner\target\classes started by Administrator in C:\Users\Administrator\Desktop\FormDesigner)
2019-04-18 16:36:18,654 DEBUG (StartupInfoLogger.java:53)- Running with Spring Boot v2.1.3.RELEASE, Spring v5.1.5.RELEASE
2019-04-18 16:36:18,656 INFO (SpringApplication.java:675)- No active profile set, falling back to default profiles: default
2019-04-18 16:36:23,688 INFO (StartupInfoLogger.java:59)- Started FormDesignerApplication in 6.261 seconds (JVM running for 8.255)
2019-04-18 16:37:11,660 INFO (StartupInfoLogger.java:50)- Starting FormDesignerApplication on USER-20180713SF with PID 4852 (C:\Users\Administrator\Desktop\FormDesigner\target\classes started by Administrator in C:\Users\Administrator\Desktop\FormDesigner)
2019-04-18 16:37:11,665 DEBUG (StartupInfoLogger.java:53)- Running with Spring Boot v2.1.3.RELEASE, Spring v5.1.5.RELEASE
2019-04-18 16:37:11,666 INFO (SpringApplication.java:675)- No active profile set, falling back to default profiles: default
2019-04-18 16:37:15,865 INFO (StartupInfoLogger.java:59)- Started FormDesignerApplication in 5.371 seconds (JVM running for 6.896)
2019-04-18 16:39:07,267 INFO (StartupInfoLogger.java:50)- Starting FormDesignerApplication on USER-20180713SF with PID 6820 (C:\Users\Administrator\Desktop\FormDesigner\target\classes started by Administrator in C:\Users\Administrator\Desktop\FormDesigner)
2019-04-18 16:39:07,273 DEBUG (StartupInfoLogger.java:53)- Running with Spring Boot v2.1.3.RELEASE, Spring v5.1.5.RELEASE
2019-04-18 16:39:07,274 INFO (SpringApplication.java:675)- No active profile set, falling back to default profiles: default
2019-04-18 16:39:10,952 INFO (StartupInfoLogger.java:59)- Started FormDesignerApplication in 4.718 seconds (JVM running for 6.401)
2019-04-18 16:42:53,310 INFO (StartupInfoLogger.java:50)- Starting FormDesignerApplication on USER-20180713SF with PID 10112 (C:\Users\Administrator\Desktop\FormDesigner\target\classes started by Administrator in C:\Users\Administrator\Desktop\FormDesigner)
2019-04-18 16:42:53,314 DEBUG (StartupInfoLogger.java:53)- Running with Spring Boot v2.1.3.RELEASE, Spring v5.1.5.RELEASE
2019-04-18 16:42:53,315 INFO (SpringApplication.java:675)- No active profile set, falling back to default profiles: default
2019-04-18 16:42:57,006 INFO (StartupInfoLogger.java:59)- Started FormDesignerApplication in 5.052 seconds (JVM running for 7.017)
2019-04-18 16:49:47,555 INFO (StartupInfoLogger.java:50)- Starting FormDesignerApplication on USER-20180713SF with PID 9052 (C:\Users\Administrator\Desktop\FormDesigner\target\classes started by Administrator in C:\Users\Administrator\Desktop\FormDesigner)
2019-04-18 16:49:47,559 DEBUG (StartupInfoLogger.java:53)- Running with Spring Boot v2.1.3.RELEASE, Spring v5.1.5.RELEASE
2019-04-18 16:49:47,560 INFO (SpringApplication.java:675)- No active profile set, falling back to default profiles: default
2019-04-18 16:49:51,458 INFO (StartupInfoLogger.java:59)- Started FormDesignerApplication in 4.865 seconds (JVM running for 6.638)
2019-04-18 16:53:19,831 INFO (StartupInfoLogger.java:50)- Starting FormDesignerApplication on USER-20180713SF with PID 3448 (C:\Users\Administrator\Desktop\FormDesigner\target\classes started by Administrator in C:\Users\Administrator\Desktop\FormDesigner)
2019-04-18 16:53:19,836 DEBUG (StartupInfoLogger.java:53)- Running with Spring Boot v2.1.3.RELEASE, Spring v5.1.5.RELEASE
2019-04-18 16:53:19,837 INFO (SpringApplication.java:675)- No active profile set, falling back to default profiles: default
2019-04-18 16:53:23,994 INFO (StartupInfoLogger.java:59)- Started FormDesignerApplication in 5.175 seconds (JVM running for 6.65)
2019-04-18 17:00:38,563 INFO (StartupInfoLogger.java:50)- Starting FormDesignerApplication on USER-20180713SF with PID 4220 (C:\Users\Administrator\Desktop\FormDesigner\target\classes started by Administrator in C:\Users\Administrator\Desktop\FormDesigner)
2019-04-18 17:00:38,567 DEBUG (StartupInfoLogger.java:53)- Running with Spring Boot v2.1.3.RELEASE, Spring v5.1.5.RELEASE
2019-04-18 17:00:38,568 INFO (SpringApplication.java:675)- No active profile set, falling back to default profiles: default
2019-04-18 17:00:42,603 INFO (StartupInfoLogger.java:59)- Started FormDesignerApplication in 6.076 seconds (JVM running for 7.858)
2019-04-18 17:15:23,665 INFO (StartupInfoLogger.java:50)- Starting FormDesignerApplication on USER-20180713SF with PID 8340 (C:\Users\Administrator\Desktop\FormDesigner\target\classes started by Administrator in C:\Users\Administrator\Desktop\FormDesigner)
2019-04-18 17:15:23,670 DEBUG (StartupInfoLogger.java:53)- Running with Spring Boot v2.1.3.RELEASE, Spring v5.1.5.RELEASE
2019-04-18 17:15:23,671 INFO (SpringApplication.java:675)- No active profile set, falling back to default profiles: default
2019-04-18 17:15:27,493 INFO (StartupInfoLogger.java:59)- Started FormDesignerApplication in 5.87 seconds (JVM running for 7.248)
2019-04-18 17:18:18,608 INFO (StartupInfoLogger.java:50)- Starting FormDesignerApplication on USER-20180713SF with PID 6732 (C:\Users\Administrator\Desktop\FormDesigner\target\classes started by Administrator in C:\Users\Administrator\Desktop\FormDesigner)
2019-04-18 17:18:18,614 DEBUG (StartupInfoLogger.java:53)- Running with Spring Boot v2.1.3.RELEASE, Spring v5.1.5.RELEASE
2019-04-18 17:18:18,615 INFO (SpringApplication.java:675)- No active profile set, falling back to default profiles: default
2019-04-18 17:18:23,299 INFO (StartupInfoLogger.java:59)- Started FormDesignerApplication in 6.278 seconds (JVM running for 8.23)
2019-04-18 17:26:09,379 INFO (StartupInfoLogger.java:50)- Starting FormDesignerApplication on USER-20180713SF with PID 7432 (C:\Users\Administrator\Desktop\FormDesigner\target\classes started by Administrator in C:\Users\Administrator\Desktop\FormDesigner)
2019-04-18 17:26:09,385 DEBUG (StartupInfoLogger.java:53)- Running with Spring Boot v2.1.3.RELEASE, Spring v5.1.5.RELEASE
2019-04-18 17:26:09,386 INFO (SpringApplication.java:675)- No active profile set, falling back to default profiles: default
2019-04-18 17:26:13,329 INFO (StartupInfoLogger.java:59)- Started FormDesignerApplication in 5.107 seconds (JVM running for 6.754)
2019-04-18 17:50:40,205 INFO (StartupInfoLogger.java:50)- Starting FormDesignerApplication on USER-20180713SF with PID 7900 (C:\Users\Administrator\Desktop\FormDesigner\target\classes started by Administrator in C:\Users\Administrator\Desktop\FormDesigner)
2019-04-18 17:50:40,212 DEBUG (StartupInfoLogger.java:53)- Running with Spring Boot v2.1.3.RELEASE, Spring v5.1.5.RELEASE
2019-04-18 17:50:40,214 INFO (SpringApplication.java:675)- No active profile set, falling back to default profiles: default
2019-04-18 17:50:44,808 INFO (StartupInfoLogger.java:59)- Started FormDesignerApplication in 6.24 seconds (JVM running for 7.683)
2019-04-18 18:05:44,888 INFO (StartupInfoLogger.java:50)- Starting FormDesignerApplication on USER-20180713SF with PID 10308 (C:\Users\Administrator\Desktop\FormDesigner\target\classes started by Administrator in C:\Users\Administrator\Desktop\FormDesigner)
2019-04-18 18:05:44,894 DEBUG (StartupInfoLogger.java:53)- Running with Spring Boot v2.1.3.RELEASE, Spring v5.1.5.RELEASE
2019-04-18 18:05:44,895 INFO (SpringApplication.java:675)- No active profile set, falling back to default profiles: default
2019-04-18 18:05:49,291 INFO (StartupInfoLogger.java:59)- Started FormDesignerApplication in 5.341 seconds (JVM running for 7.466)
