2019-05-07 09:29:55,223 INFO (StartupInfoLogger.java:50)- Starting FormDesignerApplication on USER-20180713SF with PID 7300 (E:\Desktop\FormDesigner\target\classes started by Administrator in E:\Desktop\FormDesigner)
2019-05-07 09:29:55,268 DEBUG (StartupInfoLogger.java:53)- Running with Spring Boot v2.1.3.RELEASE, Spring v5.1.5.RELEASE
2019-05-07 09:29:55,270 INFO (SpringApplication.java:675)- No active profile set, falling back to default profiles: default
2019-05-07 09:30:04,064 INFO (StartupInfoLogger.java:59)- Started FormDesignerApplication in 11.493 seconds (JVM running for 17.095)
2019-05-07 09:46:27,955 INFO (StartupInfoLogger.java:50)- Starting FormDesignerApplication on USER-20180713SF with PID 3420 (E:\Desktop\FormDesigner\target\classes started by Administrator in E:\Desktop\FormDesigner)
2019-05-07 09:46:27,960 DEBUG (StartupInfoLogger.java:53)- Running with Spring Boot v2.1.3.RELEASE, Spring v5.1.5.RELEASE
2019-05-07 09:46:27,962 INFO (SpringApplication.java:675)- No active profile set, falling back to default profiles: default
2019-05-07 09:46:31,955 INFO (StartupInfoLogger.java:59)- Started FormDesignerApplication in 4.972 seconds (JVM running for 6.629)
2019-05-07 09:47:11,532 INFO (StartupInfoLogger.java:50)- Starting FormDesignerApplication on USER-20180713SF with PID 3420 (E:\Desktop\FormDesigner\target\classes started by Administrator in E:\Desktop\FormDesigner)
2019-05-07 09:47:11,532 DEBUG (StartupInfoLogger.java:53)- Running with Spring Boot v2.1.3.RELEASE, Spring v5.1.5.RELEASE
2019-05-07 09:47:11,533 INFO (SpringApplication.java:675)- No active profile set, falling back to default profiles: default
2019-05-07 09:47:13,171 INFO (StartupInfoLogger.java:59)- Started FormDesignerApplication in 1.71 seconds (JVM running for 47.845)
2019-05-07 09:47:16,010 INFO (StartupInfoLogger.java:50)- Starting FormDesignerApplicationTests on USER-20180713SF with PID 7572 (started by Administrator in E:\Desktop\FormDesigner)
2019-05-07 09:47:16,012 DEBUG (StartupInfoLogger.java:53)- Running with Spring Boot v2.1.3.RELEASE, Spring v5.1.5.RELEASE
2019-05-07 09:47:16,013 INFO (SpringApplication.java:675)- No active profile set, falling back to default profiles: default
2019-05-07 09:47:22,235 INFO (StartupInfoLogger.java:59)- Started FormDesignerApplicationTests in 7.045 seconds (JVM running for 8.117)
2019-05-07 11:04:44,825 INFO (StartupInfoLogger.java:50)- Starting FormDesignerApplication on USER-20180713SF with PID 10444 (E:\Desktop\FormDesigner\target\classes started by Administrator in E:\Desktop\FormDesigner)
2019-05-07 11:04:44,830 DEBUG (StartupInfoLogger.java:53)- Running with Spring Boot v2.1.3.RELEASE, Spring v5.1.5.RELEASE
2019-05-07 11:04:44,831 INFO (SpringApplication.java:675)- No active profile set, falling back to default profiles: default
2019-05-07 11:04:49,004 INFO (StartupInfoLogger.java:59)- Started FormDesignerApplication in 5.126 seconds (JVM running for 7.354)
2019-05-07 11:05:53,932 INFO (StartupInfoLogger.java:50)- Starting FormDesignerApplication on USER-20180713SF with PID 10948 (E:\Desktop\FormDesigner\target\classes started by Administrator in E:\Desktop\FormDesigner)
2019-05-07 11:05:53,937 DEBUG (StartupInfoLogger.java:53)- Running with Spring Boot v2.1.3.RELEASE, Spring v5.1.5.RELEASE
2019-05-07 11:05:53,938 INFO (SpringApplication.java:675)- No active profile set, falling back to default profiles: default
2019-05-07 11:05:58,668 INFO (StartupInfoLogger.java:59)- Started FormDesignerApplication in 5.749 seconds (JVM running for 7.399)
2019-05-07 11:11:01,116 INFO (StartupInfoLogger.java:50)- Starting FormDesignerApplication on USER-20180713SF with PID 3472 (E:\Desktop\FormDesigner\target\classes started by Administrator in E:\Desktop\FormDesigner)
2019-05-07 11:11:01,121 DEBUG (StartupInfoLogger.java:53)- Running with Spring Boot v2.1.3.RELEASE, Spring v5.1.5.RELEASE
2019-05-07 11:11:01,122 INFO (SpringApplication.java:675)- No active profile set, falling back to default profiles: default
2019-05-07 11:11:05,636 INFO (StartupInfoLogger.java:59)- Started FormDesignerApplication in 5.776 seconds (JVM running for 7.49)
2019-05-07 11:33:24,205 INFO (StartupInfoLogger.java:50)- Starting FormDesignerApplication on USER-20180713SF with PID 12876 (E:\Desktop\FormDesigner\target\classes started by Administrator in E:\Desktop\FormDesigner)
2019-05-07 11:33:24,210 DEBUG (StartupInfoLogger.java:53)- Running with Spring Boot v2.1.3.RELEASE, Spring v5.1.5.RELEASE
2019-05-07 11:33:24,211 INFO (SpringApplication.java:675)- No active profile set, falling back to default profiles: default
2019-05-07 11:33:28,478 INFO (StartupInfoLogger.java:59)- Started FormDesignerApplication in 5.49 seconds (JVM running for 8.305)
2019-05-07 11:58:33,579 INFO (StartupInfoLogger.java:50)- Starting FormDesignerApplication on USER-20180713SF with PID 1000 (E:\Desktop\FormDesigner\target\classes started by Administrator in E:\Desktop\FormDesigner)
2019-05-07 11:58:33,657 DEBUG (StartupInfoLogger.java:53)- Running with Spring Boot v2.1.3.RELEASE, Spring v5.1.5.RELEASE
2019-05-07 11:58:33,658 INFO (SpringApplication.java:675)- No active profile set, falling back to default profiles: default
2019-05-07 11:58:37,514 INFO (StartupInfoLogger.java:59)- Started FormDesignerApplication in 5.16 seconds (JVM running for 6.71)
2019-05-07 11:59:14,354 INFO (StartupInfoLogger.java:50)- Starting FormDesignerApplication on USER-20180713SF with PID 10380 (E:\Desktop\FormDesigner\target\classes started by Administrator in E:\Desktop\FormDesigner)
2019-05-07 11:59:14,360 DEBUG (StartupInfoLogger.java:53)- Running with Spring Boot v2.1.3.RELEASE, Spring v5.1.5.RELEASE
2019-05-07 11:59:14,361 INFO (SpringApplication.java:675)- No active profile set, falling back to default profiles: default
2019-05-07 11:59:18,326 INFO (StartupInfoLogger.java:59)- Started FormDesignerApplication in 5.33 seconds (JVM running for 7.115)
2019-05-07 12:23:17,189 INFO (StartupInfoLogger.java:50)- Starting FormDesignerApplication on USER-20180713SF with PID 11576 (E:\Desktop\FormDesigner\target\classes started by Administrator in E:\Desktop\FormDesigner)
2019-05-07 12:23:17,195 DEBUG (StartupInfoLogger.java:53)- Running with Spring Boot v2.1.3.RELEASE, Spring v5.1.5.RELEASE
2019-05-07 12:23:17,196 INFO (SpringApplication.java:675)- No active profile set, falling back to default profiles: default
2019-05-07 12:23:21,408 INFO (StartupInfoLogger.java:59)- Started FormDesignerApplication in 5.435 seconds (JVM running for 7.113)
2019-05-07 12:30:50,987 INFO (StartupInfoLogger.java:50)- Starting FormDesignerApplication on USER-20180713SF with PID 7144 (E:\Desktop\FormDesigner\target\classes started by Administrator in E:\Desktop\FormDesigner)
2019-05-07 12:30:50,991 DEBUG (StartupInfoLogger.java:53)- Running with Spring Boot v2.1.3.RELEASE, Spring v5.1.5.RELEASE
2019-05-07 12:30:50,992 INFO (SpringApplication.java:675)- No active profile set, falling back to default profiles: default
2019-05-07 12:30:55,210 INFO (StartupInfoLogger.java:59)- Started FormDesignerApplication in 5.54 seconds (JVM running for 7.328)
2019-05-07 13:01:18,580 INFO (StartupInfoLogger.java:50)- Starting FormDesignerApplication on USER-20180713SF with PID 5432 (E:\Desktop\FormDesigner\target\classes started by Administrator in E:\Desktop\FormDesigner)
2019-05-07 13:01:18,637 DEBUG (StartupInfoLogger.java:53)- Running with Spring Boot v2.1.3.RELEASE, Spring v5.1.5.RELEASE
2019-05-07 13:01:18,637 INFO (SpringApplication.java:675)- No active profile set, falling back to default profiles: default
2019-05-07 13:01:48,150 INFO (StartupInfoLogger.java:59)- Started FormDesignerApplication in 39.336 seconds (JVM running for 67.816)
2019-05-07 13:36:46,779 INFO (StartupInfoLogger.java:50)- Starting FormDesignerApplication on USER-20180713SF with PID 5888 (E:\Desktop\FormDesigner\target\classes started by Administrator in E:\Desktop\FormDesigner)
2019-05-07 13:36:46,783 DEBUG (StartupInfoLogger.java:53)- Running with Spring Boot v2.1.3.RELEASE, Spring v5.1.5.RELEASE
2019-05-07 13:36:46,784 INFO (SpringApplication.java:675)- No active profile set, falling back to default profiles: default
2019-05-07 13:36:50,756 INFO (StartupInfoLogger.java:59)- Started FormDesignerApplication in 5.283 seconds (JVM running for 7.646)
2019-05-07 13:37:41,053 INFO (StartupInfoLogger.java:50)- Starting FormDesignerApplication on USER-20180713SF with PID 10200 (E:\Desktop\FormDesigner\target\classes started by Administrator in E:\Desktop\FormDesigner)
2019-05-07 13:37:41,056 DEBUG (StartupInfoLogger.java:53)- Running with Spring Boot v2.1.3.RELEASE, Spring v5.1.5.RELEASE
2019-05-07 13:37:41,057 INFO (SpringApplication.java:675)- No active profile set, falling back to default profiles: default
2019-05-07 13:37:45,470 INFO (StartupInfoLogger.java:59)- Started FormDesignerApplication in 5.837 seconds (JVM running for 8.083)
2019-05-07 13:46:32,164 INFO (StartupInfoLogger.java:50)- Starting FormDesignerApplication on USER-20180713SF with PID 10080 (E:\Desktop\FormDesigner\target\classes started by Administrator in E:\Desktop\FormDesigner)
2019-05-07 13:46:32,179 DEBUG (StartupInfoLogger.java:53)- Running with Spring Boot v2.1.3.RELEASE, Spring v5.1.5.RELEASE
2019-05-07 13:46:32,181 INFO (SpringApplication.java:675)- No active profile set, falling back to default profiles: default
2019-05-07 13:46:36,659 INFO (StartupInfoLogger.java:59)- Started FormDesignerApplication in 6.348 seconds (JVM running for 8.4)
2019-05-07 13:52:35,543 INFO (StartupInfoLogger.java:50)- Starting FormDesignerApplication on USER-20180713SF with PID 5348 (E:\Desktop\FormDesigner\target\classes started by Administrator in E:\Desktop\FormDesigner)
2019-05-07 13:52:35,548 DEBUG (StartupInfoLogger.java:53)- Running with Spring Boot v2.1.3.RELEASE, Spring v5.1.5.RELEASE
2019-05-07 13:52:35,549 INFO (SpringApplication.java:675)- No active profile set, falling back to default profiles: default
2019-05-07 13:52:39,456 INFO (StartupInfoLogger.java:59)- Started FormDesignerApplication in 5.434 seconds (JVM running for 7.906)
2019-05-07 13:58:09,358 INFO (StartupInfoLogger.java:50)- Starting FormDesignerApplication on USER-20180713SF with PID 9328 (E:\Desktop\FormDesigner\target\classes started by Administrator in E:\Desktop\FormDesigner)
2019-05-07 13:58:09,362 DEBUG (StartupInfoLogger.java:53)- Running with Spring Boot v2.1.3.RELEASE, Spring v5.1.5.RELEASE
2019-05-07 13:58:09,363 INFO (SpringApplication.java:675)- No active profile set, falling back to default profiles: default
2019-05-07 13:58:13,596 INFO (StartupInfoLogger.java:59)- Started FormDesignerApplication in 5.846 seconds (JVM running for 8.621)
2019-05-07 14:43:09,447 INFO (StartupInfoLogger.java:50)- Starting FormDesignerApplication on USER-20180713SF with PID 8464 (E:\Desktop\FormDesigner\target\classes started by Administrator in E:\Desktop\FormDesigner)
2019-05-07 14:43:09,453 DEBUG (StartupInfoLogger.java:53)- Running with Spring Boot v2.1.3.RELEASE, Spring v5.1.5.RELEASE
2019-05-07 14:43:09,455 INFO (SpringApplication.java:675)- No active profile set, falling back to default profiles: default
2019-05-07 14:43:13,520 INFO (StartupInfoLogger.java:59)- Started FormDesignerApplication in 5.158 seconds (JVM running for 6.527)
2019-05-07 14:44:16,846 INFO (StartupInfoLogger.java:50)- Starting FormDesignerApplication on USER-20180713SF with PID 9304 (E:\Desktop\FormDesigner\target\classes started by Administrator in E:\Desktop\FormDesigner)
2019-05-07 14:44:16,852 DEBUG (StartupInfoLogger.java:53)- Running with Spring Boot v2.1.3.RELEASE, Spring v5.1.5.RELEASE
2019-05-07 14:44:16,853 INFO (SpringApplication.java:675)- No active profile set, falling back to default profiles: default
2019-05-07 14:44:22,810 INFO (StartupInfoLogger.java:59)- Started FormDesignerApplication in 6.901 seconds (JVM running for 8.857)
2019-05-07 14:47:07,102 INFO (StartupInfoLogger.java:50)- Starting FormDesignerApplication on USER-20180713SF with PID 596 (E:\Desktop\FormDesigner\target\classes started by Administrator in E:\Desktop\FormDesigner)
2019-05-07 14:47:07,107 DEBUG (StartupInfoLogger.java:53)- Running with Spring Boot v2.1.3.RELEASE, Spring v5.1.5.RELEASE
2019-05-07 14:47:07,108 INFO (SpringApplication.java:675)- No active profile set, falling back to default profiles: default
2019-05-07 14:47:12,088 INFO (StartupInfoLogger.java:59)- Started FormDesignerApplication in 6.368 seconds (JVM running for 8.311)
2019-05-07 14:47:47,886 INFO (StartupInfoLogger.java:50)- Starting FormDesignerApplication on USER-20180713SF with PID 9332 (E:\Desktop\FormDesigner\target\classes started by Administrator in E:\Desktop\FormDesigner)
2019-05-07 14:47:47,892 DEBUG (StartupInfoLogger.java:53)- Running with Spring Boot v2.1.3.RELEASE, Spring v5.1.5.RELEASE
2019-05-07 14:47:47,893 INFO (SpringApplication.java:675)- No active profile set, falling back to default profiles: default
2019-05-07 14:47:51,661 INFO (StartupInfoLogger.java:59)- Started FormDesignerApplication in 4.897 seconds (JVM running for 6.847)
2019-05-07 14:49:15,013 INFO (StartupInfoLogger.java:50)- Starting FormDesignerApplication on USER-20180713SF with PID 8220 (E:\Desktop\FormDesigner\target\classes started by Administrator in E:\Desktop\FormDesigner)
2019-05-07 14:49:15,019 DEBUG (StartupInfoLogger.java:53)- Running with Spring Boot v2.1.3.RELEASE, Spring v5.1.5.RELEASE
2019-05-07 14:49:15,020 INFO (SpringApplication.java:675)- No active profile set, falling back to default profiles: default
2019-05-07 14:49:20,376 INFO (StartupInfoLogger.java:59)- Started FormDesignerApplication in 6.428 seconds (JVM running for 7.952)
2019-05-07 14:51:58,720 INFO (StartupInfoLogger.java:50)- Starting FormDesignerApplication on USER-20180713SF with PID 2596 (E:\Desktop\FormDesigner\target\classes started by Administrator in E:\Desktop\FormDesigner)
2019-05-07 14:51:58,731 DEBUG (StartupInfoLogger.java:53)- Running with Spring Boot v2.1.3.RELEASE, Spring v5.1.5.RELEASE
2019-05-07 14:51:58,732 INFO (SpringApplication.java:675)- No active profile set, falling back to default profiles: default
2019-05-07 14:52:03,309 INFO (StartupInfoLogger.java:59)- Started FormDesignerApplication in 6.063 seconds (JVM running for 8.393)
2019-05-07 14:52:49,144 INFO (StartupInfoLogger.java:50)- Starting FormDesignerApplication on USER-20180713SF with PID 2620 (E:\Desktop\FormDesigner\target\classes started by Administrator in E:\Desktop\FormDesigner)
2019-05-07 14:52:49,150 DEBUG (StartupInfoLogger.java:53)- Running with Spring Boot v2.1.3.RELEASE, Spring v5.1.5.RELEASE
2019-05-07 14:52:49,151 INFO (SpringApplication.java:675)- No active profile set, falling back to default profiles: default
2019-05-07 14:52:53,177 INFO (StartupInfoLogger.java:59)- Started FormDesignerApplication in 5.284 seconds (JVM running for 6.94)
2019-05-07 15:06:29,163 INFO (StartupInfoLogger.java:50)- Starting FormDesignerApplication on USER-20180713SF with PID 596 (E:\Desktop\FormDesigner\target\classes started by Administrator in E:\Desktop\FormDesigner)
2019-05-07 15:06:29,169 DEBUG (StartupInfoLogger.java:53)- Running with Spring Boot v2.1.3.RELEASE, Spring v5.1.5.RELEASE
2019-05-07 15:06:29,170 INFO (SpringApplication.java:675)- No active profile set, falling back to default profiles: default
2019-05-07 15:06:33,081 INFO (StartupInfoLogger.java:59)- Started FormDesignerApplication in 5.356 seconds (JVM running for 7.505)
2019-05-07 15:30:54,067 INFO (StartupInfoLogger.java:50)- Starting FormDesignerApplication on USER-20180713SF with PID 10408 (E:\Desktop\FormDesigner\target\classes started by Administrator in E:\Desktop\FormDesigner)
2019-05-07 15:30:54,076 DEBUG (StartupInfoLogger.java:53)- Running with Spring Boot v2.1.3.RELEASE, Spring v5.1.5.RELEASE
2019-05-07 15:30:54,077 INFO (SpringApplication.java:675)- No active profile set, falling back to default profiles: default
2019-05-07 15:30:57,685 INFO (StartupInfoLogger.java:59)- Started FormDesignerApplication in 4.947 seconds (JVM running for 6.994)
2019-05-07 15:34:06,229 INFO (StartupInfoLogger.java:50)- Starting FormDesignerApplication on USER-20180713SF with PID 9924 (E:\Desktop\FormDesigner\target\classes started by Administrator in E:\Desktop\FormDesigner)
2019-05-07 15:34:06,234 DEBUG (StartupInfoLogger.java:53)- Running with Spring Boot v2.1.3.RELEASE, Spring v5.1.5.RELEASE
2019-05-07 15:34:06,235 INFO (SpringApplication.java:675)- No active profile set, falling back to default profiles: default
2019-05-07 15:34:10,905 INFO (StartupInfoLogger.java:59)- Started FormDesignerApplication in 5.815 seconds (JVM running for 8.343)
2019-05-07 15:35:22,722 INFO (StartupInfoLogger.java:50)- Starting FormDesignerApplication on USER-20180713SF with PID 8744 (E:\Desktop\FormDesigner\target\classes started by Administrator in E:\Desktop\FormDesigner)
2019-05-07 15:35:22,728 DEBUG (StartupInfoLogger.java:53)- Running with Spring Boot v2.1.3.RELEASE, Spring v5.1.5.RELEASE
2019-05-07 15:35:22,731 INFO (SpringApplication.java:675)- No active profile set, falling back to default profiles: default
2019-05-07 15:35:27,735 INFO (StartupInfoLogger.java:59)- Started FormDesignerApplication in 6.374 seconds (JVM running for 7.88)
2019-05-07 15:36:38,842 INFO (StartupInfoLogger.java:50)- Starting FormDesignerApplication on USER-20180713SF with PID 10672 (E:\Desktop\FormDesigner\target\classes started by Administrator in E:\Desktop\FormDesigner)
2019-05-07 15:36:38,847 DEBUG (StartupInfoLogger.java:53)- Running with Spring Boot v2.1.3.RELEASE, Spring v5.1.5.RELEASE
2019-05-07 15:36:38,848 INFO (SpringApplication.java:675)- No active profile set, falling back to default profiles: default
2019-05-07 15:36:42,639 INFO (StartupInfoLogger.java:59)- Started FormDesignerApplication in 4.705 seconds (JVM running for 6.396)
2019-05-07 15:43:41,983 INFO (StartupInfoLogger.java:50)- Starting FormDesignerApplication on USER-20180713SF with PID 9108 (E:\Desktop\FormDesigner\target\classes started by Administrator in E:\Desktop\FormDesigner)
2019-05-07 15:43:41,991 DEBUG (StartupInfoLogger.java:53)- Running with Spring Boot v2.1.3.RELEASE, Spring v5.1.5.RELEASE
2019-05-07 15:43:41,992 INFO (SpringApplication.java:675)- No active profile set, falling back to default profiles: default
2019-05-07 15:43:45,963 INFO (StartupInfoLogger.java:59)- Started FormDesignerApplication in 5.175 seconds (JVM running for 7.188)
2019-05-07 15:43:58,556 INFO (StartupInfoLogger.java:50)- Starting FormDesignerApplication on USER-20180713SF with PID 4828 (E:\Desktop\FormDesigner\target\classes started by Administrator in E:\Desktop\FormDesigner)
2019-05-07 15:43:58,561 DEBUG (StartupInfoLogger.java:53)- Running with Spring Boot v2.1.3.RELEASE, Spring v5.1.5.RELEASE
2019-05-07 15:43:58,562 INFO (SpringApplication.java:675)- No active profile set, falling back to default profiles: default
2019-05-07 15:44:02,672 INFO (StartupInfoLogger.java:59)- Started FormDesignerApplication in 5.297 seconds (JVM running for 6.757)
2019-05-07 15:46:06,116 INFO (StartupInfoLogger.java:50)- Starting FormDesignerApplication on USER-20180713SF with PID 4828 (E:\Desktop\FormDesigner\target\classes started by Administrator in E:\Desktop\FormDesigner)
2019-05-07 15:46:06,117 DEBUG (StartupInfoLogger.java:53)- Running with Spring Boot v2.1.3.RELEASE, Spring v5.1.5.RELEASE
2019-05-07 15:46:06,117 INFO (SpringApplication.java:675)- No active profile set, falling back to default profiles: default
2019-05-07 15:46:07,126 INFO (StartupInfoLogger.java:59)- Started FormDesignerApplication in 1.039 seconds (JVM running for 131.209)
2019-05-07 15:46:34,057 INFO (StartupInfoLogger.java:50)- Starting FormDesignerApplication on USER-20180713SF with PID 4828 (E:\Desktop\FormDesigner\target\classes started by Administrator in E:\Desktop\FormDesigner)
2019-05-07 15:46:34,057 DEBUG (StartupInfoLogger.java:53)- Running with Spring Boot v2.1.3.RELEASE, Spring v5.1.5.RELEASE
2019-05-07 15:46:34,058 INFO (SpringApplication.java:675)- No active profile set, falling back to default profiles: default
2019-05-07 15:46:35,035 INFO (StartupInfoLogger.java:59)- Started FormDesignerApplication in 1.029 seconds (JVM running for 159.118)
2019-05-07 15:46:50,183 INFO (StartupInfoLogger.java:50)- Starting FormDesignerApplication on USER-20180713SF with PID 4828 (E:\Desktop\FormDesigner\target\classes started by Administrator in E:\Desktop\FormDesigner)
2019-05-07 15:46:50,183 DEBUG (StartupInfoLogger.java:53)- Running with Spring Boot v2.1.3.RELEASE, Spring v5.1.5.RELEASE
2019-05-07 15:46:50,184 INFO (SpringApplication.java:675)- No active profile set, falling back to default profiles: default
2019-05-07 15:46:51,111 INFO (StartupInfoLogger.java:59)- Started FormDesignerApplication in 0.954 seconds (JVM running for 175.193)
2019-05-07 15:48:04,384 INFO (StartupInfoLogger.java:50)- Starting FormDesignerApplication on USER-20180713SF with PID 9100 (E:\Desktop\FormDesigner\target\classes started by Administrator in E:\Desktop\FormDesigner)
2019-05-07 15:48:04,390 DEBUG (StartupInfoLogger.java:53)- Running with Spring Boot v2.1.3.RELEASE, Spring v5.1.5.RELEASE
2019-05-07 15:48:04,391 INFO (SpringApplication.java:675)- No active profile set, falling back to default profiles: default
2019-05-07 15:48:08,653 INFO (StartupInfoLogger.java:59)- Started FormDesignerApplication in 5.469 seconds (JVM running for 6.966)
2019-05-07 15:49:09,126 INFO (StartupInfoLogger.java:50)- Starting FormDesignerApplication on USER-20180713SF with PID 9100 (E:\Desktop\FormDesigner\target\classes started by Administrator in E:\Desktop\FormDesigner)
2019-05-07 15:49:09,126 DEBUG (StartupInfoLogger.java:53)- Running with Spring Boot v2.1.3.RELEASE, Spring v5.1.5.RELEASE
2019-05-07 15:49:09,126 INFO (SpringApplication.java:675)- No active profile set, falling back to default profiles: default
2019-05-07 15:49:10,096 INFO (StartupInfoLogger.java:59)- Started FormDesignerApplication in 0.998 seconds (JVM running for 68.408)
2019-05-07 15:50:01,342 INFO (StartupInfoLogger.java:50)- Starting FormDesignerApplication on USER-20180713SF with PID 9100 (E:\Desktop\FormDesigner\target\classes started by Administrator in E:\Desktop\FormDesigner)
2019-05-07 15:50:01,343 DEBUG (StartupInfoLogger.java:53)- Running with Spring Boot v2.1.3.RELEASE, Spring v5.1.5.RELEASE
2019-05-07 15:50:01,343 INFO (SpringApplication.java:675)- No active profile set, falling back to default profiles: default
2019-05-07 15:50:02,336 INFO (StartupInfoLogger.java:59)- Started FormDesignerApplication in 1.021 seconds (JVM running for 120.646)
2019-05-07 15:51:48,576 INFO (StartupInfoLogger.java:50)- Starting FormDesignerApplication on USER-20180713SF with PID 9100 (E:\Desktop\FormDesigner\target\classes started by Administrator in E:\Desktop\FormDesigner)
2019-05-07 15:51:48,576 DEBUG (StartupInfoLogger.java:53)- Running with Spring Boot v2.1.3.RELEASE, Spring v5.1.5.RELEASE
2019-05-07 15:51:48,577 INFO (SpringApplication.java:675)- No active profile set, falling back to default profiles: default
2019-05-07 15:51:49,493 INFO (StartupInfoLogger.java:59)- Started FormDesignerApplication in 0.942 seconds (JVM running for 227.802)
2019-05-07 15:52:09,501 INFO (StartupInfoLogger.java:50)- Starting FormDesignerApplication on USER-20180713SF with PID 9100 (E:\Desktop\FormDesigner\target\classes started by Administrator in E:\Desktop\FormDesigner)
2019-05-07 15:52:09,502 DEBUG (StartupInfoLogger.java:53)- Running with Spring Boot v2.1.3.RELEASE, Spring v5.1.5.RELEASE
2019-05-07 15:52:09,502 INFO (SpringApplication.java:675)- No active profile set, falling back to default profiles: default
2019-05-07 15:52:10,412 INFO (StartupInfoLogger.java:59)- Started FormDesignerApplication in 0.945 seconds (JVM running for 248.722)
2019-05-07 15:59:54,330 INFO (StartupInfoLogger.java:50)- Starting FormDesignerApplication on USER-20180713SF with PID 9100 (E:\Desktop\FormDesigner\target\classes started by Administrator in E:\Desktop\FormDesigner)
2019-05-07 15:59:54,330 DEBUG (StartupInfoLogger.java:53)- Running with Spring Boot v2.1.3.RELEASE, Spring v5.1.5.RELEASE
2019-05-07 15:59:54,330 INFO (SpringApplication.java:675)- No active profile set, falling back to default profiles: default
2019-05-07 15:59:55,216 INFO (StartupInfoLogger.java:59)- Started FormDesignerApplication in 0.911 seconds (JVM running for 713.518)
2019-05-07 16:17:46,464 INFO (StartupInfoLogger.java:50)- Starting FormDesignerApplication on USER-20180713SF with PID 9848 (E:\Desktop\FormDesigner\target\classes started by Administrator in E:\Desktop\FormDesigner)
2019-05-07 16:17:46,470 DEBUG (StartupInfoLogger.java:53)- Running with Spring Boot v2.1.3.RELEASE, Spring v5.1.5.RELEASE
2019-05-07 16:17:46,472 INFO (SpringApplication.java:675)- No active profile set, falling back to default profiles: default
2019-05-07 16:17:50,673 INFO (StartupInfoLogger.java:59)- Started FormDesignerApplication in 5.887 seconds (JVM running for 7.269)
2019-05-07 16:21:02,422 INFO (StartupInfoLogger.java:50)- Starting FormDesignerApplication on USER-20180713SF with PID 11224 (E:\Desktop\FormDesigner\target\classes started by Administrator in E:\Desktop\FormDesigner)
2019-05-07 16:21:02,429 DEBUG (StartupInfoLogger.java:53)- Running with Spring Boot v2.1.3.RELEASE, Spring v5.1.5.RELEASE
2019-05-07 16:21:02,430 INFO (SpringApplication.java:675)- No active profile set, falling back to default profiles: default
2019-05-07 16:21:06,656 INFO (StartupInfoLogger.java:59)- Started FormDesignerApplication in 5.239 seconds (JVM running for 6.77)
2019-05-07 16:28:28,802 INFO (StartupInfoLogger.java:50)- Starting FormDesignerApplication on USER-20180713SF with PID 3328 (E:\Desktop\FormDesigner\target\classes started by Administrator in E:\Desktop\FormDesigner)
2019-05-07 16:28:28,806 DEBUG (StartupInfoLogger.java:53)- Running with Spring Boot v2.1.3.RELEASE, Spring v5.1.5.RELEASE
2019-05-07 16:28:28,808 INFO (SpringApplication.java:675)- No active profile set, falling back to default profiles: default
2019-05-07 16:28:34,506 INFO (StartupInfoLogger.java:59)- Started FormDesignerApplication in 6.774 seconds (JVM running for 9.004)
2019-05-07 16:47:26,102 INFO (StartupInfoLogger.java:50)- Starting FormDesignerApplication on USER-20180713SF with PID 10480 (E:\Desktop\FormDesigner\target\classes started by Administrator in E:\Desktop\FormDesigner)
2019-05-07 16:47:26,106 DEBUG (StartupInfoLogger.java:53)- Running with Spring Boot v2.1.3.RELEASE, Spring v5.1.5.RELEASE
2019-05-07 16:47:26,107 INFO (SpringApplication.java:675)- No active profile set, falling back to default profiles: default
2019-05-07 16:47:30,031 INFO (StartupInfoLogger.java:59)- Started FormDesignerApplication in 5.139 seconds (JVM running for 6.664)
2019-05-07 16:51:35,629 INFO (StartupInfoLogger.java:50)- Starting FormDesignerApplication on USER-20180713SF with PID 7912 (E:\Desktop\FormDesigner\target\classes started by Administrator in E:\Desktop\FormDesigner)
2019-05-07 16:51:35,635 DEBUG (StartupInfoLogger.java:53)- Running with Spring Boot v2.1.3.RELEASE, Spring v5.1.5.RELEASE
2019-05-07 16:51:35,636 INFO (SpringApplication.java:675)- No active profile set, falling back to default profiles: default
2019-05-07 16:51:39,686 INFO (StartupInfoLogger.java:59)- Started FormDesignerApplication in 5.539 seconds (JVM running for 8.143)
2019-05-07 16:53:34,097 INFO (StartupInfoLogger.java:50)- Starting FormDesignerApplication on USER-20180713SF with PID 9056 (E:\Desktop\FormDesigner\target\classes started by Administrator in E:\Desktop\FormDesigner)
2019-05-07 16:53:34,101 DEBUG (StartupInfoLogger.java:53)- Running with Spring Boot v2.1.3.RELEASE, Spring v5.1.5.RELEASE
2019-05-07 16:53:34,102 INFO (SpringApplication.java:675)- No active profile set, falling back to default profiles: default
2019-05-07 16:53:39,138 INFO (StartupInfoLogger.java:59)- Started FormDesignerApplication in 6.56 seconds (JVM running for 8.49)
2019-05-07 16:58:24,954 INFO (StartupInfoLogger.java:50)- Starting FormDesignerApplication on USER-20180713SF with PID 8204 (E:\Desktop\FormDesigner\target\classes started by Administrator in E:\Desktop\FormDesigner)
2019-05-07 16:58:24,959 DEBUG (StartupInfoLogger.java:53)- Running with Spring Boot v2.1.3.RELEASE, Spring v5.1.5.RELEASE
2019-05-07 16:58:24,961 INFO (SpringApplication.java:675)- No active profile set, falling back to default profiles: default
2019-05-07 16:58:29,201 INFO (StartupInfoLogger.java:59)- Started FormDesignerApplication in 5.345 seconds (JVM running for 6.849)
2019-05-07 17:00:05,431 INFO (StartupInfoLogger.java:50)- Starting FormDesignerApplication on USER-20180713SF with PID 6528 (E:\Desktop\FormDesigner\target\classes started by Administrator in E:\Desktop\FormDesigner)
2019-05-07 17:00:05,437 DEBUG (StartupInfoLogger.java:53)- Running with Spring Boot v2.1.3.RELEASE, Spring v5.1.5.RELEASE
2019-05-07 17:00:05,437 INFO (SpringApplication.java:675)- No active profile set, falling back to default profiles: default
2019-05-07 17:00:09,759 INFO (StartupInfoLogger.java:59)- Started FormDesignerApplication in 6.042 seconds (JVM running for 8.532)
2019-05-07 17:07:33,255 INFO (StartupInfoLogger.java:50)- Starting FormDesignerApplication on USER-20180713SF with PID 9456 (E:\Desktop\FormDesigner\target\classes started by Administrator in E:\Desktop\FormDesigner)
2019-05-07 17:07:33,261 DEBUG (StartupInfoLogger.java:53)- Running with Spring Boot v2.1.3.RELEASE, Spring v5.1.5.RELEASE
2019-05-07 17:07:33,262 INFO (SpringApplication.java:675)- No active profile set, falling back to default profiles: default
2019-05-07 17:07:39,812 INFO (StartupInfoLogger.java:59)- Started FormDesignerApplication in 7.545 seconds (JVM running for 9.309)
2019-05-07 17:10:35,983 INFO (StartupInfoLogger.java:50)- Starting FormDesignerApplication on USER-20180713SF with PID 8728 (E:\Desktop\FormDesigner\target\classes started by Administrator in E:\Desktop\FormDesigner)
2019-05-07 17:10:35,988 DEBUG (StartupInfoLogger.java:53)- Running with Spring Boot v2.1.3.RELEASE, Spring v5.1.5.RELEASE
2019-05-07 17:10:35,989 INFO (SpringApplication.java:675)- No active profile set, falling back to default profiles: default
2019-05-07 17:10:39,784 INFO (StartupInfoLogger.java:59)- Started FormDesignerApplication in 5.051 seconds (JVM running for 6.809)
2019-05-07 17:12:46,408 INFO (StartupInfoLogger.java:50)- Starting FormDesignerApplication on USER-20180713SF with PID 7632 (E:\Desktop\FormDesigner\target\classes started by Administrator in E:\Desktop\FormDesigner)
2019-05-07 17:12:46,413 DEBUG (StartupInfoLogger.java:53)- Running with Spring Boot v2.1.3.RELEASE, Spring v5.1.5.RELEASE
2019-05-07 17:12:46,414 INFO (SpringApplication.java:675)- No active profile set, falling back to default profiles: default
2019-05-07 17:12:50,488 INFO (StartupInfoLogger.java:59)- Started FormDesignerApplication in 5.793 seconds (JVM running for 8.601)
2019-05-07 17:14:53,498 INFO (StartupInfoLogger.java:50)- Starting FormDesignerApplication on USER-20180713SF with PID 9176 (E:\Desktop\FormDesigner\target\classes started by Administrator in E:\Desktop\FormDesigner)
2019-05-07 17:14:53,502 DEBUG (StartupInfoLogger.java:53)- Running with Spring Boot v2.1.3.RELEASE, Spring v5.1.5.RELEASE
2019-05-07 17:14:53,503 INFO (SpringApplication.java:675)- No active profile set, falling back to default profiles: default
2019-05-07 17:14:57,755 INFO (StartupInfoLogger.java:59)- Started FormDesignerApplication in 5.301 seconds (JVM running for 7.326)
2019-05-07 17:20:44,331 INFO (StartupInfoLogger.java:50)- Starting FormDesignerApplication on USER-20180713SF with PID 3392 (E:\Desktop\FormDesigner\target\classes started by Administrator in E:\Desktop\FormDesigner)
2019-05-07 17:20:44,336 DEBUG (StartupInfoLogger.java:53)- Running with Spring Boot v2.1.3.RELEASE, Spring v5.1.5.RELEASE
2019-05-07 17:20:44,337 INFO (SpringApplication.java:675)- No active profile set, falling back to default profiles: default
2019-05-07 17:20:48,580 INFO (StartupInfoLogger.java:59)- Started FormDesignerApplication in 5.892 seconds (JVM running for 8.357)
2019-05-07 17:24:51,054 INFO (StartupInfoLogger.java:50)- Starting FormDesignerApplication on USER-20180713SF with PID 2520 (E:\Desktop\FormDesigner\target\classes started by Administrator in E:\Desktop\FormDesigner)
2019-05-07 17:24:51,061 DEBUG (StartupInfoLogger.java:53)- Running with Spring Boot v2.1.3.RELEASE, Spring v5.1.5.RELEASE
2019-05-07 17:24:51,062 INFO (SpringApplication.java:675)- No active profile set, falling back to default profiles: default
2019-05-07 17:24:55,075 INFO (StartupInfoLogger.java:59)- Started FormDesignerApplication in 4.933 seconds (JVM running for 6.384)
2019-05-07 17:27:57,420 INFO (StartupInfoLogger.java:50)- Starting FormDesignerApplication on USER-20180713SF with PID 3300 (E:\Desktop\FormDesigner\target\classes started by Administrator in E:\Desktop\FormDesigner)
2019-05-07 17:27:57,506 DEBUG (StartupInfoLogger.java:53)- Running with Spring Boot v2.1.3.RELEASE, Spring v5.1.5.RELEASE
2019-05-07 17:27:57,507 INFO (SpringApplication.java:675)- No active profile set, falling back to default profiles: default
2019-05-07 17:28:02,013 INFO (StartupInfoLogger.java:59)- Started FormDesignerApplication in 5.865 seconds (JVM running for 7.711)
2019-05-07 17:32:31,764 INFO (StartupInfoLogger.java:50)- Starting FormDesignerApplication on USER-20180713SF with PID 9700 (E:\Desktop\FormDesigner\target\classes started by Administrator in E:\Desktop\FormDesigner)
2019-05-07 17:32:31,793 DEBUG (StartupInfoLogger.java:53)- Running with Spring Boot v2.1.3.RELEASE, Spring v5.1.5.RELEASE
2019-05-07 17:32:31,794 INFO (SpringApplication.java:675)- No active profile set, falling back to default profiles: default
2019-05-07 17:32:37,150 INFO (StartupInfoLogger.java:59)- Started FormDesignerApplication in 6.696 seconds (JVM running for 8.73)
2019-05-07 17:36:45,107 INFO (StartupInfoLogger.java:50)- Starting FormDesignerApplication on USER-20180713SF with PID 8928 (E:\Desktop\FormDesigner\target\classes started by Administrator in E:\Desktop\FormDesigner)
2019-05-07 17:36:45,111 DEBUG (StartupInfoLogger.java:53)- Running with Spring Boot v2.1.3.RELEASE, Spring v5.1.5.RELEASE
2019-05-07 17:36:45,112 INFO (SpringApplication.java:675)- No active profile set, falling back to default profiles: default
2019-05-07 17:36:49,675 INFO (StartupInfoLogger.java:59)- Started FormDesignerApplication in 6.211 seconds (JVM running for 8.827)
2019-05-07 17:47:31,122 INFO (StartupInfoLogger.java:50)- Starting FormDesignerApplication on USER-20180713SF with PID 2756 (E:\Desktop\FormDesigner\target\classes started by Administrator in E:\Desktop\FormDesigner)
2019-05-07 17:47:31,128 DEBUG (StartupInfoLogger.java:53)- Running with Spring Boot v2.1.3.RELEASE, Spring v5.1.5.RELEASE
2019-05-07 17:47:31,129 INFO (SpringApplication.java:675)- No active profile set, falling back to default profiles: default
2019-05-07 17:47:35,217 INFO (StartupInfoLogger.java:59)- Started FormDesignerApplication in 5.277 seconds (JVM running for 6.817)
2019-05-07 18:00:29,431 INFO (StartupInfoLogger.java:50)- Starting FormDesignerApplication on USER-20180713SF with PID 10256 (E:\Desktop\FormDesigner\target\classes started by Administrator in E:\Desktop\FormDesigner)
2019-05-07 18:00:29,436 DEBUG (StartupInfoLogger.java:53)- Running with Spring Boot v2.1.3.RELEASE, Spring v5.1.5.RELEASE
2019-05-07 18:00:29,437 INFO (SpringApplication.java:675)- No active profile set, falling back to default profiles: default
2019-05-07 18:00:34,044 INFO (StartupInfoLogger.java:59)- Started FormDesignerApplication in 6.5 seconds (JVM running for 9.119)
2019-05-07 18:36:51,862 INFO (StartupInfoLogger.java:50)- Starting FormDesignerApplication on USER-20180713SF with PID 4392 (E:\Desktop\FormDesigner\target\classes started by Administrator in E:\Desktop\FormDesigner)
2019-05-07 18:36:51,868 DEBUG (StartupInfoLogger.java:53)- Running with Spring Boot v2.1.3.RELEASE, Spring v5.1.5.RELEASE
2019-05-07 18:36:51,871 INFO (SpringApplication.java:675)- No active profile set, falling back to default profiles: default
2019-05-07 18:36:57,601 INFO (StartupInfoLogger.java:59)- Started FormDesignerApplication in 7.193 seconds (JVM running for 9.198)
2019-05-07 18:37:24,620 INFO (StartupInfoLogger.java:50)- Starting FormDesignerApplication on USER-20180713SF with PID 4392 (E:\Desktop\FormDesigner\target\classes started by Administrator in E:\Desktop\FormDesigner)
2019-05-07 18:37:24,621 DEBUG (StartupInfoLogger.java:53)- Running with Spring Boot v2.1.3.RELEASE, Spring v5.1.5.RELEASE
2019-05-07 18:37:24,621 INFO (SpringApplication.java:675)- No active profile set, falling back to default profiles: default
2019-05-07 18:37:25,639 INFO (StartupInfoLogger.java:59)- Started FormDesignerApplication in 1.045 seconds (JVM running for 37.236)
