2019-04-16 09:24:57,151 INFO (StartupInfoLogger.java:50)- Starting FormDesignerApplication on USER-20180713SF with PID 3092 (C:\Users\Administrator\Desktop\FormDesigner\target\classes started by Administrator in C:\Users\Administrator\Desktop\FormDesigner)
2019-04-16 09:24:57,230 DEBUG (StartupInfoLogger.java:53)- Running with Spring Boot v2.1.3.RELEASE, Spring v5.1.5.RELEASE
2019-04-16 09:24:57,232 INFO (SpringApplication.java:675)- No active profile set, falling back to default profiles: default
2019-04-16 09:25:03,305 INFO (StartupInfoLogger.java:59)- Started FormDesignerApplication in 7.237 seconds (JVM running for 11.658)
2019-04-16 09:34:36,062 INFO (StartupInfoLogger.java:50)- Starting FormDesignerApplication on USER-20180713SF with PID 9164 (C:\Users\Administrator\Desktop\FormDesigner\target\classes started by Administrator in C:\Users\Administrator\Desktop\FormDesigner)
2019-04-16 09:34:36,088 DEBUG (StartupInfoLogger.java:53)- Running with Spring Boot v2.1.3.RELEASE, Spring v5.1.5.RELEASE
2019-04-16 09:34:36,089 INFO (SpringApplication.java:675)- No active profile set, falling back to default profiles: default
2019-04-16 09:34:40,335 INFO (StartupInfoLogger.java:59)- Started FormDesignerApplication in 5.684 seconds (JVM running for 7.746)
2019-04-16 09:36:33,214 INFO (StartupInfoLogger.java:50)- Starting FormDesignerApplication on USER-20180713SF with PID 7320 (C:\Users\Administrator\Desktop\FormDesigner\target\classes started by Administrator in C:\Users\Administrator\Desktop\FormDesigner)
2019-04-16 09:36:33,219 DEBUG (StartupInfoLogger.java:53)- Running with Spring Boot v2.1.3.RELEASE, Spring v5.1.5.RELEASE
2019-04-16 09:36:33,220 INFO (SpringApplication.java:675)- No active profile set, falling back to default profiles: default
2019-04-16 09:36:37,226 INFO (StartupInfoLogger.java:59)- Started FormDesignerApplication in 5.436 seconds (JVM running for 6.939)
2019-04-16 09:38:58,099 INFO (StartupInfoLogger.java:50)- Starting FormDesignerApplication on USER-20180713SF with PID 8728 (C:\Users\Administrator\Desktop\FormDesigner\target\classes started by Administrator in C:\Users\Administrator\Desktop\FormDesigner)
2019-04-16 09:38:58,103 DEBUG (StartupInfoLogger.java:53)- Running with Spring Boot v2.1.3.RELEASE, Spring v5.1.5.RELEASE
2019-04-16 09:38:58,104 INFO (SpringApplication.java:675)- No active profile set, falling back to default profiles: default
2019-04-16 09:39:02,417 INFO (StartupInfoLogger.java:59)- Started FormDesignerApplication in 6.744 seconds (JVM running for 8.348)
2019-04-16 09:39:22,630 INFO (StartupInfoLogger.java:50)- Starting FormDesignerApplication on USER-20180713SF with PID 2328 (C:\Users\Administrator\Desktop\FormDesigner\target\classes started by Administrator in C:\Users\Administrator\Desktop\FormDesigner)
2019-04-16 09:39:22,634 DEBUG (StartupInfoLogger.java:53)- Running with Spring Boot v2.1.3.RELEASE, Spring v5.1.5.RELEASE
2019-04-16 09:39:22,635 INFO (SpringApplication.java:675)- No active profile set, falling back to default profiles: default
2019-04-16 09:39:26,917 INFO (StartupInfoLogger.java:59)- Started FormDesignerApplication in 5.767 seconds (JVM running for 7.241)
2019-04-16 09:45:54,577 INFO (StartupInfoLogger.java:50)- Starting FormDesignerApplication on USER-20180713SF with PID 1816 (C:\Users\Administrator\Desktop\FormDesigner\target\classes started by Administrator in C:\Users\Administrator\Desktop\FormDesigner)
2019-04-16 09:45:54,582 DEBUG (StartupInfoLogger.java:53)- Running with Spring Boot v2.1.3.RELEASE, Spring v5.1.5.RELEASE
2019-04-16 09:45:54,583 INFO (SpringApplication.java:675)- No active profile set, falling back to default profiles: default
2019-04-16 09:45:58,606 INFO (StartupInfoLogger.java:59)- Started FormDesignerApplication in 5.497 seconds (JVM running for 6.994)
2019-04-16 10:12:50,684 INFO (StartupInfoLogger.java:50)- Starting FormDesignerApplication on USER-20180713SF with PID 9052 (C:\Users\Administrator\Desktop\FormDesigner\target\classes started by Administrator in C:\Users\Administrator\Desktop\FormDesigner)
2019-04-16 10:12:50,688 DEBUG (StartupInfoLogger.java:53)- Running with Spring Boot v2.1.3.RELEASE, Spring v5.1.5.RELEASE
2019-04-16 10:12:50,689 INFO (SpringApplication.java:675)- No active profile set, falling back to default profiles: default
2019-04-16 10:12:54,389 INFO (StartupInfoLogger.java:59)- Started FormDesignerApplication in 5.396 seconds (JVM running for 7.605)
2019-04-16 10:56:30,126 INFO (StartupInfoLogger.java:50)- Starting FormDesignerApplication on USER-20180713SF with PID 6724 (C:\Users\Administrator\Desktop\FormDesigner\target\classes started by Administrator in C:\Users\Administrator\Desktop\FormDesigner)
2019-04-16 10:56:30,131 DEBUG (StartupInfoLogger.java:53)- Running with Spring Boot v2.1.3.RELEASE, Spring v5.1.5.RELEASE
2019-04-16 10:56:30,132 INFO (SpringApplication.java:675)- No active profile set, falling back to default profiles: default
2019-04-16 10:56:34,176 INFO (StartupInfoLogger.java:59)- Started FormDesignerApplication in 5.22 seconds (JVM running for 6.611)
2019-04-16 10:57:41,771 INFO (StartupInfoLogger.java:50)- Starting FormDesignerApplication on USER-20180713SF with PID 9912 (C:\Users\Administrator\Desktop\FormDesigner\target\classes started by Administrator in C:\Users\Administrator\Desktop\FormDesigner)
2019-04-16 10:57:41,776 DEBUG (StartupInfoLogger.java:53)- Running with Spring Boot v2.1.3.RELEASE, Spring v5.1.5.RELEASE
2019-04-16 10:57:41,777 INFO (SpringApplication.java:675)- No active profile set, falling back to default profiles: default
2019-04-16 10:57:45,744 INFO (StartupInfoLogger.java:59)- Started FormDesignerApplication in 5.096 seconds (JVM running for 7.12)
2019-04-16 10:58:31,259 INFO (StartupInfoLogger.java:50)- Starting FormDesignerApplication on USER-20180713SF with PID 9276 (C:\Users\Administrator\Desktop\FormDesigner\target\classes started by Administrator in C:\Users\Administrator\Desktop\FormDesigner)
2019-04-16 10:58:31,264 DEBUG (StartupInfoLogger.java:53)- Running with Spring Boot v2.1.3.RELEASE, Spring v5.1.5.RELEASE
2019-04-16 10:58:31,265 INFO (SpringApplication.java:675)- No active profile set, falling back to default profiles: default
2019-04-16 10:58:35,557 INFO (StartupInfoLogger.java:59)- Started FormDesignerApplication in 5.271 seconds (JVM running for 6.992)
2019-04-16 10:59:49,801 INFO (StartupInfoLogger.java:50)- Starting FormDesignerApplication on USER-20180713SF with PID 9152 (C:\Users\Administrator\Desktop\FormDesigner\target\classes started by Administrator in C:\Users\Administrator\Desktop\FormDesigner)
2019-04-16 10:59:49,807 DEBUG (StartupInfoLogger.java:53)- Running with Spring Boot v2.1.3.RELEASE, Spring v5.1.5.RELEASE
2019-04-16 10:59:49,808 INFO (SpringApplication.java:675)- No active profile set, falling back to default profiles: default
2019-04-16 10:59:54,870 INFO (StartupInfoLogger.java:59)- Started FormDesignerApplication in 6.496 seconds (JVM running for 8.01)
2019-04-16 11:00:15,351 INFO (StartupInfoLogger.java:50)- Starting FormDesignerApplication on USER-20180713SF with PID 9580 (C:\Users\Administrator\Desktop\FormDesigner\target\classes started by Administrator in C:\Users\Administrator\Desktop\FormDesigner)
2019-04-16 11:00:15,356 DEBUG (StartupInfoLogger.java:53)- Running with Spring Boot v2.1.3.RELEASE, Spring v5.1.5.RELEASE
2019-04-16 11:00:15,357 INFO (SpringApplication.java:675)- No active profile set, falling back to default profiles: default
2019-04-16 11:00:19,894 INFO (StartupInfoLogger.java:59)- Started FormDesignerApplication in 5.563 seconds (JVM running for 7.059)
2019-04-16 11:01:54,201 INFO (StartupInfoLogger.java:50)- Starting FormDesignerApplication on USER-20180713SF with PID 7876 (C:\Users\Administrator\Desktop\FormDesigner\target\classes started by Administrator in C:\Users\Administrator\Desktop\FormDesigner)
2019-04-16 11:01:54,206 DEBUG (StartupInfoLogger.java:53)- Running with Spring Boot v2.1.3.RELEASE, Spring v5.1.5.RELEASE
2019-04-16 11:01:54,207 INFO (SpringApplication.java:675)- No active profile set, falling back to default profiles: default
2019-04-16 11:01:58,118 INFO (StartupInfoLogger.java:59)- Started FormDesignerApplication in 5.512 seconds (JVM running for 7.094)
2019-04-16 11:05:04,412 INFO (StartupInfoLogger.java:50)- Starting FormDesignerApplication on USER-20180713SF with PID 4828 (C:\Users\Administrator\Desktop\FormDesigner\target\classes started by Administrator in C:\Users\Administrator\Desktop\FormDesigner)
2019-04-16 11:05:04,419 DEBUG (StartupInfoLogger.java:53)- Running with Spring Boot v2.1.3.RELEASE, Spring v5.1.5.RELEASE
2019-04-16 11:05:04,420 INFO (SpringApplication.java:675)- No active profile set, falling back to default profiles: default
2019-04-16 11:05:09,100 INFO (StartupInfoLogger.java:59)- Started FormDesignerApplication in 6.014 seconds (JVM running for 7.525)
2019-04-16 11:08:06,903 INFO (StartupInfoLogger.java:50)- Starting FormDesignerApplication on USER-20180713SF with PID 7624 (C:\Users\Administrator\Desktop\FormDesigner\target\classes started by Administrator in C:\Users\Administrator\Desktop\FormDesigner)
2019-04-16 11:08:06,910 DEBUG (StartupInfoLogger.java:53)- Running with Spring Boot v2.1.3.RELEASE, Spring v5.1.5.RELEASE
2019-04-16 11:08:06,911 INFO (SpringApplication.java:675)- No active profile set, falling back to default profiles: default
2019-04-16 11:08:10,942 INFO (StartupInfoLogger.java:59)- Started FormDesignerApplication in 5.369 seconds (JVM running for 6.94)
2019-04-16 11:12:10,367 INFO (StartupInfoLogger.java:50)- Starting FormDesignerApplication on USER-20180713SF with PID 6200 (C:\Users\Administrator\Desktop\FormDesigner\target\classes started by Administrator in C:\Users\Administrator\Desktop\FormDesigner)
2019-04-16 11:12:10,372 DEBUG (StartupInfoLogger.java:53)- Running with Spring Boot v2.1.3.RELEASE, Spring v5.1.5.RELEASE
2019-04-16 11:12:10,373 INFO (SpringApplication.java:675)- No active profile set, falling back to default profiles: default
2019-04-16 11:12:14,809 INFO (StartupInfoLogger.java:59)- Started FormDesignerApplication in 5.79 seconds (JVM running for 7.254)
2019-04-16 11:22:44,259 INFO (StartupInfoLogger.java:50)- Starting FormDesignerApplication on USER-20180713SF with PID 6172 (C:\Users\Administrator\Desktop\FormDesigner\target\classes started by Administrator in C:\Users\Administrator\Desktop\FormDesigner)
2019-04-16 11:22:44,264 DEBUG (StartupInfoLogger.java:53)- Running with Spring Boot v2.1.3.RELEASE, Spring v5.1.5.RELEASE
2019-04-16 11:22:44,266 INFO (SpringApplication.java:675)- No active profile set, falling back to default profiles: default
2019-04-16 11:22:48,630 INFO (StartupInfoLogger.java:59)- Started FormDesignerApplication in 5.889 seconds (JVM running for 7.56)
2019-04-16 11:30:19,142 INFO (StartupInfoLogger.java:50)- Starting FormDesignerApplication on USER-20180713SF with PID 9620 (C:\Users\Administrator\Desktop\FormDesigner\target\classes started by Administrator in C:\Users\Administrator\Desktop\FormDesigner)
2019-04-16 11:30:19,147 DEBUG (StartupInfoLogger.java:53)- Running with Spring Boot v2.1.3.RELEASE, Spring v5.1.5.RELEASE
2019-04-16 11:30:19,148 INFO (SpringApplication.java:675)- No active profile set, falling back to default profiles: default
2019-04-16 11:30:23,402 INFO (StartupInfoLogger.java:59)- Started FormDesignerApplication in 5.464 seconds (JVM running for 7.046)
2019-04-16 11:37:00,649 INFO (StartupInfoLogger.java:50)- Starting FormDesignerApplication on USER-20180713SF with PID 6068 (C:\Users\Administrator\Desktop\FormDesigner\target\classes started by Administrator in C:\Users\Administrator\Desktop\FormDesigner)
2019-04-16 11:37:00,654 DEBUG (StartupInfoLogger.java:53)- Running with Spring Boot v2.1.3.RELEASE, Spring v5.1.5.RELEASE
2019-04-16 11:37:00,654 INFO (SpringApplication.java:675)- No active profile set, falling back to default profiles: default
2019-04-16 11:37:05,356 INFO (StartupInfoLogger.java:59)- Started FormDesignerApplication in 5.859 seconds (JVM running for 7.421)
2019-04-16 11:39:42,693 INFO (StartupInfoLogger.java:50)- Starting FormDesignerApplication on USER-20180713SF with PID 7572 (C:\Users\Administrator\Desktop\FormDesigner\target\classes started by Administrator in C:\Users\Administrator\Desktop\FormDesigner)
2019-04-16 11:39:42,698 DEBUG (StartupInfoLogger.java:53)- Running with Spring Boot v2.1.3.RELEASE, Spring v5.1.5.RELEASE
2019-04-16 11:39:42,699 INFO (SpringApplication.java:675)- No active profile set, falling back to default profiles: default
2019-04-16 11:39:46,984 INFO (StartupInfoLogger.java:59)- Started FormDesignerApplication in 5.193 seconds (JVM running for 6.914)
2019-04-16 11:49:45,112 INFO (StartupInfoLogger.java:50)- Starting FormDesignerApplication on USER-20180713SF with PID 10056 (C:\Users\Administrator\Desktop\FormDesigner\target\classes started by Administrator in C:\Users\Administrator\Desktop\FormDesigner)
2019-04-16 11:49:45,125 DEBUG (StartupInfoLogger.java:53)- Running with Spring Boot v2.1.3.RELEASE, Spring v5.1.5.RELEASE
2019-04-16 11:49:45,126 INFO (SpringApplication.java:675)- No active profile set, falling back to default profiles: default
2019-04-16 11:49:49,232 INFO (StartupInfoLogger.java:59)- Started FormDesignerApplication in 5.869 seconds (JVM running for 7.646)
2019-04-16 11:52:11,282 INFO (StartupInfoLogger.java:50)- Starting FormDesignerApplication on USER-20180713SF with PID 9288 (C:\Users\Administrator\Desktop\FormDesigner\target\classes started by Administrator in C:\Users\Administrator\Desktop\FormDesigner)
2019-04-16 11:52:11,286 DEBUG (StartupInfoLogger.java:53)- Running with Spring Boot v2.1.3.RELEASE, Spring v5.1.5.RELEASE
2019-04-16 11:52:11,287 INFO (SpringApplication.java:675)- No active profile set, falling back to default profiles: default
2019-04-16 11:52:15,335 INFO (StartupInfoLogger.java:59)- Started FormDesignerApplication in 5.126 seconds (JVM running for 6.938)
2019-04-16 11:55:44,745 INFO (StartupInfoLogger.java:50)- Starting FormDesignerApplication on USER-20180713SF with PID 4256 (C:\Users\Administrator\Desktop\FormDesigner\target\classes started by Administrator in C:\Users\Administrator\Desktop\FormDesigner)
2019-04-16 11:55:44,755 DEBUG (StartupInfoLogger.java:53)- Running with Spring Boot v2.1.3.RELEASE, Spring v5.1.5.RELEASE
2019-04-16 11:55:44,756 INFO (SpringApplication.java:675)- No active profile set, falling back to default profiles: default
2019-04-16 11:55:48,725 INFO (StartupInfoLogger.java:59)- Started FormDesignerApplication in 5.309 seconds (JVM running for 6.844)
2019-04-16 13:12:22,810 INFO (StartupInfoLogger.java:50)- Starting FormDesignerApplication on USER-20180713SF with PID 9132 (C:\Users\Administrator\Desktop\FormDesigner\target\classes started by Administrator in C:\Users\Administrator\Desktop\FormDesigner)
2019-04-16 13:12:22,816 DEBUG (StartupInfoLogger.java:53)- Running with Spring Boot v2.1.3.RELEASE, Spring v5.1.5.RELEASE
2019-04-16 13:12:22,818 INFO (SpringApplication.java:675)- No active profile set, falling back to default profiles: default
2019-04-16 13:12:27,257 INFO (StartupInfoLogger.java:59)- Started FormDesignerApplication in 5.569 seconds (JVM running for 6.998)
2019-04-16 13:13:25,137 INFO (StartupInfoLogger.java:50)- Starting FormDesignerApplication on USER-20180713SF with PID 5732 (C:\Users\Administrator\Desktop\FormDesigner\target\classes started by Administrator in C:\Users\Administrator\Desktop\FormDesigner)
2019-04-16 13:13:25,141 DEBUG (StartupInfoLogger.java:53)- Running with Spring Boot v2.1.3.RELEASE, Spring v5.1.5.RELEASE
2019-04-16 13:13:25,142 INFO (SpringApplication.java:675)- No active profile set, falling back to default profiles: default
2019-04-16 13:13:31,227 INFO (StartupInfoLogger.java:59)- Started FormDesignerApplication in 8.06 seconds (JVM running for 9.957)
2019-04-16 13:13:55,052 INFO (StartupInfoLogger.java:50)- Starting FormDesignerApplication on USER-20180713SF with PID 9636 (C:\Users\Administrator\Desktop\FormDesigner\target\classes started by Administrator in C:\Users\Administrator\Desktop\FormDesigner)
2019-04-16 13:13:55,057 DEBUG (StartupInfoLogger.java:53)- Running with Spring Boot v2.1.3.RELEASE, Spring v5.1.5.RELEASE
2019-04-16 13:13:55,058 INFO (SpringApplication.java:675)- No active profile set, falling back to default profiles: default
2019-04-16 13:13:58,765 INFO (StartupInfoLogger.java:59)- Started FormDesignerApplication in 4.854 seconds (JVM running for 6.35)
2019-04-16 13:16:45,875 INFO (StartupInfoLogger.java:50)- Starting FormDesignerApplication on USER-20180713SF with PID 8628 (C:\Users\Administrator\Desktop\FormDesigner\target\classes started by Administrator in C:\Users\Administrator\Desktop\FormDesigner)
2019-04-16 13:16:45,882 DEBUG (StartupInfoLogger.java:53)- Running with Spring Boot v2.1.3.RELEASE, Spring v5.1.5.RELEASE
2019-04-16 13:16:45,883 INFO (SpringApplication.java:675)- No active profile set, falling back to default profiles: default
2019-04-16 13:16:50,549 INFO (StartupInfoLogger.java:59)- Started FormDesignerApplication in 5.826 seconds (JVM running for 7.516)
2019-04-16 13:18:48,720 INFO (StartupInfoLogger.java:50)- Starting FormDesignerApplication on USER-20180713SF with PID 4844 (C:\Users\Administrator\Desktop\FormDesigner\target\classes started by Administrator in C:\Users\Administrator\Desktop\FormDesigner)
2019-04-16 13:18:48,725 DEBUG (StartupInfoLogger.java:53)- Running with Spring Boot v2.1.3.RELEASE, Spring v5.1.5.RELEASE
2019-04-16 13:18:48,726 INFO (SpringApplication.java:675)- No active profile set, falling back to default profiles: default
2019-04-16 13:18:52,841 INFO (StartupInfoLogger.java:59)- Started FormDesignerApplication in 5.156 seconds (JVM running for 6.694)
2019-04-16 13:24:57,042 INFO (StartupInfoLogger.java:50)- Starting FormDesignerApplication on USER-20180713SF with PID 9732 (C:\Users\Administrator\Desktop\FormDesigner\target\classes started by Administrator in C:\Users\Administrator\Desktop\FormDesigner)
2019-04-16 13:24:57,047 DEBUG (StartupInfoLogger.java:53)- Running with Spring Boot v2.1.3.RELEASE, Spring v5.1.5.RELEASE
2019-04-16 13:24:57,048 INFO (SpringApplication.java:675)- No active profile set, falling back to default profiles: default
2019-04-16 13:25:01,454 INFO (StartupInfoLogger.java:59)- Started FormDesignerApplication in 5.337 seconds (JVM running for 6.982)
2019-04-16 13:39:25,852 INFO (StartupInfoLogger.java:50)- Starting FormDesignerApplication on USER-20180713SF with PID 9480 (C:\Users\Administrator\Desktop\FormDesigner\target\classes started by Administrator in C:\Users\Administrator\Desktop\FormDesigner)
2019-04-16 13:39:25,857 DEBUG (StartupInfoLogger.java:53)- Running with Spring Boot v2.1.3.RELEASE, Spring v5.1.5.RELEASE
2019-04-16 13:39:25,858 INFO (SpringApplication.java:675)- No active profile set, falling back to default profiles: default
2019-04-16 13:39:30,039 INFO (StartupInfoLogger.java:59)- Started FormDesignerApplication in 5.218 seconds (JVM running for 6.84)
2019-04-16 13:40:02,618 INFO (StartupInfoLogger.java:50)- Starting FormDesignerApplication on USER-20180713SF with PID 1976 (C:\Users\Administrator\Desktop\FormDesigner\target\classes started by Administrator in C:\Users\Administrator\Desktop\FormDesigner)
2019-04-16 13:40:02,622 DEBUG (StartupInfoLogger.java:53)- Running with Spring Boot v2.1.3.RELEASE, Spring v5.1.5.RELEASE
2019-04-16 13:40:02,622 INFO (SpringApplication.java:675)- No active profile set, falling back to default profiles: default
2019-04-16 13:40:06,435 INFO (StartupInfoLogger.java:59)- Started FormDesignerApplication in 4.999 seconds (JVM running for 6.473)
2019-04-16 13:41:00,938 INFO (StartupInfoLogger.java:50)- Starting FormDesignerApplication on USER-20180713SF with PID 5472 (C:\Users\Administrator\Desktop\FormDesigner\target\classes started by Administrator in C:\Users\Administrator\Desktop\FormDesigner)
2019-04-16 13:41:00,944 DEBUG (StartupInfoLogger.java:53)- Running with Spring Boot v2.1.3.RELEASE, Spring v5.1.5.RELEASE
2019-04-16 13:41:00,945 INFO (SpringApplication.java:675)- No active profile set, falling back to default profiles: default
2019-04-16 13:41:04,960 INFO (StartupInfoLogger.java:59)- Started FormDesignerApplication in 5.164 seconds (JVM running for 6.606)
2019-04-16 13:41:38,270 INFO (StartupInfoLogger.java:50)- Starting FormDesignerApplication on USER-20180713SF with PID 7832 (C:\Users\Administrator\Desktop\FormDesigner\target\classes started by Administrator in C:\Users\Administrator\Desktop\FormDesigner)
2019-04-16 13:41:38,274 DEBUG (StartupInfoLogger.java:53)- Running with Spring Boot v2.1.3.RELEASE, Spring v5.1.5.RELEASE
2019-04-16 13:41:38,275 INFO (SpringApplication.java:675)- No active profile set, falling back to default profiles: default
2019-04-16 13:41:42,456 INFO (StartupInfoLogger.java:59)- Started FormDesignerApplication in 5.367 seconds (JVM running for 6.815)
2019-04-16 13:58:25,041 INFO (StartupInfoLogger.java:50)- Starting FormDesignerApplication on USER-20180713SF with PID 9072 (C:\Users\Administrator\Desktop\FormDesigner\target\classes started by Administrator in C:\Users\Administrator\Desktop\FormDesigner)
2019-04-16 13:58:25,046 DEBUG (StartupInfoLogger.java:53)- Running with Spring Boot v2.1.3.RELEASE, Spring v5.1.5.RELEASE
2019-04-16 13:58:25,046 INFO (SpringApplication.java:675)- No active profile set, falling back to default profiles: default
2019-04-16 13:58:31,538 INFO (StartupInfoLogger.java:59)- Started FormDesignerApplication in 7.548 seconds (JVM running for 9.139)
2019-04-16 14:00:10,806 INFO (StartupInfoLogger.java:50)- Starting FormDesignerApplication on USER-20180713SF with PID 6420 (C:\Users\Administrator\Desktop\FormDesigner\target\classes started by Administrator in C:\Users\Administrator\Desktop\FormDesigner)
2019-04-16 14:00:10,899 DEBUG (StartupInfoLogger.java:53)- Running with Spring Boot v2.1.3.RELEASE, Spring v5.1.5.RELEASE
2019-04-16 14:00:10,900 INFO (SpringApplication.java:675)- No active profile set, falling back to default profiles: default
2019-04-16 14:00:15,348 INFO (StartupInfoLogger.java:59)- Started FormDesignerApplication in 5.55 seconds (JVM running for 7.159)
2019-04-16 14:00:51,705 INFO (StartupInfoLogger.java:50)- Starting FormDesignerApplication on USER-20180713SF with PID 8872 (C:\Users\Administrator\Desktop\FormDesigner\target\classes started by Administrator in C:\Users\Administrator\Desktop\FormDesigner)
2019-04-16 14:00:51,715 DEBUG (StartupInfoLogger.java:53)- Running with Spring Boot v2.1.3.RELEASE, Spring v5.1.5.RELEASE
2019-04-16 14:00:51,717 INFO (SpringApplication.java:675)- No active profile set, falling back to default profiles: default
2019-04-16 14:00:56,859 INFO (StartupInfoLogger.java:59)- Started FormDesignerApplication in 6.152 seconds (JVM running for 7.609)
2019-04-16 14:12:38,010 INFO (StartupInfoLogger.java:50)- Starting FormDesignerApplication on USER-20180713SF with PID 6356 (C:\Users\Administrator\Desktop\FormDesigner\target\classes started by Administrator in C:\Users\Administrator\Desktop\FormDesigner)
2019-04-16 14:12:38,014 DEBUG (StartupInfoLogger.java:53)- Running with Spring Boot v2.1.3.RELEASE, Spring v5.1.5.RELEASE
2019-04-16 14:12:38,014 INFO (SpringApplication.java:675)- No active profile set, falling back to default profiles: default
2019-04-16 14:12:42,023 INFO (StartupInfoLogger.java:59)- Started FormDesignerApplication in 5.742 seconds (JVM running for 8.241)
2019-04-16 14:16:34,210 INFO (StartupInfoLogger.java:50)- Starting FormDesignerApplication on USER-20180713SF with PID 7120 (C:\Users\Administrator\Desktop\FormDesigner\target\classes started by Administrator in C:\Users\Administrator\Desktop\FormDesigner)
2019-04-16 14:16:34,214 DEBUG (StartupInfoLogger.java:53)- Running with Spring Boot v2.1.3.RELEASE, Spring v5.1.5.RELEASE
2019-04-16 14:16:34,215 INFO (SpringApplication.java:675)- No active profile set, falling back to default profiles: default
2019-04-16 14:16:38,356 INFO (StartupInfoLogger.java:59)- Started FormDesignerApplication in 5.114 seconds (JVM running for 6.694)
2019-04-16 14:23:06,455 INFO (StartupInfoLogger.java:50)- Starting FormDesignerApplication on USER-20180713SF with PID 8424 (C:\Users\Administrator\Desktop\FormDesigner\target\classes started by Administrator in C:\Users\Administrator\Desktop\FormDesigner)
2019-04-16 14:23:06,460 DEBUG (StartupInfoLogger.java:53)- Running with Spring Boot v2.1.3.RELEASE, Spring v5.1.5.RELEASE
2019-04-16 14:23:06,461 INFO (SpringApplication.java:675)- No active profile set, falling back to default profiles: default
2019-04-16 14:23:10,618 INFO (StartupInfoLogger.java:59)- Started FormDesignerApplication in 5.664 seconds (JVM running for 7.146)
2019-04-16 14:26:25,622 INFO (StartupInfoLogger.java:50)- Starting FormDesignerApplication on USER-20180713SF with PID 9040 (C:\Users\Administrator\Desktop\FormDesigner\target\classes started by Administrator in C:\Users\Administrator\Desktop\FormDesigner)
2019-04-16 14:26:25,627 DEBUG (StartupInfoLogger.java:53)- Running with Spring Boot v2.1.3.RELEASE, Spring v5.1.5.RELEASE
2019-04-16 14:26:25,628 INFO (SpringApplication.java:675)- No active profile set, falling back to default profiles: default
2019-04-16 14:26:31,587 INFO (StartupInfoLogger.java:59)- Started FormDesignerApplication in 7.132 seconds (JVM running for 9.198)
2019-04-16 14:38:56,547 INFO (StartupInfoLogger.java:50)- Starting FormDesignerApplication on USER-20180713SF with PID 3516 (C:\Users\Administrator\Desktop\FormDesigner\target\classes started by Administrator in C:\Users\Administrator\Desktop\FormDesigner)
2019-04-16 14:38:56,553 DEBUG (StartupInfoLogger.java:53)- Running with Spring Boot v2.1.3.RELEASE, Spring v5.1.5.RELEASE
2019-04-16 14:38:56,554 INFO (SpringApplication.java:675)- No active profile set, falling back to default profiles: default
2019-04-16 14:39:00,476 INFO (StartupInfoLogger.java:59)- Started FormDesignerApplication in 5.057 seconds (JVM running for 6.495)
2019-04-16 15:30:07,391 INFO (StartupInfoLogger.java:50)- Starting FormDesignerApplication on USER-20180713SF with PID 9764 (C:\Users\Administrator\Desktop\FormDesigner\target\classes started by Administrator in C:\Users\Administrator\Desktop\FormDesigner)
2019-04-16 15:30:07,464 DEBUG (StartupInfoLogger.java:53)- Running with Spring Boot v2.1.3.RELEASE, Spring v5.1.5.RELEASE
2019-04-16 15:30:07,465 INFO (SpringApplication.java:675)- No active profile set, falling back to default profiles: default
2019-04-16 15:30:12,013 INFO (StartupInfoLogger.java:59)- Started FormDesignerApplication in 5.663 seconds (JVM running for 7.122)
2019-04-16 15:31:09,072 INFO (StartupInfoLogger.java:50)- Starting FormDesignerApplication on USER-20180713SF with PID 5948 (C:\Users\Administrator\Desktop\FormDesigner\target\classes started by Administrator in C:\Users\Administrator\Desktop\FormDesigner)
2019-04-16 15:31:09,076 DEBUG (StartupInfoLogger.java:53)- Running with Spring Boot v2.1.3.RELEASE, Spring v5.1.5.RELEASE
2019-04-16 15:31:09,077 INFO (SpringApplication.java:675)- No active profile set, falling back to default profiles: default
2019-04-16 15:31:13,221 INFO (StartupInfoLogger.java:59)- Started FormDesignerApplication in 4.97 seconds (JVM running for 7.018)
2019-04-16 15:44:33,964 INFO (StartupInfoLogger.java:50)- Starting FormDesignerApplication on USER-20180713SF with PID 4536 (C:\Users\Administrator\Desktop\FormDesigner\target\classes started by Administrator in C:\Users\Administrator\Desktop\FormDesigner)
2019-04-16 15:44:33,981 DEBUG (StartupInfoLogger.java:53)- Running with Spring Boot v2.1.3.RELEASE, Spring v5.1.5.RELEASE
2019-04-16 15:44:33,982 INFO (SpringApplication.java:675)- No active profile set, falling back to default profiles: default
2019-04-16 15:44:38,426 INFO (StartupInfoLogger.java:59)- Started FormDesignerApplication in 5.761 seconds (JVM running for 7.269)
2019-04-16 15:47:16,445 INFO (StartupInfoLogger.java:50)- Starting FormDesignerApplication on USER-20180713SF with PID 8468 (C:\Users\Administrator\Desktop\FormDesigner\target\classes started by Administrator in C:\Users\Administrator\Desktop\FormDesigner)
2019-04-16 15:47:16,452 DEBUG (StartupInfoLogger.java:53)- Running with Spring Boot v2.1.3.RELEASE, Spring v5.1.5.RELEASE
2019-04-16 15:47:16,453 INFO (SpringApplication.java:675)- No active profile set, falling back to default profiles: default
2019-04-16 15:47:21,118 INFO (StartupInfoLogger.java:59)- Started FormDesignerApplication in 5.706 seconds (JVM running for 7.37)
2019-04-16 15:50:38,534 INFO (StartupInfoLogger.java:50)- Starting FormDesignerApplication on USER-20180713SF with PID 9440 (C:\Users\Administrator\Desktop\FormDesigner\target\classes started by Administrator in C:\Users\Administrator\Desktop\FormDesigner)
2019-04-16 15:50:38,540 DEBUG (StartupInfoLogger.java:53)- Running with Spring Boot v2.1.3.RELEASE, Spring v5.1.5.RELEASE
2019-04-16 15:50:38,541 INFO (SpringApplication.java:675)- No active profile set, falling back to default profiles: default
2019-04-16 15:50:42,760 INFO (StartupInfoLogger.java:59)- Started FormDesignerApplication in 5.398 seconds (JVM running for 6.785)
2019-04-16 15:51:51,239 INFO (StartupInfoLogger.java:50)- Starting FormDesignerApplication on USER-20180713SF with PID 9324 (C:\Users\Administrator\Desktop\FormDesigner\target\classes started by Administrator in C:\Users\Administrator\Desktop\FormDesigner)
2019-04-16 15:51:51,243 DEBUG (StartupInfoLogger.java:53)- Running with Spring Boot v2.1.3.RELEASE, Spring v5.1.5.RELEASE
2019-04-16 15:51:51,244 INFO (SpringApplication.java:675)- No active profile set, falling back to default profiles: default
2019-04-16 15:51:55,205 INFO (StartupInfoLogger.java:59)- Started FormDesignerApplication in 5.55 seconds (JVM running for 7.204)
2019-04-16 15:57:54,292 INFO (StartupInfoLogger.java:50)- Starting FormDesignerApplication on USER-20180713SF with PID 4980 (C:\Users\Administrator\Desktop\FormDesigner\target\classes started by Administrator in C:\Users\Administrator\Desktop\FormDesigner)
2019-04-16 15:57:54,300 DEBUG (StartupInfoLogger.java:53)- Running with Spring Boot v2.1.3.RELEASE, Spring v5.1.5.RELEASE
2019-04-16 15:57:54,301 INFO (SpringApplication.java:675)- No active profile set, falling back to default profiles: default
2019-04-16 15:57:58,256 INFO (StartupInfoLogger.java:59)- Started FormDesignerApplication in 5.291 seconds (JVM running for 6.72)
2019-04-16 15:58:53,815 INFO (StartupInfoLogger.java:50)- Starting FormDesignerApplication on USER-20180713SF with PID 7824 (C:\Users\Administrator\Desktop\FormDesigner\target\classes started by Administrator in C:\Users\Administrator\Desktop\FormDesigner)
2019-04-16 15:58:53,820 DEBUG (StartupInfoLogger.java:53)- Running with Spring Boot v2.1.3.RELEASE, Spring v5.1.5.RELEASE
2019-04-16 15:58:53,821 INFO (SpringApplication.java:675)- No active profile set, falling back to default profiles: default
2019-04-16 15:58:58,185 INFO (StartupInfoLogger.java:59)- Started FormDesignerApplication in 5.774 seconds (JVM running for 7.658)
2019-04-16 16:01:56,908 INFO (StartupInfoLogger.java:50)- Starting FormDesignerApplication on USER-20180713SF with PID 2420 (C:\Users\Administrator\Desktop\FormDesigner\target\classes started by Administrator in C:\Users\Administrator\Desktop\FormDesigner)
2019-04-16 16:01:57,022 DEBUG (StartupInfoLogger.java:53)- Running with Spring Boot v2.1.3.RELEASE, Spring v5.1.5.RELEASE
2019-04-16 16:01:57,023 INFO (SpringApplication.java:675)- No active profile set, falling back to default profiles: default
2019-04-16 16:02:01,475 INFO (StartupInfoLogger.java:59)- Started FormDesignerApplication in 5.929 seconds (JVM running for 7.959)
2019-04-16 16:05:03,211 INFO (StartupInfoLogger.java:50)- Starting FormDesignerApplication on USER-20180713SF with PID 7556 (C:\Users\Administrator\Desktop\FormDesigner\target\classes started by Administrator in C:\Users\Administrator\Desktop\FormDesigner)
2019-04-16 16:05:03,216 DEBUG (StartupInfoLogger.java:53)- Running with Spring Boot v2.1.3.RELEASE, Spring v5.1.5.RELEASE
2019-04-16 16:05:03,216 INFO (SpringApplication.java:675)- No active profile set, falling back to default profiles: default
2019-04-16 16:05:06,985 INFO (StartupInfoLogger.java:59)- Started FormDesignerApplication in 5.018 seconds (JVM running for 6.456)
2019-04-16 16:12:24,960 INFO (StartupInfoLogger.java:50)- Starting FormDesignerApplication on USER-20180713SF with PID 9040 (C:\Users\Administrator\Desktop\FormDesigner\target\classes started by Administrator in C:\Users\Administrator\Desktop\FormDesigner)
2019-04-16 16:12:24,965 DEBUG (StartupInfoLogger.java:53)- Running with Spring Boot v2.1.3.RELEASE, Spring v5.1.5.RELEASE
2019-04-16 16:12:24,966 INFO (SpringApplication.java:675)- No active profile set, falling back to default profiles: default
2019-04-16 16:12:29,631 INFO (StartupInfoLogger.java:59)- Started FormDesignerApplication in 5.825 seconds (JVM running for 7.366)
2019-04-16 16:14:29,399 INFO (StartupInfoLogger.java:50)- Starting FormDesignerApplication on USER-20180713SF with PID 10184 (C:\Users\Administrator\Desktop\FormDesigner\target\classes started by Administrator in C:\Users\Administrator\Desktop\FormDesigner)
2019-04-16 16:14:29,405 DEBUG (StartupInfoLogger.java:53)- Running with Spring Boot v2.1.3.RELEASE, Spring v5.1.5.RELEASE
2019-04-16 16:14:29,406 INFO (SpringApplication.java:675)- No active profile set, falling back to default profiles: default
2019-04-16 16:14:33,829 INFO (StartupInfoLogger.java:59)- Started FormDesignerApplication in 5.494 seconds (JVM running for 6.9)
2019-04-16 16:18:05,000 INFO (StartupInfoLogger.java:50)- Starting FormDesignerApplication on USER-20180713SF with PID 8624 (C:\Users\Administrator\Desktop\FormDesigner\target\classes started by Administrator in C:\Users\Administrator\Desktop\FormDesigner)
2019-04-16 16:18:05,004 DEBUG (StartupInfoLogger.java:53)- Running with Spring Boot v2.1.3.RELEASE, Spring v5.1.5.RELEASE
2019-04-16 16:18:05,005 INFO (SpringApplication.java:675)- No active profile set, falling back to default profiles: default
2019-04-16 16:18:09,260 INFO (StartupInfoLogger.java:59)- Started FormDesignerApplication in 5.677 seconds (JVM running for 7.391)
2019-04-16 16:21:09,439 INFO (StartupInfoLogger.java:50)- Starting FormDesignerApplication on USER-20180713SF with PID 6028 (C:\Users\Administrator\Desktop\FormDesigner\target\classes started by Administrator in C:\Users\Administrator\Desktop\FormDesigner)
2019-04-16 16:21:09,449 DEBUG (StartupInfoLogger.java:53)- Running with Spring Boot v2.1.3.RELEASE, Spring v5.1.5.RELEASE
2019-04-16 16:21:09,450 INFO (SpringApplication.java:675)- No active profile set, falling back to default profiles: default
2019-04-16 16:21:14,438 INFO (StartupInfoLogger.java:59)- Started FormDesignerApplication in 6.249 seconds (JVM running for 8.992)
2019-04-16 16:22:59,292 INFO (StartupInfoLogger.java:50)- Starting FormDesignerApplication on USER-20180713SF with PID 7856 (C:\Users\Administrator\Desktop\FormDesigner\target\classes started by Administrator in C:\Users\Administrator\Desktop\FormDesigner)
2019-04-16 16:22:59,298 DEBUG (StartupInfoLogger.java:53)- Running with Spring Boot v2.1.3.RELEASE, Spring v5.1.5.RELEASE
2019-04-16 16:22:59,299 INFO (SpringApplication.java:675)- No active profile set, falling back to default profiles: default
2019-04-16 16:23:03,586 INFO (StartupInfoLogger.java:59)- Started FormDesignerApplication in 5.328 seconds (JVM running for 6.757)
2019-04-16 16:28:14,633 INFO (StartupInfoLogger.java:50)- Starting FormDesignerApplication on USER-20180713SF with PID 3480 (C:\Users\Administrator\Desktop\FormDesigner\target\classes started by Administrator in C:\Users\Administrator\Desktop\FormDesigner)
2019-04-16 16:28:14,642 DEBUG (StartupInfoLogger.java:53)- Running with Spring Boot v2.1.3.RELEASE, Spring v5.1.5.RELEASE
2019-04-16 16:28:14,643 INFO (SpringApplication.java:675)- No active profile set, falling back to default profiles: default
2019-04-16 16:28:19,189 INFO (StartupInfoLogger.java:59)- Started FormDesignerApplication in 5.755 seconds (JVM running for 7.559)
2019-04-16 16:30:35,054 INFO (StartupInfoLogger.java:50)- Starting FormDesignerApplication on USER-20180713SF with PID 6460 (C:\Users\Administrator\Desktop\FormDesigner\target\classes started by Administrator in C:\Users\Administrator\Desktop\FormDesigner)
2019-04-16 16:30:35,080 DEBUG (StartupInfoLogger.java:53)- Running with Spring Boot v2.1.3.RELEASE, Spring v5.1.5.RELEASE
2019-04-16 16:30:35,081 INFO (SpringApplication.java:675)- No active profile set, falling back to default profiles: default
2019-04-16 16:30:39,304 INFO (StartupInfoLogger.java:59)- Started FormDesignerApplication in 5.698 seconds (JVM running for 7.435)
2019-04-16 16:44:50,548 INFO (StartupInfoLogger.java:50)- Starting FormDesignerApplication on USER-20180713SF with PID 9776 (C:\Users\Administrator\Desktop\FormDesigner\target\classes started by Administrator in C:\Users\Administrator\Desktop\FormDesigner)
2019-04-16 16:44:50,555 DEBUG (StartupInfoLogger.java:53)- Running with Spring Boot v2.1.3.RELEASE, Spring v5.1.5.RELEASE
2019-04-16 16:44:50,556 INFO (SpringApplication.java:675)- No active profile set, falling back to default profiles: default
2019-04-16 16:44:55,008 INFO (StartupInfoLogger.java:59)- Started FormDesignerApplication in 5.698 seconds (JVM running for 7.171)
2019-04-16 16:48:11,065 INFO (StartupInfoLogger.java:50)- Starting FormDesignerApplication on USER-20180713SF with PID 5992 (C:\Users\Administrator\Desktop\FormDesigner\target\classes started by Administrator in C:\Users\Administrator\Desktop\FormDesigner)
2019-04-16 16:48:11,142 DEBUG (StartupInfoLogger.java:53)- Running with Spring Boot v2.1.3.RELEASE, Spring v5.1.5.RELEASE
2019-04-16 16:48:11,144 INFO (SpringApplication.java:675)- No active profile set, falling back to default profiles: default
2019-04-16 16:48:15,071 INFO (StartupInfoLogger.java:59)- Started FormDesignerApplication in 4.971 seconds (JVM running for 6.643)
2019-04-16 16:48:51,744 INFO (StartupInfoLogger.java:50)- Starting FormDesignerApplication on USER-20180713SF with PID 9440 (C:\Users\Administrator\Desktop\FormDesigner\target\classes started by Administrator in C:\Users\Administrator\Desktop\FormDesigner)
2019-04-16 16:48:51,748 DEBUG (StartupInfoLogger.java:53)- Running with Spring Boot v2.1.3.RELEASE, Spring v5.1.5.RELEASE
2019-04-16 16:48:51,749 INFO (SpringApplication.java:675)- No active profile set, falling back to default profiles: default
2019-04-16 16:48:55,475 INFO (StartupInfoLogger.java:59)- Started FormDesignerApplication in 4.917 seconds (JVM running for 6.356)
2019-04-16 16:57:21,059 INFO (StartupInfoLogger.java:50)- Starting FormDesignerApplication on USER-20180713SF with PID 9908 (C:\Users\Administrator\Desktop\FormDesigner\target\classes started by Administrator in C:\Users\Administrator\Desktop\FormDesigner)
2019-04-16 16:57:21,064 DEBUG (StartupInfoLogger.java:53)- Running with Spring Boot v2.1.3.RELEASE, Spring v5.1.5.RELEASE
2019-04-16 16:57:21,065 INFO (SpringApplication.java:675)- No active profile set, falling back to default profiles: default
2019-04-16 16:57:25,125 INFO (StartupInfoLogger.java:59)- Started FormDesignerApplication in 5.813 seconds (JVM running for 7.209)
2019-04-16 17:04:24,812 INFO (StartupInfoLogger.java:50)- Starting FormDesignerApplication on USER-20180713SF with PID 10024 (C:\Users\Administrator\Desktop\FormDesigner\target\classes started by Administrator in C:\Users\Administrator\Desktop\FormDesigner)
2019-04-16 17:04:24,817 DEBUG (StartupInfoLogger.java:53)- Running with Spring Boot v2.1.3.RELEASE, Spring v5.1.5.RELEASE
2019-04-16 17:04:24,818 INFO (SpringApplication.java:675)- No active profile set, falling back to default profiles: default
2019-04-16 17:04:29,277 INFO (StartupInfoLogger.java:59)- Started FormDesignerApplication in 5.475 seconds (JVM running for 7.307)
2019-04-16 17:05:03,767 INFO (StartupInfoLogger.java:50)- Starting FormDesignerApplication on USER-20180713SF with PID 5936 (C:\Users\Administrator\Desktop\FormDesigner\target\classes started by Administrator in C:\Users\Administrator\Desktop\FormDesigner)
2019-04-16 17:05:03,771 DEBUG (StartupInfoLogger.java:53)- Running with Spring Boot v2.1.3.RELEASE, Spring v5.1.5.RELEASE
2019-04-16 17:05:03,773 INFO (SpringApplication.java:675)- No active profile set, falling back to default profiles: default
2019-04-16 17:05:08,064 INFO (StartupInfoLogger.java:59)- Started FormDesignerApplication in 5.333 seconds (JVM running for 6.771)
