2019-05-08 09:42:26,513 INFO (StartupInfoLogger.java:50)- Starting FormDesignerApplication on USER-20180713SF with PID 10440 (E:\Desktop\FormDesigner\target\classes started by Administrator in E:\Desktop\FormDesigner)
2019-05-08 09:42:26,532 DEBUG (StartupInfoLogger.java:53)- Running with Spring Boot v2.1.3.RELEASE, Spring v5.1.5.RELEASE
2019-05-08 09:42:26,533 INFO (SpringApplication.java:675)- No active profile set, falling back to default profiles: default
2019-05-08 09:42:34,983 INFO (StartupInfoLogger.java:59)- Started FormDesignerApplication in 10.168 seconds (JVM running for 19.523)
2019-05-08 10:10:46,639 INFO (StartupInfoLogger.java:50)- Starting FormDesignerApplication on USER-20180713SF with PID 10076 (E:\Desktop\FormDesigner\target\classes started by Administrator in E:\Desktop\FormDesigner)
2019-05-08 10:10:46,645 DEBUG (StartupInfoLogger.java:53)- Running with Spring Boot v2.1.3.RELEASE, Spring v5.1.5.RELEASE
2019-05-08 10:10:46,647 INFO (SpringApplication.java:675)- No active profile set, falling back to default profiles: default
2019-05-08 10:10:52,076 INFO (StartupInfoLogger.java:59)- Started FormDesignerApplication in 6.454 seconds (JVM running for 8.294)
2019-05-08 13:43:12,676 INFO (StartupInfoLogger.java:50)- Starting FormDesignerApplication on USER-20180713SF with PID 8512 (E:\Desktop\FormDesigner\target\classes started by Administrator in E:\Desktop\FormDesigner)
2019-05-08 13:43:12,685 DEBUG (StartupInfoLogger.java:53)- Running with Spring Boot v2.1.3.RELEASE, Spring v5.1.5.RELEASE
2019-05-08 13:43:12,686 INFO (SpringApplication.java:675)- No active profile set, falling back to default profiles: default
2019-05-08 13:43:17,530 INFO (StartupInfoLogger.java:59)- Started FormDesignerApplication in 6.478 seconds (JVM running for 13.027)
2019-05-08 13:53:23,931 INFO (StartupInfoLogger.java:50)- Starting FormDesignerApplication on USER-20180713SF with PID 11048 (E:\Desktop\FormDesigner\target\classes started by Administrator in E:\Desktop\FormDesigner)
2019-05-08 13:53:23,936 DEBUG (StartupInfoLogger.java:53)- Running with Spring Boot v2.1.3.RELEASE, Spring v5.1.5.RELEASE
2019-05-08 13:53:23,937 INFO (SpringApplication.java:675)- No active profile set, falling back to default profiles: default
2019-05-08 13:53:28,924 INFO (StartupInfoLogger.java:59)- Started FormDesignerApplication in 6.281 seconds (JVM running for 7.961)
2019-05-08 14:03:35,199 INFO (StartupInfoLogger.java:50)- Starting FormDesignerApplication on USER-20180713SF with PID 9284 (E:\Desktop\FormDesigner\target\classes started by Administrator in E:\Desktop\FormDesigner)
2019-05-08 14:03:35,208 DEBUG (StartupInfoLogger.java:53)- Running with Spring Boot v2.1.3.RELEASE, Spring v5.1.5.RELEASE
2019-05-08 14:03:35,209 INFO (SpringApplication.java:675)- No active profile set, falling back to default profiles: default
2019-05-08 14:03:40,008 INFO (StartupInfoLogger.java:59)- Started FormDesignerApplication in 5.962 seconds (JVM running for 8.127)
2019-05-08 14:05:44,558 INFO (StartupInfoLogger.java:50)- Starting FormDesignerApplication on USER-20180713SF with PID 8112 (E:\Desktop\FormDesigner\target\classes started by Administrator in E:\Desktop\FormDesigner)
2019-05-08 14:05:44,567 DEBUG (StartupInfoLogger.java:53)- Running with Spring Boot v2.1.3.RELEASE, Spring v5.1.5.RELEASE
2019-05-08 14:05:44,569 INFO (SpringApplication.java:675)- No active profile set, falling back to default profiles: default
2019-05-08 14:05:49,802 INFO (StartupInfoLogger.java:59)- Started FormDesignerApplication in 6.349 seconds (JVM running for 8.321)
2019-05-08 14:07:30,614 INFO (StartupInfoLogger.java:50)- Starting FormDesignerApplicationTests on USER-20180713SF with PID 9268 (started by Administrator in E:\Desktop\FormDesigner)
2019-05-08 14:07:30,621 DEBUG (StartupInfoLogger.java:53)- Running with Spring Boot v2.1.3.RELEASE, Spring v5.1.5.RELEASE
2019-05-08 14:07:30,624 INFO (SpringApplication.java:675)- No active profile set, falling back to default profiles: default
2019-05-08 14:07:37,940 INFO (StartupInfoLogger.java:59)- Started FormDesignerApplicationTests in 8.411 seconds (JVM running for 9.799)
2019-05-08 14:11:03,600 INFO (StartupInfoLogger.java:50)- Starting FormDesignerApplication on USER-20180713SF with PID 8652 (E:\Desktop\FormDesigner\target\classes started by Administrator in E:\Desktop\FormDesigner)
2019-05-08 14:11:03,606 DEBUG (StartupInfoLogger.java:53)- Running with Spring Boot v2.1.3.RELEASE, Spring v5.1.5.RELEASE
2019-05-08 14:11:03,606 INFO (SpringApplication.java:675)- No active profile set, falling back to default profiles: default
2019-05-08 14:11:09,334 INFO (StartupInfoLogger.java:59)- Started FormDesignerApplication in 7.176 seconds (JVM running for 8.982)
2019-05-08 15:01:09,483 INFO (StartupInfoLogger.java:50)- Starting FormDesignerApplication on USER-20180713SF with PID 8652 (E:\Desktop\FormDesigner\target\classes started by Administrator in E:\Desktop\FormDesigner)
2019-05-08 15:01:09,484 DEBUG (StartupInfoLogger.java:53)- Running with Spring Boot v2.1.3.RELEASE, Spring v5.1.5.RELEASE
2019-05-08 15:01:09,484 INFO (SpringApplication.java:675)- No active profile set, falling back to default profiles: default
2019-05-08 15:01:11,041 INFO (StartupInfoLogger.java:59)- Started FormDesignerApplication in 1.597 seconds (JVM running for 3010.602)
2019-05-08 15:02:05,586 INFO (StartupInfoLogger.java:50)- Starting FormDesignerApplication on USER-20180713SF with PID 8652 (E:\Desktop\FormDesigner\target\classes started by Administrator in E:\Desktop\FormDesigner)
2019-05-08 15:02:05,587 DEBUG (StartupInfoLogger.java:53)- Running with Spring Boot v2.1.3.RELEASE, Spring v5.1.5.RELEASE
2019-05-08 15:02:05,587 INFO (SpringApplication.java:675)- No active profile set, falling back to default profiles: default
2019-05-08 15:02:06,919 INFO (StartupInfoLogger.java:59)- Started FormDesignerApplication in 1.402 seconds (JVM running for 3066.478)
2019-05-08 15:02:21,899 INFO (StartupInfoLogger.java:50)- Starting FormDesignerApplication on USER-20180713SF with PID 8652 (E:\Desktop\FormDesigner\target\classes started by Administrator in E:\Desktop\FormDesigner)
2019-05-08 15:02:21,899 DEBUG (StartupInfoLogger.java:53)- Running with Spring Boot v2.1.3.RELEASE, Spring v5.1.5.RELEASE
2019-05-08 15:02:21,899 INFO (SpringApplication.java:675)- No active profile set, falling back to default profiles: default
2019-05-08 15:02:23,161 INFO (StartupInfoLogger.java:59)- Started FormDesignerApplication in 1.301 seconds (JVM running for 3082.719)
2019-05-08 15:14:11,403 INFO (StartupInfoLogger.java:50)- Starting FormDesignerApplication on USER-20180713SF with PID 6760 (E:\Desktop\FormDesigner\target\classes started by Administrator in E:\Desktop\FormDesigner)
2019-05-08 15:14:11,407 DEBUG (StartupInfoLogger.java:53)- Running with Spring Boot v2.1.3.RELEASE, Spring v5.1.5.RELEASE
2019-05-08 15:14:11,408 INFO (SpringApplication.java:675)- No active profile set, falling back to default profiles: default
2019-05-08 15:15:59,314 INFO (StartupInfoLogger.java:50)- Starting FormDesignerApplicationTests on USER-20180713SF with PID 9896 (started by Administrator in E:\Desktop\FormDesigner)
2019-05-08 15:15:59,316 DEBUG (StartupInfoLogger.java:53)- Running with Spring Boot v2.1.3.RELEASE, Spring v5.1.5.RELEASE
2019-05-08 15:15:59,317 INFO (SpringApplication.java:675)- No active profile set, falling back to default profiles: default
2019-05-08 15:16:06,657 INFO (StartupInfoLogger.java:59)- Started FormDesignerApplicationTests in 8.079 seconds (JVM running for 9.313)
2019-05-08 15:18:05,129 INFO (StartupInfoLogger.java:50)- Starting FormDesignerApplication on USER-20180713SF with PID 11756 (E:\Desktop\FormDesigner\target\classes started by Administrator in E:\Desktop\FormDesigner)
2019-05-08 15:18:05,134 DEBUG (StartupInfoLogger.java:53)- Running with Spring Boot v2.1.3.RELEASE, Spring v5.1.5.RELEASE
2019-05-08 15:18:05,135 INFO (SpringApplication.java:675)- No active profile set, falling back to default profiles: default
2019-05-08 15:18:10,367 INFO (StartupInfoLogger.java:59)- Started FormDesignerApplication in 6.218 seconds (JVM running for 8.429)
2019-05-08 15:20:00,714 INFO (StartupInfoLogger.java:50)- Starting FormDesignerApplication on USER-20180713SF with PID 8836 (E:\Desktop\FormDesigner\target\classes started by Administrator in E:\Desktop\FormDesigner)
2019-05-08 15:20:00,719 DEBUG (StartupInfoLogger.java:53)- Running with Spring Boot v2.1.3.RELEASE, Spring v5.1.5.RELEASE
2019-05-08 15:20:00,720 INFO (SpringApplication.java:675)- No active profile set, falling back to default profiles: default
2019-05-08 15:20:06,086 INFO (StartupInfoLogger.java:59)- Started FormDesignerApplication in 6.691 seconds (JVM running for 8.528)
2019-05-08 15:29:11,283 INFO (StartupInfoLogger.java:50)- Starting FormDesignerApplication on USER-20180713SF with PID 6996 (E:\Desktop\FormDesigner\target\classes started by Administrator in E:\Desktop\FormDesigner)
2019-05-08 15:29:11,303 DEBUG (StartupInfoLogger.java:53)- Running with Spring Boot v2.1.3.RELEASE, Spring v5.1.5.RELEASE
2019-05-08 15:29:11,304 INFO (SpringApplication.java:675)- No active profile set, falling back to default profiles: default
2019-05-08 15:29:16,548 INFO (StartupInfoLogger.java:59)- Started FormDesignerApplication in 6.045 seconds (JVM running for 7.743)
2019-05-08 15:31:42,912 INFO (StartupInfoLogger.java:50)- Starting FormDesignerApplication on USER-20180713SF with PID 6996 (E:\Desktop\FormDesigner\target\classes started by Administrator in E:\Desktop\FormDesigner)
2019-05-08 15:31:42,913 DEBUG (StartupInfoLogger.java:53)- Running with Spring Boot v2.1.3.RELEASE, Spring v5.1.5.RELEASE
2019-05-08 15:31:42,914 INFO (SpringApplication.java:675)- No active profile set, falling back to default profiles: default
2019-05-08 15:31:46,755 INFO (StartupInfoLogger.java:50)- Starting FormDesignerApplication on USER-20180713SF with PID 6996 (E:\Desktop\FormDesigner\target\classes started by Administrator in E:\Desktop\FormDesigner)
2019-05-08 15:31:46,756 DEBUG (StartupInfoLogger.java:53)- Running with Spring Boot v2.1.3.RELEASE, Spring v5.1.5.RELEASE
2019-05-08 15:31:46,756 INFO (SpringApplication.java:675)- No active profile set, falling back to default profiles: default
2019-05-08 15:31:49,505 INFO (StartupInfoLogger.java:59)- Started FormDesignerApplication in 2.819 seconds (JVM running for 160.695)
2019-05-08 15:31:51,406 INFO (StartupInfoLogger.java:50)- Starting FormDesignerApplicationTests on USER-20180713SF with PID 10276 (started by Administrator in E:\Desktop\FormDesigner)
2019-05-08 15:31:51,408 DEBUG (StartupInfoLogger.java:53)- Running with Spring Boot v2.1.3.RELEASE, Spring v5.1.5.RELEASE
2019-05-08 15:31:51,409 INFO (SpringApplication.java:675)- No active profile set, falling back to default profiles: default
2019-05-08 15:32:00,030 INFO (StartupInfoLogger.java:59)- Started FormDesignerApplicationTests in 9.436 seconds (JVM running for 11.011)
2019-05-08 15:40:41,648 INFO (StartupInfoLogger.java:50)- Starting FormDesignerApplicationTests on USER-20180713SF with PID 7472 (started by Administrator in E:\Desktop\FormDesigner)
2019-05-08 15:40:41,650 DEBUG (StartupInfoLogger.java:53)- Running with Spring Boot v2.1.3.RELEASE, Spring v5.1.5.RELEASE
2019-05-08 15:40:41,653 INFO (SpringApplication.java:675)- No active profile set, falling back to default profiles: default
2019-05-08 15:40:49,690 INFO (StartupInfoLogger.java:59)- Started FormDesignerApplicationTests in 8.733 seconds (JVM running for 10.012)
2019-05-08 15:42:03,019 INFO (StartupInfoLogger.java:50)- Starting FormDesignerApplicationTests on USER-20180713SF with PID 10720 (started by Administrator in E:\Desktop\FormDesigner)
2019-05-08 15:42:03,021 DEBUG (StartupInfoLogger.java:53)- Running with Spring Boot v2.1.3.RELEASE, Spring v5.1.5.RELEASE
2019-05-08 15:42:03,022 INFO (SpringApplication.java:675)- No active profile set, falling back to default profiles: default
2019-05-08 15:42:10,751 INFO (StartupInfoLogger.java:59)- Started FormDesignerApplicationTests in 8.435 seconds (JVM running for 9.88)
2019-05-08 15:43:11,847 INFO (StartupInfoLogger.java:50)- Starting FormDesignerApplicationTests on USER-20180713SF with PID 12268 (started by Administrator in E:\Desktop\FormDesigner)
2019-05-08 15:43:11,849 DEBUG (StartupInfoLogger.java:53)- Running with Spring Boot v2.1.3.RELEASE, Spring v5.1.5.RELEASE
2019-05-08 15:43:11,850 INFO (SpringApplication.java:675)- No active profile set, falling back to default profiles: default
2019-05-08 15:43:19,419 INFO (StartupInfoLogger.java:59)- Started FormDesignerApplicationTests in 8.295 seconds (JVM running for 9.905)
2019-05-08 15:44:11,016 INFO (StartupInfoLogger.java:50)- Starting FormDesignerApplicationTests on USER-20180713SF with PID 10616 (started by Administrator in E:\Desktop\FormDesigner)
2019-05-08 15:44:11,017 DEBUG (StartupInfoLogger.java:53)- Running with Spring Boot v2.1.3.RELEASE, Spring v5.1.5.RELEASE
2019-05-08 15:44:11,019 INFO (SpringApplication.java:675)- No active profile set, falling back to default profiles: default
2019-05-08 15:44:18,298 INFO (StartupInfoLogger.java:59)- Started FormDesignerApplicationTests in 8.136 seconds (JVM running for 9.732)
2019-05-08 15:48:20,257 INFO (StartupInfoLogger.java:50)- Starting FormDesignerApplicationTests on USER-20180713SF with PID 4332 (started by Administrator in E:\Desktop\FormDesigner)
2019-05-08 15:48:20,258 DEBUG (StartupInfoLogger.java:53)- Running with Spring Boot v2.1.3.RELEASE, Spring v5.1.5.RELEASE
2019-05-08 15:48:20,259 INFO (SpringApplication.java:675)- No active profile set, falling back to default profiles: default
2019-05-08 15:48:27,854 INFO (StartupInfoLogger.java:59)- Started FormDesignerApplicationTests in 8.345 seconds (JVM running for 9.761)
2019-05-08 15:48:57,179 INFO (StartupInfoLogger.java:50)- Starting FormDesignerApplication on USER-20180713SF with PID 5564 (E:\Desktop\FormDesigner\target\classes started by Administrator in E:\Desktop\FormDesigner)
2019-05-08 15:48:57,184 DEBUG (StartupInfoLogger.java:53)- Running with Spring Boot v2.1.3.RELEASE, Spring v5.1.5.RELEASE
2019-05-08 15:48:57,185 INFO (SpringApplication.java:675)- No active profile set, falling back to default profiles: default
2019-05-08 15:49:02,100 INFO (StartupInfoLogger.java:59)- Started FormDesignerApplication in 5.956 seconds (JVM running for 7.356)
2019-05-08 15:58:05,936 INFO (StartupInfoLogger.java:50)- Starting FormDesignerApplication on USER-20180713SF with PID 3964 (E:\Desktop\FormDesigner\target\classes started by Administrator in E:\Desktop\FormDesigner)
2019-05-08 15:58:05,941 DEBUG (StartupInfoLogger.java:53)- Running with Spring Boot v2.1.3.RELEASE, Spring v5.1.5.RELEASE
2019-05-08 15:58:05,942 INFO (SpringApplication.java:675)- No active profile set, falling back to default profiles: default
2019-05-08 15:58:09,783 INFO (StartupInfoLogger.java:59)- Started FormDesignerApplication in 5.413 seconds (JVM running for 7.211)
2019-05-08 15:58:28,909 INFO (StartupInfoLogger.java:50)- Starting FormDesignerApplication on USER-20180713SF with PID 3964 (E:\Desktop\FormDesigner\target\classes started by Administrator in E:\Desktop\FormDesigner)
2019-05-08 15:58:28,910 DEBUG (StartupInfoLogger.java:53)- Running with Spring Boot v2.1.3.RELEASE, Spring v5.1.5.RELEASE
2019-05-08 15:58:28,910 INFO (SpringApplication.java:675)- No active profile set, falling back to default profiles: default
2019-05-08 15:58:33,660 INFO (StartupInfoLogger.java:50)- Starting FormDesignerApplication on USER-20180713SF with PID 3964 (E:\Desktop\FormDesigner\target\classes started by Administrator in E:\Desktop\FormDesigner)
2019-05-08 15:58:33,661 DEBUG (StartupInfoLogger.java:53)- Running with Spring Boot v2.1.3.RELEASE, Spring v5.1.5.RELEASE
2019-05-08 15:58:33,661 INFO (SpringApplication.java:675)- No active profile set, falling back to default profiles: default
2019-05-08 15:58:35,728 INFO (StartupInfoLogger.java:59)- Started FormDesignerApplication in 2.132 seconds (JVM running for 33.154)
2019-05-08 15:58:38,347 INFO (StartupInfoLogger.java:50)- Starting FormDesignerApplicationTests on USER-20180713SF with PID 11616 (started by Administrator in E:\Desktop\FormDesigner)
2019-05-08 15:58:38,348 DEBUG (StartupInfoLogger.java:53)- Running with Spring Boot v2.1.3.RELEASE, Spring v5.1.5.RELEASE
2019-05-08 15:58:38,349 INFO (SpringApplication.java:675)- No active profile set, falling back to default profiles: default
2019-05-08 15:58:46,019 INFO (StartupInfoLogger.java:59)- Started FormDesignerApplicationTests in 8.837 seconds (JVM running for 10.528)
2019-05-08 15:59:56,039 INFO (StartupInfoLogger.java:50)- Starting FormDesignerApplication on USER-20180713SF with PID 6836 (E:\Desktop\FormDesigner\target\classes started by Administrator in E:\Desktop\FormDesigner)
2019-05-08 15:59:56,052 DEBUG (StartupInfoLogger.java:53)- Running with Spring Boot v2.1.3.RELEASE, Spring v5.1.5.RELEASE
2019-05-08 15:59:56,053 INFO (SpringApplication.java:675)- No active profile set, falling back to default profiles: default
2019-05-08 16:00:01,856 INFO (StartupInfoLogger.java:59)- Started FormDesignerApplication in 6.892 seconds (JVM running for 9.085)
2019-05-08 16:08:51,919 INFO (StartupInfoLogger.java:50)- Starting FormDesignerApplication on USER-20180713SF with PID 11340 (E:\Desktop\FormDesigner\target\classes started by Administrator in E:\Desktop\FormDesigner)
2019-05-08 16:08:51,927 DEBUG (StartupInfoLogger.java:53)- Running with Spring Boot v2.1.3.RELEASE, Spring v5.1.5.RELEASE
2019-05-08 16:08:51,928 INFO (SpringApplication.java:675)- No active profile set, falling back to default profiles: default
2019-05-08 16:08:57,670 INFO (StartupInfoLogger.java:59)- Started FormDesignerApplication in 6.507 seconds (JVM running for 8.325)
2019-05-08 16:09:55,436 INFO (StartupInfoLogger.java:50)- Starting FormDesignerApplication on USER-20180713SF with PID 11340 (E:\Desktop\FormDesigner\target\classes started by Administrator in E:\Desktop\FormDesigner)
2019-05-08 16:09:55,437 DEBUG (StartupInfoLogger.java:53)- Running with Spring Boot v2.1.3.RELEASE, Spring v5.1.5.RELEASE
2019-05-08 16:09:55,437 INFO (SpringApplication.java:675)- No active profile set, falling back to default profiles: default
2019-05-08 16:09:56,894 INFO (StartupInfoLogger.java:59)- Started FormDesignerApplication in 1.497 seconds (JVM running for 67.547)
2019-05-08 16:12:26,358 INFO (StartupInfoLogger.java:50)- Starting FormDesignerApplication on USER-20180713SF with PID 11340 (E:\Desktop\FormDesigner\target\classes started by Administrator in E:\Desktop\FormDesigner)
2019-05-08 16:12:26,359 DEBUG (StartupInfoLogger.java:53)- Running with Spring Boot v2.1.3.RELEASE, Spring v5.1.5.RELEASE
2019-05-08 16:12:26,360 INFO (SpringApplication.java:675)- No active profile set, falling back to default profiles: default
2019-05-08 16:12:32,078 INFO (StartupInfoLogger.java:50)- Starting FormDesignerApplication on USER-20180713SF with PID 11340 (E:\Desktop\FormDesigner\target\classes started by Administrator in E:\Desktop\FormDesigner)
2019-05-08 16:12:32,078 DEBUG (StartupInfoLogger.java:53)- Running with Spring Boot v2.1.3.RELEASE, Spring v5.1.5.RELEASE
2019-05-08 16:12:32,079 INFO (SpringApplication.java:675)- No active profile set, falling back to default profiles: default
2019-05-08 16:12:34,513 INFO (StartupInfoLogger.java:59)- Started FormDesignerApplication in 2.478 seconds (JVM running for 225.162)
2019-05-08 16:12:40,840 INFO (StartupInfoLogger.java:50)- Starting FormDesignerApplicationTests on USER-20180713SF with PID 7028 (started by Administrator in E:\Desktop\FormDesigner)
2019-05-08 16:12:40,842 DEBUG (StartupInfoLogger.java:53)- Running with Spring Boot v2.1.3.RELEASE, Spring v5.1.5.RELEASE
2019-05-08 16:12:40,844 INFO (SpringApplication.java:675)- No active profile set, falling back to default profiles: default
2019-05-08 16:12:48,671 INFO (StartupInfoLogger.java:59)- Started FormDesignerApplicationTests in 10.327 seconds (JVM running for 12.334)
2019-05-08 16:19:41,027 INFO (StartupInfoLogger.java:50)- Starting FormDesignerApplicationTests on USER-20180713SF with PID 5824 (started by Administrator in E:\Desktop\FormDesigner)
2019-05-08 16:19:41,041 DEBUG (StartupInfoLogger.java:53)- Running with Spring Boot v2.1.3.RELEASE, Spring v5.1.5.RELEASE
2019-05-08 16:19:41,042 INFO (SpringApplication.java:675)- No active profile set, falling back to default profiles: default
2019-05-08 16:19:48,524 INFO (StartupInfoLogger.java:59)- Started FormDesignerApplicationTests in 8.648 seconds (JVM running for 10.411)
2019-05-08 16:22:49,367 INFO (StartupInfoLogger.java:50)- Starting FormDesignerApplicationTests on USER-20180713SF with PID 1860 (started by Administrator in E:\Desktop\FormDesigner)
2019-05-08 16:22:49,368 DEBUG (StartupInfoLogger.java:53)- Running with Spring Boot v2.1.3.RELEASE, Spring v5.1.5.RELEASE
2019-05-08 16:22:49,369 INFO (SpringApplication.java:675)- No active profile set, falling back to default profiles: default
